SF:lib\api\discogs_api.dart
DA:17,1
DA:18,2
DA:20,1
DA:22,1
DA:25,2
DA:26,2
DA:27,2
DA:29,3
DA:33,2
DA:34,2
DA:35,1
DA:37,1
DA:38,1
DA:39,1
DA:40,1
DA:41,1
DA:42,2
DA:43,2
DA:44,2
DA:45,1
DA:46,1
DA:51,3
LF:22
LH:22
end_of_record
SF:lib\api\genius_api.dart
DA:17,1
DA:18,2
DA:20,1
DA:22,1
DA:24,2
DA:26,2
DA:27,2
DA:31,3
DA:36,2
DA:37,2
DA:38,2
DA:40,1
DA:41,2
DA:42,1
DA:43,1
DA:44,1
DA:45,2
DA:46,1
DA:47,1
DA:52,3
LF:20
LH:20
end_of_record
SF:lib\api\lastfm_api.dart
DA:14,1
DA:15,2
DA:18,1
DA:20,1
DA:22,2
DA:23,2
DA:27,2
DA:29,1
DA:30,4
DA:33,2
DA:34,2
DA:35,2
DA:36,1
DA:37,1
DA:38,2
DA:39,5
DA:41,1
DA:42,1
DA:43,2
DA:44,2
DA:50,3
LF:21
LH:21
end_of_record
SF:lib\api\musicbrainz_api.dart
DA:12,1
DA:13,0
DA:14,1
DA:19,2
DA:21,1
DA:22,0
DA:25,1
DA:29,2
DA:30,1
DA:31,1
DA:32,1
DA:33,1
DA:34,2
DA:36,2
DA:38,1
DA:43,2
DA:44,2
DA:46,0
DA:50,1
DA:52,1
DA:55,2
DA:56,1
DA:62,1
DA:64,2
DA:67,1
DA:68,1
DA:69,1
DA:70,1
DA:72,1
DA:73,1
DA:76,1
DA:77,2
DA:79,2
DA:81,1
DA:86,2
DA:87,2
DA:88,1
DA:90,2
DA:91,1
DA:92,5
DA:96,1
DA:98,1
DA:99,2
DA:100,1
DA:101,2
DA:102,2
DA:105,1
DA:108,1
DA:109,1
DA:110,1
DA:111,1
DA:113,0
DA:114,3
DA:117,1
DA:119,1
LF:55
LH:51
end_of_record
SF:lib\api\netease_api.dart
DA:15,1
DA:16,2
DA:18,1
DA:20,1
DA:23,2
DA:24,1
DA:25,3
DA:27,3
DA:32,2
DA:33,2
DA:34,3
DA:36,1
DA:37,2
DA:40,2
DA:41,2
DA:42,3
DA:47,2
DA:48,2
DA:49,2
DA:51,1
DA:52,0
DA:58,0
DA:60,1
DA:63,0
DA:64,0
DA:67,0
DA:69,0
DA:70,0
DA:73,0
DA:74,0
DA:76,0
DA:77,0
DA:78,0
DA:81,0
DA:82,0
DA:84,0
DA:85,0
DA:86,0
DA:90,0
LF:39
LH:21
end_of_record
SF:lib\features\player\services\lyrics_service.dart
DA:8,2
DA:10,4
DA:13,4
DA:17,0
DA:19,0
DA:20,0
DA:22,0
DA:24,0
DA:27,0
DA:29,0
DA:30,0
DA:31,0
DA:33,0
DA:34,0
DA:35,0
DA:36,0
DA:39,0
DA:44,0
DA:45,0
DA:46,0
DA:48,0
DA:49,0
DA:51,0
DA:52,0
DA:53,0
DA:55,0
DA:56,0
DA:58,0
DA:69,1
LF:29
LH:4
end_of_record
SF:lib\api\slavart_api.dart
DA:19,1
DA:20,0
DA:23,1
DA:26,1
DA:28,2
DA:30,2
DA:31,1
DA:34,3
DA:38,2
DA:39,0
DA:42,2
DA:43,1
DA:46,2
DA:47,1
DA:51,1
DA:53,0
DA:54,0
DA:56,0
DA:59,2
DA:60,1
DA:61,2
DA:68,0
DA:69,0
DA:74,1
DA:76,2
DA:77,1
DA:80,3
DA:84,2
DA:88,2
DA:89,1
DA:96,1
DA:104,1
DA:105,2
DA:106,0
DA:110,1
DA:111,2
DA:113,2
DA:119,2
DA:121,3
DA:125,2
DA:127,1
DA:129,1
DA:132,2
DA:133,0
DA:134,0
DA:141,2
DA:142,1
DA:144,1
DA:148,0
DA:152,0
DA:153,0
DA:154,0
DA:155,0
DA:157,0
DA:158,0
DA:163,2
DA:166,1
DA:169,0
DA:172,1
DA:176,0
DA:179,0
DA:180,0
DA:197,2
DA:209,1
DA:210,1
DA:211,2
DA:212,1
DA:213,1
DA:214,2
DA:215,3
DA:216,1
DA:218,2
DA:219,1
DA:222,1
DA:224,1
DA:225,1
DA:226,1
DA:228,0
DA:231,0
DA:232,0
DA:233,0
DA:236,0
DA:240,0
DA:247,1
DA:248,2
DA:249,0
DA:251,2
DA:252,0
DA:253,0
DA:254,0
DA:256,0
DA:260,2
DA:261,0
DA:263,2
DA:267,0
DA:268,0
DA:269,0
DA:271,0
DA:273,0
DA:276,0
LF:100
LH:61
end_of_record
SF:lib\core\services\dependency_manager.dart
DA:11,1
DA:12,1
DA:14,4
DA:15,5
DA:16,4
DA:20,1
DA:24,1
DA:36,0
DA:39,0
DA:43,0
DA:44,0
DA:45,0
DA:49,0
DA:50,0
DA:51,0
DA:52,0
DA:55,0
DA:56,0
DA:57,0
DA:58,0
DA:59,0
DA:63,0
DA:64,0
DA:67,0
DA:68,0
DA:69,0
DA:70,0
DA:71,0
DA:72,0
DA:73,0
DA:75,0
DA:79,1
DA:80,1
DA:81,1
DA:82,3
DA:86,0
DA:87,0
DA:88,0
DA:89,0
DA:93,0
DA:94,0
DA:95,0
DA:96,0
DA:100,2
DA:101,0
DA:102,0
DA:105,2
DA:108,0
DA:109,0
DA:110,0
DA:111,0
DA:114,0
DA:116,0
DA:118,0
DA:121,0
DA:124,0
DA:125,0
DA:127,0
DA:128,0
DA:132,0
DA:133,0
DA:134,0
DA:135,0
DA:136,0
DA:139,0
DA:140,0
DA:142,0
DA:143,0
DA:144,0
DA:145,0
DA:150,0
DA:153,0
DA:154,0
DA:156,0
DA:157,0
DA:163,0
DA:164,0
DA:165,0
DA:166,0
DA:168,0
DA:172,0
DA:173,0
DA:174,0
DA:179,0
DA:180,0
DA:181,0
DA:182,0
DA:183,0
DA:187,0
DA:192,0
DA:193,0
DA:194,0
DA:195,0
DA:197,0
DA:198,0
DA:200,0
DA:201,0
DA:202,0
DA:203,0
DA:208,0
DA:211,0
DA:212,0
DA:213,0
DA:214,0
LF:104
LH:13
end_of_record
SF:lib\utils\rate_limiter.dart
DA:11,1
DA:15,1
DA:18,1
DA:19,4
DA:20,3
DA:21,2
DA:27,1
DA:28,2
DA:29,1
DA:31,2
DA:34,0
DA:35,0
LF:12
LH:10
end_of_record
SF:lib\utils\file_utils.dart
DA:5,4
DA:8,8
DA:11,4
DA:15,8
LF:4
LH:4
end_of_record
SF:lib\core\services\startup_logger.dart
DA:10,9
DA:12,9
DA:15,0
DA:19,0
DA:20,0
DA:21,0
DA:25,0
DA:27,0
DA:28,0
DA:29,0
DA:34,0
DA:35,0
DA:36,0
DA:41,1
DA:43,1
DA:44,2
DA:48,2
DA:51,0
DA:54,1
DA:58,3
DA:59,6
DA:60,3
DA:63,6
DA:66,6
DA:69,9
DA:72,0
DA:73,0
DA:77,0
DA:78,0
DA:81,3
DA:82,0
DA:87,0
DA:90,0
DA:91,0
LF:34
LH:14
end_of_record
SF:lib\core\services\auth_service.dart
DA:8,2
DA:10,7
DA:13,4
DA:18,1
DA:20,0
DA:22,1
DA:25,1
DA:28,2
DA:32,0
DA:33,0
DA:35,0
DA:36,0
DA:37,0
DA:38,0
DA:42,1
DA:43,2
DA:45,2
DA:46,2
DA:49,2
DA:54,1
DA:55,2
DA:57,2
DA:59,2
DA:62,0
DA:67,1
DA:68,2
DA:71,0
DA:72,0
DA:74,0
DA:75,0
DA:78,0
DA:83,1
DA:84,1
DA:89,0
LF:34
LH:20
end_of_record
SF:lib\core\services\database_service.dart
DA:14,9
DA:15,2
DA:17,8
DA:20,4
DA:26,2
DA:28,2
DA:31,2
DA:32,8
DA:33,8
DA:34,8
DA:35,8
DA:43,0
DA:44,0
DA:45,0
DA:46,0
DA:50,2
DA:52,0
DA:56,2
DA:57,4
DA:58,2
DA:59,4
DA:60,0
DA:62,0
DA:64,0
DA:66,1
DA:67,2
DA:68,3
DA:70,0
DA:71,0
DA:72,2
DA:73,4
DA:76,2
DA:77,4
DA:78,6
DA:79,6
DA:80,2
DA:81,4
DA:82,6
DA:83,6
DA:86,0
DA:87,0
DA:88,2
DA:89,4
DA:90,0
DA:91,6
DA:92,0
DA:93,0
DA:94,0
DA:95,0
DA:96,0
DA:97,0
DA:98,2
DA:99,6
DA:102,2
DA:103,4
DA:104,2
DA:105,4
DA:106,2
DA:107,4
DA:110,6
DA:111,2
DA:112,4
DA:113,2
DA:114,4
DA:115,2
DA:116,4
DA:119,0
DA:120,0
DA:121,0
DA:122,0
DA:123,0
DA:126,2
DA:127,4
DA:128,6
DA:132,0
DA:133,0
DA:134,0
DA:137,1
DA:140,1
DA:145,2
DA:146,0
DA:147,2
DA:151,2
DA:153,2
DA:155,2
DA:156,2
DA:160,2
DA:161,2
DA:181,2
DA:188,2
DA:197,2
DA:205,2
DA:213,2
DA:222,2
DA:228,2
DA:240,0
DA:241,0
DA:242,0
DA:244,0
DA:246,0
DA:248,0
DA:249,0
DA:252,0
DA:253,0
DA:258,0
LF:105
LH:67
end_of_record
SF:lib\core\services\theme_service.dart
DA:8,7
DA:10,7
DA:13,4
DA:16,1
DA:33,1
DA:34,4
DA:36,2
DA:37,2
DA:53,1
DA:54,2
DA:56,2
DA:59,0
DA:61,2
DA:62,1
DA:65,1
DA:66,1
DA:67,1
DA:68,1
DA:69,3
DA:70,2
DA:71,1
DA:74,1
DA:75,1
DA:76,2
DA:77,1
DA:80,1
DA:82,1
DA:87,0
DA:88,0
DA:93,2
DA:94,1
DA:98,3
DA:99,1
DA:101,0
DA:102,0
DA:103,0
LF:36
LH:30
end_of_record
SF:lib\core\services\connectivity_service.dart
DA:7,1
DA:8,1
DA:10,6
DA:13,4
DA:20,1
DA:21,1
DA:23,1
DA:25,1
DA:27,1
DA:28,2
DA:29,1
DA:31,5
DA:34,1
DA:36,1
DA:37,4
DA:40,1
DA:41,1
DA:42,1
DA:43,1
DA:47,3
DA:48,2
DA:52,0
DA:53,0
LF:23
LH:21
end_of_record
SF:lib\features\player\services\playback_service.dart
DA:21,5
DA:22,0
DA:23,7
DA:24,4
DA:26,0
DA:27,0
DA:30,2
DA:35,2
DA:37,2
DA:56,4
DA:57,6
DA:58,0
DA:59,0
DA:60,0
DA:61,0
DA:62,0
DA:63,2
DA:65,0
DA:66,0
DA:67,0
DA:75,0
DA:76,0
DA:79,0
DA:83,0
DA:84,0
DA:86,0
DA:87,0
DA:90,0
DA:91,0
DA:94,0
DA:95,0
DA:98,0
DA:100,0
DA:101,0
DA:106,0
DA:107,0
DA:108,0
DA:109,0
DA:110,0
DA:111,0
DA:113,0
DA:114,0
DA:116,0
DA:119,0
DA:125,0
DA:127,0
DA:128,0
DA:130,0
DA:132,0
DA:136,0
DA:137,0
DA:138,0
DA:139,0
DA:140,0
DA:142,0
DA:143,0
DA:145,0
DA:147,0
DA:151,0
DA:152,0
DA:156,0
DA:158,0
DA:161,0
DA:162,0
DA:164,0
DA:165,0
DA:166,0
DA:176,0
DA:178,0
DA:179,0
DA:180,0
DA:184,0
DA:185,0
DA:186,0
DA:188,0
DA:190,0
DA:192,0
DA:194,0
DA:199,2
DA:200,2
DA:201,4
DA:202,6
DA:203,6
DA:204,6
DA:205,2
DA:207,8
DA:208,2
DA:209,2
DA:210,2
DA:211,2
DA:213,4
DA:214,6
DA:218,0
DA:219,0
DA:220,0
DA:221,0
DA:222,0
DA:223,0
DA:226,2
DA:228,2
DA:229,6
DA:230,2
DA:232,4
DA:233,4
DA:236,2
DA:237,2
DA:240,4
DA:241,2
DA:243,0
DA:244,0
DA:247,0
DA:248,0
DA:250,0
DA:251,0
DA:252,0
DA:253,0
DA:254,0
DA:257,0
DA:267,2
DA:268,2
DA:275,4
DA:276,4
DA:278,4
DA:279,2
DA:280,4
DA:282,0
DA:283,0
DA:286,0
DA:290,6
DA:292,2
DA:294,2
DA:295,0
DA:301,0
DA:302,0
DA:303,0
DA:304,0
DA:305,0
DA:306,0
DA:309,0
DA:310,0
DA:317,0
DA:318,0
DA:320,0
DA:321,0
DA:322,0
DA:325,0
DA:327,0
DA:328,0
DA:332,2
DA:333,2
DA:335,10
DA:336,2
DA:337,2
DA:340,6
DA:341,0
DA:342,0
DA:343,0
DA:346,0
DA:347,0
DA:348,0
DA:349,0
DA:350,0
DA:351,0
DA:352,0
DA:354,0
DA:355,0
DA:361,0
DA:362,0
DA:365,0
DA:366,0
DA:373,2
DA:375,2
DA:376,2
DA:377,2
DA:378,2
DA:379,4
DA:382,2
DA:384,2
DA:385,2
DA:386,4
DA:387,4
DA:388,4
DA:389,4
DA:390,2
DA:391,2
DA:392,2
DA:393,2
DA:394,4
DA:395,2
DA:396,2
DA:397,2
DA:398,2
DA:402,8
DA:403,2
DA:404,4
DA:405,6
DA:408,4
DA:412,2
DA:413,2
DA:414,0
DA:415,0
DA:416,0
DA:418,2
DA:419,4
DA:421,4
DA:422,2
DA:423,2
DA:426,2
DA:429,0
DA:430,0
DA:434,2
DA:435,4
DA:437,6
DA:439,6
DA:444,2
DA:445,4
DA:447,6
DA:449,6
DA:454,2
DA:455,4
DA:456,2
DA:457,4
DA:460,1
DA:461,2
DA:463,3
DA:465,1
DA:470,0
DA:471,0
DA:472,0
DA:473,0
DA:477,0
DA:478,0
DA:481,0
DA:482,0
DA:486,0
DA:487,0
DA:488,0
DA:489,0
DA:490,0
DA:491,0
DA:493,0
DA:497,0
DA:498,0
DA:499,0
DA:502,0
DA:503,0
DA:506,0
DA:507,0
DA:508,0
DA:509,0
DA:510,0
DA:511,0
DA:514,1
DA:515,2
DA:517,3
DA:519,1
DA:524,1
DA:525,2
DA:528,1
DA:529,1
DA:530,1
DA:531,3
DA:533,3
DA:534,1
DA:535,3
DA:536,1
DA:537,1
DA:539,5
DA:540,3
DA:546,1
DA:547,2
DA:548,1
DA:549,1
DA:550,2
DA:553,2
DA:554,4
DA:555,6
DA:558,8
DA:560,0
DA:561,0
DA:562,0
DA:563,0
DA:564,0
DA:565,0
DA:566,0
DA:571,0
DA:577,8
DA:578,2
DA:579,4
DA:582,0
DA:583,0
DA:586,0
DA:587,0
DA:588,0
DA:589,0
DA:590,0
DA:591,0
DA:592,0
DA:599,0
DA:601,0
DA:603,0
DA:604,0
DA:605,0
DA:607,0
DA:608,0
DA:610,0
DA:611,0
DA:613,0
DA:614,0
DA:616,0
DA:617,0
DA:619,0
DA:620,0
DA:622,0
DA:623,0
LF:315
LH:129
end_of_record
SF:lib\core\services\security_service.dart
DA:8,2
DA:9,1
DA:10,2
DA:11,0
DA:13,1
DA:20,1
DA:21,1
DA:24,1
DA:25,1
DA:26,1
DA:29,2
DA:32,1
DA:33,3
DA:34,1
DA:35,2
DA:38,2
DA:39,1
DA:43,1
DA:44,1
DA:45,1
DA:46,2
DA:48,1
DA:50,3
DA:54,1
DA:56,1
DA:57,2
DA:61,1
DA:62,2
DA:63,2
DA:65,2
DA:72,1
DA:76,2
DA:77,2
DA:78,2
DA:79,1
DA:82,1
DA:84,2
DA:85,2
DA:88,1
DA:89,2
DA:90,2
DA:93,0
DA:95,0
DA:96,0
DA:99,0
DA:100,0
DA:101,0
LF:47
LH:40
end_of_record
SF:lib\features\discovery\services\search_service.dart
DA:14,4
DA:15,5
DA:16,4
DA:18,1
DA:19,2
DA:20,1
DA:21,1
DA:22,1
DA:28,1
DA:30,1
DA:34,0
DA:39,1
DA:43,1
DA:46,2
DA:49,2
DA:50,2
DA:54,4
DA:55,1
DA:56,2
DA:60,1
DA:63,2
DA:64,1
DA:65,1
DA:66,0
DA:68,0
DA:69,0
DA:73,2
DA:74,2
DA:76,2
DA:77,0
DA:82,5
DA:83,1
DA:84,0
DA:87,1
DA:92,1
DA:93,0
DA:94,0
DA:96,0
DA:97,0
DA:104,1
DA:110,3
DA:111,1
DA:112,1
DA:113,3
DA:114,1
DA:115,1
DA:117,0
DA:121,0
DA:122,0
DA:123,0
DA:127,1
DA:129,2
DA:130,3
DA:131,0
DA:133,1
DA:137,1
DA:142,1
DA:143,0
DA:144,0
DA:145,0
DA:149,2
DA:150,4
DA:151,0
DA:153,1
DA:157,0
DA:158,0
DA:159,0
DA:160,0
DA:162,0
DA:166,0
LF:70
LH:45
end_of_record
SF:lib\features\discovery\services\download_service.dart
DA:15,1
DA:16,0
DA:17,5
DA:18,4
DA:20,0
DA:29,2
DA:30,4
DA:31,2
DA:35,2
DA:36,2
DA:37,2
DA:44,0
DA:45,0
DA:46,0
DA:47,0
DA:48,0
DA:51,0
DA:55,0
DA:64,0
DA:66,0
DA:67,0
DA:71,0
DA:73,0
DA:74,0
DA:76,0
DA:80,0
DA:81,0
DA:82,0
DA:84,0
DA:85,0
DA:86,0
DA:87,0
DA:88,0
DA:89,0
DA:91,0
DA:92,0
DA:95,0
DA:96,0
DA:97,0
DA:99,0
DA:100,0
DA:103,0
DA:104,0
DA:107,0
DA:111,0
DA:115,0
DA:117,0
LF:47
LH:9
end_of_record
SF:lib\core\services\local_duo_service.dart
DA:14,4
DA:15,0
DA:17,4
DA:20,4
DA:24,0
DA:26,1
DA:27,0
DA:39,2
DA:40,0
DA:46,0
DA:47,0
DA:54,0
DA:56,0
DA:59,1
DA:60,1
DA:62,2
DA:64,1
DA:65,1
DA:66,1
DA:67,1
DA:70,0
DA:74,1
DA:75,1
DA:77,2
DA:79,1
DA:80,0
DA:81,0
DA:82,0
DA:83,0
DA:86,0
DA:87,0
DA:88,0
DA:91,0
DA:94,0
DA:98,1
DA:99,3
DA:100,2
DA:101,2
DA:102,2
DA:103,0
DA:104,0
DA:105,0
DA:106,0
DA:112,0
DA:113,0
DA:114,0
DA:115,0
DA:116,0
DA:117,0
DA:118,0
DA:119,0
DA:124,0
DA:125,0
DA:126,0
DA:127,0
DA:129,0
DA:132,1
DA:133,3
DA:134,2
DA:135,2
DA:139,1
DA:140,2
DA:141,2
DA:145,1
DA:146,1
DA:147,1
DA:151,1
DA:152,2
DA:153,2
DA:155,1
DA:156,2
DA:158,1
DA:159,2
DA:160,2
DA:162,1
DA:163,2
DA:164,1
DA:165,0
DA:167,2
DA:170,1
DA:171,0
DA:173,1
DA:174,0
DA:175,0
DA:176,0
DA:177,0
DA:178,0
DA:179,0
DA:182,1
DA:183,0
DA:184,0
DA:186,1
DA:187,3
DA:192,0
DA:193,0
DA:199,0
DA:200,0
DA:201,0
DA:203,0
DA:204,0
DA:205,0
DA:206,0
DA:207,0
DA:208,0
DA:209,0
DA:210,0
DA:211,0
DA:212,0
DA:213,0
DA:215,0
DA:217,0
DA:220,0
DA:226,0
DA:227,0
DA:230,1
DA:231,2
DA:232,2
DA:233,2
DA:234,2
DA:235,1
LF:120
LH:54
end_of_record
SF:lib\features\library\models\search_models.dart
DA:16,0
DA:18,0
DA:20,0
DA:22,0
DA:24,0
DA:26,0
DA:51,5
DA:70,1
DA:71,1
DA:74,0
DA:75,0
DA:76,0
DA:81,0
DA:82,0
DA:83,0
DA:86,4
DA:87,2
DA:88,2
DA:89,2
DA:90,2
DA:91,2
DA:92,2
DA:93,2
DA:94,4
DA:95,2
DA:96,2
DA:97,2
DA:98,2
DA:99,2
DA:100,2
DA:101,2
DA:102,2
DA:105,4
DA:106,2
DA:107,2
DA:108,2
DA:109,2
DA:110,2
DA:111,2
DA:112,2
DA:113,2
DA:114,8
DA:115,1
DA:117,4
DA:118,2
DA:119,4
DA:120,4
DA:121,6
DA:122,6
DA:123,6
DA:124,4
DA:127,1
DA:129,2
DA:130,2
DA:131,2
DA:132,2
DA:133,2
DA:134,2
DA:135,2
DA:136,2
DA:137,2
DA:138,2
DA:140,2
DA:141,1
DA:143,3
DA:144,9
DA:146,3
DA:152,9
DA:153,9
LF:69
LH:57
end_of_record
SF:lib\features\player\services\equalizer_service.dart
DA:7,2
DA:8,1
DA:10,1
DA:13,4
DA:21,1
DA:23,2
DA:24,1
DA:27,1
DA:29,1
DA:31,0
DA:32,2
DA:33,0
DA:34,0
DA:36,1
DA:37,1
DA:40,1
DA:41,2
DA:45,2
DA:46,1
DA:49,2
DA:50,1
DA:57,1
DA:59,1
DA:61,1
DA:62,2
DA:64,2
DA:65,0
DA:67,0
DA:69,0
DA:70,0
DA:72,0
DA:73,0
DA:75,0
DA:76,0
DA:78,0
DA:80,0
DA:81,0
DA:83,0
DA:85,0
DA:86,0
DA:88,0
DA:89,0
DA:94,0
DA:95,0
DA:96,0
DA:97,0
DA:98,0
DA:99,0
DA:104,1
DA:105,1
DA:109,1
DA:110,3
DA:116,1
DA:117,1
DA:121,2
DA:123,2
DA:126,4
LF:57
LH:32
end_of_record
SF:lib\core\services\global_navigation_service.dart
DA:5,0
DA:6,0
DA:8,4
DA:12,4
DA:15,4
DA:18,0
DA:26,0
DA:28,0
DA:29,0
DA:30,0
DA:31,0
DA:34,0
DA:35,0
DA:36,0
DA:37,0
DA:41,0
DA:47,0
DA:50,0
DA:53,0
DA:58,0
DA:59,0
LF:21
LH:3
end_of_record
SF:lib\features\library\services\metadata_aggregator_service.dart
DA:18,8
DA:19,2
DA:20,12
DA:22,5
DA:25,1
DA:27,1
DA:30,3
DA:32,0
DA:33,0
DA:34,0
DA:35,0
DA:36,0
DA:37,0
DA:39,1
DA:48,1
DA:49,1
DA:50,1
DA:51,1
DA:52,1
DA:53,1
DA:56,1
DA:61,1
DA:64,2
DA:65,1
DA:66,1
DA:67,4
DA:68,1
DA:69,1
DA:70,4
DA:71,1
DA:72,1
DA:73,4
DA:74,1
DA:75,1
DA:76,4
DA:80,1
DA:84,1
DA:90,2
DA:91,1
DA:92,1
DA:98,2
DA:99,1
DA:104,2
DA:108,0
DA:110,0
DA:113,0
DA:114,0
DA:115,0
DA:118,0
DA:122,0
DA:123,0
DA:124,0
DA:134,0
DA:136,0
DA:139,0
DA:140,0
DA:141,0
DA:142,0
DA:144,0
DA:145,0
DA:146,0
DA:148,0
DA:149,0
DA:150,0
DA:151,0
DA:153,0
DA:154,0
DA:155,0
DA:156,0
DA:157,0
DA:159,0
DA:170,1
DA:173,2
DA:174,1
DA:175,1
DA:176,1
DA:177,1
DA:178,1
DA:179,1
DA:180,1
DA:187,1
DA:190,2
DA:192,1
DA:193,1
DA:194,1
DA:195,1
DA:196,2
DA:203,1
DA:206,2
DA:208,1
DA:209,1
DA:210,1
DA:211,5
DA:212,1
DA:219,1
DA:222,2
DA:224,0
DA:225,0
DA:226,0
DA:227,0
DA:234,1
DA:237,1
DA:238,1
DA:239,1
DA:240,1
DA:246,1
DA:247,2
DA:248,3
DA:249,1
DA:252,1
DA:255,1
DA:256,1
DA:257,1
DA:258,1
DA:261,1
DA:262,2
DA:263,1
DA:264,1
DA:265,1
DA:266,2
DA:268,1
DA:269,2
DA:270,1
DA:271,1
DA:272,1
DA:273,2
DA:280,3
DA:282,1
DA:283,3
DA:285,1
DA:286,0
DA:291,4
DA:292,1
DA:293,1
DA:294,1
DA:295,1
DA:300,2
DA:301,2
DA:303,5
DA:307,2
DA:309,1
DA:310,1
DA:311,1
DA:312,1
DA:313,1
DA:319,1
DA:320,1
DA:321,1
DA:322,1
DA:323,1
DA:324,2
DA:325,1
DA:326,1
DA:327,3
DA:330,1
DA:331,1
DA:332,1
DA:333,1
DA:334,1
DA:335,2
DA:336,1
DA:337,1
DA:338,3
DA:341,3
DA:343,1
DA:350,1
DA:355,1
DA:356,1
DA:360,1
DA:361,2
DA:362,1
DA:363,3
DA:366,2
DA:367,5
DA:370,2
DA:371,4
DA:374,1
DA:375,1
DA:379,1
DA:380,2
DA:383,3
LF:181
LH:142
end_of_record
SF:lib\features\library\models\metadata_models.dart
DA:12,3
LF:1
LH:1
end_of_record
SF:lib\core\services\cast_service.dart
DA:16,1
DA:19,0
DA:21,0
DA:23,0
DA:24,0
DA:29,1
DA:31,1
DA:37,1
DA:38,0
DA:39,0
DA:41,1
DA:43,1
DA:45,0
DA:53,3
DA:58,0
DA:59,0
DA:60,0
DA:63,0
DA:64,0
DA:66,0
DA:67,0
DA:68,0
DA:70,0
DA:71,0
DA:83,0
DA:84,0
DA:87,0
DA:88,0
DA:91,0
DA:95,1
DA:97,1
DA:99,2
DA:100,2
DA:101,2
DA:108,3
DA:109,2
DA:110,1
DA:111,1
DA:112,2
DA:114,1
DA:116,2
DA:117,1
DA:118,1
DA:119,1
DA:122,1
DA:123,1
DA:124,1
DA:126,4
DA:129,4
DA:133,1
DA:136,2
DA:137,2
DA:138,2
DA:139,3
DA:150,0
DA:151,0
DA:153,0
DA:155,0
DA:156,0
DA:158,0
DA:160,0
DA:162,0
DA:164,0
DA:165,0
DA:168,0
DA:169,0
DA:170,0
DA:174,0
DA:186,0
DA:187,0
DA:190,0
DA:202,0
DA:205,1
DA:208,2
DA:209,1
DA:210,1
DA:212,1
DA:217,0
LF:78
LH:37
end_of_record
SF:lib\core\widgets\cast_dialog.dart
DA:9,1
DA:11,1
DA:12,1
DA:18,1
DA:20,1
DA:21,2
DA:24,1
DA:26,2
DA:27,0
DA:29,1
DA:32,0
DA:34,0
DA:37,0
DA:38,0
DA:41,0
DA:42,0
DA:43,0
DA:45,0
DA:46,0
DA:47,0
DA:51,0
DA:52,0
DA:53,0
DA:54,0
DA:55,0
DA:57,0
DA:58,0
DA:59,0
DA:69,0
DA:70,0
DA:71,0
DA:72,0
DA:73,0
DA:77,0
DA:78,0
DA:84,2
DA:86,1
DA:89,1
DA:90,1
DA:93,1
DA:94,1
DA:95,2
DA:97,1
DA:98,1
DA:99,1
DA:103,1
DA:104,1
DA:105,1
DA:106,1
DA:107,1
DA:109,2
DA:110,2
DA:111,2
DA:121,1
DA:122,1
DA:123,1
DA:124,2
DA:125,1
DA:129,1
DA:130,0
DA:136,1
DA:137,2
DA:138,0
DA:139,0
DA:140,0
DA:141,0
DA:150,0
DA:151,0
DA:155,2
LF:69
LH:36
end_of_record
SF:lib\core\widgets\duo_matching_dialog.dart
DA:13,1
DA:15,1
DA:16,1
DA:28,1
DA:30,1
DA:31,1
DA:32,2
DA:33,0
DA:34,0
DA:35,0
DA:39,3
DA:40,1
DA:41,2
DA:42,2
DA:43,2
DA:44,4
DA:45,4
DA:46,4
DA:49,3
DA:50,2
DA:51,1
DA:52,0
DA:53,0
DA:58,2
DA:59,0
DA:60,0
DA:65,0
DA:66,0
DA:67,0
DA:68,0
DA:69,0
DA:71,0
DA:72,0
DA:74,0
DA:79,1
DA:80,2
DA:81,3
DA:84,1
DA:85,2
DA:90,2
DA:91,1
DA:92,1
DA:94,5
DA:97,1
DA:98,2
DA:103,2
DA:104,1
DA:105,1
DA:107,5
DA:110,1
DA:112,2
DA:113,2
DA:114,1
DA:117,1
DA:119,2
DA:120,0
DA:122,1
DA:125,0
DA:127,0
DA:129,0
DA:132,0
DA:135,0
DA:136,0
DA:137,0
DA:147,0
DA:148,0
DA:158,0
DA:159,0
DA:160,0
DA:162,0
DA:163,0
DA:173,0
DA:174,0
DA:175,0
DA:176,0
DA:177,0
DA:179,0
DA:183,0
DA:185,0
DA:186,0
DA:187,0
DA:189,0
DA:190,0
DA:191,0
DA:192,0
DA:194,0
DA:195,0
DA:200,0
DA:203,0
DA:205,0
DA:206,0
DA:207,0
DA:208,0
DA:211,0
DA:212,0
DA:213,0
DA:215,0
DA:217,0
DA:218,0
DA:219,0
DA:220,0
DA:221,0
DA:222,0
DA:223,0
DA:224,0
DA:225,0
DA:228,0
DA:229,0
DA:232,0
DA:233,0
DA:234,0
DA:241,0
DA:243,0
DA:245,0
DA:246,0
DA:247,0
DA:248,0
DA:250,0
DA:251,0
DA:252,0
DA:261,0
DA:262,0
DA:263,0
DA:269,2
DA:271,1
DA:272,1
DA:274,1
DA:277,3
DA:278,1
DA:281,1
DA:284,1
DA:287,1
DA:290,1
DA:293,0
DA:294,0
DA:296,0
DA:297,0
DA:300,1
DA:301,3
DA:305,4
DA:308,5
DA:310,2
DA:314,1
DA:315,1
DA:318,0
DA:319,0
DA:321,0
DA:322,0
DA:326,1
DA:329,2
DA:331,1
DA:332,2
DA:333,2
DA:334,1
DA:337,2
DA:338,2
DA:339,0
DA:341,0
DA:343,1
DA:344,1
DA:345,0
DA:346,0
DA:347,0
DA:348,0
DA:349,0
DA:350,0
DA:351,0
DA:354,1
DA:355,2
DA:358,1
DA:359,1
DA:360,2
DA:367,0
DA:370,0
DA:372,0
DA:373,0
DA:374,0
DA:375,0
DA:377,0
DA:378,0
DA:379,0
DA:388,1
DA:389,1
DA:390,0
DA:396,0
DA:397,0
DA:398,0
LF:187
LH:75
end_of_record
SF:lib\core\widgets\edit_track_dialog.dart
DA:10,1
DA:12,1
DA:13,1
DA:21,1
DA:23,1
DA:24,5
DA:25,5
DA:26,5
DA:29,1
DA:31,2
DA:32,2
DA:33,2
DA:34,1
DA:37,1
DA:38,1
DA:39,3
DA:40,2
DA:41,2
DA:42,2
DA:43,3
DA:44,3
DA:45,3
DA:46,3
DA:47,3
DA:48,3
DA:49,3
DA:50,3
DA:52,3
DA:55,1
DA:57,2
DA:58,0
DA:60,1
DA:63,0
DA:65,0
DA:67,0
DA:70,0
DA:71,0
DA:73,0
DA:76,0
DA:78,0
DA:81,0
DA:83,0
DA:88,0
DA:89,0
DA:90,0
DA:93,0
DA:94,0
DA:100,2
DA:102,1
DA:103,1
DA:105,1
DA:106,1
DA:107,1
DA:110,1
DA:111,1
DA:114,1
DA:115,1
DA:121,1
DA:122,1
DA:123,0
DA:126,1
DA:127,1
LF:62
LH:45
end_of_record
SF:lib\core\widgets\search_results_dialog.dart
DA:6,1
DA:8,1
DA:9,1
DA:11,1
DA:13,1
DA:14,2
DA:15,1
DA:16,2
DA:17,1
DA:20,3
DA:22,1
DA:23,1
DA:24,1
DA:25,1
DA:27,2
DA:33,1
DA:34,1
DA:36,1
DA:37,2
LF:19
LH:19
end_of_record
SF:lib\core\services\music_manager_service.dart
DA:17,0
DA:29,1
DA:30,1
DA:32,1
DA:42,1
DA:43,2
DA:46,1
DA:47,1
DA:48,2
DA:52,5
DA:55,0
DA:56,0
DA:58,1
DA:60,2
DA:65,0
DA:66,0
DA:67,0
DA:68,0
DA:73,0
DA:74,0
DA:77,0
DA:80,0
DA:82,0
DA:83,0
DA:88,0
DA:91,0
DA:94,0
DA:97,0
DA:102,0
DA:104,0
DA:107,0
DA:108,0
DA:110,0
DA:114,0
DA:117,0
DA:122,0
DA:130,0
DA:132,0
DA:133,0
DA:134,0
DA:138,0
DA:145,0
DA:148,0
DA:149,0
DA:150,0
LF:45
LH:11
end_of_record
SF:lib\features\discovery\services\youtube_streamer_service.dart
DA:9,1
DA:21,2
DA:22,4
DA:23,0
DA:26,0
DA:30,0
DA:33,0
DA:34,0
DA:37,0
DA:39,2
DA:45,0
DA:46,0
DA:47,0
DA:49,0
DA:50,0
DA:53,0
DA:54,0
DA:58,0
DA:59,0
DA:64,0
DA:65,0
DA:72,0
LF:22
LH:4
end_of_record
SF:lib\features\discovery\services\offline_download_service.dart
DA:16,0
DA:19,0
DA:20,0
DA:23,0
DA:24,0
DA:25,0
DA:26,0
DA:27,0
DA:31,0
DA:32,0
DA:33,0
DA:34,0
DA:37,0
DA:40,0
DA:43,0
DA:45,0
DA:46,0
DA:47,0
DA:48,0
DA:49,0
DA:53,0
DA:54,0
DA:55,0
DA:56,0
DA:59,0
DA:61,0
DA:62,0
DA:67,0
DA:69,0
DA:71,0
DA:72,0
DA:78,0
DA:79,0
DA:82,0
DA:83,0
DA:86,0
DA:87,0
DA:89,0
DA:90,0
DA:93,0
DA:94,0
DA:98,0
DA:99,0
DA:100,0
DA:101,0
DA:104,0
DA:105,0
DA:109,0
DA:114,0
DA:115,0
DA:117,0
LF:51
LH:0
end_of_record
SF:lib\core\services\notification_service.dart
DA:6,1
DA:7,3
DA:13,1
DA:18,1
DA:21,0
DA:23,1
DA:27,1
DA:28,1
DA:29,1
DA:30,1
DA:31,1
DA:34,0
DA:36,0
DA:37,0
DA:38,0
DA:39,0
DA:44,1
DA:47,1
DA:51,1
DA:54,1
DA:57,0
DA:60,0
DA:64,1
DA:65,1
DA:66,1
DA:73,0
DA:75,0
DA:77,0
DA:79,0
DA:81,0
LF:30
LH:17
end_of_record
SF:lib\core\widgets\duo_chat_dialog.dart
DA:8,1
DA:10,0
DA:11,0
DA:19,0
DA:21,0
DA:22,0
DA:23,0
DA:24,0
DA:25,0
DA:31,0
DA:33,0
DA:34,0
DA:35,0
DA:38,0
DA:39,0
DA:42,0
DA:43,0
DA:44,0
DA:45,0
DA:49,0
DA:52,0
DA:53,0
DA:55,0
DA:58,0
DA:60,0
DA:62,0
DA:65,0
DA:69,0
DA:71,0
DA:72,0
DA:73,0
DA:74,0
DA:75,0
DA:76,0
DA:78,0
DA:81,0
DA:82,0
DA:84,0
DA:89,0
DA:90,0
DA:91,0
DA:92,0
DA:93,0
DA:94,0
DA:99,0
DA:101,0
DA:108,0
DA:109,0
DA:110,0
DA:116,0
DA:118,0
DA:120,0
DA:122,0
DA:126,0
DA:127,0
DA:129,0
DA:130,0
DA:132,0
DA:137,0
DA:138,0
DA:139,0
DA:140,0
DA:141,0
DA:142,0
DA:147,0
DA:149,0
DA:156,0
DA:157,0
DA:158,0
LF:69
LH:1
end_of_record
SF:lib\features\library\screens\remote_library_screen.dart
DA:12,1
DA:14,1
DA:15,1
DA:22,1
DA:24,1
DA:25,2
DA:26,0
DA:27,0
DA:28,0
DA:29,0
DA:33,1
DA:36,1
DA:38,2
DA:39,1
DA:42,1
DA:43,3
DA:44,2
DA:47,0
DA:48,0
DA:50,0
DA:51,0
DA:52,0
DA:55,0
DA:56,0
DA:57,0
DA:63,1
DA:65,1
DA:67,1
DA:68,1
DA:69,1
DA:70,0
DA:71,0
DA:72,0
DA:73,0
DA:74,0
DA:75,0
DA:77,1
DA:78,1
DA:79,1
DA:80,1
DA:81,1
DA:82,1
LF:42
LH:24
end_of_record
SF:lib\features\party_mode\disco\party_queue_screen.dart
DA:9,1
DA:11,1
DA:12,1
DA:19,5
DA:21,0
DA:22,0
DA:25,0
DA:26,0
DA:29,1
DA:31,1
DA:33,1
DA:34,1
DA:35,1
DA:36,0
DA:37,0
DA:38,0
DA:39,0
DA:40,0
DA:42,1
DA:43,1
DA:44,1
DA:45,1
DA:46,1
LF:23
LH:14
end_of_record
SF:lib\core\widgets\mini_player.dart
DA:10,1
DA:12,3
DA:15,6
DA:16,6
DA:17,6
DA:25,1
DA:27,0
DA:28,0
DA:34,0
DA:36,0
DA:37,0
DA:39,0
DA:40,0
DA:41,0
DA:42,0
DA:44,0
DA:45,0
DA:46,0
DA:47,0
DA:50,0
DA:51,0
DA:54,0
DA:56,0
DA:57,0
DA:58,0
DA:59,0
DA:60,0
DA:66,0
DA:67,0
DA:69,0
DA:71,0
DA:72,0
DA:73,0
DA:74,0
DA:76,0
DA:77,0
DA:78,0
DA:79,0
DA:83,0
DA:86,0
DA:93,0
DA:94,0
DA:95,0
DA:98,0
DA:99,0
DA:100,0
DA:107,0
DA:108,0
DA:111,0
DA:113,0
DA:119,0
DA:120,0
DA:121,0
DA:122,0
DA:125,0
DA:127,0
DA:134,0
DA:136,0
DA:138,0
DA:140,0
DA:142,0
DA:143,0
DA:145,0
DA:146,0
DA:147,0
DA:148,0
DA:149,0
DA:152,0
DA:154,0
DA:159,0
DA:161,0
DA:164,0
DA:167,0
DA:168,0
DA:171,0
DA:172,0
DA:179,0
DA:180,0
DA:181,0
DA:185,0
DA:187,0
DA:190,0
DA:191,0
DA:192,0
DA:193,0
DA:196,0
DA:198,0
DA:199,0
DA:201,0
DA:206,0
DA:207,0
DA:208,0
DA:216,0
DA:217,0
DA:218,0
DA:220,0
DA:222,0
DA:223,0
DA:224,0
DA:225,0
DA:226,0
DA:228,0
DA:230,0
DA:232,0
DA:233,0
DA:234,0
DA:235,0
DA:236,0
DA:239,0
DA:242,0
DA:243,0
DA:245,0
DA:246,0
DA:247,0
DA:248,0
DA:253,0
DA:254,0
DA:255,0
DA:258,0
DA:271,0
DA:273,0
DA:275,0
DA:276,0
DA:278,0
DA:283,0
DA:285,0
DA:286,0
DA:290,0
DA:291,0
DA:292,0
DA:294,0
DA:295,0
DA:296,0
DA:304,0
DA:307,0
DA:322,0
DA:323,0
DA:324,0
DA:325,0
DA:330,1
DA:332,3
DA:334,3
DA:336,3
DA:337,6
DA:338,3
DA:339,3
DA:340,3
DA:341,9
DA:342,3
DA:343,3
DA:346,1
DA:349,1
DA:350,3
DA:351,1
DA:360,1
DA:361,0
DA:364,1
DA:365,1
DA:366,1
DA:368,1
DA:370,1
DA:371,2
DA:372,1
DA:373,1
DA:375,2
DA:376,2
DA:377,0
DA:378,0
DA:380,1
DA:384,1
DA:385,3
DA:390,1
DA:391,1
DA:393,1
DA:394,1
DA:396,1
DA:397,0
DA:398,0
DA:399,0
DA:400,0
DA:404,0
DA:408,1
DA:410,1
DA:411,1
DA:414,1
DA:415,1
DA:416,1
DA:422,1
DA:423,1
DA:426,1
DA:428,1
DA:429,1
DA:430,1
DA:438,1
DA:439,2
DA:442,1
DA:443,0
DA:445,1
DA:447,1
DA:448,2
DA:449,1
DA:450,1
DA:451,1
DA:454,0
DA:456,0
DA:460,1
DA:462,0
DA:464,1
DA:465,1
DA:469,3
DA:470,0
DA:471,0
DA:472,0
DA:474,1
DA:476,0
DA:479,1
DA:480,2
DA:481,1
DA:482,1
DA:485,1
DA:487,0
DA:488,1
DA:490,0
DA:495,1
DA:496,1
DA:498,0
LF:226
LH:74
end_of_record
SF:lib\features\core\login\login_screen.dart
DA:11,1
DA:13,1
DA:14,1
DA:23,1
DA:24,3
DA:25,3
DA:26,3
DA:28,2
DA:29,2
DA:30,1
DA:31,2
DA:32,0
DA:33,2
DA:34,1
DA:36,1
DA:37,3
DA:39,3
DA:40,2
DA:42,0
DA:47,0
DA:48,0
DA:49,0
DA:50,0
DA:51,0
DA:52,0
DA:53,0
DA:58,0
DA:59,0
DA:63,0
DA:65,0
DA:67,0
DA:68,0
DA:69,0
DA:70,0
DA:71,0
DA:72,0
DA:73,0
DA:75,0
DA:79,0
DA:83,0
DA:84,0
DA:86,0
DA:87,0
DA:89,0
DA:90,0
DA:91,0
DA:92,0
DA:93,0
DA:99,0
DA:100,0
DA:101,0
DA:103,0
DA:107,0
DA:112,0
DA:113,0
DA:114,0
DA:116,0
DA:117,0
DA:118,0
DA:119,0
DA:120,0
DA:121,0
DA:130,1
DA:132,1
DA:134,1
DA:135,1
DA:136,1
DA:137,0
DA:138,0
DA:139,0
DA:140,0
DA:141,0
DA:142,0
DA:143,0
DA:144,0
DA:147,1
DA:148,1
DA:149,1
DA:150,1
DA:151,1
DA:152,1
DA:153,5
DA:154,1
LF:83
LH:30
end_of_record
SF:lib\features\core\screens\app_shell.dart
DA:11,1
DA:13,3
DA:14,3
DA:27,3
DA:30,6
DA:33,0
DA:38,0
DA:39,0
DA:40,0
DA:42,0
DA:43,0
DA:48,0
DA:53,0
DA:58,0
DA:65,0
DA:66,0
DA:67,0
DA:79,3
DA:80,3
DA:81,3
DA:82,9
DA:91,3
DA:92,3
DA:93,4
LF:24
LH:12
end_of_record
SF:lib\features\core\login\views\fluent_login_view.dart
DA:13,0
DA:24,0
DA:25,0
DA:26,0
DA:28,0
DA:29,0
DA:31,0
DA:33,0
DA:38,0
DA:39,0
DA:40,0
DA:43,0
DA:44,0
DA:49,0
DA:50,0
DA:52,0
DA:54,0
DA:56,0
DA:57,0
DA:58,0
DA:60,0
DA:61,0
DA:63,0
DA:64,0
DA:70,0
DA:71,0
DA:73,0
DA:74,0
DA:75,0
DA:76,0
DA:78,0
DA:79,0
DA:80,0
DA:83,0
DA:85,0
DA:86,0
DA:87,0
DA:90,0
DA:91,0
DA:92,0
LF:40
LH:0
end_of_record
SF:lib\features\core\login\views\material_login_view.dart
DA:13,1
DA:24,1
DA:25,1
DA:26,1
DA:27,1
DA:28,1
DA:31,1
DA:32,4
DA:33,3
DA:37,1
DA:38,1
DA:40,1
DA:42,1
DA:43,1
DA:44,1
DA:46,1
DA:48,1
DA:49,1
DA:51,3
DA:53,2
DA:54,1
DA:55,1
DA:56,1
DA:57,1
DA:59,1
DA:61,1
DA:67,1
DA:69,1
DA:76,1
DA:77,0
DA:78,1
DA:79,1
DA:82,1
DA:83,1
DA:84,1
DA:85,1
DA:87,1
DA:88,2
DA:90,1
DA:91,1
DA:92,2
DA:95,1
DA:96,1
DA:97,1
LF:44
LH:43
end_of_record
SF:lib\features\home\home_screen.dart
DA:9,1
DA:11,3
DA:12,3
DA:21,3
DA:22,6
DA:23,3
DA:24,3
DA:25,3
DA:28,3
DA:30,3
DA:31,3
DA:34,3
DA:35,6
DA:36,3
DA:37,3
DA:38,6
DA:39,12
DA:40,3
DA:45,0
DA:46,0
DA:47,0
DA:50,3
DA:52,3
DA:53,0
DA:54,0
DA:55,0
DA:56,0
DA:60,3
DA:61,3
DA:62,3
DA:63,3
LF:31
LH:24
end_of_record
SF:lib\features\library\screens\library_screen.dart
DA:12,1
DA:14,3
DA:15,3
DA:27,3
DA:29,3
DA:30,3
DA:33,3
DA:34,9
DA:35,6
DA:36,3
DA:37,3
DA:38,6
DA:39,3
DA:40,3
DA:45,3
DA:46,3
DA:47,3
DA:48,0
DA:49,0
DA:51,3
DA:53,0
DA:55,3
DA:59,3
DA:60,0
DA:64,0
DA:65,0
DA:68,0
DA:69,0
DA:70,0
DA:71,0
DA:75,0
DA:77,0
DA:80,0
DA:81,0
DA:82,0
DA:83,0
DA:87,0
DA:88,0
DA:90,0
DA:95,0
DA:96,0
DA:98,0
DA:100,0
DA:104,0
DA:105,0
DA:106,0
DA:108,0
DA:109,0
DA:111,0
DA:112,0
DA:113,0
DA:114,0
DA:117,0
DA:118,0
DA:122,3
DA:124,3
DA:125,3
DA:126,3
DA:127,3
DA:130,0
DA:132,0
DA:133,0
DA:134,0
DA:135,0
DA:136,0
DA:137,0
DA:138,0
DA:139,0
DA:140,0
DA:144,3
DA:146,3
DA:147,3
DA:148,3
DA:149,3
DA:150,3
DA:151,3
DA:152,3
DA:153,3
DA:154,3
LF:79
LH:35
end_of_record
SF:lib\features\discovery\screens\discovery_screen.dart
DA:21,1
DA:23,1
DA:24,1
DA:44,1
DA:59,1
DA:61,2
DA:62,1
DA:63,1
DA:64,1
DA:67,1
DA:69,1
DA:70,1
DA:71,1
DA:72,1
DA:75,1
DA:76,1
DA:77,4
DA:78,1
DA:79,2
DA:80,1
DA:81,0
DA:82,0
DA:89,1
DA:90,5
DA:91,1
DA:92,2
DA:93,1
DA:99,1
DA:100,1
DA:102,2
DA:103,1
DA:104,2
DA:105,1
DA:106,1
DA:110,1
DA:112,3
DA:114,1
DA:115,1
DA:116,2
DA:117,2
DA:118,1
DA:124,1
DA:126,2
DA:127,2
DA:128,2
DA:129,1
DA:132,1
DA:133,2
DA:134,0
DA:135,0
DA:136,0
DA:141,2
DA:142,1
DA:143,1
DA:145,2
DA:146,1
DA:147,1
DA:148,2
DA:149,2
DA:150,2
DA:151,2
DA:152,2
DA:157,2
DA:158,0
DA:159,0
DA:160,0
DA:164,3
DA:165,1
DA:166,2
DA:167,1
DA:171,2
DA:172,2
DA:174,5
DA:175,2
DA:176,0
DA:180,2
DA:181,1
DA:182,2
DA:186,5
DA:187,1
DA:188,1
DA:189,3
DA:193,0
DA:194,0
DA:195,0
DA:198,3
DA:199,3
DA:204,0
DA:205,0
DA:206,0
DA:207,0
DA:208,0
DA:209,0
DA:210,0
DA:211,0
DA:215,0
DA:216,0
DA:217,0
DA:222,0
DA:223,0
DA:224,0
DA:225,0
DA:226,0
DA:227,0
DA:228,0
DA:229,0
DA:231,0
DA:235,0
DA:236,0
DA:238,0
DA:243,0
DA:244,0
DA:245,0
DA:246,0
DA:251,0
DA:252,0
DA:253,0
DA:257,0
DA:258,0
DA:260,0
DA:261,0
DA:264,0
DA:265,0
DA:266,0
DA:267,0
DA:268,0
DA:269,0
DA:270,0
DA:276,0
DA:277,0
DA:279,0
DA:280,0
DA:282,0
DA:285,0
DA:286,0
DA:287,0
DA:290,0
DA:291,0
DA:292,0
DA:293,0
DA:299,0
DA:300,0
DA:301,0
DA:302,0
DA:304,0
DA:306,0
DA:307,0
DA:311,0
DA:314,0
DA:315,0
DA:317,0
DA:318,0
DA:319,0
DA:323,1
DA:324,1
DA:325,2
DA:327,2
DA:328,3
DA:330,0
DA:331,0
DA:332,0
DA:337,0
DA:338,0
DA:339,0
DA:341,0
DA:342,0
DA:344,0
DA:345,0
DA:346,0
DA:351,0
DA:352,0
DA:353,0
DA:354,0
DA:355,0
DA:356,0
DA:359,0
DA:360,0
DA:361,0
DA:366,0
DA:367,0
DA:368,0
DA:369,0
DA:370,0
DA:371,0
DA:372,0
DA:373,0
DA:374,0
DA:384,0
DA:385,0
DA:386,0
DA:393,0
DA:394,0
DA:395,0
DA:396,0
DA:397,0
DA:399,0
DA:401,0
DA:403,0
DA:404,0
DA:405,0
DA:406,0
DA:407,0
DA:408,0
DA:413,0
DA:414,0
DA:415,0
DA:422,0
DA:423,0
DA:424,0
DA:426,0
DA:428,0
DA:430,0
DA:431,0
DA:432,0
DA:433,0
DA:434,0
DA:435,0
DA:445,1
DA:447,1
DA:448,1
DA:449,1
DA:450,0
DA:453,0
DA:454,0
DA:456,0
DA:458,0
DA:461,0
DA:463,0
DA:470,1
DA:472,1
DA:473,1
DA:474,1
DA:476,1
DA:478,1
DA:481,2
DA:483,2
DA:492,0
DA:493,0
DA:494,0
DA:495,0
DA:499,0
DA:500,0
DA:503,1
DA:504,0
DA:505,0
DA:506,0
DA:507,0
DA:508,0
DA:509,0
DA:510,0
DA:511,0
DA:512,0
DA:513,0
DA:514,0
DA:515,0
DA:516,0
DA:517,0
DA:518,0
DA:519,0
DA:520,0
DA:521,0
DA:522,0
DA:525,0
DA:526,0
DA:530,1
DA:531,1
DA:532,1
DA:533,1
DA:534,1
DA:535,1
DA:536,1
DA:537,1
DA:538,1
DA:539,1
DA:540,1
DA:541,4
DA:542,1
DA:543,1
DA:544,1
DA:545,1
DA:546,1
DA:549,1
DA:550,1
DA:551,1
DA:555,1
DA:557,2
DA:558,1
DA:560,2
DA:562,1
DA:563,0
DA:564,1
DA:566,1
DA:567,2
DA:568,1
DA:569,1
DA:573,0
DA:574,0
DA:578,1
DA:580,1
DA:581,0
DA:582,0
LF:301
LH:125
end_of_record
SF:lib\features\settings\screens\settings_screen.dart
DA:16,1
DA:18,2
DA:19,2
DA:30,2
DA:31,2
DA:32,2
DA:33,2
DA:34,2
DA:37,2
DA:39,2
DA:40,2
DA:43,2
DA:44,4
DA:45,4
DA:46,4
DA:47,2
DA:48,4
DA:49,2
DA:50,2
DA:51,2
DA:52,2
DA:57,1
DA:58,3
DA:59,2
DA:60,1
DA:62,1
DA:65,1
DA:66,3
DA:67,2
DA:68,1
DA:69,3
DA:70,2
DA:74,1
DA:75,2
DA:76,0
DA:79,3
DA:80,2
DA:81,1
DA:82,3
DA:83,1
DA:88,1
DA:89,2
DA:90,0
DA:93,3
DA:94,2
DA:95,1
DA:96,3
DA:97,2
DA:101,0
DA:102,0
DA:103,0
DA:104,0
DA:105,0
DA:106,0
DA:108,0
DA:111,0
DA:112,0
DA:113,0
DA:116,0
DA:117,0
DA:118,0
DA:119,0
DA:122,1
DA:123,3
DA:124,2
DA:127,1
DA:128,2
DA:129,1
DA:135,2
DA:137,2
DA:138,0
DA:139,0
DA:140,0
DA:141,0
DA:142,0
DA:143,0
DA:144,0
DA:145,0
DA:147,0
DA:148,0
DA:150,0
DA:151,0
DA:152,0
DA:154,0
DA:155,0
DA:156,0
DA:157,0
DA:158,0
DA:162,2
DA:163,2
DA:164,2
DA:165,2
DA:166,2
DA:167,4
DA:168,1
DA:169,1
DA:171,0
DA:172,0
DA:173,2
DA:174,2
DA:175,2
DA:176,2
DA:177,2
DA:178,2
DA:179,2
LF:105
LH:69
end_of_record
SF:lib\features\core\screens\download_page.dart
DA:11,0
DA:13,1
DA:14,1
DA:34,1
DA:36,1
DA:37,1
DA:40,1
DA:42,2
DA:43,1
DA:44,2
DA:45,1
DA:46,1
DA:50,3
DA:52,0
DA:53,0
DA:54,0
DA:59,1
DA:60,3
DA:61,1
DA:65,2
DA:66,1
DA:67,1
DA:68,1
DA:69,1
DA:73,2
DA:74,2
DA:75,1
DA:76,5
DA:79,0
DA:81,3
DA:85,0
DA:86,0
DA:90,0
DA:91,0
DA:92,0
DA:93,0
DA:98,0
DA:100,0
DA:101,0
DA:102,0
DA:104,0
DA:105,0
DA:106,0
DA:107,0
DA:112,0
DA:113,0
DA:118,0
DA:120,0
DA:124,0
DA:125,0
DA:126,0
DA:127,0
DA:128,0
DA:132,1
DA:137,1
DA:140,1
DA:143,1
DA:146,1
DA:149,1
DA:154,1
DA:157,1
DA:159,1
DA:160,1
DA:161,1
DA:162,1
DA:163,1
DA:165,1
DA:167,1
DA:170,2
DA:172,2
DA:180,1
DA:181,1
DA:183,3
DA:185,1
DA:187,1
DA:189,1
DA:191,1
DA:192,1
DA:194,1
DA:196,1
DA:202,1
DA:203,1
DA:204,1
DA:205,1
DA:206,1
DA:207,1
DA:210,1
DA:211,1
DA:212,2
DA:214,0
DA:218,1
DA:219,1
DA:224,1
DA:225,2
DA:226,1
DA:244,1
DA:246,0
DA:247,0
DA:248,0
DA:250,0
DA:251,0
DA:252,0
DA:259,2
DA:261,1
DA:262,1
DA:264,1
DA:266,1
DA:267,1
DA:268,1
DA:269,2
DA:270,0
DA:271,0
DA:272,0
DA:273,0
DA:277,0
DA:280,0
DA:285,1
DA:286,1
DA:287,1
DA:289,1
DA:290,1
DA:291,2
DA:297,2
DA:298,3
DA:299,1
DA:300,1
DA:301,4
DA:302,1
DA:314,1
DA:315,1
DA:319,2
DA:320,3
DA:322,1
DA:323,1
DA:329,2
DA:330,1
DA:331,0
DA:332,0
DA:333,0
DA:334,0
DA:339,1
DA:340,0
DA:343,1
DA:344,0
DA:346,0
DA:348,1
DA:350,1
DA:352,2
DA:368,1
DA:370,2
DA:371,1
LF:151
LH:103
end_of_record
SF:lib\features\library\models\download_models.dart
DA:11,2
DA:19,1
DA:20,3
DA:21,1
DA:22,0
DA:23,0
DA:26,0
DA:27,0
DA:41,2
DA:52,0
LF:10
LH:5
end_of_record
SF:lib\features\player\screens\player_screen.dart
DA:12,1
DA:14,1
DA:15,1
DA:16,1
DA:17,1
DA:18,1
DA:21,1
DA:23,1
DA:24,0
DA:25,0
DA:26,0
DA:27,0
DA:28,0
DA:32,1
DA:33,1
DA:34,1
DA:35,1
DA:36,1
DA:40,0
DA:41,0
DA:42,0
DA:44,0
DA:46,0
DA:48,0
DA:49,0
DA:51,0
DA:52,0
DA:53,0
DA:56,0
DA:58,0
DA:59,0
DA:60,0
DA:61,0
DA:64,0
DA:66,0
DA:67,0
DA:68,0
DA:69,0
DA:72,0
DA:74,0
DA:75,0
DA:76,0
DA:77,0
DA:82,0
DA:83,0
DA:84,0
DA:91,0
DA:93,0
DA:95,0
DA:97,0
DA:98,0
DA:100,0
DA:101,0
DA:102,0
DA:104,0
DA:106,0
DA:107,0
DA:108,0
DA:109,0
DA:111,0
DA:113,0
DA:114,0
DA:115,0
DA:116,0
DA:118,0
DA:120,0
DA:121,0
DA:122,0
DA:123,0
DA:132,0
DA:133,0
DA:134,0
DA:136,0
DA:143,0
DA:144,0
DA:145,0
DA:152,0
DA:153,0
DA:157,0
DA:158,0
DA:161,0
DA:162,0
LF:82
LH:13
end_of_record
SF:lib\features\discovery\screens\views\material_search_view.dart
DA:32,1
DA:57,1
DA:58,1
DA:59,1
DA:61,3
DA:63,1
DA:64,1
DA:65,1
DA:67,1
DA:68,1
DA:69,1
DA:70,1
DA:71,1
DA:76,0
DA:80,1
DA:81,2
DA:87,1
DA:88,1
DA:89,1
DA:91,2
DA:94,1
DA:95,1
DA:96,1
DA:97,2
DA:98,1
DA:99,2
DA:100,3
DA:102,3
DA:104,3
DA:106,1
DA:108,0
DA:109,0
DA:110,0
DA:111,0
DA:115,1
DA:116,1
DA:117,1
DA:118,1
DA:119,0
DA:124,0
DA:127,1
DA:128,1
DA:131,1
DA:132,3
DA:134,1
DA:138,3
DA:139,1
DA:144,1
DA:146,1
DA:147,1
DA:148,3
DA:149,1
DA:150,3
DA:151,0
DA:152,1
DA:153,0
DA:158,1
DA:159,1
DA:160,3
DA:161,0
DA:162,1
DA:163,0
DA:164,0
DA:169,1
DA:171,1
DA:172,1
DA:176,3
DA:178,1
DA:182,0
DA:184,1
DA:185,2
DA:186,1
DA:191,0
DA:193,0
DA:195,0
DA:197,0
DA:198,0
DA:200,0
DA:201,0
DA:202,0
DA:205,0
DA:206,0
DA:208,0
DA:209,0
DA:210,0
DA:211,0
DA:212,0
DA:213,0
DA:214,0
DA:216,0
DA:217,0
DA:218,0
DA:225,0
DA:226,0
DA:227,0
DA:228,0
DA:229,0
DA:231,0
DA:236,0
DA:237,0
DA:255,0
DA:257,0
DA:258,0
DA:259,0
DA:260,0
DA:261,0
DA:263,0
DA:264,0
DA:269,0
DA:270,0
DA:280,0
DA:285,0
DA:289,0
DA:293,0
DA:299,0
DA:301,0
DA:303,0
DA:309,0
DA:310,0
DA:311,0
DA:313,0
DA:316,0
DA:323,1
DA:325,1
DA:327,1
DA:328,1
DA:332,0
DA:335,1
DA:336,0
DA:340,0
DA:343,1
DA:344,0
DA:345,1
DA:347,1
DA:352,0
DA:354,0
DA:355,0
DA:359,0
DA:373,0
DA:374,0
DA:378,0
DA:392,0
DA:393,0
DA:397,0
DA:416,0
DA:418,0
DA:419,0
DA:420,0
DA:421,0
DA:423,0
DA:425,0
DA:430,1
DA:431,3
DA:433,1
DA:435,0
DA:436,0
DA:437,0
DA:439,0
DA:440,0
DA:443,1
DA:447,1
DA:450,1
DA:452,4
DA:455,0
DA:463,0
DA:466,0
DA:467,0
DA:468,0
DA:471,0
DA:472,0
DA:474,0
DA:475,0
DA:476,0
LF:173
LH:74
end_of_record
SF:lib\features\discovery\screens\views\fluent_search_view.dart
DA:34,0
DA:60,0
DA:61,0
DA:62,0
DA:64,0
DA:65,0
DA:67,0
DA:69,0
DA:74,0
DA:75,0
DA:76,0
DA:79,0
DA:80,0
DA:81,0
DA:82,0
DA:83,0
DA:84,0
DA:85,0
DA:87,0
DA:91,0
DA:92,0
DA:100,0
DA:101,0
DA:102,0
DA:104,0
DA:106,0
DA:110,0
DA:111,0
DA:112,0
DA:113,0
DA:114,0
DA:115,0
DA:116,0
DA:118,0
DA:119,0
DA:121,0
DA:123,0
DA:126,0
DA:128,0
DA:129,0
DA:130,0
DA:132,0
DA:134,0
DA:135,0
DA:136,0
DA:137,0
DA:138,0
DA:139,0
DA:140,0
DA:141,0
DA:142,0
DA:143,0
DA:149,0
DA:157,0
DA:158,0
DA:161,0
DA:164,0
DA:165,0
DA:166,0
DA:170,0
DA:171,0
DA:172,0
DA:173,0
DA:174,0
DA:176,0
DA:177,0
DA:178,0
DA:179,0
DA:180,0
DA:184,0
DA:186,0
DA:189,0
DA:190,0
DA:191,0
DA:192,0
DA:193,0
DA:194,0
DA:195,0
DA:197,0
DA:198,0
DA:201,0
DA:203,0
DA:205,0
DA:208,0
DA:209,0
DA:210,0
DA:211,0
DA:212,0
DA:213,0
DA:214,0
DA:216,0
DA:217,0
DA:220,0
DA:225,0
DA:227,0
DA:228,0
DA:230,0
DA:232,0
DA:233,0
DA:236,0
DA:238,0
DA:239,0
DA:240,0
DA:241,0
DA:242,0
DA:249,0
DA:250,0
DA:254,0
DA:255,0
DA:257,0
DA:258,0
DA:261,0
DA:266,0
DA:268,0
DA:269,0
DA:273,0
DA:274,0
DA:275,0
DA:283,0
DA:284,0
DA:289,0
DA:291,0
DA:293,0
DA:296,0
DA:297,0
DA:298,0
DA:300,0
DA:303,0
DA:306,0
DA:307,0
DA:311,0
DA:312,0
DA:313,0
DA:314,0
DA:315,0
DA:316,0
DA:319,0
DA:320,0
DA:322,0
DA:323,0
DA:324,0
DA:325,0
DA:326,0
DA:327,0
DA:329,0
DA:331,0
DA:332,0
DA:333,0
DA:340,0
DA:343,0
DA:346,0
DA:347,0
DA:348,0
DA:349,0
DA:350,0
DA:354,0
DA:355,0
DA:357,0
DA:358,0
DA:366,0
DA:367,0
DA:393,0
DA:394,0
DA:396,0
DA:397,0
DA:399,0
DA:401,0
DA:405,0
DA:407,0
DA:409,0
DA:415,0
DA:417,0
DA:418,0
DA:419,0
DA:425,0
DA:427,0
DA:428,0
DA:429,0
DA:430,0
DA:431,0
DA:432,0
DA:441,0
DA:443,0
DA:445,0
DA:446,0
DA:450,0
DA:451,0
DA:453,0
DA:454,0
DA:458,0
DA:459,0
DA:461,0
DA:462,0
DA:463,0
DA:465,0
DA:470,0
DA:474,0
DA:475,0
DA:479,0
DA:480,0
DA:481,0
DA:485,0
DA:486,0
DA:487,0
DA:491,0
DA:493,0
LF:206
LH:0
end_of_record
SF:lib\features\home\views\fluent_home_view.dart
DA:14,0
DA:21,0
DA:22,0
DA:23,0
DA:25,0
DA:26,0
DA:28,0
DA:30,0
DA:34,0
DA:36,0
DA:37,0
DA:40,0
DA:42,0
DA:48,0
DA:50,0
DA:52,0
DA:54,0
DA:55,0
DA:57,0
DA:58,0
DA:60,0
DA:62,0
DA:63,0
DA:65,0
DA:67,0
DA:68,0
DA:70,0
DA:72,0
DA:73,0
DA:75,0
DA:81,0
DA:83,0
DA:84,0
DA:86,0
DA:87,0
DA:88,0
DA:89,0
DA:91,0
DA:92,0
DA:94,0
DA:97,0
DA:99,0
DA:104,0
DA:105,0
DA:106,0
DA:107,0
DA:124,0
DA:125,0
DA:126,0
DA:130,0
DA:131,0
DA:133,0
DA:137,0
DA:138,0
DA:139,0
DA:141,0
DA:145,0
DA:146,0
DA:147,0
DA:151,0
DA:155,0
DA:156,0
DA:157,0
DA:158,0
DA:159,0
DA:161,0
DA:163,0
DA:165,0
DA:166,0
DA:167,0
DA:169,0
DA:172,0
DA:173,0
DA:174,0
DA:175,0
DA:176,0
DA:177,0
DA:179,0
DA:187,0
DA:191,0
DA:192,0
DA:193,0
DA:194,0
DA:195,0
DA:198,0
DA:200,0
DA:203,0
DA:205,0
DA:207,0
DA:208,0
DA:209,0
DA:210,0
DA:211,0
DA:212,0
DA:213,0
DA:214,0
DA:215,0
DA:217,0
DA:218,0
DA:220,0
DA:222,0
DA:223,0
DA:224,0
DA:227,0
DA:228,0
DA:232,0
DA:233,0
DA:241,0
DA:244,0
DA:245,0
DA:248,0
DA:249,0
DA:250,0
DA:252,0
DA:255,0
DA:256,0
DA:257,0
DA:259,0
DA:262,0
DA:263,0
DA:264,0
DA:269,0
DA:270,0
DA:276,0
DA:278,0
DA:280,0
DA:281,0
DA:282,0
DA:283,0
DA:286,0
DA:287,0
DA:288,0
DA:290,0
DA:291,0
DA:292,0
DA:293,0
DA:294,0
DA:295,0
DA:298,0
DA:299,0
DA:307,0
DA:308,0
DA:311,0
DA:313,0
DA:314,0
DA:317,0
DA:335,0
DA:342,0
DA:343,0
DA:344,0
DA:345,0
DA:347,0
DA:348,0
DA:350,0
DA:352,0
DA:353,0
DA:355,0
DA:356,0
DA:357,0
DA:359,0
DA:362,0
DA:363,0
LF:162
LH:0
end_of_record
SF:lib\features\home\views\material_home_view.dart
DA:14,3
DA:21,3
DA:22,3
DA:23,3
DA:25,3
DA:26,3
DA:28,0
DA:30,0
DA:36,3
DA:38,3
DA:40,3
DA:42,3
DA:43,3
DA:49,3
DA:61,3
DA:67,3
DA:73,6
DA:76,3
DA:77,3
DA:78,3
DA:79,9
DA:80,9
DA:85,3
DA:86,3
DA:87,3
DA:89,12
DA:95,3
DA:97,3
DA:112,3
DA:113,0
DA:114,0
DA:115,0
DA:120,3
DA:122,9
DA:129,3
DA:130,3
DA:131,3
DA:135,0
DA:138,3
DA:142,0
DA:143,0
DA:146,3
DA:150,0
DA:151,0
DA:156,3
DA:163,9
DA:164,3
DA:165,3
DA:166,3
DA:168,3
DA:169,6
DA:170,3
DA:171,3
DA:172,6
DA:175,3
DA:176,3
DA:177,6
DA:178,3
DA:180,3
DA:183,3
DA:184,6
DA:187,6
DA:198,3
DA:202,6
DA:203,3
DA:204,6
DA:205,3
DA:206,3
DA:210,0
DA:212,0
DA:213,0
DA:215,3
DA:219,0
DA:221,0
DA:222,0
DA:224,3
DA:228,0
DA:230,0
DA:231,0
DA:236,1
DA:238,3
DA:242,1
DA:246,3
DA:248,9
DA:249,3
DA:254,3
DA:259,3
DA:260,6
DA:266,1
DA:268,1
DA:270,2
DA:271,1
DA:272,2
DA:273,1
DA:276,1
DA:277,0
DA:278,1
DA:280,1
DA:281,1
DA:282,1
DA:283,1
DA:284,1
DA:285,1
DA:288,0
DA:289,0
DA:297,1
DA:298,1
DA:303,1
DA:304,1
DA:307,2
DA:320,1
DA:322,3
DA:324,3
DA:325,3
DA:330,3
DA:331,3
DA:332,3
DA:335,3
DA:337,3
DA:339,3
DA:340,3
DA:341,3
DA:342,3
DA:343,3
DA:344,3
DA:345,3
DA:346,0
DA:347,0
DA:349,0
DA:350,0
DA:352,3
DA:353,3
DA:355,3
DA:356,6
DA:360,9
DA:364,6
DA:379,3
DA:386,3
DA:387,3
DA:388,3
DA:389,3
DA:390,3
DA:393,3
DA:394,9
DA:395,3
DA:397,3
DA:398,3
DA:399,3
DA:401,3
DA:402,6
DA:403,3
DA:405,9
DA:408,6
LF:153
LH:127
end_of_record
SF:lib\features\library\screens\mood_explorer_screen.dart
DA:11,1
DA:13,1
DA:14,1
DA:21,1
DA:23,1
DA:24,1
DA:27,1
DA:28,2
DA:29,1
DA:31,1
DA:32,0
DA:33,0
DA:34,0
DA:37,1
DA:38,2
DA:39,1
DA:40,1
DA:45,0
DA:46,0
DA:47,0
DA:50,1
DA:52,1
DA:54,1
DA:55,1
DA:56,1
DA:57,0
DA:58,0
DA:59,0
DA:60,0
DA:62,1
DA:63,1
DA:64,1
DA:65,1
LF:33
LH:23
end_of_record
SF:lib\features\library\screens\smart_library_screen.dart
DA:11,1
DA:13,1
DA:14,1
DA:21,1
DA:23,1
DA:24,4
DA:25,1
DA:26,3
DA:29,1
DA:32,4
DA:35,0
DA:36,0
DA:38,1
DA:40,1
DA:42,1
DA:43,1
DA:44,1
DA:45,0
DA:46,0
DA:47,0
DA:48,0
DA:50,1
DA:51,1
DA:52,1
DA:53,1
LF:25
LH:19
end_of_record
SF:lib\features\library\stats\listening_stats_screen.dart
DA:9,1
DA:11,1
DA:12,1
DA:21,1
DA:23,1
DA:24,1
DA:27,1
DA:28,2
DA:29,1
DA:30,2
DA:31,3
DA:32,2
DA:33,5
DA:34,1
DA:35,2
DA:36,5
DA:37,1
DA:38,1
DA:43,1
DA:45,1
DA:47,1
DA:48,1
DA:49,1
DA:50,0
DA:51,0
DA:52,0
DA:53,0
DA:54,0
DA:56,1
DA:57,1
DA:58,1
DA:59,1
DA:60,1
LF:33
LH:28
end_of_record
SF:lib\features\party_mode\disco\disco_mode_screen.dart
DA:13,1
DA:15,1
DA:16,1
DA:21,1
DA:24,1
DA:26,1
DA:27,1
DA:30,1
DA:31,3
DA:32,1
DA:33,2
DA:34,4
DA:35,6
DA:42,1
DA:44,2
DA:45,1
DA:48,1
DA:50,2
DA:51,2
DA:52,1
DA:55,1
DA:56,1
DA:57,1
DA:58,0
DA:60,0
DA:62,0
DA:64,1
DA:66,1
DA:68,2
LF:29
LH:26
end_of_record
SF:lib\features\library\backup\backup_screen.dart
DA:13,1
DA:15,1
DA:16,1
DA:23,0
DA:24,0
DA:26,0
DA:32,0
DA:34,0
DA:35,0
DA:36,0
DA:38,0
DA:42,0
DA:43,0
DA:48,0
DA:49,0
DA:50,0
DA:51,0
DA:52,0
DA:53,0
DA:57,0
DA:61,0
DA:62,0
DA:64,0
DA:65,0
DA:67,0
DA:68,0
DA:69,0
DA:72,0
DA:76,0
DA:77,0
DA:81,0
DA:86,0
DA:91,0
DA:92,0
DA:93,0
DA:94,0
DA:100,0
DA:101,0
DA:102,0
DA:103,0
DA:104,0
DA:105,0
DA:106,0
DA:107,0
DA:111,0
DA:112,0
DA:116,1
DA:118,1
DA:120,1
DA:121,1
DA:122,1
DA:123,0
DA:124,0
DA:125,0
DA:126,0
DA:127,0
DA:129,1
DA:130,1
DA:131,1
DA:132,1
DA:133,1
LF:61
LH:13
end_of_record
SF:lib\core\services\backup_service.dart
DA:10,3
DA:11,2
DA:13,1
DA:16,1
DA:18,2
DA:21,1
DA:22,3
DA:23,1
DA:24,2
DA:25,1
DA:28,2
DA:31,2
DA:32,2
DA:33,2
DA:34,2
DA:36,1
DA:38,2
DA:46,3
DA:47,2
DA:50,2
DA:51,1
DA:53,3
DA:54,1
DA:55,3
DA:56,1
DA:57,3
DA:61,2
DA:63,2
DA:67,1
DA:73,1
DA:74,2
DA:79,2
DA:80,2
DA:82,2
DA:83,1
DA:84,3
DA:85,3
DA:86,3
DA:91,3
DA:92,1
DA:93,1
DA:94,1
DA:97,1
DA:98,2
DA:99,2
DA:100,1
DA:104,1
DA:105,1
DA:106,0
DA:112,1
DA:119,1
DA:120,2
DA:121,2
DA:124,1
DA:129,2
LF:55
LH:54
end_of_record
SF:lib\features\library\backup\views\fluent_backup_view.dart
DA:10,0
DA:18,0
DA:19,0
DA:20,0
DA:22,0
DA:23,0
DA:25,0
DA:28,0
DA:30,0
DA:36,0
DA:38,0
DA:40,0
DA:42,0
DA:43,0
DA:49,0
DA:50,0
DA:52,0
DA:58,0
DA:59,0
DA:60,0
DA:62,0
DA:64,0
DA:67,0
DA:68,0
DA:71,0
DA:75,0
DA:86,0
DA:94,0
DA:96,0
DA:97,0
DA:98,0
DA:100,0
DA:101,0
DA:102,0
DA:103,0
DA:106,0
DA:107,0
DA:109,0
DA:110,0
DA:111,0
DA:113,0
DA:117,0
LF:42
LH:0
end_of_record
SF:lib\features\library\backup\views\material_backup_view.dart
DA:10,1
DA:18,1
DA:19,1
DA:20,1
DA:21,1
DA:23,1
DA:25,1
DA:26,1
DA:27,1
DA:33,1
DA:36,1
DA:42,1
DA:44,1
DA:46,0
DA:47,0
DA:50,0
DA:57,1
DA:65,1
DA:66,1
DA:68,1
DA:70,1
DA:71,1
DA:72,1
DA:73,1
DA:75,1
DA:76,1
DA:77,1
DA:78,1
DA:80,1
DA:81,1
DA:83,1
DA:84,1
DA:85,1
DA:86,1
DA:87,1
DA:88,1
DA:89,1
DA:95,1
DA:97,1
DA:99,1
DA:100,1
LF:41
LH:38
end_of_record
SF:lib\features\library\playlists\playlist_detail_screen.dart
DA:15,1
DA:21,1
DA:22,1
DA:29,1
DA:31,1
DA:32,1
DA:35,1
DA:37,4
DA:38,1
DA:39,2
DA:40,1
DA:41,1
DA:46,1
DA:47,3
DA:49,4
DA:50,0
DA:51,0
DA:55,1
DA:56,2
DA:57,4
DA:58,2
DA:61,0
DA:62,0
DA:63,0
DA:69,1
DA:71,1
DA:73,1
DA:74,1
DA:75,1
DA:76,0
DA:77,0
DA:78,0
DA:79,0
DA:80,0
DA:82,1
DA:83,2
DA:84,1
DA:85,1
DA:86,1
LF:39
LH:29
end_of_record
SF:lib\features\library\playlists\views\fluent_playlist_detail_view.dart
DA:10,0
DA:18,0
DA:19,0
DA:20,0
DA:21,0
DA:22,0
DA:23,0
DA:25,0
DA:27,0
DA:32,0
DA:34,0
DA:35,0
DA:36,0
DA:37,0
DA:38,0
DA:42,0
DA:44,0
DA:45,0
DA:46,0
DA:47,0
DA:49,0
DA:50,0
DA:53,0
DA:54,0
DA:55,0
DA:56,0
DA:57,0
DA:58,0
DA:59,0
DA:60,0
DA:61,0
DA:64,0
DA:67,0
DA:68,0
DA:70,0
LF:35
LH:0
end_of_record
SF:lib\features\library\playlists\views\material_playlist_detail_view.dart
DA:10,1
DA:18,1
DA:19,1
DA:20,3
DA:21,1
DA:23,2
DA:25,1
DA:26,2
DA:27,1
DA:28,2
DA:29,1
DA:30,1
DA:31,0
DA:34,2
DA:35,2
DA:36,1
DA:38,3
LF:17
LH:16
end_of_record
SF:lib\features\library\playlists\playlist_importer_screen.dart
DA:12,1
DA:14,1
DA:15,1
DA:25,0
DA:26,0
DA:27,0
DA:28,0
DA:29,0
DA:30,0
DA:31,0
DA:34,0
DA:35,0
DA:36,0
DA:37,0
DA:38,0
DA:39,0
DA:40,0
DA:45,0
DA:46,0
DA:47,0
DA:48,0
DA:54,0
DA:55,0
DA:56,0
DA:58,0
DA:59,0
DA:60,0
DA:64,0
DA:65,0
DA:66,0
DA:72,1
DA:74,1
DA:76,1
DA:77,1
DA:78,1
DA:79,0
DA:80,0
DA:81,0
DA:82,0
DA:83,0
DA:84,0
DA:85,0
DA:87,1
DA:88,1
DA:89,1
DA:90,1
DA:91,1
DA:92,1
DA:93,1
LF:49
LH:15
end_of_record
SF:lib\features\library\playlists\views\fluent_playlist_importer_view.dart
DA:13,0
DA:23,0
DA:24,0
DA:25,0
DA:27,0
DA:28,0
DA:30,0
DA:32,0
DA:37,0
DA:39,0
DA:40,0
DA:41,0
DA:42,0
DA:43,0
DA:44,0
DA:45,0
DA:47,0
DA:49,0
DA:51,0
DA:55,0
DA:56,0
DA:57,0
DA:58,0
DA:60,0
DA:62,0
DA:63,0
DA:64,0
DA:65,0
DA:66,0
DA:67,0
DA:68,0
DA:70,0
DA:71,0
DA:74,0
DA:75,0
DA:76,0
DA:77,0
DA:78,0
DA:79,0
DA:80,0
DA:81,0
DA:82,0
DA:85,0
DA:88,0
DA:95,0
DA:96,0
DA:97,0
DA:99,0
DA:101,0
DA:102,0
DA:104,0
DA:105,0
DA:106,0
LF:53
LH:0
end_of_record
SF:lib\features\library\playlists\views\material_playlist_importer_view.dart
DA:13,1
DA:23,1
DA:24,1
DA:25,1
DA:26,1
DA:28,1
DA:29,1
DA:30,1
DA:31,1
DA:32,1
DA:34,1
DA:35,1
DA:38,1
DA:39,0
DA:40,1
DA:41,0
DA:42,2
DA:43,0
DA:44,0
DA:45,0
DA:46,0
DA:47,0
DA:48,0
DA:49,0
DA:50,0
DA:53,0
DA:54,0
DA:60,0
DA:61,0
DA:62,0
DA:64,0
DA:66,1
LF:32
LH:16
end_of_record
SF:lib\features\library\playlists\playlists_screen.dart
DA:10,0
DA:12,1
DA:13,1
DA:20,1
DA:22,1
DA:23,1
DA:26,1
DA:27,2
DA:28,4
DA:31,1
DA:34,1
DA:35,1
DA:36,1
DA:37,1
DA:39,0
DA:40,0
DA:41,0
DA:42,0
DA:44,0
DA:48,0
DA:49,0
DA:51,0
DA:52,0
DA:54,0
DA:60,1
DA:61,1
DA:62,1
DA:63,2
DA:65,1
DA:69,1
DA:70,1
DA:71,3
DA:73,1
DA:74,0
DA:81,0
DA:82,0
DA:83,0
DA:87,1
DA:89,1
DA:91,1
DA:92,1
DA:93,1
DA:94,0
DA:95,0
DA:97,1
DA:98,2
LF:46
LH:29
end_of_record
SF:lib\features\library\playlists\views\fluent_playlists_view.dart
DA:10,0
DA:16,0
DA:17,0
DA:18,0
DA:20,0
DA:21,0
DA:23,0
DA:25,0
DA:29,0
DA:31,0
DA:32,0
DA:35,0
DA:40,0
DA:42,0
DA:44,0
DA:45,0
DA:46,0
DA:47,0
DA:49,0
DA:50,0
DA:53,0
DA:54,0
DA:55,0
DA:56,0
DA:57,0
DA:59,0
DA:60,0
DA:62,0
DA:65,0
DA:67,0
DA:69,0
DA:70,0
DA:71,0
DA:72,0
LF:34
LH:0
end_of_record
SF:lib\features\library\playlists\views\material_playlists_view.dart
DA:9,1
DA:15,1
DA:16,1
DA:17,1
DA:18,2
DA:20,1
DA:21,2
DA:22,1
DA:23,2
DA:24,1
DA:27,1
DA:28,1
DA:31,1
DA:32,3
DA:33,1
DA:35,1
DA:36,3
DA:38,2
DA:41,2
DA:43,0
DA:45,0
DA:46,0
DA:47,0
DA:48,0
DA:53,1
DA:54,1
LF:26
LH:21
end_of_record
SF:lib\features\library\screens\views\fluent_library_view.dart
DA:11,0
DA:36,0
DA:37,0
DA:43,0
DA:44,0
DA:45,0
DA:46,0
DA:47,0
DA:48,0
DA:50,0
DA:52,0
DA:56,0
DA:57,0
DA:58,0
DA:59,0
DA:62,0
DA:63,0
DA:65,0
DA:68,0
DA:69,0
DA:73,0
DA:76,0
DA:77,0
DA:79,0
DA:80,0
DA:84,0
DA:87,0
DA:88,0
DA:90,0
DA:91,0
DA:98,0
DA:99,0
DA:100,0
DA:102,0
DA:103,0
DA:106,0
DA:108,0
DA:113,0
DA:118,0
DA:127,0
DA:128,0
DA:132,0
DA:133,0
DA:134,0
DA:136,0
DA:139,0
DA:140,0
DA:148,0
DA:149,0
DA:156,0
DA:158,0
DA:159,0
DA:160,0
DA:161,0
DA:162,0
DA:163,0
DA:164,0
DA:165,0
DA:167,0
DA:168,0
DA:169,0
DA:170,0
DA:173,0
DA:176,0
DA:179,0
DA:181,0
DA:182,0
DA:190,0
DA:191,0
DA:196,0
DA:197,0
DA:200,0
DA:209,0
DA:210,0
DA:212,0
DA:213,0
DA:214,0
DA:216,0
DA:217,0
DA:218,0
DA:220,0
DA:221,0
DA:224,0
DA:232,0
DA:233,0
DA:235,0
DA:237,0
DA:239,0
DA:240,0
DA:241,0
DA:243,0
DA:244,0
DA:245,0
DA:249,0
DA:250,0
DA:252,0
DA:253,0
DA:254,0
DA:258,0
DA:259,0
DA:261,0
DA:262,0
DA:263,0
DA:268,0
DA:269,0
DA:270,0
DA:277,0
DA:278,0
DA:280,0
DA:281,0
DA:282,0
DA:285,0
DA:286,0
DA:287,0
DA:288,0
DA:289,0
DA:291,0
DA:292,0
DA:293,0
DA:300,0
DA:301,0
DA:302,0
DA:303,0
DA:308,0
DA:309,0
DA:310,0
DA:311,0
DA:317,0
DA:318,0
DA:319,0
LF:130
LH:0
end_of_record
SF:lib\features\library\screens\views\material_library_view.dart
DA:11,3
DA:36,3
DA:37,3
DA:39,3
DA:40,3
DA:41,9
DA:42,6
DA:43,3
DA:44,3
DA:45,6
DA:46,3
DA:48,3
DA:50,3
DA:51,0
DA:60,3
DA:63,0
DA:64,0
DA:66,0
DA:67,0
DA:71,3
DA:74,0
DA:75,0
DA:77,0
DA:78,0
DA:93,3
DA:94,3
DA:95,3
DA:104,6
DA:105,3
DA:107,6
DA:108,3
DA:110,3
DA:113,3
DA:114,3
DA:119,0
DA:120,0
DA:127,0
DA:128,0
DA:129,0
DA:130,0
DA:131,0
DA:132,0
DA:133,0
DA:134,0
DA:136,0
DA:139,0
DA:144,0
DA:153,0
DA:154,0
DA:155,0
DA:156,0
DA:157,0
DA:159,0
DA:160,0
DA:161,0
DA:162,0
DA:163,0
DA:164,0
DA:166,0
DA:167,0
DA:172,0
DA:173,0
DA:174,0
DA:175,0
DA:178,0
DA:202,0
DA:205,0
LF:67
LH:25
end_of_record
SF:lib\features\library\screens\tag_editor_screen.dart
DA:11,1
DA:13,1
DA:14,1
DA:30,1
DA:32,1
DA:33,5
DA:34,5
DA:35,5
DA:36,5
DA:37,2
DA:40,3
DA:43,1
DA:44,2
DA:47,1
DA:49,3
DA:50,2
DA:51,2
DA:52,2
DA:53,2
DA:54,2
DA:55,1
DA:58,1
DA:59,3
DA:61,2
DA:62,2
DA:63,2
DA:66,2
DA:67,3
DA:68,3
DA:69,3
DA:70,2
DA:71,4
DA:73,1
DA:74,4
DA:78,0
DA:80,3
DA:84,0
DA:85,0
DA:86,0
DA:87,0
DA:88,0
DA:89,0
DA:90,0
DA:91,0
DA:92,0
DA:93,0
DA:94,0
DA:95,0
DA:96,0
DA:97,0
DA:100,0
DA:101,0
DA:102,0
DA:103,0
DA:104,0
DA:107,0
DA:108,0
DA:111,1
DA:114,2
DA:116,0
DA:118,1
DA:121,0
DA:122,0
DA:124,0
DA:126,0
DA:129,0
DA:130,0
DA:131,0
DA:132,0
DA:133,0
DA:134,0
DA:137,0
DA:139,0
DA:143,0
DA:148,0
DA:149,0
DA:150,0
DA:151,0
DA:153,0
DA:155,0
DA:156,0
DA:158,0
DA:160,0
DA:161,0
DA:163,0
DA:165,0
DA:166,0
DA:168,0
DA:170,0
DA:171,0
DA:173,0
DA:179,2
DA:180,1
DA:182,1
DA:183,1
DA:184,0
DA:186,1
DA:188,2
DA:191,1
DA:193,5
DA:197,1
DA:199,1
DA:200,1
DA:201,1
DA:202,1
DA:205,1
DA:206,1
DA:209,1
DA:210,1
DA:213,1
DA:214,1
DA:217,1
DA:218,1
LF:113
LH:59
end_of_record
SF:lib\features\library\screens\views\fluent_mood_explorer_view.dart
DA:9,0
DA:16,0
DA:17,0
DA:18,0
DA:20,0
DA:21,0
DA:23,0
DA:25,0
DA:30,0
DA:32,0
DA:34,0
DA:36,0
DA:37,0
DA:38,0
DA:39,0
DA:43,0
DA:45,0
DA:47,0
DA:48,0
DA:50,0
DA:52,0
DA:54,0
DA:55,0
DA:56,0
DA:57,0
DA:60,0
DA:61,0
DA:62,0
DA:64,0
DA:65,0
DA:66,0
DA:67,0
DA:68,0
DA:71,0
DA:78,0
DA:80,0
LF:36
LH:0
end_of_record
SF:lib\features\library\screens\views\material_mood_explorer_view.dart
DA:9,1
DA:16,1
DA:17,1
DA:18,1
DA:19,1
DA:21,2
DA:23,0
DA:25,0
DA:26,0
DA:27,0
DA:28,0
DA:32,0
DA:34,0
DA:36,0
DA:37,0
DA:39,0
DA:41,0
DA:43,0
DA:44,0
DA:45,0
DA:46,0
DA:48,0
DA:49,0
DA:50,0
DA:52,0
DA:53,0
DA:54,0
DA:55,0
DA:56,0
DA:59,0
DA:65,0
DA:67,0
LF:32
LH:6
end_of_record
SF:lib\features\library\screens\my_tracks_screen.dart
DA:14,1
DA:16,1
DA:17,1
DA:24,1
DA:26,1
DA:27,1
DA:30,1
DA:31,2
DA:32,1
DA:33,2
DA:34,5
DA:35,1
DA:40,0
DA:41,0
DA:44,0
DA:45,0
DA:46,0
DA:47,0
DA:50,0
DA:51,0
DA:52,0
DA:53,0
DA:54,0
DA:55,0
DA:56,0
DA:57,0
DA:58,0
DA:60,0
DA:61,0
DA:65,0
DA:66,0
DA:67,0
DA:68,0
DA:69,0
DA:70,0
DA:71,0
DA:72,0
DA:76,0
DA:77,0
DA:81,1
DA:83,2
DA:85,1
DA:86,2
DA:87,1
DA:88,1
DA:91,1
DA:92,1
DA:93,1
DA:94,0
DA:95,0
DA:96,0
DA:97,0
DA:98,0
DA:99,0
DA:103,1
DA:104,1
DA:105,1
DA:106,1
DA:107,1
DA:108,1
LF:60
LH:27
end_of_record
SF:lib\features\library\screens\views\fluent_my_tracks_view.dart
DA:5,0
DA:22,0
DA:24,0
DA:25,0
DA:26,0
DA:27,0
DA:29,0
DA:32,0
DA:33,0
DA:41,0
DA:42,0
DA:44,0
DA:45,0
DA:46,0
DA:48,0
DA:49,0
DA:50,0
DA:52,0
DA:54,0
DA:55,0
DA:56,0
DA:58,0
DA:61,0
DA:62,0
DA:64,0
LF:25
LH:0
end_of_record
SF:lib\features\library\screens\views\material_my_tracks_view.dart
DA:5,1
DA:22,1
DA:24,1
DA:25,2
DA:26,1
DA:27,1
DA:29,1
DA:32,1
DA:33,1
DA:41,1
DA:42,2
DA:44,1
DA:45,2
DA:46,3
DA:48,1
DA:50,1
DA:52,0
DA:54,2
DA:55,2
DA:56,0
DA:57,1
DA:59,0
LF:22
LH:19
end_of_record
SF:lib\features\library\screens\views\fluent_remote_library_view.dart
DA:12,0
DA:21,0
DA:22,0
DA:23,0
DA:25,0
DA:27,0
DA:28,0
DA:31,0
DA:34,0
DA:36,0
DA:37,0
DA:38,0
DA:39,0
DA:40,0
DA:44,0
DA:46,0
DA:47,0
DA:48,0
DA:49,0
DA:51,0
DA:52,0
DA:55,0
DA:56,0
DA:57,0
DA:58,0
DA:59,0
DA:60,0
DA:61,0
DA:62,0
DA:63,0
DA:66,0
DA:69,0
DA:71,0
DA:72,0
DA:74,0
DA:75,0
DA:77,0
LF:37
LH:0
end_of_record
SF:lib\features\library\screens\views\material_remote_library_view.dart
DA:12,1
DA:21,1
DA:22,1
DA:23,2
DA:24,2
DA:26,1
DA:28,0
DA:30,0
DA:31,0
DA:32,0
DA:33,0
DA:34,0
DA:35,0
DA:36,0
DA:37,0
DA:38,0
DA:44,0
DA:45,0
DA:46,0
DA:48,0
DA:49,0
DA:51,0
DA:52,0
DA:54,0
LF:24
LH:6
end_of_record
SF:lib\features\library\screens\ringtone_maker_screen.dart
DA:12,1
DA:14,1
DA:15,1
DA:24,1
DA:26,1
DA:27,2
DA:28,1
DA:31,1
DA:32,3
DA:33,0
DA:34,0
DA:35,0
DA:36,0
DA:38,0
DA:40,0
DA:45,0
DA:46,0
DA:47,0
DA:48,0
DA:50,0
DA:51,0
DA:52,0
DA:53,0
DA:54,0
DA:55,0
DA:56,0
DA:62,0
DA:63,0
DA:64,0
DA:67,0
DA:68,0
DA:69,0
DA:72,0
DA:73,0
DA:74,0
DA:80,1
DA:81,3
DA:82,7
DA:85,1
DA:87,2
DA:88,1
DA:91,1
DA:93,1
DA:95,1
DA:96,1
DA:97,1
DA:98,0
DA:99,0
DA:100,0
DA:101,0
DA:102,0
DA:103,0
DA:104,0
DA:105,0
DA:106,0
DA:108,1
DA:109,2
DA:110,1
DA:111,1
DA:112,1
DA:113,1
DA:114,1
DA:115,1
DA:116,1
LF:64
LH:29
end_of_record
SF:lib\features\library\screens\views\fluent_ringtone_maker_view.dart
DA:6,0
DA:27,0
DA:28,0
DA:29,0
DA:30,0
DA:31,0
DA:33,0
DA:36,0
DA:38,0
DA:39,0
DA:42,0
DA:44,0
DA:45,0
DA:51,0
DA:53,0
DA:54,0
DA:55,0
DA:56,0
DA:57,0
DA:58,0
DA:62,0
DA:67,0
DA:68,0
LF:23
LH:0
end_of_record
SF:lib\features\library\screens\views\material_ringtone_maker_view.dart
DA:5,1
DA:26,1
DA:27,1
DA:28,5
DA:29,1
DA:31,1
DA:32,1
DA:35,3
DA:37,1
DA:38,1
DA:40,3
DA:41,0
DA:43,1
DA:45,1
DA:46,13
DA:50,1
DA:52,1
DA:53,1
DA:54,1
DA:56,2
DA:57,2
DA:60,1
DA:61,1
LF:23
LH:22
end_of_record
SF:lib\features\library\screens\views\fluent_smart_library_view.dart
DA:10,0
DA:17,0
DA:18,0
DA:24,0
DA:25,0
DA:26,0
DA:28,0
DA:29,0
DA:31,0
DA:33,0
DA:38,0
DA:39,0
DA:40,0
DA:42,0
DA:43,0
DA:46,0
DA:47,0
DA:48,0
DA:51,0
DA:54,0
DA:55,0
DA:56,0
DA:69,0
DA:74,0
DA:75,0
DA:76,0
DA:77,0
DA:78,0
DA:81,0
DA:82,0
DA:83,0
DA:84,0
DA:85,0
DA:86,0
DA:89,0
DA:91,0
DA:92,0
DA:93,0
DA:94,0
DA:96,0
DA:97,0
DA:100,0
DA:101,0
DA:102,0
DA:103,0
DA:104,0
DA:105,0
DA:106,0
DA:107,0
DA:108,0
DA:111,0
DA:113,0
DA:114,0
LF:53
LH:0
end_of_record
SF:lib\features\library\screens\views\material_smart_library_view.dart
DA:10,1
DA:17,1
DA:18,1
DA:20,1
DA:21,1
DA:30,1
DA:31,1
DA:32,1
DA:33,1
DA:34,1
DA:36,1
DA:37,1
DA:38,1
DA:51,1
DA:56,1
DA:57,1
DA:58,1
DA:59,1
DA:60,2
DA:63,1
DA:64,1
DA:65,1
DA:66,2
DA:70,1
DA:71,1
DA:72,1
DA:73,1
DA:74,1
DA:75,1
DA:76,0
DA:77,0
DA:78,0
DA:84,2
DA:85,2
DA:86,0
LF:35
LH:31
end_of_record
SF:lib\core\services\listening_stats_service.dart
DA:12,2
DA:23,1
DA:24,2
DA:26,1
DA:29,1
DA:30,0
DA:32,1
DA:34,1
DA:38,1
DA:39,2
DA:44,1
DA:45,1
DA:47,2
DA:48,1
DA:49,1
DA:50,1
DA:51,1
DA:53,1
DA:54,2
DA:56,3
DA:57,2
DA:58,3
DA:63,1
DA:64,3
DA:65,2
DA:68,2
DA:71,2
DA:72,5
DA:73,2
DA:76,2
DA:77,5
DA:78,2
DA:80,1
DA:81,1
DA:83,1
LF:35
LH:34
end_of_record
SF:lib\features\library\stats\views\fluent_listening_stats_view.dart
DA:10,0
DA:18,0
DA:19,0
DA:20,0
DA:22,0
DA:23,0
DA:25,0
DA:27,0
DA:32,0
DA:34,0
DA:36,0
DA:38,0
DA:39,0
DA:41,0
DA:42,0
DA:44,0
DA:46,0
DA:47,0
DA:49,0
DA:55,0
DA:56,0
DA:57,0
DA:58,0
DA:61,0
DA:62,0
DA:63,0
DA:64,0
DA:65,0
DA:67,0
DA:68,0
DA:69,0
DA:70,0
DA:71,0
DA:78,0
DA:80,0
DA:81,0
DA:83,0
DA:85,0
DA:86,0
DA:87,0
DA:88,0
DA:89,0
LF:42
LH:0
end_of_record
SF:lib\features\library\stats\views\material_listening_stats_view.dart
DA:10,1
DA:18,1
DA:19,1
DA:20,1
DA:21,1
DA:23,1
DA:25,1
DA:27,1
DA:28,1
DA:30,1
DA:31,3
DA:33,2
DA:35,1
DA:36,3
DA:38,2
DA:44,1
DA:45,2
DA:46,2
DA:47,1
DA:48,3
DA:49,1
DA:51,1
DA:52,1
DA:53,1
DA:54,3
DA:56,2
DA:57,4
DA:58,2
DA:59,1
DA:60,1
DA:61,1
DA:62,1
DA:70,1
DA:72,1
DA:73,1
DA:75,3
DA:77,1
DA:78,1
DA:79,2
DA:80,3
DA:81,1
LF:41
LH:41
end_of_record
SF:lib\features\party_mode\disco\views\fluent_disco_view.dart
DA:11,0
DA:19,0
DA:20,0
DA:21,0
DA:22,0
DA:24,0
DA:25,0
DA:26,0
DA:27,0
DA:28,0
DA:29,0
DA:30,0
DA:36,0
DA:37,0
DA:38,0
DA:39,0
DA:40,0
DA:41,0
DA:49,0
DA:54,0
DA:57,0
DA:58,0
DA:59,0
DA:62,0
DA:63,0
DA:64,0
DA:67,0
DA:68,0
DA:69,0
DA:70,0
DA:71,0
DA:76,0
DA:80,0
DA:81,0
DA:84,0
DA:86,0
DA:87,0
DA:88,0
DA:93,0
DA:94,0
DA:95,0
DA:97,0
DA:98,0
DA:105,0
DA:109,0
DA:110,0
DA:111,0
DA:118,0
DA:119,0
DA:120,0
DA:127,0
DA:131,0
DA:132,0
DA:133,0
DA:134,0
LF:55
LH:0
end_of_record
SF:lib\features\party_mode\disco\views\material_disco_view.dart
DA:11,1
DA:19,1
DA:20,1
DA:22,1
DA:23,1
DA:24,1
DA:25,1
DA:26,1
DA:27,1
DA:28,1
DA:29,1
DA:30,1
DA:36,2
DA:37,1
DA:38,1
DA:39,1
DA:40,2
DA:48,2
DA:53,1
DA:56,1
DA:57,3
DA:58,1
DA:61,1
DA:62,1
DA:64,1
DA:68,2
DA:69,1
DA:72,1
DA:74,1
DA:75,1
DA:76,2
DA:79,1
DA:80,2
DA:81,0
DA:83,1
DA:84,1
DA:91,2
DA:95,1
DA:96,1
DA:97,3
DA:103,3
DA:109,1
LF:42
LH:41
end_of_record
SF:lib\features\party_mode\disco\karaoke_screen.dart
DA:12,0
DA:14,1
DA:15,1
DA:23,1
DA:25,1
DA:26,1
DA:29,1
DA:30,2
DA:31,0
DA:32,0
DA:33,0
DA:34,0
DA:35,0
DA:36,0
DA:42,0
DA:43,0
DA:44,0
DA:49,0
DA:50,0
DA:51,0
DA:56,1
DA:58,2
DA:59,2
DA:60,1
DA:63,1
DA:65,2
DA:66,1
DA:68,1
DA:69,1
DA:70,1
DA:71,0
DA:72,0
DA:74,0
DA:75,0
DA:76,0
DA:77,0
DA:79,1
DA:80,2
DA:82,1
DA:83,1
DA:84,3
DA:85,0
LF:42
LH:22
end_of_record
SF:lib\features\party_mode\disco\views\fluent_karaoke_view.dart
DA:13,0
DA:23,0
DA:24,0
DA:26,0
DA:27,0
DA:28,0
DA:29,0
DA:30,0
DA:31,0
DA:36,0
DA:37,0
DA:38,0
DA:41,0
DA:42,0
DA:49,0
DA:53,0
DA:54,0
DA:55,0
DA:57,0
DA:59,0
DA:60,0
DA:62,0
DA:63,0
DA:69,0
DA:70,0
DA:71,0
DA:79,0
DA:80,0
DA:81,0
DA:82,0
DA:83,0
DA:84,0
DA:88,0
DA:89,0
DA:92,0
DA:93,0
DA:94,0
DA:95,0
DA:99,0
DA:100,0
DA:102,0
DA:106,0
DA:109,0
DA:110,0
DA:111,0
DA:122,0
DA:126,0
DA:127,0
DA:129,0
LF:49
LH:0
end_of_record
SF:lib\features\party_mode\disco\views\material_karaoke_view.dart
DA:13,1
DA:23,1
DA:24,1
DA:26,1
DA:27,1
DA:28,1
DA:29,1
DA:30,1
DA:31,1
DA:32,1
DA:33,2
DA:34,1
DA:42,2
DA:43,1
DA:44,1
DA:47,1
DA:48,4
DA:55,2
DA:57,1
DA:58,1
DA:59,1
DA:61,1
DA:63,1
DA:64,1
DA:66,1
DA:67,3
DA:70,3
DA:78,1
DA:79,2
DA:84,0
DA:85,0
DA:88,0
DA:89,0
DA:90,0
DA:91,0
DA:95,0
DA:96,0
DA:98,0
DA:109,2
DA:111,1
DA:114,1
LF:41
LH:32
end_of_record
SF:lib\features\party_mode\disco\views\fluent_party_queue_view.dart
DA:10,0
DA:18,0
DA:19,0
DA:20,0
DA:22,0
DA:23,0
DA:25,0
DA:27,0
DA:32,0
DA:33,0
DA:34,0
DA:36,0
DA:37,0
DA:38,0
DA:39,0
DA:41,0
DA:42,0
DA:48,0
DA:49,0
DA:50,0
DA:56,0
DA:57,0
DA:58,0
DA:59,0
DA:68,0
DA:69,0
DA:70,0
DA:72,0
DA:73,0
DA:76,0
DA:81,0
DA:83,0
DA:85,0
DA:86,0
LF:34
LH:0
end_of_record
SF:lib\features\party_mode\disco\views\material_party_queue_view.dart
DA:10,1
DA:18,1
DA:19,1
DA:20,1
DA:21,1
DA:22,1
DA:23,1
DA:25,1
DA:27,1
DA:31,1
DA:32,3
DA:37,1
DA:38,1
DA:39,1
DA:42,1
DA:43,1
DA:44,1
DA:45,1
DA:53,2
DA:54,1
DA:55,1
DA:56,2
DA:59,3
DA:62,1
DA:63,1
LF:25
LH:25
end_of_record
SF:lib\features\player\screens\views\fluent_player_view.dart
DA:15,0
DA:23,0
DA:25,0
DA:27,0
DA:28,0
DA:30,0
DA:31,0
DA:33,0
DA:35,0
DA:39,0
DA:41,0
DA:42,0
DA:45,0
DA:46,0
DA:49,0
DA:50,0
DA:53,0
DA:54,0
DA:57,0
DA:61,0
DA:62,0
DA:63,0
DA:64,0
DA:69,0
DA:70,0
DA:71,0
DA:72,0
DA:73,0
DA:75,0
DA:77,0
DA:79,0
DA:80,0
DA:81,0
DA:84,0
DA:85,0
DA:86,0
DA:87,0
DA:88,0
DA:94,0
DA:95,0
DA:96,0
DA:97,0
DA:102,0
DA:103,0
DA:104,0
DA:105,0
DA:106,0
DA:107,0
DA:109,0
DA:113,0
DA:114,0
DA:115,0
DA:116,0
DA:121,0
DA:122,0
DA:123,0
DA:141,0
DA:143,0
DA:144,0
DA:145,0
DA:147,0
DA:149,0
DA:150,0
DA:152,0
DA:155,0
DA:156,0
DA:157,0
DA:158,0
DA:159,0
DA:160,0
DA:161,0
DA:162,0
DA:163,0
DA:164,0
DA:166,0
DA:169,0
DA:177,0
DA:179,0
DA:182,0
DA:183,0
DA:184,0
DA:185,0
DA:186,0
DA:187,0
DA:189,0
DA:190,0
DA:191,0
DA:195,0
DA:198,0
DA:201,0
DA:203,0
DA:206,0
DA:207,0
DA:208,0
DA:230,0
DA:232,0
DA:233,0
DA:234,0
DA:235,0
DA:236,0
DA:237,0
DA:239,0
DA:241,0
DA:242,0
DA:243,0
DA:244,0
DA:246,0
DA:247,0
DA:250,0
DA:252,0
DA:253,0
DA:254,0
DA:262,0
DA:263,0
DA:267,1
DA:269,0
DA:270,0
DA:271,0
DA:272,0
DA:273,0
DA:274,0
DA:275,0
DA:276,0
DA:277,0
DA:280,0
DA:281,0
DA:282,0
DA:283,0
DA:284,0
DA:285,0
DA:286,0
DA:287,0
DA:288,0
DA:289,0
DA:290,0
DA:291,0
DA:293,0
DA:297,0
DA:299,0
DA:301,0
DA:302,0
DA:304,0
DA:307,0
LF:143
LH:1
end_of_record
SF:lib\features\player\screens\views\material_player_view.dart
DA:17,1
DA:25,1
DA:27,1
DA:29,1
DA:30,1
DA:34,1
DA:35,1
DA:36,2
DA:37,1
DA:38,1
DA:40,0
DA:41,0
DA:43,0
DA:44,0
DA:52,3
DA:53,1
DA:55,0
DA:56,0
DA:59,1
DA:61,0
DA:63,1
DA:65,0
DA:67,1
DA:69,0
DA:71,1
DA:73,0
DA:78,1
DA:79,2
DA:80,1
DA:81,1
DA:86,1
DA:88,1
DA:90,1
DA:91,1
DA:94,1
DA:95,3
DA:96,3
DA:100,1
DA:101,1
DA:102,2
DA:103,0
DA:105,1
DA:114,0
DA:116,0
DA:117,0
DA:118,0
DA:120,0
DA:122,0
DA:123,0
DA:124,0
DA:126,0
DA:128,0
DA:129,0
DA:130,0
DA:131,0
DA:132,0
DA:140,0
DA:142,0
DA:143,0
DA:144,0
DA:145,0
DA:146,0
DA:147,0
DA:148,0
DA:150,0
DA:151,0
DA:152,0
DA:153,0
DA:154,0
DA:158,0
DA:160,0
DA:162,0
DA:167,0
DA:179,1
DA:181,1
DA:182,1
DA:184,1
DA:185,1
DA:186,0
DA:188,0
DA:190,0
DA:191,0
DA:192,0
DA:193,0
DA:194,0
DA:202,2
DA:203,1
DA:204,1
DA:205,1
DA:206,1
DA:208,2
DA:209,1
DA:210,1
DA:211,1
DA:212,1
DA:213,1
DA:214,1
DA:215,1
DA:216,1
DA:217,1
DA:222,1
DA:225,1
DA:227,1
DA:228,1
DA:231,0
DA:233,1
DA:235,1
DA:237,1
DA:238,3
DA:242,1
DA:245,0
DA:246,1
DA:248,2
DA:249,1
DA:250,0
DA:253,2
DA:254,1
DA:258,0
DA:259,0
DA:261,0
DA:263,0
DA:267,0
DA:268,0
DA:270,0
DA:271,0
DA:272,0
DA:273,0
DA:274,0
DA:284,1
DA:286,1
DA:288,2
DA:289,1
DA:290,1
DA:291,1
DA:292,1
DA:293,1
DA:295,1
DA:297,1
DA:298,1
DA:299,1
DA:300,2
DA:301,1
DA:302,1
DA:303,3
DA:304,0
DA:305,0
DA:307,1
DA:309,1
DA:310,2
DA:311,2
DA:321,1
DA:322,6
DA:326,1
DA:328,1
DA:329,1
DA:330,2
DA:331,1
DA:332,2
DA:333,1
DA:343,0
DA:344,0
DA:345,0
DA:346,0
DA:347,0
DA:349,0
DA:350,0
DA:351,0
DA:352,0
DA:353,0
DA:354,0
DA:355,0
DA:357,0
DA:359,0
DA:365,0
DA:367,0
DA:370,0
DA:371,0
LF:177
LH:94
end_of_record
SF:lib\features\player\widgets\queue_sheet.dart
DA:7,1
DA:9,0
DA:11,0
DA:13,0
DA:15,0
DA:19,0
DA:21,0
DA:28,0
DA:29,0
DA:31,0
DA:34,0
DA:35,0
DA:36,0
DA:39,0
DA:41,0
DA:42,0
DA:43,0
DA:44,0
DA:53,0
DA:55,0
DA:61,0
DA:63,0
DA:64,0
DA:65,0
LF:24
LH:1
end_of_record
SF:lib\features\player\widgets\visualizer_widget.dart
DA:8,0
DA:11,0
DA:12,0
DA:20,0
DA:22,0
DA:23,0
DA:25,0
DA:26,0
DA:27,0
DA:31,0
DA:33,0
DA:34,0
DA:35,0
DA:37,0
DA:41,0
DA:43,0
DA:44,0
DA:47,0
DA:48,0
DA:49,0
DA:50,0
DA:52,0
DA:54,0
DA:55,0
DA:56,0
DA:57,0
DA:69,0
DA:72,0
DA:74,0
DA:75,0
DA:76,0
DA:77,0
DA:79,0
DA:81,0
DA:82,0
DA:83,0
DA:84,0
DA:85,0
DA:86,0
DA:92,0
LF:40
LH:0
end_of_record
SF:lib\features\security\vault\vault_screen.dart
DA:13,0
DA:15,1
DA:16,1
DA:24,1
DA:25,2
DA:26,2
DA:28,1
DA:30,0
DA:34,1
DA:35,2
DA:36,1
DA:37,2
DA:38,1
DA:39,3
DA:44,0
DA:45,0
DA:46,0
DA:47,0
DA:50,0
DA:51,0
DA:53,0
DA:54,0
DA:55,0
DA:58,0
DA:59,0
DA:60,0
DA:61,0
DA:62,0
DA:63,0
DA:64,0
DA:65,0
DA:69,0
DA:70,0
DA:74,1
DA:76,1
DA:78,1
DA:79,1
DA:80,1
DA:81,0
DA:82,0
DA:83,0
DA:84,0
DA:85,0
DA:86,0
DA:87,0
DA:88,0
DA:90,1
DA:91,1
DA:92,1
DA:93,1
DA:94,1
DA:95,1
DA:96,1
DA:97,1
LF:54
LH:25
end_of_record
SF:lib\features\security\vault\views\fluent_vault_view.dart
DA:15,0
DA:26,0
DA:27,0
DA:28,0
DA:30,0
DA:31,0
DA:33,0
DA:35,0
DA:39,0
DA:40,0
DA:42,0
DA:43,0
DA:46,0
DA:50,0
DA:51,0
DA:52,0
DA:55,0
DA:56,0
DA:58,0
DA:60,0
DA:62,0
DA:63,0
DA:64,0
DA:66,0
DA:67,0
DA:71,0
DA:72,0
DA:74,0
DA:75,0
DA:85,0
DA:86,0
DA:87,0
DA:88,0
DA:89,0
DA:90,0
DA:95,0
DA:97,0
DA:98,0
DA:99,0
DA:100,0
DA:102,0
DA:103,0
DA:106,0
DA:107,0
DA:108,0
DA:109,0
DA:110,0
DA:111,0
DA:112,0
DA:115,0
DA:117,0
DA:118,0
DA:119,0
DA:121,0
DA:122,0
DA:124,0
LF:56
LH:0
end_of_record
SF:lib\features\security\vault\views\material_vault_view.dart
DA:14,1
DA:25,1
DA:26,1
DA:27,1
DA:29,1
DA:30,3
DA:33,1
DA:34,1
DA:35,1
DA:38,2
DA:39,1
DA:41,1
DA:43,1
DA:49,1
DA:50,1
DA:56,1
DA:57,1
DA:63,1
DA:64,2
DA:67,0
DA:68,0
DA:69,0
DA:70,0
DA:71,0
DA:72,0
DA:73,0
DA:74,0
DA:75,0
DA:81,0
DA:82,0
DA:83,0
DA:85,0
DA:86,0
DA:88,0
DA:89,0
DA:91,0
DA:94,0
LF:37
LH:19
end_of_record
SF:lib\features\library\models\filename_format.dart
DA:11,2
DA:16,2
DA:17,2
DA:20,2
DA:21,2
DA:22,2
DA:23,2
DA:24,1
DA:25,2
DA:26,1
DA:30,4
LF:11
LH:11
end_of_record
SF:lib\features\settings\screens\views\fluent_settings_view.dart
DA:23,0
DA:41,0
DA:42,0
DA:46,0
DA:47,0
DA:48,0
DA:50,0
DA:51,0
DA:53,0
DA:55,0
DA:60,0
DA:62,0
DA:65,0
DA:67,0
DA:69,0
DA:70,0
DA:72,0
DA:73,0
DA:74,0
DA:93,0
DA:97,0
DA:98,0
DA:100,0
DA:101,0
DA:106,0
DA:112,0
DA:113,0
DA:115,0
DA:116,0
DA:118,0
DA:120,0
DA:121,0
DA:122,0
DA:125,0
DA:126,0
DA:130,0
DA:131,0
DA:135,0
DA:136,0
DA:137,0
DA:138,0
DA:147,0
DA:148,0
DA:150,0
DA:151,0
DA:156,0
DA:157,0
DA:159,0
DA:160,0
DA:166,0
DA:170,0
DA:171,0
DA:173,0
DA:174,0
DA:176,0
DA:177,0
DA:178,0
DA:180,0
DA:181,0
DA:183,0
DA:187,0
DA:189,0
DA:190,0
DA:191,0
DA:194,0
DA:195,0
DA:196,0
DA:208,0
DA:210,0
DA:211,0
DA:212,0
DA:221,0
DA:222,0
DA:223,0
DA:226,0
DA:227,0
DA:233,0
DA:235,0
DA:238,0
DA:239,0
DA:241,0
DA:243,0
DA:244,0
DA:245,0
DA:246,0
DA:248,0
DA:250,0
DA:253,0
DA:254,0
DA:255,0
DA:259,0
DA:260,0
DA:270,0
DA:271,0
DA:272,0
DA:273,0
DA:274,0
DA:285,0
DA:287,0
DA:293,0
DA:294,0
DA:296,0
DA:298,0
DA:299,0
DA:300,0
DA:301,0
DA:313,0
DA:314,0
DA:315,0
DA:316,0
DA:318,0
DA:320,0
DA:321,0
DA:322,0
DA:323,0
DA:325,0
DA:326,0
DA:330,0
DA:331,0
DA:332,0
DA:333,0
DA:335,0
DA:337,0
DA:338,0
DA:342,0
DA:343,0
DA:345,0
DA:347,0
DA:353,0
DA:356,0
DA:357,0
DA:358,0
DA:359,0
DA:360,0
DA:361,0
DA:362,0
DA:364,0
DA:367,0
DA:371,0
DA:372,0
DA:382,0
LF:141
LH:0
end_of_record
SF:lib\features\settings\screens\views\material_settings_view.dart
DA:23,2
DA:41,2
DA:42,2
DA:46,2
DA:47,2
DA:48,2
DA:50,6
DA:52,4
DA:54,2
DA:55,2
DA:57,2
DA:59,2
DA:61,2
DA:63,6
DA:66,2
DA:67,4
DA:68,4
DA:85,2
DA:87,2
DA:89,6
DA:92,2
DA:97,4
DA:100,2
DA:102,6
DA:105,2
DA:107,2
DA:108,6
DA:110,2
DA:112,2
DA:113,6
DA:117,6
DA:118,4
DA:119,0
DA:120,0
DA:125,2
DA:127,6
DA:130,2
DA:135,0
DA:136,0
DA:138,0
DA:139,0
DA:144,2
DA:146,2
DA:148,6
DA:151,2
DA:157,4
DA:158,2
DA:167,1
DA:169,1
DA:170,1
DA:171,2
DA:180,1
DA:181,1
DA:182,0
DA:185,1
DA:186,2
DA:192,1
DA:194,3
DA:197,4
DA:198,2
DA:200,2
DA:202,2
DA:203,2
DA:204,2
DA:207,2
DA:209,8
DA:212,4
DA:213,2
DA:214,4
DA:218,1
DA:219,2
DA:230,2
DA:231,2
DA:232,2
DA:233,2
DA:234,4
DA:235,2
DA:242,2
DA:244,6
DA:250,4
DA:251,2
DA:253,2
DA:255,4
DA:256,2
DA:257,2
DA:258,2
DA:266,2
DA:267,2
DA:269,2
DA:270,2
DA:272,2
DA:274,2
DA:275,2
DA:276,2
DA:279,2
DA:281,8
DA:286,2
DA:287,2
DA:288,2
DA:290,2
DA:291,0
DA:293,0
DA:294,0
DA:299,2
DA:301,2
DA:302,0
DA:305,0
DA:306,0
DA:313,2
DA:316,4
DA:317,4
DA:318,0
DA:319,2
DA:320,0
DA:321,0
DA:322,0
DA:324,2
DA:327,2
DA:331,0
DA:334,0
DA:335,0
DA:336,0
DA:346,2
LF:123
LH:102
end_of_record
SF:lib\core\services\firebase_sync_service.dart
DA:13,2
DA:14,1
DA:15,2
DA:16,1
DA:18,1
DA:24,1
DA:25,1
DA:26,2
DA:27,2
DA:29,1
DA:35,1
DA:36,1
DA:37,1
DA:45,0
DA:48,0
DA:51,1
DA:52,5
DA:53,1
DA:55,1
DA:56,0
DA:58,1
DA:64,1
DA:65,1
DA:67,2
DA:68,1
DA:69,0
DA:74,1
DA:77,1
DA:78,2
DA:80,1
DA:81,1
DA:89,0
DA:90,0
DA:94,1
DA:95,1
DA:99,0
DA:100,0
DA:101,0
DA:102,0
DA:106,0
DA:107,0
DA:109,0
DA:110,0
DA:112,0
DA:114,0
DA:116,0
DA:117,0
DA:118,0
DA:119,0
DA:120,0
DA:121,0
DA:122,0
DA:123,0
DA:124,0
DA:125,0
DA:126,0
DA:128,0
DA:131,0
DA:135,0
DA:136,0
DA:140,0
DA:141,0
DA:143,0
DA:145,0
DA:147,0
DA:148,0
DA:149,0
DA:151,0
DA:153,0
DA:155,0
DA:158,0
DA:162,0
DA:163,0
DA:167,0
DA:168,0
DA:170,0
DA:172,0
DA:174,0
DA:175,0
DA:176,0
DA:178,0
DA:180,0
DA:182,0
DA:183,0
DA:185,0
DA:188,0
DA:192,0
DA:193,0
DA:197,0
DA:198,0
DA:200,0
DA:202,0
DA:203,0
DA:207,1
DA:208,1
DA:212,2
DA:216,1
DA:217,1
DA:218,1
DA:219,1
DA:220,1
DA:222,2
DA:223,3
DA:224,1
DA:228,1
DA:229,1
DA:230,1
DA:231,1
DA:232,1
DA:234,1
DA:235,0
DA:236,0
DA:237,0
DA:238,0
DA:239,0
DA:240,0
DA:241,0
DA:242,0
DA:243,0
DA:246,0
DA:250,1
DA:251,1
DA:252,1
DA:253,1
DA:254,1
DA:256,1
DA:257,0
DA:258,0
DA:259,0
DA:260,0
DA:263,0
DA:264,0
DA:265,0
DA:267,0
DA:274,0
DA:275,0
DA:276,0
DA:279,0
DA:280,0
DA:282,0
DA:283,0
DA:286,0
DA:288,0
DA:294,0
DA:295,0
DA:296,0
DA:299,0
DA:300,0
LF:148
LH:52
end_of_record
SF:lib\features\library\services\metadata_cleanup_service.dart
DA:6,4
DA:7,4
DA:9,2
DA:12,1
DA:14,2
DA:15,1
DA:16,1
DA:18,1
DA:19,2
DA:22,2
DA:24,1
DA:25,1
DA:26,1
DA:27,1
DA:28,1
DA:31,1
DA:32,1
DA:38,1
DA:39,1
DA:45,2
DA:47,2
DA:49,2
DA:50,1
DA:54,1
DA:55,1
DA:59,1
DA:60,0
DA:69,1
DA:70,1
DA:71,1
DA:72,1
DA:73,1
DA:74,1
DA:75,2
DA:76,1
DA:83,1
DA:85,1
DA:86,1
DA:87,1
DA:97,2
DA:98,1
DA:99,1
DA:101,1
DA:105,1
LF:44
LH:43
end_of_record
SF:lib\core\services\database\database_repository.dart
DA:7,2
DA:10,6
LF:2
LH:2
end_of_record
SF:lib\core\services\database\duo_repository.dart
DA:10,2
DA:12,2
DA:13,2
DA:14,2
DA:16,2
DA:19,4
DA:25,2
DA:26,2
DA:27,2
DA:31,2
DA:32,2
DA:33,2
DA:35,2
DA:38,4
DA:44,2
DA:45,2
DA:46,2
DA:51,2
DA:54,0
DA:55,0
DA:56,0
DA:58,0
DA:63,0
DA:64,0
DA:65,0
DA:68,0
DA:69,0
DA:70,0
LF:28
LH:18
end_of_record
SF:lib\core\services\database\playlist_repository.dart
DA:9,2
DA:11,2
DA:12,2
DA:13,4
DA:19,2
DA:20,2
DA:21,2
DA:24,2
DA:25,2
DA:26,4
DA:32,2
DA:33,2
DA:34,2
DA:38,2
DA:42,0
DA:43,0
DA:44,0
DA:46,0
DA:47,0
DA:48,0
LF:20
LH:14
end_of_record
SF:lib\core\services\database\settings_repository.dart
DA:13,2
DA:15,2
DA:16,2
DA:17,2
DA:19,4
DA:24,2
DA:25,2
DA:26,2
DA:29,2
DA:32,2
DA:33,4
DA:34,2
DA:35,6
DA:36,0
DA:43,2
DA:44,2
DA:45,2
DA:48,2
DA:50,2
DA:51,6
DA:56,2
DA:57,2
DA:58,2
DA:60,4
DA:65,1
DA:66,1
DA:67,1
DA:70,1
DA:72,1
DA:73,2
DA:78,1
DA:79,1
DA:80,1
DA:82,1
DA:87,2
DA:88,2
DA:89,2
DA:92,2
DA:94,2
DA:95,6
DA:100,2
DA:101,2
DA:102,2
DA:104,4
DA:110,0
DA:111,0
DA:112,0
DA:114,0
DA:119,0
DA:120,0
DA:121,0
DA:124,0
DA:125,0
DA:126,0
DA:129,0
DA:134,2
DA:135,2
DA:136,2
DA:138,2
DA:139,2
DA:140,2
DA:141,2
DA:142,2
DA:143,4
DA:149,2
DA:150,2
DA:151,2
DA:152,2
DA:153,2
DA:154,4
DA:155,4
DA:156,4
DA:157,4
DA:158,4
DA:159,2
DA:160,10
DA:161,0
DA:167,0
DA:168,0
DA:170,0
DA:171,0
LF:81
LH:64
end_of_record
SF:lib\features\library\models\database_models.dart
DA:11,2
DA:19,0
DA:20,0
DA:22,0
DA:23,0
LF:5
LH:1
end_of_record
SF:lib\core\services\database\track_repository.dart
DA:8,2
DA:10,2
DA:11,2
DA:12,2
DA:19,2
DA:21,2
DA:23,2
DA:25,2
DA:28,0
DA:29,0
DA:31,0
DA:32,0
DA:33,0
DA:37,2
DA:38,2
DA:39,2
DA:41,2
DA:43,2
DA:47,0
DA:48,0
DA:49,0
DA:52,0
DA:53,0
DA:55,0
DA:56,0
DA:57,0
DA:58,0
DA:59,0
DA:60,0
DA:61,0
DA:62,0
DA:63,0
DA:64,0
DA:65,0
DA:67,0
DA:68,0
DA:69,0
DA:70,0
DA:72,0
DA:75,0
DA:76,0
DA:78,0
DA:80,0
DA:82,0
DA:85,0
DA:87,0
DA:89,0
DA:94,0
DA:99,0
DA:102,2
DA:103,2
DA:104,2
DA:109,6
DA:112,0
DA:114,0
DA:115,0
DA:117,0
DA:123,0
DA:127,0
DA:128,0
DA:129,0
DA:137,0
DA:138,0
DA:139,0
DA:147,0
DA:148,0
DA:149,0
DA:157,2
DA:159,2
DA:160,2
DA:162,6
DA:163,2
DA:165,2
LF:73
LH:23
end_of_record
SF:lib\core\services\desktop_integration_service.dart
DA:9,1
DA:10,0
DA:11,2
DA:13,2
DA:20,1
DA:24,0
DA:25,0
DA:26,0
DA:28,1
DA:33,1
DA:39,1
DA:40,1
DA:45,1
DA:46,2
DA:47,1
DA:51,1
DA:52,2
DA:57,1
DA:59,2
DA:60,2
DA:61,1
DA:62,0
DA:63,1
DA:64,0
DA:65,1
DA:66,1
DA:67,0
DA:70,1
DA:71,2
DA:74,2
DA:75,0
DA:76,0
DA:77,0
DA:78,0
DA:79,0
DA:80,0
DA:81,0
DA:82,0
DA:96,1
DA:97,3
DA:98,2
DA:99,2
DA:102,1
DA:104,0
DA:105,0
DA:113,1
DA:114,2
LF:47
LH:30
end_of_record
SF:lib\core\services\hifi_download_service.dart
DA:8,0
DA:9,0
DA:11,0
DA:14,1
DA:15,0
DA:17,1
DA:19,1
DA:25,1
DA:26,1
DA:30,2
DA:31,2
DA:32,2
DA:33,1
DA:34,1
DA:35,1
DA:36,1
DA:37,1
DA:38,1
DA:39,2
DA:40,1
DA:41,1
DA:47,2
DA:48,2
DA:49,2
DA:50,1
DA:56,1
DA:57,1
DA:58,1
DA:59,1
DA:60,1
DA:65,1
DA:72,0
DA:75,3
DA:77,0
DA:81,0
DA:84,2
DA:91,0
DA:98,1
DA:99,1
DA:103,1
DA:104,1
DA:106,1
DA:111,2
DA:112,2
DA:113,1
DA:114,1
DA:120,0
DA:123,0
DA:124,0
DA:135,1
DA:136,1
DA:137,1
DA:139,1
DA:141,0
DA:148,0
DA:150,0
DA:152,0
DA:154,0
DA:156,0
DA:161,0
DA:163,0
DA:165,0
DA:167,0
DA:169,0
DA:187,1
DA:200,0
DA:203,0
LF:67
LH:43
end_of_record
SF:lib\core\widgets\learning_dialog.dart
DA:9,0
DA:11,0
DA:13,0
DA:14,0
DA:16,0
DA:19,0
DA:23,0
DA:24,0
DA:25,0
DA:26,0
DA:29,0
DA:30,0
DA:33,0
DA:34,0
DA:35,0
DA:41,0
DA:45,0
DA:46,0
DA:47,0
DA:48,0
DA:51,0
DA:52,0
DA:55,0
DA:56,0
DA:57,0
LF:25
LH:0
end_of_record
SF:lib\features\discovery\services\download\metadata_embedder.dart
DA:11,0
DA:19,0
DA:20,0
DA:21,0
DA:22,0
DA:24,0
DA:30,0
DA:31,0
DA:33,0
DA:36,0
DA:40,0
DA:42,0
DA:46,0
DA:47,0
DA:49,0
DA:50,0
DA:52,0
DA:53,0
DA:55,0
DA:56,0
DA:58,0
DA:59,0
DA:64,0
DA:69,0
DA:70,0
DA:71,0
DA:74,0
DA:76,0
DA:77,0
DA:78,0
DA:80,0
DA:88,0
DA:89,0
DA:90,0
DA:100,0
DA:101,0
DA:106,0
DA:109,0
DA:110,0
DA:111,0
DA:116,0
LF:41
LH:0
end_of_record
SF:lib\features\discovery\services\download\youtube_download_provider.dart
DA:24,1
DA:27,0
DA:29,0
DA:30,0
DA:32,1
DA:34,1
DA:35,5
DA:41,2
DA:42,0
DA:45,2
DA:46,1
DA:48,1
DA:49,2
DA:50,1
DA:51,1
DA:53,2
DA:54,2
DA:58,2
DA:62,2
DA:69,1
DA:71,1
DA:77,1
DA:79,1
DA:86,1
DA:87,1
DA:88,1
DA:89,1
DA:90,0
DA:91,1
DA:92,1
DA:93,1
DA:100,0
DA:106,0
DA:108,0
DA:110,0
DA:112,0
DA:118,0
DA:120,0
DA:122,0
DA:125,0
DA:126,0
DA:127,0
DA:133,1
DA:134,1
LF:44
LH:28
end_of_record
SF:lib\features\discovery\services\search\slavart_search_provider.dart
DA:8,0
DA:11,0
DA:14,0
DA:15,0
DA:18,0
DA:19,0
DA:20,0
DA:21,0
DA:22,0
DA:23,0
DA:24,0
DA:25,0
DA:27,0
DA:28,0
DA:30,0
DA:32,0
DA:36,0
DA:37,0
DA:39,0
DA:42,0
DA:48,0
DA:49,0
DA:51,0
DA:52,0
LF:24
LH:0
end_of_record
SF:lib\features\discovery\services\search\youtube_search_provider.dart
DA:17,0
DA:19,0
DA:21,0
DA:24,0
DA:25,0
DA:29,0
DA:31,0
DA:33,0
DA:34,0
DA:35,0
DA:36,0
DA:37,0
DA:38,0
DA:40,0
DA:42,0
DA:43,0
DA:44,0
DA:45,0
DA:48,0
DA:50,0
DA:51,0
DA:56,0
DA:58,0
DA:59,0
DA:60,0
DA:61,0
DA:63,0
DA:65,0
DA:80,0
DA:81,0
DA:82,0
DA:83,0
DA:84,0
DA:85,0
DA:95,0
DA:96,0
DA:97,0
DA:99,0
DA:100,0
DA:103,0
DA:104,0
DA:105,0
DA:108,0
DA:109,0
DA:113,0
DA:117,0
DA:118,0
DA:124,0
DA:127,0
DA:128,0
DA:134,0
DA:135,0
DA:136,0
DA:137,0
DA:139,0
DA:140,0
DA:141,0
DA:142,0
DA:143,0
DA:144,0
DA:145,0
DA:147,0
DA:148,0
DA:149,0
DA:150,0
DA:151,0
DA:157,0
DA:158,0
DA:159,0
DA:164,0
DA:165,0
DA:166,0
DA:170,0
DA:173,0
DA:174,0
DA:175,0
DA:180,0
DA:181,0
DA:184,0
DA:185,0
DA:187,0
DA:192,0
DA:198,0
DA:199,0
DA:200,0
DA:201,0
DA:202,0
DA:203,0
DA:204,0
DA:206,0
DA:209,0
DA:211,0
DA:220,0
DA:224,0
DA:225,0
DA:230,0
DA:237,0
DA:240,0
DA:243,0
DA:244,0
DA:245,0
DA:248,0
DA:249,0
DA:254,0
DA:262,0
DA:263,0
DA:264,0
DA:270,0
DA:273,0
DA:274,0
DA:275,0
DA:287,0
DA:288,0
DA:291,0
DA:292,0
DA:294,0
DA:295,0
DA:297,0
DA:298,0
DA:299,0
DA:300,0
DA:301,0
DA:302,0
DA:304,0
DA:305,0
DA:306,0
DA:313,0
DA:319,0
DA:322,0
DA:325,0
DA:330,0
DA:333,0
DA:335,0
DA:336,0
DA:339,0
DA:340,0
DA:341,0
DA:342,0
DA:344,0
DA:345,0
DA:348,0
DA:353,0
DA:355,0
DA:357,0
DA:359,0
DA:360,0
DA:361,0
DA:363,0
DA:368,0
DA:369,0
DA:371,0
DA:373,0
DA:374,0
DA:380,0
DA:383,0
DA:386,0
DA:391,0
DA:394,0
DA:396,0
DA:397,0
DA:400,0
DA:405,0
DA:407,0
DA:409,0
DA:411,0
DA:412,0
DA:413,0
DA:417,0
DA:418,0
DA:420,0
DA:422,0
DA:423,0
DA:427,0
DA:429,0
DA:430,0
DA:431,0
DA:432,0
DA:433,0
DA:434,0
DA:435,0
DA:436,0
DA:437,0
DA:440,0
LF:183
LH:0
end_of_record
SF:lib\features\library\services\metadata_service.dart
DA:14,1
DA:15,1
DA:18,1
DA:29,1
DA:39,1
DA:43,1
DA:48,1
DA:50,1
DA:51,3
DA:56,1
DA:57,1
DA:58,1
DA:59,1
DA:63,1
DA:64,1
DA:65,1
DA:66,2
DA:70,1
DA:71,6
DA:72,0
DA:75,1
DA:76,1
DA:77,2
DA:78,2
DA:79,2
DA:80,3
DA:81,4
DA:82,2
DA:83,2
DA:84,2
DA:89,1
DA:90,2
DA:91,1
DA:92,2
DA:95,1
DA:96,1
DA:99,1
DA:100,1
DA:101,1
DA:102,2
DA:103,2
DA:104,2
DA:105,2
DA:106,3
DA:107,1
DA:108,1
DA:109,1
DA:111,2
DA:112,2
DA:113,2
DA:114,3
DA:115,1
DA:116,1
DA:117,1
DA:118,1
DA:122,1
DA:123,2
DA:124,1
DA:128,1
DA:142,1
LF:60
LH:59
end_of_record
SF:lib\main.dart
DA:23,6
DA:25,0
DA:26,0
DA:28,0
DA:29,0
DA:30,0
DA:31,0
DA:32,0
DA:33,0
DA:35,0
DA:36,0
DA:38,0
DA:39,0
DA:48,0
DA:49,0
DA:53,0
DA:54,0
DA:56,0
DA:57,0
DA:67,0
DA:68,0
DA:69,0
DA:72,0
DA:73,0
DA:76,0
DA:78,0
DA:79,0
DA:80,0
DA:82,0
DA:84,0
DA:85,0
DA:97,1
DA:99,0
DA:100,0
DA:108,0
DA:110,0
DA:111,0
DA:114,0
DA:117,0
DA:118,0
DA:121,0
DA:123,0
DA:124,0
DA:126,0
DA:130,0
DA:132,0
DA:133,0
DA:135,0
DA:136,0
DA:138,0
DA:139,0
DA:141,0
DA:142,0
DA:144,0
DA:145,0
DA:149,0
DA:150,0
DA:153,0
DA:155,0
DA:159,0
DA:160,0
DA:163,0
DA:165,0
DA:167,0
DA:168,0
DA:169,0
DA:173,0
DA:174,0
DA:176,0
DA:177,0
DA:178,0
DA:179,0
DA:185,0
DA:186,0
DA:187,0
DA:188,0
DA:193,0
DA:195,0
DA:196,0
DA:197,0
DA:199,0
DA:202,0
DA:203,0
DA:205,0
DA:207,0
DA:208,0
DA:209,0
DA:211,0
DA:212,0
DA:217,0
DA:218,0
DA:219,0
DA:220,0
DA:221,0
DA:222,0
DA:224,0
DA:235,0
DA:238,0
DA:239,0
DA:240,0
DA:242,0
DA:244,0
DA:247,0
DA:248,0
DA:253,0
DA:254,0
DA:255,0
DA:256,0
DA:257,0
DA:258,0
DA:260,0
DA:272,0
DA:273,0
DA:274,0
DA:276,0
DA:277,0
DA:278,0
DA:280,0
DA:283,0
DA:290,0
DA:293,0
DA:294,0
DA:295,0
DA:297,0
DA:300,0
DA:313,1
DA:315,2
DA:316,2
DA:317,2
DA:318,2
DA:319,4
DA:321,4
DA:323,0
DA:326,0
DA:328,0
DA:331,0
DA:333,0
DA:337,0
DA:338,0
DA:339,0
DA:352,2
DA:354,2
DA:357,2
DA:362,2
DA:365,2
DA:371,2
DA:372,4
DA:373,2
DA:374,2
LF:149
LH:18
end_of_record
SF:lib\core\services\telemetry_service.dart
DA:10,0
DA:11,0
DA:16,0
DA:17,0
DA:21,0
DA:22,0
DA:26,0
DA:27,0
DA:28,0
DA:29,0
DA:31,0
DA:32,0
DA:35,0
DA:36,0
DA:41,0
DA:42,0
DA:44,0
DA:50,0
DA:51,0
DA:52,0
DA:53,0
DA:57,0
DA:60,0
DA:61,0
DA:62,0
DA:63,0
DA:65,0
LF:27
LH:0
end_of_record
SF:lib\firebase_options.dart
DA:18,0
DA:20,0
DA:25,0
DA:26,0
DA:28,0
DA:29,0
DA:33,0
DA:34,0
DA:38,0
DA:39,0
DA:43,0
DA:44,0
DA:49,0
LF:13
LH:0
end_of_record
