00:00 +0: loading C:/Users/joaom/Documents/GitHub/Music/music_tag_editor/test/app_shell_test.dart
00:00 +0: C:/Users/joaom/Documents/GitHub/Music/music_tag_editor/test/app_shell_test.dart: AppShell Widget Tests Shows offline banner when offline
00:01 +1: C:/Users/joaom/Documents/GitHub/Music/music_tag_editor/test/app_shell_test.dart: AppShell Widget Tests Shows offline banner when offline
00:01 +2: C:/Users/joaom/Documents/GitHub/Music/music_tag_editor/test/app_shell_test.dart: AppShell Widget Tests Shows offline banner when offline
00:01 +3: C:/Users/joaom/Documents/GitHub/Music/music_tag_editor/test/app_shell_test.dart: AppShell Widget Tests Shows offline banner when offline
00:01 +4: C:/Users/joaom/Documents/GitHub/Music/music_tag_editor/test/app_shell_test.dart: AppShell Widget Tests Shows offline banner when offline
00:01 +5: C:/Users/joaom/Documents/GitHub/Music/music_tag_editor/test/app_shell_test.dart: AppShell Widget Tests Shows offline banner when offline
00:03 +6: C:/Users/joaom/Documents/GitHub/Music/music_tag_editor/test/app_shell_test.dart: AppShell Widget Tests Navigation switches pages
00:03 +7: C:/Users/joaom/Documents/GitHub/Music/music_tag_editor/test/app_shell_test.dart: AppShell Widget Tests Navigation switches pages
00:03 +7 -1: C:/Users/joaom/Documents/GitHub/Music/music_tag_editor/test/app_shell_test.dart: AppShell Widget Tests Navigation switches pages
00:03 +7 -1: C:/Users/joaom/Documents/GitHub/Music/music_tag_editor/test/backup_service_test.dart: BackupService estimateBackupSize returns int [E]
  type 'Null' is not a subtype of type 'Future<List<Map<String, dynamic>>>'
  test\backup_service_test.dart 6:7                             MockDatabaseService.getTracks
  package:music_tag_editor/services/backup_service.dart 117:30  BackupService.estimateBackupSize
  test\backup_service_test.dart 25:49                           main.<fn>.<fn>
  
00:04 +7 -2: C:/Users/joaom/Documents/GitHub/Music/music_tag_editor/test/app_shell_test.dart: AppShell Widget Tests Navigation switches pages
00:04 +7 -2: C:/Users/joaom/Documents/GitHub/Music/music_tag_editor/test/backup_service_test.dart: BackupService estimateBackupSize increases with data [E]
  type 'Null' is not a subtype of type 'Future<List<Map<String, dynamic>>>'
  test\backup_service_test.dart 6:7                             MockDatabaseService.getTracks
  package:music_tag_editor/services/backup_service.dart 117:30  BackupService.estimateBackupSize
  test\backup_service_test.dart 39:49                           main.<fn>.<fn>
  
00:04 +8 -2: C:/Users/joaom/Documents/GitHub/Music/music_tag_editor/test/app_shell_test.dart: AppShell Widget Tests Adapts to wide screen (NavigationRail)
00:06 +9 -2: C:/Users/joaom/Documents/GitHub/Music/music_tag_editor/test/backup_view_test.dart: BackupView renders app bar
00:07 +10 -2: C:/Users/joaom/Documents/GitHub/Music/music_tag_editor/test/backup_view_test.dart: BackupView renders app bar
00:07 +11 -2: C:/Users/joaom/Documents/GitHub/Music/music_tag_editor/test/backup_view_test.dart: BackupView renders app bar
00:07 +12 -2: C:/Users/joaom/Documents/GitHub/Music/music_tag_editor/test/backup_view_test.dart: BackupView renders app bar
00:08 +13 -2: C:/Users/joaom/Documents/GitHub/Music/music_tag_editor/test/backup_view_test.dart: BackupView renders create backup card
00:08 +14 -2: C:/Users/joaom/Documents/GitHub/Music/music_tag_editor/test/backup_view_test.dart: BackupView renders restore backup card
00:08 +15 -2: C:/Users/joaom/Documents/GitHub/Music/music_tag_editor/test/backup_view_test.dart: BackupView shows backup size estimate
00:09 +16 -2: C:/Users/joaom/Documents/GitHub/Music/music_tag_editor/test/database_service_new_test.dart: DatabaseService instance is accessible
00:09 +17 -2: C:/Users/joaom/Documents/GitHub/Music/music_tag_editor/test/database_service_new_test.dart: FilenameFormat generateFilename returns string
00:09 +18 -2: C:/Users/joaom/Documents/GitHub/Music/music_tag_editor/test/database_service_new_test.dart: FilenameFormat generateFilename handles titleArtist
00:09 +19 -2: C:/Users/joaom/Documents/GitHub/Music/music_tag_editor/test/database_service_new_test.dart: LearningChoice has expected values
00:12 +20 -2: C:/Users/joaom/Documents/GitHub/Music/music_tag_editor/test/database_service_test.dart: (setUpAll)
00:12 +20 -2: C:/Users/joaom/Documents/GitHub/Music/music_tag_editor/test/database_service_test.dart: Settings save and load filename format
00:12 +21 -2: C:/Users/joaom/Documents/GitHub/Music/music_tag_editor/test/database_service_test.dart: Settings save and load filename format
00:12 +22 -2: C:/Users/joaom/Documents/GitHub/Music/music_tag_editor/test/dependency_manager_test.dart: DependencyManager downloadFile successful
00:12 +23 -2: C:/Users/joaom/Documents/GitHub/Music/music_tag_editor/test/dependency_manager_test.dart: DependencyManager downloadFile successful
00:12 +24 -2: C:/Users/joaom/Documents/GitHub/Music/music_tag_editor/test/dependency_manager_test.dart: DependencyManager downloadFile successful
00:12 +25 -2: C:/Users/joaom/Documents/GitHub/Music/music_tag_editor/test/dependency_manager_test.dart: DependencyManager downloadFile successful
00:12 +26 -2: C:/Users/joaom/Documents/GitHub/Music/music_tag_editor/test/dependency_manager_test.dart: DependencyManager downloadFile successful
00:12 +27 -2: C:/Users/joaom/Documents/GitHub/Music/music_tag_editor/test/database_service_test.dart: Tracks trackPlay increments count and sets lastPlayed
00:12 +28 -2: C:/Users/joaom/Documents/GitHub/Music/music_tag_editor/test/dependency_manager_test.dart: DependencyManager downloadFile failure throws HttpException
00:12 +29 -2: C:/Users/joaom/Documents/GitHub/Music/music_tag_editor/test/database_service_test.dart: Playlists create playlist and add tracks
00:12 +30 -2: C:/Users/joaom/Documents/GitHub/Music/music_tag_editor/test/dependency_manager_test.dart: DependencyManager areAllDependenciesInstalled returns true when files exist
00:12 +31 -2: C:/Users/joaom/Documents/GitHub/Music/music_tag_editor/test/database_service_test.dart: Duo save guest and add session tracks
00:12 +32 -2: C:/Users/joaom/Documents/GitHub/Music/music_tag_editor/test/dependency_manager_test.dart: DependencyManager ensureDependencies executes downloads if missing
00:12 +33 -2: C:/Users/joaom/Documents/GitHub/Music/music_tag_editor/test/dependency_manager_test.dart: DependencyManager ensureDependencies executes downloads if missing
00:13 +34 -2: C:/Users/joaom/Documents/GitHub/Music/music_tag_editor/test/dependency_manager_test.dart: DependencyManager ensureDependencies executes downloads if missing
Downloading yt-dlp...: 0.0
Downloading spotdl...: 0.25
Downloading ffmpeg...: 0.5
Downloading fpcalc...: 0.75
Ready!: 1.0
00:13 +35 -2: C:/Users/joaom/Documents/GitHub/Music/music_tag_editor/test/dependency_manager_test.dart: (tearDownAll)
00:14 +35 -2: C:/Users/joaom/Documents/GitHub/Music/music_tag_editor/test/discogs_api_test.dart: DiscogsApi searchRelease returns null on empty query
00:15 +36 -2: C:/Users/joaom/Documents/GitHub/Music/music_tag_editor/test/disco_mode_view_test.dart: DiscoModeView renders with no track playing
00:15 +37 -2: C:/Users/joaom/Documents/GitHub/Music/music_tag_editor/test/disco_mode_view_test.dart: DiscoModeView renders with no track playing
00:15 +38 -2: C:/Users/joaom/Documents/GitHub/Music/music_tag_editor/test/disco_mode_view_test.dart: DiscoModeView renders with no track playing
00:16 +39 -2: C:/Users/joaom/Documents/GitHub/Music/music_tag_editor/test/disco_mode_view_test.dart: DiscoModeView renders with track playing
00:16 +40 -2: C:/Users/joaom/Documents/GitHub/Music/music_tag_editor/test/disco_mode_view_test.dart: DiscoModeView tap closes the view
00:18 +40 -2: C:/Users/joaom/Documents/GitHub/Music/music_tag_editor/test/download_page_test.dart: DownloadPage renders initial UI
══╡ EXCEPTION CAUGHT BY WIDGETS LIBRARY ╞═══════════════════════════════════════════════════════════
The following _TypeError was thrown building DownloadPage(dirty, dependencies:
[InheritedCupertinoTheme, _InheritedTheme, _LocalizationsScope-[GlobalKey#9620f]], state:
_DownloadPageState#9146d):
type 'Null' is not a subtype of type 'MediaPlatform'

The relevant error-causing widget was:
  DownloadPage
  DownloadPage:file:///C:/Users/joaom/Documents/GitHub/Music/music_tag_editor/test/download_page_test.dart:42:36

When the exception was thrown, this was the stack:
#0      MockDownloadService.detectPlatform (file:///C:/Users/joaom/Documents/GitHub/Music/music_tag_editor/test/download_page_test.dart:8:7)
#1      _DownloadPageState.build (package:music_tag_editor/views/download_page.dart:209:36)
#2      StatefulElement.build (package:flutter/src/widgets/framework.dart:5934:27)
#3      ComponentElement.performRebuild (package:flutter/src/widgets/framework.dart:5820:15)
#4      StatefulElement.performRebuild (package:flutter/src/widgets/framework.dart:5985:11)
#5      Element.rebuild (package:flutter/src/widgets/framework.dart:5532:7)
#6      ComponentElement._firstBuild (package:flutter/src/widgets/framework.dart:5802:5)
#7      StatefulElement._firstBuild (package:flutter/src/widgets/framework.dart:5976:11)
#8      ComponentElement.mount (package:flutter/src/widgets/framework.dart:5796:5)
...     Normal element mounting (260 frames)
#268    Element.inflateWidget (package:flutter/src/widgets/framework.dart:4590:20)
#269    MultiChildRenderObjectElement.inflateWidget (package:flutter/src/widgets/framework.dart:7269:36)
#270    MultiChildRenderObjectElement.mount (package:flutter/src/widgets/framework.dart:7285:32)
...     Normal element mounting (465 frames)
#735    Element.inflateWidget (package:flutter/src/widgets/framework.dart:4590:20)
#736    Element.updateChild (package:flutter/src/widgets/framework.dart:4053:20)
#737    ComponentElement.performRebuild (package:flutter/src/widgets/framework.dart:5844:16)
#738    Element.rebuild (package:flutter/src/widgets/framework.dart:5532:7)
#739    ProxyElement.update (package:flutter/src/widgets/framework.dart:6152:5)
#740    _InheritedNotifierElement.update (package:flutter/src/widgets/inherited_notifier.dart:108:11)
#741    Element.updateChild (package:flutter/src/widgets/framework.dart:4037:15)
#742    ComponentElement.performRebuild (package:flutter/src/widgets/framework.dart:5844:16)
#743    StatefulElement.performRebuild (package:flutter/src/widgets/framework.dart:5985:11)
#744    Element.rebuild (package:flutter/src/widgets/framework.dart:5532:7)
#745    StatefulElement.update (package:flutter/src/widgets/framework.dart:6010:5)
#746    Element.updateChild (package:flutter/src/widgets/framework.dart:4037:15)
#747    ComponentElement.performRebuild (package:flutter/src/widgets/framework.dart:5844:16)
#748    Element.rebuild (package:flutter/src/widgets/framework.dart:5532:7)
#749    ProxyElement.update (package:flutter/src/widgets/framework.dart:6152:5)
#750    _InheritedNotifierElement.update (package:flutter/src/widgets/inherited_notifier.dart:108:11)
#751    Element.updateChild (package:flutter/src/widgets/framework.dart:4037:15)
#752    ComponentElement.performRebuild (package:flutter/src/widgets/framework.dart:5844:16)
#753    StatefulElement.performRebuild (package:flutter/src/widgets/framework.dart:5985:11)
#754    Element.rebuild (package:flutter/src/widgets/framework.dart:5532:7)
#755    StatefulElement.update (package:flutter/src/widgets/framework.dart:6010:5)
#756    Element.updateChild (package:flutter/src/widgets/framework.dart:4037:15)
#757    ComponentElement.performRebuild (package:flutter/src/widgets/framework.dart:5844:16)
#758    StatefulElement.performRebuild (package:flutter/src/widgets/framework.dart:5985:11)
#759    Element.rebuild (package:flutter/src/widgets/framework.dart:5532:7)
#760    StatefulElement.update (package:flutter/src/widgets/framework.dart:6010:5)
#761    Element.updateChild (package:flutter/src/widgets/framework.dart:4037:15)
#762    ComponentElement.performRebuild (package:flutter/src/widgets/framework.dart:5844:16)
#763    Element.rebuild (package:flutter/src/widgets/framework.dart:5532:7)
#764    ProxyElement.update (package:flutter/src/widgets/framework.dart:6152:5)
#765    Element.updateChild (package:flutter/src/widgets/framework.dart:4037:15)
#766    ComponentElement.performRebuild (package:flutter/src/widgets/framework.dart:5844:16)
#767    StatefulElement.performRebuild (package:flutter/src/widgets/framework.dart:5985:11)
#768    Element.rebuild (package:flutter/src/widgets/framework.dart:5532:7)
#769    StatefulElement.update (package:flutter/src/widgets/framework.dart:6010:5)
#770    Element.updateChild (package:flutter/src/widgets/framework.dart:4037:15)
#771    ComponentElement.performRebuild (package:flutter/src/widgets/framework.dart:5844:16)
#772    Element.rebuild (package:flutter/src/widgets/framework.dart:5532:7)
#773    ProxyElement.update (package:flutter/src/widgets/framework.dart:6152:5)
#774    Element.updateChild (package:flutter/src/widgets/framework.dart:4037:15)
#775    ComponentElement.performRebuild (package:flutter/src/widgets/framework.dart:5844:16)
#776    Element.rebuild (package:flutter/src/widgets/framework.dart:5532:7)
#777    ProxyElement.update (package:flutter/src/widgets/framework.dart:6152:5)
#778    Element.updateChild (package:flutter/src/widgets/framework.dart:4037:15)
#779    _RawViewElement._updateChild (package:flutter/src/widgets/view.dart:481:16)
#780    _RawViewElement.update (package:flutter/src/widgets/view.dart:568:5)
#781    Element.updateChild (package:flutter/src/widgets/framework.dart:4037:15)
#782    ComponentElement.performRebuild (package:flutter/src/widgets/framework.dart:5844:16)
#783    Element.rebuild (package:flutter/src/widgets/framework.dart:5532:7)
#784    StatelessElement.update (package:flutter/src/widgets/framework.dart:5898:5)
#785    Element.updateChild (package:flutter/src/widgets/framework.dart:4037:15)
#786    ComponentElement.performRebuild (package:flutter/src/widgets/framework.dart:5844:16)
#787    StatefulElement.performRebuild (package:flutter/src/widgets/framework.dart:5985:11)
#788    Element.rebuild (package:flutter/src/widgets/framework.dart:5532:7)
#789    StatefulElement.update (package:flutter/src/widgets/framework.dart:6010:5)
#790    Element.updateChild (package:flutter/src/widgets/framework.dart:4037:15)
#791    RootElement._rebuild (package:flutter/src/widgets/binding.dart:1782:16)
#792    RootElement.update (package:flutter/src/widgets/binding.dart:1760:5)
#793    RootElement.performRebuild (package:flutter/src/widgets/binding.dart:1774:7)
#794    Element.rebuild (package:flutter/src/widgets/framework.dart:5532:7)
#795    BuildScope._tryRebuild (package:flutter/src/widgets/framework.dart:2750:15)
#796    BuildScope._flushDirtyElements (package:flutter/src/widgets/framework.dart:2807:11)
#797    BuildOwner.buildScope (package:flutter/src/widgets/framework.dart:3111:18)
#798    AutomatedTestWidgetsFlutterBinding.drawFrame (package:flutter_test/src/binding.dart:1506:19)
#799    RendererBinding._handlePersistentFrameCallback (package:flutter/src/rendering/binding.dart:495:5)
#800    SchedulerBinding._invokeFrameCallback (package:flutter/src/scheduler/binding.dart:1434:15)
#801    SchedulerBinding.handleDrawFrame (package:flutter/src/scheduler/binding.dart:1347:9)
#802    AutomatedTestWidgetsFlutterBinding.pump.<anonymous closure> (package:flutter_test/src/binding.dart:1335:9)
#805    TestAsyncUtils.guard (package:flutter_test/src/test_async_utils.dart:74:41)
#806    AutomatedTestWidgetsFlutterBinding.pump (package:flutter_test/src/binding.dart:1324:27)
#807    WidgetTester.pumpWidget.<anonymous closure> (package:flutter_test/src/widget_tester.dart:598:22)
#810    TestAsyncUtils.guard (package:flutter_test/src/test_async_utils.dart:74:41)
#811    WidgetTester.pumpWidget (package:flutter_test/src/widget_tester.dart:595:27)
#812    main.<anonymous closure>.<anonymous closure> (file:///C:/Users/joaom/Documents/GitHub/Music/music_tag_editor/test/download_page_test.dart:47:20)
#813    testWidgets.<anonymous closure>.<anonymous closure> (package:flutter_test/src/widget_tester.dart:192:29)
<asynchronous suspension>
#814    TestWidgetsFlutterBinding._runTestBody (package:flutter_test/src/binding.dart:1059:5)
<asynchronous suspension>
<asynchronous suspension>
(elided 5 frames from dart:async and package:stack_trace)

════════════════════════════════════════════════════════════════════════════════════════════════════
══╡ EXCEPTION CAUGHT BY FLUTTER TEST FRAMEWORK ╞════════════════════════════════════════════════════
The following TestFailure was thrown running a test:
Expected: exactly one matching candidate
  Actual: _TextWidgetFinder:<Found 0 widgets with text "Download de Música": []>
   Which: means none were found but one was expected

When the exception was thrown, this was the stack:
#4      main.<anonymous closure>.<anonymous closure> (file:///C:/Users/joaom/Documents/GitHub/Music/music_tag_editor/test/download_page_test.dart:50:7)
<asynchronous suspension>
#5      testWidgets.<anonymous closure>.<anonymous closure> (package:flutter_test/src/widget_tester.dart:192:15)
<asynchronous suspension>
#6      TestWidgetsFlutterBinding._runTestBody (package:flutter_test/src/binding.dart:1059:5)
<asynchronous suspension>
<asynchronous suspension>
(elided one frame from package:stack_trace)

This was caught by the test expectation on the following line:
  file:///C:/Users/joaom/Documents/GitHub/Music/music_tag_editor/test/download_page_test.dart line 50
The test description was:
  renders initial UI
════════════════════════════════════════════════════════════════════════════════════════════════════
══╡ EXCEPTION CAUGHT BY FLUTTER TEST FRAMEWORK ╞════════════════════════════════════════════════════
The following message was thrown:
Multiple exceptions (2) were detected during the running of the current test, and at least one was
unexpected.
════════════════════════════════════════════════════════════════════════════════════════════════════
00:18 +40 -3: C:/Users/joaom/Documents/GitHub/Music/music_tag_editor/test/disco_mode_view_test.dart: DiscoModeView tap closes the view
00:18 +40 -3: C:/Users/joaom/Documents/GitHub/Music/music_tag_editor/test/download_page_test.dart: DownloadPage renders initial UI [E]
  Test failed. See exception logs above.
  The test description was: renders initial UI
  
00:19 +40 -3: C:/Users/joaom/Documents/GitHub/Music/music_tag_editor/test/download_page_test.dart: DownloadPage shows paste button
══╡ EXCEPTION CAUGHT BY WIDGETS LIBRARY ╞═══════════════════════════════════════════════════════════
The following _TypeError was thrown building DownloadPage(dirty, dependencies:
[InheritedCupertinoTheme, _InheritedTheme, _LocalizationsScope-[GlobalKey#8cc4b]], state:
_DownloadPageState#62a43):
type 'Null' is not a subtype of type 'MediaPlatform'

The relevant error-causing widget was:
  DownloadPage
  DownloadPage:file:///C:/Users/joaom/Documents/GitHub/Music/music_tag_editor/test/download_page_test.dart:42:36

When the exception was thrown, this was the stack:
#0      MockDownloadService.detectPlatform (file:///C:/Users/joaom/Documents/GitHub/Music/music_tag_editor/test/download_page_test.dart:8:7)
#1      _DownloadPageState.build (package:music_tag_editor/views/download_page.dart:209:36)
#2      StatefulElement.build (package:flutter/src/widgets/framework.dart:5934:27)
#3      ComponentElement.performRebuild (package:flutter/src/widgets/framework.dart:5820:15)
#4      StatefulElement.performRebuild (package:flutter/src/widgets/framework.dart:5985:11)
#5      Element.rebuild (package:flutter/src/widgets/framework.dart:5532:7)
#6      ComponentElement._firstBuild (package:flutter/src/widgets/framework.dart:5802:5)
#7      StatefulElement._firstBuild (package:flutter/src/widgets/framework.dart:5976:11)
#8      ComponentElement.mount (package:flutter/src/widgets/framework.dart:5796:5)
...     Normal element mounting (260 frames)
#268    Element.inflateWidget (package:flutter/src/widgets/framework.dart:4590:20)
#269    MultiChildRenderObjectElement.inflateWidget (package:flutter/src/widgets/framework.dart:7269:36)
#270    MultiChildRenderObjectElement.mount (package:flutter/src/widgets/framework.dart:7285:32)
...     Normal element mounting (465 frames)
#735    Element.inflateWidget (package:flutter/src/widgets/framework.dart:4590:20)
#736    Element.updateChild (package:flutter/src/widgets/framework.dart:4053:20)
#737    ComponentElement.performRebuild (package:flutter/src/widgets/framework.dart:5844:16)
#738    Element.rebuild (package:flutter/src/widgets/framework.dart:5532:7)
#739    ProxyElement.update (package:flutter/src/widgets/framework.dart:6152:5)
#740    _InheritedNotifierElement.update (package:flutter/src/widgets/inherited_notifier.dart:108:11)
#741    Element.updateChild (package:flutter/src/widgets/framework.dart:4037:15)
#742    ComponentElement.performRebuild (package:flutter/src/widgets/framework.dart:5844:16)
#743    StatefulElement.performRebuild (package:flutter/src/widgets/framework.dart:5985:11)
#744    Element.rebuild (package:flutter/src/widgets/framework.dart:5532:7)
#745    StatefulElement.update (package:flutter/src/widgets/framework.dart:6010:5)
#746    Element.updateChild (package:flutter/src/widgets/framework.dart:4037:15)
#747    ComponentElement.performRebuild (package:flutter/src/widgets/framework.dart:5844:16)
#748    Element.rebuild (package:flutter/src/widgets/framework.dart:5532:7)
#749    ProxyElement.update (package:flutter/src/widgets/framework.dart:6152:5)
#750    _InheritedNotifierElement.update (package:flutter/src/widgets/inherited_notifier.dart:108:11)
#751    Element.updateChild (package:flutter/src/widgets/framework.dart:4037:15)
#752    ComponentElement.performRebuild (package:flutter/src/widgets/framework.dart:5844:16)
#753    StatefulElement.performRebuild (package:flutter/src/widgets/framework.dart:5985:11)
#754    Element.rebuild (package:flutter/src/widgets/framework.dart:5532:7)
#755    StatefulElement.update (package:flutter/src/widgets/framework.dart:6010:5)
#756    Element.updateChild (package:flutter/src/widgets/framework.dart:4037:15)
#757    ComponentElement.performRebuild (package:flutter/src/widgets/framework.dart:5844:16)
#758    StatefulElement.performRebuild (package:flutter/src/widgets/framework.dart:5985:11)
#759    Element.rebuild (package:flutter/src/widgets/framework.dart:5532:7)
#760    StatefulElement.update (package:flutter/src/widgets/framework.dart:6010:5)
#761    Element.updateChild (package:flutter/src/widgets/framework.dart:4037:15)
#762    ComponentElement.performRebuild (package:flutter/src/widgets/framework.dart:5844:16)
#763    Element.rebuild (package:flutter/src/widgets/framework.dart:5532:7)
#764    ProxyElement.update (package:flutter/src/widgets/framework.dart:6152:5)
#765    Element.updateChild (package:flutter/src/widgets/framework.dart:4037:15)
#766    ComponentElement.performRebuild (package:flutter/src/widgets/framework.dart:5844:16)
#767    StatefulElement.performRebuild (package:flutter/src/widgets/framework.dart:5985:11)
#768    Element.rebuild (package:flutter/src/widgets/framework.dart:5532:7)
#769    StatefulElement.update (package:flutter/src/widgets/framework.dart:6010:5)
#770    Element.updateChild (package:flutter/src/widgets/framework.dart:4037:15)
#771    ComponentElement.performRebuild (package:flutter/src/widgets/framework.dart:5844:16)
#772    Element.rebuild (package:flutter/src/widgets/framework.dart:5532:7)
#773    ProxyElement.update (package:flutter/src/widgets/framework.dart:6152:5)
#774    Element.updateChild (package:flutter/src/widgets/framework.dart:4037:15)
#775    ComponentElement.performRebuild (package:flutter/src/widgets/framework.dart:5844:16)
#776    Element.rebuild (package:flutter/src/widgets/framework.dart:5532:7)
#777    ProxyElement.update (package:flutter/src/widgets/framework.dart:6152:5)
#778    Element.updateChild (package:flutter/src/widgets/framework.dart:4037:15)
#779    _RawViewElement._updateChild (package:flutter/src/widgets/view.dart:481:16)
#780    _RawViewElement.update (package:flutter/src/widgets/view.dart:568:5)
#781    Element.updateChild (package:flutter/src/widgets/framework.dart:4037:15)
#782    ComponentElement.performRebuild (package:flutter/src/widgets/framework.dart:5844:16)
#783    Element.rebuild (package:flutter/src/widgets/framework.dart:5532:7)
#784    StatelessElement.update (package:flutter/src/widgets/framework.dart:5898:5)
#785    Element.updateChild (package:flutter/src/widgets/framework.dart:4037:15)
#786    ComponentElement.performRebuild (package:flutter/src/widgets/framework.dart:5844:16)
#787    StatefulElement.performRebuild (package:flutter/src/widgets/framework.dart:5985:11)
#788    Element.rebuild (package:flutter/src/widgets/framework.dart:5532:7)
#789    StatefulElement.update (package:flutter/src/widgets/framework.dart:6010:5)
#790    Element.updateChild (package:flutter/src/widgets/framework.dart:4037:15)
#791    RootElement._rebuild (package:flutter/src/widgets/binding.dart:1782:16)
#792    RootElement.update (package:flutter/src/widgets/binding.dart:1760:5)
#793    RootElement.performRebuild (package:flutter/src/widgets/binding.dart:1774:7)
#794    Element.rebuild (package:flutter/src/widgets/framework.dart:5532:7)
#795    BuildScope._tryRebuild (package:flutter/src/widgets/framework.dart:2750:15)
#796    BuildScope._flushDirtyElements (package:flutter/src/widgets/framework.dart:2807:11)
#797    BuildOwner.buildScope (package:flutter/src/widgets/framework.dart:3111:18)
#798    AutomatedTestWidgetsFlutterBinding.drawFrame (package:flutter_test/src/binding.dart:1506:19)
#799    RendererBinding._handlePersistentFrameCallback (package:flutter/src/rendering/binding.dart:495:5)
#800    SchedulerBinding._invokeFrameCallback (package:flutter/src/scheduler/binding.dart:1434:15)
#801    SchedulerBinding.handleDrawFrame (package:flutter/src/scheduler/binding.dart:1347:9)
#802    AutomatedTestWidgetsFlutterBinding.pump.<anonymous closure> (package:flutter_test/src/binding.dart:1335:9)
#805    TestAsyncUtils.guard (package:flutter_test/src/test_async_utils.dart:74:41)
#806    AutomatedTestWidgetsFlutterBinding.pump (package:flutter_test/src/binding.dart:1324:27)
#807    WidgetTester.pumpWidget.<anonymous closure> (package:flutter_test/src/widget_tester.dart:598:22)
#810    TestAsyncUtils.guard (package:flutter_test/src/test_async_utils.dart:74:41)
#811    WidgetTester.pumpWidget (package:flutter_test/src/widget_tester.dart:595:27)
#812    main.<anonymous closure>.<anonymous closure> (file:///C:/Users/joaom/Documents/GitHub/Music/music_tag_editor/test/download_page_test.dart:55:20)
#813    testWidgets.<anonymous closure>.<anonymous closure> (package:flutter_test/src/widget_tester.dart:192:29)
<asynchronous suspension>
#814    TestWidgetsFlutterBinding._runTestBody (package:flutter_test/src/binding.dart:1059:5)
<asynchronous suspension>
<asynchronous suspension>
(elided 5 frames from dart:async and package:stack_trace)

════════════════════════════════════════════════════════════════════════════════════════════════════
══╡ EXCEPTION CAUGHT BY FLUTTER TEST FRAMEWORK ╞════════════════════════════════════════════════════
The following TestFailure was thrown running a test:
Expected: exactly one matching candidate
  Actual: _IconWidgetFinder:<Found 0 widgets with icon "IconData(U+0E192)": []>
   Which: means none were found but one was expected

When the exception was thrown, this was the stack:
#4      main.<anonymous closure>.<anonymous closure> (file:///C:/Users/joaom/Documents/GitHub/Music/music_tag_editor/test/download_page_test.dart:58:7)
<asynchronous suspension>
#5      testWidgets.<anonymous closure>.<anonymous closure> (package:flutter_test/src/widget_tester.dart:192:15)
<asynchronous suspension>
#6      TestWidgetsFlutterBinding._runTestBody (package:flutter_test/src/binding.dart:1059:5)
<asynchronous suspension>
<asynchronous suspension>
(elided one frame from package:stack_trace)

This was caught by the test expectation on the following line:
  file:///C:/Users/joaom/Documents/GitHub/Music/music_tag_editor/test/download_page_test.dart line 58
The test description was:
  shows paste button
════════════════════════════════════════════════════════════════════════════════════════════════════
══╡ EXCEPTION CAUGHT BY FLUTTER TEST FRAMEWORK ╞════════════════════════════════════════════════════
The following message was thrown:
Multiple exceptions (2) were detected during the running of the current test, and at least one was
unexpected.
════════════════════════════════════════════════════════════════════════════════════════════════════
00:19 +40 -4: C:/Users/joaom/Documents/GitHub/Music/music_tag_editor/test/disco_mode_view_test.dart: DiscoModeView tap closes the view
00:19 +40 -4: C:/Users/joaom/Documents/GitHub/Music/music_tag_editor/test/download_page_test.dart: DownloadPage shows paste button [E]
  Test failed. See exception logs above.
  The test description was: shows paste button
  
00:19 +40 -4: C:/Users/joaom/Documents/GitHub/Music/music_tag_editor/test/download_page_test.dart: DownloadPage has dropdown selector
══╡ EXCEPTION CAUGHT BY WIDGETS LIBRARY ╞═══════════════════════════════════════════════════════════
The following _TypeError was thrown building DownloadPage(dirty, dependencies:
[InheritedCupertinoTheme, _InheritedTheme, _LocalizationsScope-[GlobalKey#0e984]], state:
_DownloadPageState#6c17f):
type 'Null' is not a subtype of type 'MediaPlatform'

The relevant error-causing widget was:
  DownloadPage
  DownloadPage:file:///C:/Users/joaom/Documents/GitHub/Music/music_tag_editor/test/download_page_test.dart:42:36

When the exception was thrown, this was the stack:
#0      MockDownloadService.detectPlatform (file:///C:/Users/joaom/Documents/GitHub/Music/music_tag_editor/test/download_page_test.dart:8:7)
#1      _DownloadPageState.build (package:music_tag_editor/views/download_page.dart:209:36)
#2      StatefulElement.build (package:flutter/src/widgets/framework.dart:5934:27)
#3      ComponentElement.performRebuild (package:flutter/src/widgets/framework.dart:5820:15)
#4      StatefulElement.performRebuild (package:flutter/src/widgets/framework.dart:5985:11)
#5      Element.rebuild (package:flutter/src/widgets/framework.dart:5532:7)
#6      ComponentElement._firstBuild (package:flutter/src/widgets/framework.dart:5802:5)
#7      StatefulElement._firstBuild (package:flutter/src/widgets/framework.dart:5976:11)
#8      ComponentElement.mount (package:flutter/src/widgets/framework.dart:5796:5)
...     Normal element mounting (260 frames)
#268    Element.inflateWidget (package:flutter/src/widgets/framework.dart:4590:20)
#269    MultiChildRenderObjectElement.inflateWidget (package:flutter/src/widgets/framework.dart:7269:36)
#270    MultiChildRenderObjectElement.mount (package:flutter/src/widgets/framework.dart:7285:32)
...     Normal element mounting (465 frames)
#735    Element.inflateWidget (package:flutter/src/widgets/framework.dart:4590:20)
#736    Element.updateChild (package:flutter/src/widgets/framework.dart:4053:20)
#737    ComponentElement.performRebuild (package:flutter/src/widgets/framework.dart:5844:16)
#738    Element.rebuild (package:flutter/src/widgets/framework.dart:5532:7)
#739    ProxyElement.update (package:flutter/src/widgets/framework.dart:6152:5)
#740    _InheritedNotifierElement.update (package:flutter/src/widgets/inherited_notifier.dart:108:11)
#741    Element.updateChild (package:flutter/src/widgets/framework.dart:4037:15)
#742    ComponentElement.performRebuild (package:flutter/src/widgets/framework.dart:5844:16)
#743    StatefulElement.performRebuild (package:flutter/src/widgets/framework.dart:5985:11)
#744    Element.rebuild (package:flutter/src/widgets/framework.dart:5532:7)
#745    StatefulElement.update (package:flutter/src/widgets/framework.dart:6010:5)
#746    Element.updateChild (package:flutter/src/widgets/framework.dart:4037:15)
#747    ComponentElement.performRebuild (package:flutter/src/widgets/framework.dart:5844:16)
#748    Element.rebuild (package:flutter/src/widgets/framework.dart:5532:7)
#749    ProxyElement.update (package:flutter/src/widgets/framework.dart:6152:5)
#750    _InheritedNotifierElement.update (package:flutter/src/widgets/inherited_notifier.dart:108:11)
#751    Element.updateChild (package:flutter/src/widgets/framework.dart:4037:15)
#752    ComponentElement.performRebuild (package:flutter/src/widgets/framework.dart:5844:16)
#753    StatefulElement.performRebuild (package:flutter/src/widgets/framework.dart:5985:11)
#754    Element.rebuild (package:flutter/src/widgets/framework.dart:5532:7)
#755    StatefulElement.update (package:flutter/src/widgets/framework.dart:6010:5)
#756    Element.updateChild (package:flutter/src/widgets/framework.dart:4037:15)
#757    ComponentElement.performRebuild (package:flutter/src/widgets/framework.dart:5844:16)
#758    StatefulElement.performRebuild (package:flutter/src/widgets/framework.dart:5985:11)
#759    Element.rebuild (package:flutter/src/widgets/framework.dart:5532:7)
#760    StatefulElement.update (package:flutter/src/widgets/framework.dart:6010:5)
#761    Element.updateChild (package:flutter/src/widgets/framework.dart:4037:15)
#762    ComponentElement.performRebuild (package:flutter/src/widgets/framework.dart:5844:16)
#763    Element.rebuild (package:flutter/src/widgets/framework.dart:5532:7)
#764    ProxyElement.update (package:flutter/src/widgets/framework.dart:6152:5)
#765    Element.updateChild (package:flutter/src/widgets/framework.dart:4037:15)
#766    ComponentElement.performRebuild (package:flutter/src/widgets/framework.dart:5844:16)
#767    StatefulElement.performRebuild (package:flutter/src/widgets/framework.dart:5985:11)
#768    Element.rebuild (package:flutter/src/widgets/framework.dart:5532:7)
#769    StatefulElement.update (package:flutter/src/widgets/framework.dart:6010:5)
#770    Element.updateChild (package:flutter/src/widgets/framework.dart:4037:15)
#771    ComponentElement.performRebuild (package:flutter/src/widgets/framework.dart:5844:16)
#772    Element.rebuild (package:flutter/src/widgets/framework.dart:5532:7)
#773    ProxyElement.update (package:flutter/src/widgets/framework.dart:6152:5)
#774    Element.updateChild (package:flutter/src/widgets/framework.dart:4037:15)
#775    ComponentElement.performRebuild (package:flutter/src/widgets/framework.dart:5844:16)
#776    Element.rebuild (package:flutter/src/widgets/framework.dart:5532:7)
#777    ProxyElement.update (package:flutter/src/widgets/framework.dart:6152:5)
#778    Element.updateChild (package:flutter/src/widgets/framework.dart:4037:15)
#779    _RawViewElement._updateChild (package:flutter/src/widgets/view.dart:481:16)
#780    _RawViewElement.update (package:flutter/src/widgets/view.dart:568:5)
#781    Element.updateChild (package:flutter/src/widgets/framework.dart:4037:15)
#782    ComponentElement.performRebuild (package:flutter/src/widgets/framework.dart:5844:16)
#783    Element.rebuild (package:flutter/src/widgets/framework.dart:5532:7)
#784    StatelessElement.update (package:flutter/src/widgets/framework.dart:5898:5)
#785    Element.updateChild (package:flutter/src/widgets/framework.dart:4037:15)
#786    ComponentElement.performRebuild (package:flutter/src/widgets/framework.dart:5844:16)
#787    StatefulElement.performRebuild (package:flutter/src/widgets/framework.dart:5985:11)
#788    Element.rebuild (package:flutter/src/widgets/framework.dart:5532:7)
#789    StatefulElement.update (package:flutter/src/widgets/framework.dart:6010:5)
#790    Element.updateChild (package:flutter/src/widgets/framework.dart:4037:15)
#791    RootElement._rebuild (package:flutter/src/widgets/binding.dart:1782:16)
#792    RootElement.update (package:flutter/src/widgets/binding.dart:1760:5)
#793    RootElement.performRebuild (package:flutter/src/widgets/binding.dart:1774:7)
#794    Element.rebuild (package:flutter/src/widgets/framework.dart:5532:7)
#795    BuildScope._tryRebuild (package:flutter/src/widgets/framework.dart:2750:15)
#796    BuildScope._flushDirtyElements (package:flutter/src/widgets/framework.dart:2807:11)
#797    BuildOwner.buildScope (package:flutter/src/widgets/framework.dart:3111:18)
#798    AutomatedTestWidgetsFlutterBinding.drawFrame (package:flutter_test/src/binding.dart:1506:19)
#799    RendererBinding._handlePersistentFrameCallback (package:flutter/src/rendering/binding.dart:495:5)
#800    SchedulerBinding._invokeFrameCallback (package:flutter/src/scheduler/binding.dart:1434:15)
#801    SchedulerBinding.handleDrawFrame (package:flutter/src/scheduler/binding.dart:1347:9)
#802    AutomatedTestWidgetsFlutterBinding.pump.<anonymous closure> (package:flutter_test/src/binding.dart:1335:9)
#805    TestAsyncUtils.guard (package:flutter_test/src/test_async_utils.dart:74:41)
#806    AutomatedTestWidgetsFlutterBinding.pump (package:flutter_test/src/binding.dart:1324:27)
#807    WidgetTester.pumpWidget.<anonymous closure> (package:flutter_test/src/widget_tester.dart:598:22)
#810    TestAsyncUtils.guard (package:flutter_test/src/test_async_utils.dart:74:41)
#811    WidgetTester.pumpWidget (package:flutter_test/src/widget_tester.dart:595:27)
#812    main.<anonymous closure>.<anonymous closure> (file:///C:/Users/joaom/Documents/GitHub/Music/music_tag_editor/test/download_page_test.dart:62:20)
#813    testWidgets.<anonymous closure>.<anonymous closure> (package:flutter_test/src/widget_tester.dart:192:29)
<asynchronous suspension>
#814    TestWidgetsFlutterBinding._runTestBody (package:flutter_test/src/binding.dart:1059:5)
<asynchronous suspension>
<asynchronous suspension>
(elided 5 frames from dart:async and package:stack_trace)

════════════════════════════════════════════════════════════════════════════════════════════════════
══╡ EXCEPTION CAUGHT BY FLUTTER TEST FRAMEWORK ╞════════════════════════════════════════════════════
The following TestFailure was thrown running a test:
Expected: at least one matching candidate
  Actual: _TypeWidgetFinder:<Found 0 widgets with type "DropdownButton<dynamic>": []>
   Which: means none were found but some were expected

When the exception was thrown, this was the stack:
#4      main.<anonymous closure>.<anonymous closure> (file:///C:/Users/joaom/Documents/GitHub/Music/music_tag_editor/test/download_page_test.dart:65:7)
<asynchronous suspension>
#5      testWidgets.<anonymous closure>.<anonymous closure> (package:flutter_test/src/widget_tester.dart:192:15)
<asynchronous suspension>
#6      TestWidgetsFlutterBinding._runTestBody (package:flutter_test/src/binding.dart:1059:5)
<asynchronous suspension>
<asynchronous suspension>
(elided one frame from package:stack_trace)

This was caught by the test expectation on the following line:
  file:///C:/Users/joaom/Documents/GitHub/Music/music_tag_editor/test/download_page_test.dart line 65
The test description was:
  has dropdown selector
════════════════════════════════════════════════════════════════════════════════════════════════════
══╡ EXCEPTION CAUGHT BY FLUTTER TEST FRAMEWORK ╞════════════════════════════════════════════════════
The following message was thrown:
Multiple exceptions (2) were detected during the running of the current test, and at least one was
unexpected.
════════════════════════════════════════════════════════════════════════════════════════════════════
00:19 +40 -5: C:/Users/joaom/Documents/GitHub/Music/music_tag_editor/test/disco_mode_view_test.dart: DiscoModeView tap closes the view
00:19 +40 -5: C:/Users/joaom/Documents/GitHub/Music/music_tag_editor/test/download_page_test.dart: DownloadPage has dropdown selector [E]
  Test failed. See exception logs above.
  The test description was: has dropdown selector
  
00:19 +40 -5: C:/Users/joaom/Documents/GitHub/Music/music_tag_editor/test/download_page_test.dart: DownloadPage button bar is present
══╡ EXCEPTION CAUGHT BY WIDGETS LIBRARY ╞═══════════════════════════════════════════════════════════
The following _TypeError was thrown building DownloadPage(dirty, dependencies:
[InheritedCupertinoTheme, _InheritedTheme, _LocalizationsScope-[GlobalKey#296bd]], state:
_DownloadPageState#2b8d5):
type 'Null' is not a subtype of type 'MediaPlatform'

The relevant error-causing widget was:
  DownloadPage
  DownloadPage:file:///C:/Users/joaom/Documents/GitHub/Music/music_tag_editor/test/download_page_test.dart:42:36

When the exception was thrown, this was the stack:
#0      MockDownloadService.detectPlatform (file:///C:/Users/joaom/Documents/GitHub/Music/music_tag_editor/test/download_page_test.dart:8:7)
#1      _DownloadPageState.build (package:music_tag_editor/views/download_page.dart:209:36)
#2      StatefulElement.build (package:flutter/src/widgets/framework.dart:5934:27)
#3      ComponentElement.performRebuild (package:flutter/src/widgets/framework.dart:5820:15)
#4      StatefulElement.performRebuild (package:flutter/src/widgets/framework.dart:5985:11)
#5      Element.rebuild (package:flutter/src/widgets/framework.dart:5532:7)
#6      ComponentElement._firstBuild (package:flutter/src/widgets/framework.dart:5802:5)
#7      StatefulElement._firstBuild (package:flutter/src/widgets/framework.dart:5976:11)
#8      ComponentElement.mount (package:flutter/src/widgets/framework.dart:5796:5)
...     Normal element mounting (260 frames)
#268    Element.inflateWidget (package:flutter/src/widgets/framework.dart:4590:20)
#269    MultiChildRenderObjectElement.inflateWidget (package:flutter/src/widgets/framework.dart:7269:36)
#270    MultiChildRenderObjectElement.mount (package:flutter/src/widgets/framework.dart:7285:32)
...     Normal element mounting (465 frames)
#735    Element.inflateWidget (package:flutter/src/widgets/framework.dart:4590:20)
#736    Element.updateChild (package:flutter/src/widgets/framework.dart:4053:20)
#737    ComponentElement.performRebuild (package:flutter/src/widgets/framework.dart:5844:16)
#738    Element.rebuild (package:flutter/src/widgets/framework.dart:5532:7)
#739    ProxyElement.update (package:flutter/src/widgets/framework.dart:6152:5)
#740    _InheritedNotifierElement.update (package:flutter/src/widgets/inherited_notifier.dart:108:11)
#741    Element.updateChild (package:flutter/src/widgets/framework.dart:4037:15)
#742    ComponentElement.performRebuild (package:flutter/src/widgets/framework.dart:5844:16)
#743    StatefulElement.performRebuild (package:flutter/src/widgets/framework.dart:5985:11)
#744    Element.rebuild (package:flutter/src/widgets/framework.dart:5532:7)
#745    StatefulElement.update (package:flutter/src/widgets/framework.dart:6010:5)
#746    Element.updateChild (package:flutter/src/widgets/framework.dart:4037:15)
#747    ComponentElement.performRebuild (package:flutter/src/widgets/framework.dart:5844:16)
#748    Element.rebuild (package:flutter/src/widgets/framework.dart:5532:7)
#749    ProxyElement.update (package:flutter/src/widgets/framework.dart:6152:5)
#750    _InheritedNotifierElement.update (package:flutter/src/widgets/inherited_notifier.dart:108:11)
#751    Element.updateChild (package:flutter/src/widgets/framework.dart:4037:15)
#752    ComponentElement.performRebuild (package:flutter/src/widgets/framework.dart:5844:16)
#753    StatefulElement.performRebuild (package:flutter/src/widgets/framework.dart:5985:11)
#754    Element.rebuild (package:flutter/src/widgets/framework.dart:5532:7)
#755    StatefulElement.update (package:flutter/src/widgets/framework.dart:6010:5)
#756    Element.updateChild (package:flutter/src/widgets/framework.dart:4037:15)
#757    ComponentElement.performRebuild (package:flutter/src/widgets/framework.dart:5844:16)
#758    StatefulElement.performRebuild (package:flutter/src/widgets/framework.dart:5985:11)
#759    Element.rebuild (package:flutter/src/widgets/framework.dart:5532:7)
#760    StatefulElement.update (package:flutter/src/widgets/framework.dart:6010:5)
#761    Element.updateChild (package:flutter/src/widgets/framework.dart:4037:15)
#762    ComponentElement.performRebuild (package:flutter/src/widgets/framework.dart:5844:16)
#763    Element.rebuild (package:flutter/src/widgets/framework.dart:5532:7)
#764    ProxyElement.update (package:flutter/src/widgets/framework.dart:6152:5)
#765    Element.updateChild (package:flutter/src/widgets/framework.dart:4037:15)
#766    ComponentElement.performRebuild (package:flutter/src/widgets/framework.dart:5844:16)
#767    StatefulElement.performRebuild (package:flutter/src/widgets/framework.dart:5985:11)
#768    Element.rebuild (package:flutter/src/widgets/framework.dart:5532:7)
#769    StatefulElement.update (package:flutter/src/widgets/framework.dart:6010:5)
#770    Element.updateChild (package:flutter/src/widgets/framework.dart:4037:15)
#771    ComponentElement.performRebuild (package:flutter/src/widgets/framework.dart:5844:16)
#772    Element.rebuild (package:flutter/src/widgets/framework.dart:5532:7)
#773    ProxyElement.update (package:flutter/src/widgets/framework.dart:6152:5)
#774    Element.updateChild (package:flutter/src/widgets/framework.dart:4037:15)
#775    ComponentElement.performRebuild (package:flutter/src/widgets/framework.dart:5844:16)
#776    Element.rebuild (package:flutter/src/widgets/framework.dart:5532:7)
#777    ProxyElement.update (package:flutter/src/widgets/framework.dart:6152:5)
#778    Element.updateChild (package:flutter/src/widgets/framework.dart:4037:15)
#779    _RawViewElement._updateChild (package:flutter/src/widgets/view.dart:481:16)
#780    _RawViewElement.update (package:flutter/src/widgets/view.dart:568:5)
#781    Element.updateChild (package:flutter/src/widgets/framework.dart:4037:15)
#782    ComponentElement.performRebuild (package:flutter/src/widgets/framework.dart:5844:16)
#783    Element.rebuild (package:flutter/src/widgets/framework.dart:5532:7)
#784    StatelessElement.update (package:flutter/src/widgets/framework.dart:5898:5)
#785    Element.updateChild (package:flutter/src/widgets/framework.dart:4037:15)
#786    ComponentElement.performRebuild (package:flutter/src/widgets/framework.dart:5844:16)
#787    StatefulElement.performRebuild (package:flutter/src/widgets/framework.dart:5985:11)
#788    Element.rebuild (package:flutter/src/widgets/framework.dart:5532:7)
#789    StatefulElement.update (package:flutter/src/widgets/framework.dart:6010:5)
#790    Element.updateChild (package:flutter/src/widgets/framework.dart:4037:15)
#791    RootElement._rebuild (package:flutter/src/widgets/binding.dart:1782:16)
#792    RootElement.update (package:flutter/src/widgets/binding.dart:1760:5)
#793    RootElement.performRebuild (package:flutter/src/widgets/binding.dart:1774:7)
#794    Element.rebuild (package:flutter/src/widgets/framework.dart:5532:7)
#795    BuildScope._tryRebuild (package:flutter/src/widgets/framework.dart:2750:15)
#796    BuildScope._flushDirtyElements (package:flutter/src/widgets/framework.dart:2807:11)
#797    BuildOwner.buildScope (package:flutter/src/widgets/framework.dart:3111:18)
#798    AutomatedTestWidgetsFlutterBinding.drawFrame (package:flutter_test/src/binding.dart:1506:19)
#799    RendererBinding._handlePersistentFrameCallback (package:flutter/src/rendering/binding.dart:495:5)
#800    SchedulerBinding._invokeFrameCallback (package:flutter/src/scheduler/binding.dart:1434:15)
#801    SchedulerBinding.handleDrawFrame (package:flutter/src/scheduler/binding.dart:1347:9)
#802    AutomatedTestWidgetsFlutterBinding.pump.<anonymous closure> (package:flutter_test/src/binding.dart:1335:9)
#805    TestAsyncUtils.guard (package:flutter_test/src/test_async_utils.dart:74:41)
#806    AutomatedTestWidgetsFlutterBinding.pump (package:flutter_test/src/binding.dart:1324:27)
#807    WidgetTester.pumpWidget.<anonymous closure> (package:flutter_test/src/widget_tester.dart:598:22)
#810    TestAsyncUtils.guard (package:flutter_test/src/test_async_utils.dart:74:41)
#811    WidgetTester.pumpWidget (package:flutter_test/src/widget_tester.dart:595:27)
#812    main.<anonymous closure>.<anonymous closure> (file:///C:/Users/joaom/Documents/GitHub/Music/music_tag_editor/test/download_page_test.dart:69:20)
#813    testWidgets.<anonymous closure>.<anonymous closure> (package:flutter_test/src/widget_tester.dart:192:29)
<asynchronous suspension>
#814    TestWidgetsFlutterBinding._runTestBody (package:flutter_test/src/binding.dart:1059:5)
<asynchronous suspension>
<asynchronous suspension>
(elided 5 frames from dart:async and package:stack_trace)

════════════════════════════════════════════════════════════════════════════════════════════════════
══╡ EXCEPTION CAUGHT BY FLUTTER TEST FRAMEWORK ╞════════════════════════════════════════════════════
The following TestFailure was thrown running a test:
Expected: exactly one matching candidate
  Actual: _TextWidgetFinder:<Found 0 widgets with text "Buscar Info": []>
   Which: means none were found but one was expected

When the exception was thrown, this was the stack:
#4      main.<anonymous closure>.<anonymous closure> (file:///C:/Users/joaom/Documents/GitHub/Music/music_tag_editor/test/download_page_test.dart:72:7)
<asynchronous suspension>
#5      testWidgets.<anonymous closure>.<anonymous closure> (package:flutter_test/src/widget_tester.dart:192:15)
<asynchronous suspension>
#6      TestWidgetsFlutterBinding._runTestBody (package:flutter_test/src/binding.dart:1059:5)
<asynchronous suspension>
<asynchronous suspension>
(elided one frame from package:stack_trace)

This was caught by the test expectation on the following line:
  file:///C:/Users/joaom/Documents/GitHub/Music/music_tag_editor/test/download_page_test.dart line 72
The test description was:
  button bar is present
════════════════════════════════════════════════════════════════════════════════════════════════════
══╡ EXCEPTION CAUGHT BY FLUTTER TEST FRAMEWORK ╞════════════════════════════════════════════════════
The following message was thrown:
Multiple exceptions (2) were detected during the running of the current test, and at least one was
unexpected.
════════════════════════════════════════════════════════════════════════════════════════════════════
00:19 +40 -6: C:/Users/joaom/Documents/GitHub/Music/music_tag_editor/test/disco_mode_view_test.dart: DiscoModeView tap closes the view
00:19 +40 -6: C:/Users/joaom/Documents/GitHub/Music/music_tag_editor/test/download_page_test.dart: DownloadPage button bar is present [E]
  Test failed. See exception logs above.
  The test description was: button bar is present
  
00:19 +40 -6: C:/Users/joaom/Documents/GitHub/Music/music_tag_editor/test/download_page_test.dart: DownloadPage url input accepts text
══╡ EXCEPTION CAUGHT BY WIDGETS LIBRARY ╞═══════════════════════════════════════════════════════════
The following _TypeError was thrown building DownloadPage(dirty, dependencies:
[InheritedCupertinoTheme, _InheritedTheme, _LocalizationsScope-[GlobalKey#61f47]], state:
_DownloadPageState#2a8d0):
type 'Null' is not a subtype of type 'MediaPlatform'

The relevant error-causing widget was:
  DownloadPage
  DownloadPage:file:///C:/Users/joaom/Documents/GitHub/Music/music_tag_editor/test/download_page_test.dart:42:36

When the exception was thrown, this was the stack:
#0      MockDownloadService.detectPlatform (file:///C:/Users/joaom/Documents/GitHub/Music/music_tag_editor/test/download_page_test.dart:8:7)
#1      _DownloadPageState.build (package:music_tag_editor/views/download_page.dart:209:36)
#2      StatefulElement.build (package:flutter/src/widgets/framework.dart:5934:27)
#3      ComponentElement.performRebuild (package:flutter/src/widgets/framework.dart:5820:15)
#4      StatefulElement.performRebuild (package:flutter/src/widgets/framework.dart:5985:11)
#5      Element.rebuild (package:flutter/src/widgets/framework.dart:5532:7)
#6      ComponentElement._firstBuild (package:flutter/src/widgets/framework.dart:5802:5)
#7      StatefulElement._firstBuild (package:flutter/src/widgets/framework.dart:5976:11)
#8      ComponentElement.mount (package:flutter/src/widgets/framework.dart:5796:5)
...     Normal element mounting (260 frames)
#268    Element.inflateWidget (package:flutter/src/widgets/framework.dart:4590:20)
#269    MultiChildRenderObjectElement.inflateWidget (package:flutter/src/widgets/framework.dart:7269:36)
#270    MultiChildRenderObjectElement.mount (package:flutter/src/widgets/framework.dart:7285:32)
...     Normal element mounting (465 frames)
#735    Element.inflateWidget (package:flutter/src/widgets/framework.dart:4590:20)
#736    Element.updateChild (package:flutter/src/widgets/framework.dart:4053:20)
#737    ComponentElement.performRebuild (package:flutter/src/widgets/framework.dart:5844:16)
#738    Element.rebuild (package:flutter/src/widgets/framework.dart:5532:7)
#739    ProxyElement.update (package:flutter/src/widgets/framework.dart:6152:5)
#740    _InheritedNotifierElement.update (package:flutter/src/widgets/inherited_notifier.dart:108:11)
#741    Element.updateChild (package:flutter/src/widgets/framework.dart:4037:15)
#742    ComponentElement.performRebuild (package:flutter/src/widgets/framework.dart:5844:16)
#743    StatefulElement.performRebuild (package:flutter/src/widgets/framework.dart:5985:11)
#744    Element.rebuild (package:flutter/src/widgets/framework.dart:5532:7)
#745    StatefulElement.update (package:flutter/src/widgets/framework.dart:6010:5)
#746    Element.updateChild (package:flutter/src/widgets/framework.dart:4037:15)
#747    ComponentElement.performRebuild (package:flutter/src/widgets/framework.dart:5844:16)
#748    Element.rebuild (package:flutter/src/widgets/framework.dart:5532:7)
#749    ProxyElement.update (package:flutter/src/widgets/framework.dart:6152:5)
#750    _InheritedNotifierElement.update (package:flutter/src/widgets/inherited_notifier.dart:108:11)
#751    Element.updateChild (package:flutter/src/widgets/framework.dart:4037:15)
#752    ComponentElement.performRebuild (package:flutter/src/widgets/framework.dart:5844:16)
#753    StatefulElement.performRebuild (package:flutter/src/widgets/framework.dart:5985:11)
#754    Element.rebuild (package:flutter/src/widgets/framework.dart:5532:7)
#755    StatefulElement.update (package:flutter/src/widgets/framework.dart:6010:5)
#756    Element.updateChild (package:flutter/src/widgets/framework.dart:4037:15)
#757    ComponentElement.performRebuild (package:flutter/src/widgets/framework.dart:5844:16)
#758    StatefulElement.performRebuild (package:flutter/src/widgets/framework.dart:5985:11)
#759    Element.rebuild (package:flutter/src/widgets/framework.dart:5532:7)
#760    StatefulElement.update (package:flutter/src/widgets/framework.dart:6010:5)
#761    Element.updateChild (package:flutter/src/widgets/framework.dart:4037:15)
#762    ComponentElement.performRebuild (package:flutter/src/widgets/framework.dart:5844:16)
#763    Element.rebuild (package:flutter/src/widgets/framework.dart:5532:7)
#764    ProxyElement.update (package:flutter/src/widgets/framework.dart:6152:5)
#765    Element.updateChild (package:flutter/src/widgets/framework.dart:4037:15)
#766    ComponentElement.performRebuild (package:flutter/src/widgets/framework.dart:5844:16)
#767    StatefulElement.performRebuild (package:flutter/src/widgets/framework.dart:5985:11)
#768    Element.rebuild (package:flutter/src/widgets/framework.dart:5532:7)
#769    StatefulElement.update (package:flutter/src/widgets/framework.dart:6010:5)
#770    Element.updateChild (package:flutter/src/widgets/framework.dart:4037:15)
#771    ComponentElement.performRebuild (package:flutter/src/widgets/framework.dart:5844:16)
#772    Element.rebuild (package:flutter/src/widgets/framework.dart:5532:7)
#773    ProxyElement.update (package:flutter/src/widgets/framework.dart:6152:5)
#774    Element.updateChild (package:flutter/src/widgets/framework.dart:4037:15)
#775    ComponentElement.performRebuild (package:flutter/src/widgets/framework.dart:5844:16)
#776    Element.rebuild (package:flutter/src/widgets/framework.dart:5532:7)
#777    ProxyElement.update (package:flutter/src/widgets/framework.dart:6152:5)
#778    Element.updateChild (package:flutter/src/widgets/framework.dart:4037:15)
#779    _RawViewElement._updateChild (package:flutter/src/widgets/view.dart:481:16)
#780    _RawViewElement.update (package:flutter/src/widgets/view.dart:568:5)
#781    Element.updateChild (package:flutter/src/widgets/framework.dart:4037:15)
#782    ComponentElement.performRebuild (package:flutter/src/widgets/framework.dart:5844:16)
#783    Element.rebuild (package:flutter/src/widgets/framework.dart:5532:7)
#784    StatelessElement.update (package:flutter/src/widgets/framework.dart:5898:5)
#785    Element.updateChild (package:flutter/src/widgets/framework.dart:4037:15)
#786    ComponentElement.performRebuild (package:flutter/src/widgets/framework.dart:5844:16)
#787    StatefulElement.performRebuild (package:flutter/src/widgets/framework.dart:5985:11)
#788    Element.rebuild (package:flutter/src/widgets/framework.dart:5532:7)
#789    StatefulElement.update (package:flutter/src/widgets/framework.dart:6010:5)
#790    Element.updateChild (package:flutter/src/widgets/framework.dart:4037:15)
#791    RootElement._rebuild (package:flutter/src/widgets/binding.dart:1782:16)
#792    RootElement.update (package:flutter/src/widgets/binding.dart:1760:5)
#793    RootElement.performRebuild (package:flutter/src/widgets/binding.dart:1774:7)
#794    Element.rebuild (package:flutter/src/widgets/framework.dart:5532:7)
#795    BuildScope._tryRebuild (package:flutter/src/widgets/framework.dart:2750:15)
#796    BuildScope._flushDirtyElements (package:flutter/src/widgets/framework.dart:2807:11)
#797    BuildOwner.buildScope (package:flutter/src/widgets/framework.dart:3111:18)
#798    AutomatedTestWidgetsFlutterBinding.drawFrame (package:flutter_test/src/binding.dart:1506:19)
#799    RendererBinding._handlePersistentFrameCallback (package:flutter/src/rendering/binding.dart:495:5)
#800    SchedulerBinding._invokeFrameCallback (package:flutter/src/scheduler/binding.dart:1434:15)
#801    SchedulerBinding.handleDrawFrame (package:flutter/src/scheduler/binding.dart:1347:9)
#802    AutomatedTestWidgetsFlutterBinding.pump.<anonymous closure> (package:flutter_test/src/binding.dart:1335:9)
#805    TestAsyncUtils.guard (package:flutter_test/src/test_async_utils.dart:74:41)
#806    AutomatedTestWidgetsFlutterBinding.pump (package:flutter_test/src/binding.dart:1324:27)
#807    WidgetTester.pumpWidget.<anonymous closure> (package:flutter_test/src/widget_tester.dart:598:22)
#810    TestAsyncUtils.guard (package:flutter_test/src/test_async_utils.dart:74:41)
#811    WidgetTester.pumpWidget (package:flutter_test/src/widget_tester.dart:595:27)
#812    main.<anonymous closure>.<anonymous closure> (file:///C:/Users/joaom/Documents/GitHub/Music/music_tag_editor/test/download_page_test.dart:76:20)
#813    testWidgets.<anonymous closure>.<anonymous closure> (package:flutter_test/src/widget_tester.dart:192:29)
<asynchronous suspension>
#814    TestWidgetsFlutterBinding._runTestBody (package:flutter_test/src/binding.dart:1059:5)
<asynchronous suspension>
<asynchronous suspension>
(elided 5 frames from dart:async and package:stack_trace)

════════════════════════════════════════════════════════════════════════════════════════════════════
══╡ EXCEPTION CAUGHT BY FLUTTER TEST FRAMEWORK ╞════════════════════════════════════════════════════
The following StateError was thrown running a test:
Bad state: No element

When the exception was thrown, this was the stack:
#0      Iterable.first (dart:core/iterable.dart:663:7)
#1      _FirstFinderMixin.filter (package:flutter_test/src/finders.dart:1332:28)
#3      ExpandIterator.moveNext (dart:_internal/iterable.dart:506:21)
#4      SetBase.addAll (dart:collection/set.dart:58:23)
#5      _Set.addAll (dart:_compact_hash:1190:11)
#6      new LinkedHashSet.of (dart:collection/linked_hash_set.dart:193:27)
#7      Iterable.toSet (dart:core/iterable.dart:532:21)
#8      _DescendantFinderMixin.allCandidates (package:flutter_test/src/finders.dart:1731:10)
#9      FinderBase.evaluate (package:flutter_test/src/finders.dart:979:76)
#10     WidgetController.state (package:flutter_test/src/controller.dart:912:31)
#11     WidgetTester.showKeyboard.<anonymous closure> (package:flutter_test/src/widget_tester.dart:1125:42)
#14     TestAsyncUtils.guard (package:flutter_test/src/test_async_utils.dart:74:41)
#15     WidgetTester.showKeyboard (package:flutter_test/src/widget_tester.dart:1124:27)
#16     WidgetTester.enterText.<anonymous closure> (package:flutter_test/src/widget_tester.dart:1160:13)
#19     TestAsyncUtils.guard (package:flutter_test/src/test_async_utils.dart:74:41)
#20     WidgetTester.enterText (package:flutter_test/src/widget_tester.dart:1159:27)
#21     main.<anonymous closure>.<anonymous closure> (file:///C:/Users/joaom/Documents/GitHub/Music/music_tag_editor/test/download_page_test.dart:79:20)
<asynchronous suspension>
#22     testWidgets.<anonymous closure>.<anonymous closure> (package:flutter_test/src/widget_tester.dart:192:15)
<asynchronous suspension>
#23     TestWidgetsFlutterBinding._runTestBody (package:flutter_test/src/binding.dart:1059:5)
<asynchronous suspension>
<asynchronous suspension>
(elided 6 frames from dart:async, dart:async-patch, and package:stack_trace)

The test description was:
  url input accepts text
════════════════════════════════════════════════════════════════════════════════════════════════════
══╡ EXCEPTION CAUGHT BY FLUTTER TEST FRAMEWORK ╞════════════════════════════════════════════════════
The following message was thrown:
Multiple exceptions (2) were detected during the running of the current test, and at least one was
unexpected.
════════════════════════════════════════════════════════════════════════════════════════════════════
00:19 +40 -7: C:/Users/joaom/Documents/GitHub/Music/music_tag_editor/test/disco_mode_view_test.dart: DiscoModeView tap closes the view
00:19 +40 -7: C:/Users/joaom/Documents/GitHub/Music/music_tag_editor/test/download_page_test.dart: DownloadPage url input accepts text [E]
  Test failed. See exception logs above.
  The test description was: url input accepts text
  
00:19 +40 -7: C:/Users/joaom/Documents/GitHub/Music/music_tag_editor/test/download_page_test.dart: DownloadPage scaffold renders
══╡ EXCEPTION CAUGHT BY WIDGETS LIBRARY ╞═══════════════════════════════════════════════════════════
The following _TypeError was thrown building DownloadPage(dirty, dependencies:
[InheritedCupertinoTheme, _InheritedTheme, _LocalizationsScope-[GlobalKey#a52ef]], state:
_DownloadPageState#772d3):
type 'Null' is not a subtype of type 'MediaPlatform'

The relevant error-causing widget was:
  DownloadPage
  DownloadPage:file:///C:/Users/joaom/Documents/GitHub/Music/music_tag_editor/test/download_page_test.dart:42:36

When the exception was thrown, this was the stack:
#0      MockDownloadService.detectPlatform (file:///C:/Users/joaom/Documents/GitHub/Music/music_tag_editor/test/download_page_test.dart:8:7)
#1      _DownloadPageState.build (package:music_tag_editor/views/download_page.dart:209:36)
#2      StatefulElement.build (package:flutter/src/widgets/framework.dart:5934:27)
#3      ComponentElement.performRebuild (package:flutter/src/widgets/framework.dart:5820:15)
#4      StatefulElement.performRebuild (package:flutter/src/widgets/framework.dart:5985:11)
#5      Element.rebuild (package:flutter/src/widgets/framework.dart:5532:7)
#6      ComponentElement._firstBuild (package:flutter/src/widgets/framework.dart:5802:5)
#7      StatefulElement._firstBuild (package:flutter/src/widgets/framework.dart:5976:11)
#8      ComponentElement.mount (package:flutter/src/widgets/framework.dart:5796:5)
...     Normal element mounting (260 frames)
#268    Element.inflateWidget (package:flutter/src/widgets/framework.dart:4590:20)
#269    MultiChildRenderObjectElement.inflateWidget (package:flutter/src/widgets/framework.dart:7269:36)
#270    MultiChildRenderObjectElement.mount (package:flutter/src/widgets/framework.dart:7285:32)
...     Normal element mounting (465 frames)
#735    Element.inflateWidget (package:flutter/src/widgets/framework.dart:4590:20)
#736    Element.updateChild (package:flutter/src/widgets/framework.dart:4053:20)
#737    ComponentElement.performRebuild (package:flutter/src/widgets/framework.dart:5844:16)
#738    Element.rebuild (package:flutter/src/widgets/framework.dart:5532:7)
#739    ProxyElement.update (package:flutter/src/widgets/framework.dart:6152:5)
#740    _InheritedNotifierElement.update (package:flutter/src/widgets/inherited_notifier.dart:108:11)
#741    Element.updateChild (package:flutter/src/widgets/framework.dart:4037:15)
#742    ComponentElement.performRebuild (package:flutter/src/widgets/framework.dart:5844:16)
#743    StatefulElement.performRebuild (package:flutter/src/widgets/framework.dart:5985:11)
#744    Element.rebuild (package:flutter/src/widgets/framework.dart:5532:7)
#745    StatefulElement.update (package:flutter/src/widgets/framework.dart:6010:5)
#746    Element.updateChild (package:flutter/src/widgets/framework.dart:4037:15)
#747    ComponentElement.performRebuild (package:flutter/src/widgets/framework.dart:5844:16)
#748    Element.rebuild (package:flutter/src/widgets/framework.dart:5532:7)
#749    ProxyElement.update (package:flutter/src/widgets/framework.dart:6152:5)
#750    _InheritedNotifierElement.update (package:flutter/src/widgets/inherited_notifier.dart:108:11)
#751    Element.updateChild (package:flutter/src/widgets/framework.dart:4037:15)
#752    ComponentElement.performRebuild (package:flutter/src/widgets/framework.dart:5844:16)
#753    StatefulElement.performRebuild (package:flutter/src/widgets/framework.dart:5985:11)
#754    Element.rebuild (package:flutter/src/widgets/framework.dart:5532:7)
#755    StatefulElement.update (package:flutter/src/widgets/framework.dart:6010:5)
#756    Element.updateChild (package:flutter/src/widgets/framework.dart:4037:15)
#757    ComponentElement.performRebuild (package:flutter/src/widgets/framework.dart:5844:16)
#758    StatefulElement.performRebuild (package:flutter/src/widgets/framework.dart:5985:11)
#759    Element.rebuild (package:flutter/src/widgets/framework.dart:5532:7)
#760    StatefulElement.update (package:flutter/src/widgets/framework.dart:6010:5)
#761    Element.updateChild (package:flutter/src/widgets/framework.dart:4037:15)
#762    ComponentElement.performRebuild (package:flutter/src/widgets/framework.dart:5844:16)
#763    Element.rebuild (package:flutter/src/widgets/framework.dart:5532:7)
#764    ProxyElement.update (package:flutter/src/widgets/framework.dart:6152:5)
#765    Element.updateChild (package:flutter/src/widgets/framework.dart:4037:15)
#766    ComponentElement.performRebuild (package:flutter/src/widgets/framework.dart:5844:16)
#767    StatefulElement.performRebuild (package:flutter/src/widgets/framework.dart:5985:11)
#768    Element.rebuild (package:flutter/src/widgets/framework.dart:5532:7)
#769    StatefulElement.update (package:flutter/src/widgets/framework.dart:6010:5)
#770    Element.updateChild (package:flutter/src/widgets/framework.dart:4037:15)
#771    ComponentElement.performRebuild (package:flutter/src/widgets/framework.dart:5844:16)
#772    Element.rebuild (package:flutter/src/widgets/framework.dart:5532:7)
#773    ProxyElement.update (package:flutter/src/widgets/framework.dart:6152:5)
#774    Element.updateChild (package:flutter/src/widgets/framework.dart:4037:15)
#775    ComponentElement.performRebuild (package:flutter/src/widgets/framework.dart:5844:16)
#776    Element.rebuild (package:flutter/src/widgets/framework.dart:5532:7)
#777    ProxyElement.update (package:flutter/src/widgets/framework.dart:6152:5)
#778    Element.updateChild (package:flutter/src/widgets/framework.dart:4037:15)
#779    _RawViewElement._updateChild (package:flutter/src/widgets/view.dart:481:16)
#780    _RawViewElement.update (package:flutter/src/widgets/view.dart:568:5)
#781    Element.updateChild (package:flutter/src/widgets/framework.dart:4037:15)
#782    ComponentElement.performRebuild (package:flutter/src/widgets/framework.dart:5844:16)
#783    Element.rebuild (package:flutter/src/widgets/framework.dart:5532:7)
#784    StatelessElement.update (package:flutter/src/widgets/framework.dart:5898:5)
#785    Element.updateChild (package:flutter/src/widgets/framework.dart:4037:15)
#786    ComponentElement.performRebuild (package:flutter/src/widgets/framework.dart:5844:16)
#787    StatefulElement.performRebuild (package:flutter/src/widgets/framework.dart:5985:11)
#788    Element.rebuild (package:flutter/src/widgets/framework.dart:5532:7)
#789    StatefulElement.update (package:flutter/src/widgets/framework.dart:6010:5)
#790    Element.updateChild (package:flutter/src/widgets/framework.dart:4037:15)
#791    RootElement._rebuild (package:flutter/src/widgets/binding.dart:1782:16)
#792    RootElement.update (package:flutter/src/widgets/binding.dart:1760:5)
#793    RootElement.performRebuild (package:flutter/src/widgets/binding.dart:1774:7)
#794    Element.rebuild (package:flutter/src/widgets/framework.dart:5532:7)
#795    BuildScope._tryRebuild (package:flutter/src/widgets/framework.dart:2750:15)
#796    BuildScope._flushDirtyElements (package:flutter/src/widgets/framework.dart:2807:11)
#797    BuildOwner.buildScope (package:flutter/src/widgets/framework.dart:3111:18)
#798    AutomatedTestWidgetsFlutterBinding.drawFrame (package:flutter_test/src/binding.dart:1506:19)
#799    RendererBinding._handlePersistentFrameCallback (package:flutter/src/rendering/binding.dart:495:5)
#800    SchedulerBinding._invokeFrameCallback (package:flutter/src/scheduler/binding.dart:1434:15)
#801    SchedulerBinding.handleDrawFrame (package:flutter/src/scheduler/binding.dart:1347:9)
#802    AutomatedTestWidgetsFlutterBinding.pump.<anonymous closure> (package:flutter_test/src/binding.dart:1335:9)
#805    TestAsyncUtils.guard (package:flutter_test/src/test_async_utils.dart:74:41)
#806    AutomatedTestWidgetsFlutterBinding.pump (package:flutter_test/src/binding.dart:1324:27)
#807    WidgetTester.pumpWidget.<anonymous closure> (package:flutter_test/src/widget_tester.dart:598:22)
#810    TestAsyncUtils.guard (package:flutter_test/src/test_async_utils.dart:74:41)
#811    WidgetTester.pumpWidget (package:flutter_test/src/widget_tester.dart:595:27)
#812    main.<anonymous closure>.<anonymous closure> (file:///C:/Users/joaom/Documents/GitHub/Music/music_tag_editor/test/download_page_test.dart:87:20)
#813    testWidgets.<anonymous closure>.<anonymous closure> (package:flutter_test/src/widget_tester.dart:192:29)
<asynchronous suspension>
#814    TestWidgetsFlutterBinding._runTestBody (package:flutter_test/src/binding.dart:1059:5)
<asynchronous suspension>
<asynchronous suspension>
(elided 5 frames from dart:async and package:stack_trace)

════════════════════════════════════════════════════════════════════════════════════════════════════
══╡ EXCEPTION CAUGHT BY FLUTTER TEST FRAMEWORK ╞════════════════════════════════════════════════════
The following TestFailure was thrown running a test:
Expected: exactly one matching candidate
  Actual: _TypeWidgetFinder:<Found 0 widgets with type "Scaffold": []>
   Which: means none were found but one was expected

When the exception was thrown, this was the stack:
#4      main.<anonymous closure>.<anonymous closure> (file:///C:/Users/joaom/Documents/GitHub/Music/music_tag_editor/test/download_page_test.dart:90:7)
<asynchronous suspension>
#5      testWidgets.<anonymous closure>.<anonymous closure> (package:flutter_test/src/widget_tester.dart:192:15)
<asynchronous suspension>
#6      TestWidgetsFlutterBinding._runTestBody (package:flutter_test/src/binding.dart:1059:5)
<asynchronous suspension>
<asynchronous suspension>
(elided one frame from package:stack_trace)

This was caught by the test expectation on the following line:
  file:///C:/Users/joaom/Documents/GitHub/Music/music_tag_editor/test/download_page_test.dart line 90
The test description was:
  scaffold renders
════════════════════════════════════════════════════════════════════════════════════════════════════
══╡ EXCEPTION CAUGHT BY FLUTTER TEST FRAMEWORK ╞════════════════════════════════════════════════════
The following message was thrown:
Multiple exceptions (2) were detected during the running of the current test, and at least one was
unexpected.
════════════════════════════════════════════════════════════════════════════════════════════════════
00:19 +40 -8: C:/Users/joaom/Documents/GitHub/Music/music_tag_editor/test/disco_mode_view_test.dart: DiscoModeView tap closes the view
00:19 +40 -8: C:/Users/joaom/Documents/GitHub/Music/music_tag_editor/test/download_page_test.dart: DownloadPage scaffold renders [E]
  Test failed. See exception logs above.
  The test description was: scaffold renders
  
00:19 +40 -8: C:/Users/joaom/Documents/GitHub/Music/music_tag_editor/test/disco_mode_view_test.dart: DiscoModeView tap closes the view
00:21 +41 -8: C:/Users/joaom/Documents/GitHub/Music/music_tag_editor/test/disco_mode_view_test.dart: DiscoModeView tap closes the view
00:21 +42 -8: C:/Users/joaom/Documents/GitHub/Music/music_tag_editor/test/disco_mode_view_test.dart: DiscoModeView tap closes the view
00:21 +43 -8: C:/Users/joaom/Documents/GitHub/Music/music_tag_editor/test/disco_mode_view_test.dart: DiscoModeView tap closes the view
00:21 +44 -8: C:/Users/joaom/Documents/GitHub/Music/music_tag_editor/test/disco_mode_view_test.dart: DiscoModeView tap closes the view
00:21 +45 -8: C:/Users/joaom/Documents/GitHub/Music/music_tag_editor/test/disco_mode_view_test.dart: DiscoModeView tap closes the view
00:21 +46 -8: C:/Users/joaom/Documents/GitHub/Music/music_tag_editor/test/disco_mode_view_test.dart: DiscoModeView tap closes the view
00:22 +47 -8: C:/Users/joaom/Documents/GitHub/Music/music_tag_editor/test/disco_mode_view_test.dart: DiscoModeView tap closes the view
00:22 +48 -8: C:/Users/joaom/Documents/GitHub/Music/music_tag_editor/test/disco_mode_view_test.dart: DiscoModeView tap closes the view
00:22 +49 -8: C:/Users/joaom/Documents/GitHub/Music/music_tag_editor/test/disco_mode_view_test.dart: DiscoModeView tap closes the view
00:24 +50 -8: C:/Users/joaom/Documents/GitHub/Music/music_tag_editor/test/disco_mode_view_test.dart: DiscoModeView tap closes the view
00:24 +51 -8: C:/Users/joaom/Documents/GitHub/Music/music_tag_editor/test/disco_mode_view_test.dart: DiscoModeView tap closes the view
00:27 +52 -8: C:/Users/joaom/Documents/GitHub/Music/music_tag_editor/test/disco_mode_view_test.dart: DiscoModeView tap closes the view
00:27 +53 -8: C:/Users/joaom/Documents/GitHub/Music/music_tag_editor/test/disco_mode_view_test.dart: DiscoModeView tap closes the view
00:27 +54 -8: C:/Users/joaom/Documents/GitHub/Music/music_tag_editor/test/disco_mode_view_test.dart: DiscoModeView tap closes the view
00:30 +54 -8: C:/Users/joaom/Documents/GitHub/Music/music_tag_editor/test/home_view_test.dart: HomeView renders greeting
══╡ EXCEPTION CAUGHT BY FLUTTER TEST FRAMEWORK ╞════════════════════════════════════════════════════
The following _TypeError was thrown running a test:
type 'Null' is not a subtype of type 'Future<List<Map<String, dynamic>>>'

When the exception was thrown, this was the stack:
#0      MockDatabaseService.getTracks (file:///C:/Users/joaom/Documents/GitHub/Music/music_tag_editor/test/home_view_test.dart:9:7)
#1      _HomeViewState._loadData (package:music_tag_editor/views/home_view.dart:30:37)
#2      _HomeViewState.initState (package:music_tag_editor/views/home_view.dart:26:5)
#3      StatefulElement._firstBuild (package:flutter/src/widgets/framework.dart:5953:55)
#4      ComponentElement.mount (package:flutter/src/widgets/framework.dart:5796:5)
...     Normal element mounting (260 frames)
#264    Element.inflateWidget (package:flutter/src/widgets/framework.dart:4590:20)
#265    MultiChildRenderObjectElement.inflateWidget (package:flutter/src/widgets/framework.dart:7269:36)
#266    MultiChildRenderObjectElement.mount (package:flutter/src/widgets/framework.dart:7285:32)
...     Normal element mounting (465 frames)
#731    Element.inflateWidget (package:flutter/src/widgets/framework.dart:4590:20)
#732    Element.updateChild (package:flutter/src/widgets/framework.dart:4053:20)
#733    ComponentElement.performRebuild (package:flutter/src/widgets/framework.dart:5844:16)
#734    Element.rebuild (package:flutter/src/widgets/framework.dart:5532:7)
#735    ProxyElement.update (package:flutter/src/widgets/framework.dart:6152:5)
#736    _InheritedNotifierElement.update (package:flutter/src/widgets/inherited_notifier.dart:108:11)
#737    Element.updateChild (package:flutter/src/widgets/framework.dart:4037:15)
#738    ComponentElement.performRebuild (package:flutter/src/widgets/framework.dart:5844:16)
#739    StatefulElement.performRebuild (package:flutter/src/widgets/framework.dart:5985:11)
#740    Element.rebuild (package:flutter/src/widgets/framework.dart:5532:7)
#741    StatefulElement.update (package:flutter/src/widgets/framework.dart:6010:5)
#742    Element.updateChild (package:flutter/src/widgets/framework.dart:4037:15)
#743    ComponentElement.performRebuild (package:flutter/src/widgets/framework.dart:5844:16)
#744    Element.rebuild (package:flutter/src/widgets/framework.dart:5532:7)
#745    ProxyElement.update (package:flutter/src/widgets/framework.dart:6152:5)
#746    _InheritedNotifierElement.update (package:flutter/src/widgets/inherited_notifier.dart:108:11)
#747    Element.updateChild (package:flutter/src/widgets/framework.dart:4037:15)
#748    ComponentElement.performRebuild (package:flutter/src/widgets/framework.dart:5844:16)
#749    StatefulElement.performRebuild (package:flutter/src/widgets/framework.dart:5985:11)
#750    Element.rebuild (package:flutter/src/widgets/framework.dart:5532:7)
#751    StatefulElement.update (package:flutter/src/widgets/framework.dart:6010:5)
#752    Element.updateChild (package:flutter/src/widgets/framework.dart:4037:15)
#753    ComponentElement.performRebuild (package:flutter/src/widgets/framework.dart:5844:16)
#754    StatefulElement.performRebuild (package:flutter/src/widgets/framework.dart:5985:11)
#755    Element.rebuild (package:flutter/src/widgets/framework.dart:5532:7)
#756    StatefulElement.update (package:flutter/src/widgets/framework.dart:6010:5)
#757    Element.updateChild (package:flutter/src/widgets/framework.dart:4037:15)
#758    ComponentElement.performRebuild (package:flutter/src/widgets/framework.dart:5844:16)
#759    Element.rebuild (package:flutter/src/widgets/framework.dart:5532:7)
#760    ProxyElement.update (package:flutter/src/widgets/framework.dart:6152:5)
#761    Element.updateChild (package:flutter/src/widgets/framework.dart:4037:15)
#762    ComponentElement.performRebuild (package:flutter/src/widgets/framework.dart:5844:16)
#763    StatefulElement.performRebuild (package:flutter/src/widgets/framework.dart:5985:11)
#764    Element.rebuild (package:flutter/src/widgets/framework.dart:5532:7)
#765    StatefulElement.update (package:flutter/src/widgets/framework.dart:6010:5)
#766    Element.updateChild (package:flutter/src/widgets/framework.dart:4037:15)
#767    ComponentElement.performRebuild (package:flutter/src/widgets/framework.dart:5844:16)
#768    Element.rebuild (package:flutter/src/widgets/framework.dart:5532:7)
#769    ProxyElement.update (package:flutter/src/widgets/framework.dart:6152:5)
#770    Element.updateChild (package:flutter/src/widgets/framework.dart:4037:15)
#771    ComponentElement.performRebuild (package:flutter/src/widgets/framework.dart:5844:16)
#772    Element.rebuild (package:flutter/src/widgets/framework.dart:5532:7)
#773    ProxyElement.update (package:flutter/src/widgets/framework.dart:6152:5)
#774    Element.updateChild (package:flutter/src/widgets/framework.dart:4037:15)
#775    _RawViewElement._updateChild (package:flutter/src/widgets/view.dart:481:16)
#776    _RawViewElement.update (package:flutter/src/widgets/view.dart:568:5)
#777    Element.updateChild (package:flutter/src/widgets/framework.dart:4037:15)
#778    ComponentElement.performRebuild (package:flutter/src/widgets/framework.dart:5844:16)
#779    Element.rebuild (package:flutter/src/widgets/framework.dart:5532:7)
#780    StatelessElement.update (package:flutter/src/widgets/framework.dart:5898:5)
#781    Element.updateChild (package:flutter/src/widgets/framework.dart:4037:15)
#782    ComponentElement.performRebuild (package:flutter/src/widgets/framework.dart:5844:16)
#783    StatefulElement.performRebuild (package:flutter/src/widgets/framework.dart:5985:11)
#784    Element.rebuild (package:flutter/src/widgets/framework.dart:5532:7)
#785    StatefulElement.update (package:flutter/src/widgets/framework.dart:6010:5)
#786    Element.updateChild (package:flutter/src/widgets/framework.dart:4037:15)
#787    RootElement._rebuild (package:flutter/src/widgets/binding.dart:1782:16)
#788    RootElement.update (package:flutter/src/widgets/binding.dart:1760:5)
#789    RootElement.performRebuild (package:flutter/src/widgets/binding.dart:1774:7)
#790    Element.rebuild (package:flutter/src/widgets/framework.dart:5532:7)
#791    BuildScope._tryRebuild (package:flutter/src/widgets/framework.dart:2750:15)
#792    BuildScope._flushDirtyElements (package:flutter/src/widgets/framework.dart:2807:11)
#793    BuildOwner.buildScope (package:flutter/src/widgets/framework.dart:3111:18)
#794    AutomatedTestWidgetsFlutterBinding.drawFrame (package:flutter_test/src/binding.dart:1506:19)
#795    RendererBinding._handlePersistentFrameCallback (package:flutter/src/rendering/binding.dart:495:5)
#796    SchedulerBinding._invokeFrameCallback (package:flutter/src/scheduler/binding.dart:1434:15)
#797    SchedulerBinding.handleDrawFrame (package:flutter/src/scheduler/binding.dart:1347:9)
#798    AutomatedTestWidgetsFlutterBinding.pump.<anonymous closure> (package:flutter_test/src/binding.dart:1335:9)
#801    TestAsyncUtils.guard (package:flutter_test/src/test_async_utils.dart:74:41)
#802    AutomatedTestWidgetsFlutterBinding.pump (package:flutter_test/src/binding.dart:1324:27)
#803    WidgetTester.pumpWidget.<anonymous closure> (package:flutter_test/src/widget_tester.dart:598:22)
#806    TestAsyncUtils.guard (package:flutter_test/src/test_async_utils.dart:74:41)
#807    WidgetTester.pumpWidget (package:flutter_test/src/widget_tester.dart:595:27)
#808    main.<anonymous closure>.<anonymous closure> (file:///C:/Users/joaom/Documents/GitHub/Music/music_tag_editor/test/home_view_test.dart:44:20)
#809    testWidgets.<anonymous closure>.<anonymous closure> (package:flutter_test/src/widget_tester.dart:192:29)
<asynchronous suspension>
#810    TestWidgetsFlutterBinding._runTestBody (package:flutter_test/src/binding.dart:1059:5)
<asynchronous suspension>
<asynchronous suspension>
(elided 5 frames from dart:async and package:stack_trace)

The test description was:
  renders greeting
════════════════════════════════════════════════════════════════════════════════════════════════════
00:30 +54 -9: C:/Users/joaom/Documents/GitHub/Music/music_tag_editor/test/disco_mode_view_test.dart: DiscoModeView tap closes the view
00:30 +54 -9: C:/Users/joaom/Documents/GitHub/Music/music_tag_editor/test/home_view_test.dart: HomeView renders greeting [E]
  Test failed. See exception logs above.
  The test description was: renders greeting
  
00:30 +54 -9: C:/Users/joaom/Documents/GitHub/Music/music_tag_editor/test/home_view_test.dart: HomeView renders smart library cards
══╡ EXCEPTION CAUGHT BY FLUTTER TEST FRAMEWORK ╞════════════════════════════════════════════════════
The following _TypeError was thrown running a test:
type 'Null' is not a subtype of type 'Future<List<Map<String, dynamic>>>'

When the exception was thrown, this was the stack:
#0      MockDatabaseService.getTracks (file:///C:/Users/joaom/Documents/GitHub/Music/music_tag_editor/test/home_view_test.dart:9:7)
#1      _HomeViewState._loadData (package:music_tag_editor/views/home_view.dart:30:37)
#2      _HomeViewState.initState (package:music_tag_editor/views/home_view.dart:26:5)
#3      StatefulElement._firstBuild (package:flutter/src/widgets/framework.dart:5953:55)
#4      ComponentElement.mount (package:flutter/src/widgets/framework.dart:5796:5)
...     Normal element mounting (260 frames)
#264    Element.inflateWidget (package:flutter/src/widgets/framework.dart:4590:20)
#265    MultiChildRenderObjectElement.inflateWidget (package:flutter/src/widgets/framework.dart:7269:36)
#266    MultiChildRenderObjectElement.mount (package:flutter/src/widgets/framework.dart:7285:32)
...     Normal element mounting (465 frames)
#731    Element.inflateWidget (package:flutter/src/widgets/framework.dart:4590:20)
#732    Element.updateChild (package:flutter/src/widgets/framework.dart:4053:20)
#733    ComponentElement.performRebuild (package:flutter/src/widgets/framework.dart:5844:16)
#734    Element.rebuild (package:flutter/src/widgets/framework.dart:5532:7)
#735    ProxyElement.update (package:flutter/src/widgets/framework.dart:6152:5)
#736    _InheritedNotifierElement.update (package:flutter/src/widgets/inherited_notifier.dart:108:11)
#737    Element.updateChild (package:flutter/src/widgets/framework.dart:4037:15)
#738    ComponentElement.performRebuild (package:flutter/src/widgets/framework.dart:5844:16)
#739    StatefulElement.performRebuild (package:flutter/src/widgets/framework.dart:5985:11)
#740    Element.rebuild (package:flutter/src/widgets/framework.dart:5532:7)
#741    StatefulElement.update (package:flutter/src/widgets/framework.dart:6010:5)
#742    Element.updateChild (package:flutter/src/widgets/framework.dart:4037:15)
#743    ComponentElement.performRebuild (package:flutter/src/widgets/framework.dart:5844:16)
#744    Element.rebuild (package:flutter/src/widgets/framework.dart:5532:7)
#745    ProxyElement.update (package:flutter/src/widgets/framework.dart:6152:5)
#746    _InheritedNotifierElement.update (package:flutter/src/widgets/inherited_notifier.dart:108:11)
#747    Element.updateChild (package:flutter/src/widgets/framework.dart:4037:15)
#748    ComponentElement.performRebuild (package:flutter/src/widgets/framework.dart:5844:16)
#749    StatefulElement.performRebuild (package:flutter/src/widgets/framework.dart:5985:11)
#750    Element.rebuild (package:flutter/src/widgets/framework.dart:5532:7)
#751    StatefulElement.update (package:flutter/src/widgets/framework.dart:6010:5)
#752    Element.updateChild (package:flutter/src/widgets/framework.dart:4037:15)
#753    ComponentElement.performRebuild (package:flutter/src/widgets/framework.dart:5844:16)
#754    StatefulElement.performRebuild (package:flutter/src/widgets/framework.dart:5985:11)
#755    Element.rebuild (package:flutter/src/widgets/framework.dart:5532:7)
#756    StatefulElement.update (package:flutter/src/widgets/framework.dart:6010:5)
#757    Element.updateChild (package:flutter/src/widgets/framework.dart:4037:15)
#758    ComponentElement.performRebuild (package:flutter/src/widgets/framework.dart:5844:16)
#759    Element.rebuild (package:flutter/src/widgets/framework.dart:5532:7)
#760    ProxyElement.update (package:flutter/src/widgets/framework.dart:6152:5)
#761    Element.updateChild (package:flutter/src/widgets/framework.dart:4037:15)
#762    ComponentElement.performRebuild (package:flutter/src/widgets/framework.dart:5844:16)
#763    StatefulElement.performRebuild (package:flutter/src/widgets/framework.dart:5985:11)
#764    Element.rebuild (package:flutter/src/widgets/framework.dart:5532:7)
#765    StatefulElement.update (package:flutter/src/widgets/framework.dart:6010:5)
#766    Element.updateChild (package:flutter/src/widgets/framework.dart:4037:15)
#767    ComponentElement.performRebuild (package:flutter/src/widgets/framework.dart:5844:16)
#768    Element.rebuild (package:flutter/src/widgets/framework.dart:5532:7)
#769    ProxyElement.update (package:flutter/src/widgets/framework.dart:6152:5)
#770    Element.updateChild (package:flutter/src/widgets/framework.dart:4037:15)
#771    ComponentElement.performRebuild (package:flutter/src/widgets/framework.dart:5844:16)
#772    Element.rebuild (package:flutter/src/widgets/framework.dart:5532:7)
#773    ProxyElement.update (package:flutter/src/widgets/framework.dart:6152:5)
#774    Element.updateChild (package:flutter/src/widgets/framework.dart:4037:15)
#775    _RawViewElement._updateChild (package:flutter/src/widgets/view.dart:481:16)
#776    _RawViewElement.update (package:flutter/src/widgets/view.dart:568:5)
#777    Element.updateChild (package:flutter/src/widgets/framework.dart:4037:15)
#778    ComponentElement.performRebuild (package:flutter/src/widgets/framework.dart:5844:16)
#779    Element.rebuild (package:flutter/src/widgets/framework.dart:5532:7)
#780    StatelessElement.update (package:flutter/src/widgets/framework.dart:5898:5)
#781    Element.updateChild (package:flutter/src/widgets/framework.dart:4037:15)
#782    ComponentElement.performRebuild (package:flutter/src/widgets/framework.dart:5844:16)
#783    StatefulElement.performRebuild (package:flutter/src/widgets/framework.dart:5985:11)
#784    Element.rebuild (package:flutter/src/widgets/framework.dart:5532:7)
#785    StatefulElement.update (package:flutter/src/widgets/framework.dart:6010:5)
#786    Element.updateChild (package:flutter/src/widgets/framework.dart:4037:15)
#787    RootElement._rebuild (package:flutter/src/widgets/binding.dart:1782:16)
#788    RootElement.update (package:flutter/src/widgets/binding.dart:1760:5)
#789    RootElement.performRebuild (package:flutter/src/widgets/binding.dart:1774:7)
#790    Element.rebuild (package:flutter/src/widgets/framework.dart:5532:7)
#791    BuildScope._tryRebuild (package:flutter/src/widgets/framework.dart:2750:15)
#792    BuildScope._flushDirtyElements (package:flutter/src/widgets/framework.dart:2807:11)
#793    BuildOwner.buildScope (package:flutter/src/widgets/framework.dart:3111:18)
#794    AutomatedTestWidgetsFlutterBinding.drawFrame (package:flutter_test/src/binding.dart:1506:19)
#795    RendererBinding._handlePersistentFrameCallback (package:flutter/src/rendering/binding.dart:495:5)
#796    SchedulerBinding._invokeFrameCallback (package:flutter/src/scheduler/binding.dart:1434:15)
#797    SchedulerBinding.handleDrawFrame (package:flutter/src/scheduler/binding.dart:1347:9)
#798    AutomatedTestWidgetsFlutterBinding.pump.<anonymous closure> (package:flutter_test/src/binding.dart:1335:9)
#801    TestAsyncUtils.guard (package:flutter_test/src/test_async_utils.dart:74:41)
#802    AutomatedTestWidgetsFlutterBinding.pump (package:flutter_test/src/binding.dart:1324:27)
#803    WidgetTester.pumpWidget.<anonymous closure> (package:flutter_test/src/widget_tester.dart:598:22)
#806    TestAsyncUtils.guard (package:flutter_test/src/test_async_utils.dart:74:41)
#807    WidgetTester.pumpWidget (package:flutter_test/src/widget_tester.dart:595:27)
#808    main.<anonymous closure>.<anonymous closure> (file:///C:/Users/joaom/Documents/GitHub/Music/music_tag_editor/test/home_view_test.dart:54:20)
#809    testWidgets.<anonymous closure>.<anonymous closure> (package:flutter_test/src/widget_tester.dart:192:29)
<asynchronous suspension>
#810    TestWidgetsFlutterBinding._runTestBody (package:flutter_test/src/binding.dart:1059:5)
<asynchronous suspension>
<asynchronous suspension>
(elided 5 frames from dart:async and package:stack_trace)

The test description was:
  renders smart library cards
════════════════════════════════════════════════════════════════════════════════════════════════════
00:30 +54 -10: C:/Users/joaom/Documents/GitHub/Music/music_tag_editor/test/disco_mode_view_test.dart: DiscoModeView tap closes the view
00:30 +54 -10: C:/Users/joaom/Documents/GitHub/Music/music_tag_editor/test/home_view_test.dart: HomeView renders smart library cards [E]
  Test failed. See exception logs above.
  The test description was: renders smart library cards
  
══╡ EXCEPTION CAUGHT BY FLUTTER TEST FRAMEWORK ╞════════════════════════════════════════════════════
The following TestFailure was thrown running a test (but after the test had completed):
Expected: exactly one matching candidate
  Actual: _IconWidgetFinder:<Found 0 widgets with icon "IconData(U+0E314)": []>
   Which: means none were found but one was expected

When the exception was thrown, this was the stack:
#0      fail (package:matcher/src/expect/expect.dart:149:31)
#1      _expect (package:matcher/src/expect/expect.dart:144:3)
#2      expect (package:matcher/src/expect/expect.dart:56:3)
#3      expect (package:flutter_test/src/widget_tester.dart:473:18)
#4      main.<anonymous closure>.<anonymous closure> (file:///C:/Users/joaom/Documents/GitHub/Music/music_tag_editor/test/home_view_test.dart:57:7)
<asynchronous suspension>
#5      testWidgets.<anonymous closure>.<anonymous closure> (package:flutter_test/src/widget_tester.dart:192:15)
<asynchronous suspension>
#6      TestWidgetsFlutterBinding._runTestBody (package:flutter_test/src/binding.dart:1059:5)
<asynchronous suspension>
<asynchronous suspension>
(elided one frame from package:stack_trace)
════════════════════════════════════════════════════════════════════════════════════════════════════
  Test failed. See exception logs above.
  The test description was: renders smart library cards
  
00:30 +54 -10: C:/Users/joaom/Documents/GitHub/Music/music_tag_editor/test/home_view_test.dart: HomeView renders moods section
══╡ EXCEPTION CAUGHT BY FLUTTER TEST FRAMEWORK ╞════════════════════════════════════════════════════
The following _TypeError was thrown running a test:
type 'Null' is not a subtype of type 'Future<List<Map<String, dynamic>>>'

When the exception was thrown, this was the stack:
#0      MockDatabaseService.getTracks (file:///C:/Users/joaom/Documents/GitHub/Music/music_tag_editor/test/home_view_test.dart:9:7)
#1      _HomeViewState._loadData (package:music_tag_editor/views/home_view.dart:30:37)
#2      _HomeViewState.initState (package:music_tag_editor/views/home_view.dart:26:5)
#3      StatefulElement._firstBuild (package:flutter/src/widgets/framework.dart:5953:55)
#4      ComponentElement.mount (package:flutter/src/widgets/framework.dart:5796:5)
...     Normal element mounting (260 frames)
#264    Element.inflateWidget (package:flutter/src/widgets/framework.dart:4590:20)
#265    MultiChildRenderObjectElement.inflateWidget (package:flutter/src/widgets/framework.dart:7269:36)
#266    MultiChildRenderObjectElement.mount (package:flutter/src/widgets/framework.dart:7285:32)
...     Normal element mounting (465 frames)
#731    Element.inflateWidget (package:flutter/src/widgets/framework.dart:4590:20)
#732    Element.updateChild (package:flutter/src/widgets/framework.dart:4053:20)
#733    ComponentElement.performRebuild (package:flutter/src/widgets/framework.dart:5844:16)
#734    Element.rebuild (package:flutter/src/widgets/framework.dart:5532:7)
#735    ProxyElement.update (package:flutter/src/widgets/framework.dart:6152:5)
#736    _InheritedNotifierElement.update (package:flutter/src/widgets/inherited_notifier.dart:108:11)
#737    Element.updateChild (package:flutter/src/widgets/framework.dart:4037:15)
#738    ComponentElement.performRebuild (package:flutter/src/widgets/framework.dart:5844:16)
#739    StatefulElement.performRebuild (package:flutter/src/widgets/framework.dart:5985:11)
#740    Element.rebuild (package:flutter/src/widgets/framework.dart:5532:7)
#741    StatefulElement.update (package:flutter/src/widgets/framework.dart:6010:5)
#742    Element.updateChild (package:flutter/src/widgets/framework.dart:4037:15)
#743    ComponentElement.performRebuild (package:flutter/src/widgets/framework.dart:5844:16)
#744    Element.rebuild (package:flutter/src/widgets/framework.dart:5532:7)
#745    ProxyElement.update (package:flutter/src/widgets/framework.dart:6152:5)
#746    _InheritedNotifierElement.update (package:flutter/src/widgets/inherited_notifier.dart:108:11)
#747    Element.updateChild (package:flutter/src/widgets/framework.dart:4037:15)
#748    ComponentElement.performRebuild (package:flutter/src/widgets/framework.dart:5844:16)
#749    StatefulElement.performRebuild (package:flutter/src/widgets/framework.dart:5985:11)
#750    Element.rebuild (package:flutter/src/widgets/framework.dart:5532:7)
#751    StatefulElement.update (package:flutter/src/widgets/framework.dart:6010:5)
#752    Element.updateChild (package:flutter/src/widgets/framework.dart:4037:15)
#753    ComponentElement.performRebuild (package:flutter/src/widgets/framework.dart:5844:16)
#754    StatefulElement.performRebuild (package:flutter/src/widgets/framework.dart:5985:11)
#755    Element.rebuild (package:flutter/src/widgets/framework.dart:5532:7)
#756    StatefulElement.update (package:flutter/src/widgets/framework.dart:6010:5)
#757    Element.updateChild (package:flutter/src/widgets/framework.dart:4037:15)
#758    ComponentElement.performRebuild (package:flutter/src/widgets/framework.dart:5844:16)
#759    Element.rebuild (package:flutter/src/widgets/framework.dart:5532:7)
#760    ProxyElement.update (package:flutter/src/widgets/framework.dart:6152:5)
#761    Element.updateChild (package:flutter/src/widgets/framework.dart:4037:15)
#762    ComponentElement.performRebuild (package:flutter/src/widgets/framework.dart:5844:16)
#763    StatefulElement.performRebuild (package:flutter/src/widgets/framework.dart:5985:11)
#764    Element.rebuild (package:flutter/src/widgets/framework.dart:5532:7)
#765    StatefulElement.update (package:flutter/src/widgets/framework.dart:6010:5)
#766    Element.updateChild (package:flutter/src/widgets/framework.dart:4037:15)
#767    ComponentElement.performRebuild (package:flutter/src/widgets/framework.dart:5844:16)
#768    Element.rebuild (package:flutter/src/widgets/framework.dart:5532:7)
#769    ProxyElement.update (package:flutter/src/widgets/framework.dart:6152:5)
#770    Element.updateChild (package:flutter/src/widgets/framework.dart:4037:15)
#771    ComponentElement.performRebuild (package:flutter/src/widgets/framework.dart:5844:16)
#772    Element.rebuild (package:flutter/src/widgets/framework.dart:5532:7)
#773    ProxyElement.update (package:flutter/src/widgets/framework.dart:6152:5)
#774    Element.updateChild (package:flutter/src/widgets/framework.dart:4037:15)
#775    _RawViewElement._updateChild (package:flutter/src/widgets/view.dart:481:16)
#776    _RawViewElement.update (package:flutter/src/widgets/view.dart:568:5)
#777    Element.updateChild (package:flutter/src/widgets/framework.dart:4037:15)
#778    ComponentElement.performRebuild (package:flutter/src/widgets/framework.dart:5844:16)
#779    Element.rebuild (package:flutter/src/widgets/framework.dart:5532:7)
#780    StatelessElement.update (package:flutter/src/widgets/framework.dart:5898:5)
#781    Element.updateChild (package:flutter/src/widgets/framework.dart:4037:15)
#782    ComponentElement.performRebuild (package:flutter/src/widgets/framework.dart:5844:16)
#783    StatefulElement.performRebuild (package:flutter/src/widgets/framework.dart:5985:11)
#784    Element.rebuild (package:flutter/src/widgets/framework.dart:5532:7)
#785    StatefulElement.update (package:flutter/src/widgets/framework.dart:6010:5)
#786    Element.updateChild (package:flutter/src/widgets/framework.dart:4037:15)
#787    RootElement._rebuild (package:flutter/src/widgets/binding.dart:1782:16)
#788    RootElement.update (package:flutter/src/widgets/binding.dart:1760:5)
#789    RootElement.performRebuild (package:flutter/src/widgets/binding.dart:1774:7)
#790    Element.rebuild (package:flutter/src/widgets/framework.dart:5532:7)
#791    BuildScope._tryRebuild (package:flutter/src/widgets/framework.dart:2750:15)
#792    BuildScope._flushDirtyElements (package:flutter/src/widgets/framework.dart:2807:11)
#793    BuildOwner.buildScope (package:flutter/src/widgets/framework.dart:3111:18)
#794    AutomatedTestWidgetsFlutterBinding.drawFrame (package:flutter_test/src/binding.dart:1506:19)
#795    RendererBinding._handlePersistentFrameCallback (package:flutter/src/rendering/binding.dart:495:5)
#796    SchedulerBinding._invokeFrameCallback (package:flutter/src/scheduler/binding.dart:1434:15)
#797    SchedulerBinding.handleDrawFrame (package:flutter/src/scheduler/binding.dart:1347:9)
#798    AutomatedTestWidgetsFlutterBinding.pump.<anonymous closure> (package:flutter_test/src/binding.dart:1335:9)
#801    TestAsyncUtils.guard (package:flutter_test/src/test_async_utils.dart:74:41)
#802    AutomatedTestWidgetsFlutterBinding.pump (package:flutter_test/src/binding.dart:1324:27)
#803    WidgetTester.pumpWidget.<anonymous closure> (package:flutter_test/src/widget_tester.dart:598:22)
#806    TestAsyncUtils.guard (package:flutter_test/src/test_async_utils.dart:74:41)
#807    WidgetTester.pumpWidget (package:flutter_test/src/widget_tester.dart:595:27)
#808    main.<anonymous closure>.<anonymous closure> (file:///C:/Users/joaom/Documents/GitHub/Music/music_tag_editor/test/home_view_test.dart:66:20)
#809    testWidgets.<anonymous closure>.<anonymous closure> (package:flutter_test/src/widget_tester.dart:192:29)
<asynchronous suspension>
#810    TestWidgetsFlutterBinding._runTestBody (package:flutter_test/src/binding.dart:1059:5)
<asynchronous suspension>
<asynchronous suspension>
(elided 5 frames from dart:async and package:stack_trace)

The test description was:
  renders moods section
════════════════════════════════════════════════════════════════════════════════════════════════════
00:30 +54 -11: C:/Users/joaom/Documents/GitHub/Music/music_tag_editor/test/disco_mode_view_test.dart: DiscoModeView tap closes the view
00:30 +54 -11: C:/Users/joaom/Documents/GitHub/Music/music_tag_editor/test/home_view_test.dart: HomeView renders moods section [E]
  Test failed. See exception logs above.
  The test description was: renders moods section
  
══╡ EXCEPTION CAUGHT BY FLUTTER TEST FRAMEWORK ╞════════════════════════════════════════════════════
The following TestFailure was thrown running a test (but after the test had completed):
Expected: at least one matching candidate
  Actual: _IconWidgetFinder:<Found 0 widgets with icon "IconData(U+0E293)": []>
   Which: means none were found but some were expected

When the exception was thrown, this was the stack:
#0      fail (package:matcher/src/expect/expect.dart:149:31)
#1      _expect (package:matcher/src/expect/expect.dart:144:3)
#2      expect (package:matcher/src/expect/expect.dart:56:3)
#3      expect (package:flutter_test/src/widget_tester.dart:473:18)
#4      main.<anonymous closure>.<anonymous closure> (file:///C:/Users/joaom/Documents/GitHub/Music/music_tag_editor/test/home_view_test.dart:69:7)
<asynchronous suspension>
#5      testWidgets.<anonymous closure>.<anonymous closure> (package:flutter_test/src/widget_tester.dart:192:15)
<asynchronous suspension>
#6      TestWidgetsFlutterBinding._runTestBody (package:flutter_test/src/binding.dart:1059:5)
<asynchronous suspension>
<asynchronous suspension>
(elided one frame from package:stack_trace)
════════════════════════════════════════════════════════════════════════════════════════════════════
  Test failed. See exception logs above.
  The test description was: renders moods section
  
00:31 +54 -11: C:/Users/joaom/Documents/GitHub/Music/music_tag_editor/test/home_view_test.dart: HomeView renders disco mode button
══╡ EXCEPTION CAUGHT BY FLUTTER TEST FRAMEWORK ╞════════════════════════════════════════════════════
The following _TypeError was thrown running a test:
type 'Null' is not a subtype of type 'Future<List<Map<String, dynamic>>>'

When the exception was thrown, this was the stack:
#0      MockDatabaseService.getTracks (file:///C:/Users/joaom/Documents/GitHub/Music/music_tag_editor/test/home_view_test.dart:9:7)
#1      _HomeViewState._loadData (package:music_tag_editor/views/home_view.dart:30:37)
#2      _HomeViewState.initState (package:music_tag_editor/views/home_view.dart:26:5)
#3      StatefulElement._firstBuild (package:flutter/src/widgets/framework.dart:5953:55)
#4      ComponentElement.mount (package:flutter/src/widgets/framework.dart:5796:5)
...     Normal element mounting (260 frames)
#264    Element.inflateWidget (package:flutter/src/widgets/framework.dart:4590:20)
#265    MultiChildRenderObjectElement.inflateWidget (package:flutter/src/widgets/framework.dart:7269:36)
#266    MultiChildRenderObjectElement.mount (package:flutter/src/widgets/framework.dart:7285:32)
...     Normal element mounting (465 frames)
#731    Element.inflateWidget (package:flutter/src/widgets/framework.dart:4590:20)
#732    Element.updateChild (package:flutter/src/widgets/framework.dart:4053:20)
#733    ComponentElement.performRebuild (package:flutter/src/widgets/framework.dart:5844:16)
#734    Element.rebuild (package:flutter/src/widgets/framework.dart:5532:7)
#735    ProxyElement.update (package:flutter/src/widgets/framework.dart:6152:5)
#736    _InheritedNotifierElement.update (package:flutter/src/widgets/inherited_notifier.dart:108:11)
#737    Element.updateChild (package:flutter/src/widgets/framework.dart:4037:15)
#738    ComponentElement.performRebuild (package:flutter/src/widgets/framework.dart:5844:16)
#739    StatefulElement.performRebuild (package:flutter/src/widgets/framework.dart:5985:11)
#740    Element.rebuild (package:flutter/src/widgets/framework.dart:5532:7)
#741    StatefulElement.update (package:flutter/src/widgets/framework.dart:6010:5)
#742    Element.updateChild (package:flutter/src/widgets/framework.dart:4037:15)
#743    ComponentElement.performRebuild (package:flutter/src/widgets/framework.dart:5844:16)
#744    Element.rebuild (package:flutter/src/widgets/framework.dart:5532:7)
#745    ProxyElement.update (package:flutter/src/widgets/framework.dart:6152:5)
#746    _InheritedNotifierElement.update (package:flutter/src/widgets/inherited_notifier.dart:108:11)
#747    Element.updateChild (package:flutter/src/widgets/framework.dart:4037:15)
#748    ComponentElement.performRebuild (package:flutter/src/widgets/framework.dart:5844:16)
#749    StatefulElement.performRebuild (package:flutter/src/widgets/framework.dart:5985:11)
#750    Element.rebuild (package:flutter/src/widgets/framework.dart:5532:7)
#751    StatefulElement.update (package:flutter/src/widgets/framework.dart:6010:5)
#752    Element.updateChild (package:flutter/src/widgets/framework.dart:4037:15)
#753    ComponentElement.performRebuild (package:flutter/src/widgets/framework.dart:5844:16)
#754    StatefulElement.performRebuild (package:flutter/src/widgets/framework.dart:5985:11)
#755    Element.rebuild (package:flutter/src/widgets/framework.dart:5532:7)
#756    StatefulElement.update (package:flutter/src/widgets/framework.dart:6010:5)
#757    Element.updateChild (package:flutter/src/widgets/framework.dart:4037:15)
#758    ComponentElement.performRebuild (package:flutter/src/widgets/framework.dart:5844:16)
#759    Element.rebuild (package:flutter/src/widgets/framework.dart:5532:7)
#760    ProxyElement.update (package:flutter/src/widgets/framework.dart:6152:5)
#761    Element.updateChild (package:flutter/src/widgets/framework.dart:4037:15)
#762    ComponentElement.performRebuild (package:flutter/src/widgets/framework.dart:5844:16)
#763    StatefulElement.performRebuild (package:flutter/src/widgets/framework.dart:5985:11)
#764    Element.rebuild (package:flutter/src/widgets/framework.dart:5532:7)
#765    StatefulElement.update (package:flutter/src/widgets/framework.dart:6010:5)
#766    Element.updateChild (package:flutter/src/widgets/framework.dart:4037:15)
#767    ComponentElement.performRebuild (package:flutter/src/widgets/framework.dart:5844:16)
#768    Element.rebuild (package:flutter/src/widgets/framework.dart:5532:7)
#769    ProxyElement.update (package:flutter/src/widgets/framework.dart:6152:5)
#770    Element.updateChild (package:flutter/src/widgets/framework.dart:4037:15)
#771    ComponentElement.performRebuild (package:flutter/src/widgets/framework.dart:5844:16)
#772    Element.rebuild (package:flutter/src/widgets/framework.dart:5532:7)
#773    ProxyElement.update (package:flutter/src/widgets/framework.dart:6152:5)
#774    Element.updateChild (package:flutter/src/widgets/framework.dart:4037:15)
#775    _RawViewElement._updateChild (package:flutter/src/widgets/view.dart:481:16)
#776    _RawViewElement.update (package:flutter/src/widgets/view.dart:568:5)
#777    Element.updateChild (package:flutter/src/widgets/framework.dart:4037:15)
#778    ComponentElement.performRebuild (package:flutter/src/widgets/framework.dart:5844:16)
#779    Element.rebuild (package:flutter/src/widgets/framework.dart:5532:7)
#780    StatelessElement.update (package:flutter/src/widgets/framework.dart:5898:5)
#781    Element.updateChild (package:flutter/src/widgets/framework.dart:4037:15)
#782    ComponentElement.performRebuild (package:flutter/src/widgets/framework.dart:5844:16)
#783    StatefulElement.performRebuild (package:flutter/src/widgets/framework.dart:5985:11)
#784    Element.rebuild (package:flutter/src/widgets/framework.dart:5532:7)
#785    StatefulElement.update (package:flutter/src/widgets/framework.dart:6010:5)
#786    Element.updateChild (package:flutter/src/widgets/framework.dart:4037:15)
#787    RootElement._rebuild (package:flutter/src/widgets/binding.dart:1782:16)
#788    RootElement.update (package:flutter/src/widgets/binding.dart:1760:5)
#789    RootElement.performRebuild (package:flutter/src/widgets/binding.dart:1774:7)
#790    Element.rebuild (package:flutter/src/widgets/framework.dart:5532:7)
#791    BuildScope._tryRebuild (package:flutter/src/widgets/framework.dart:2750:15)
#792    BuildScope._flushDirtyElements (package:flutter/src/widgets/framework.dart:2807:11)
#793    BuildOwner.buildScope (package:flutter/src/widgets/framework.dart:3111:18)
#794    AutomatedTestWidgetsFlutterBinding.drawFrame (package:flutter_test/src/binding.dart:1506:19)
#795    RendererBinding._handlePersistentFrameCallback (package:flutter/src/rendering/binding.dart:495:5)
#796    SchedulerBinding._invokeFrameCallback (package:flutter/src/scheduler/binding.dart:1434:15)
#797    SchedulerBinding.handleDrawFrame (package:flutter/src/scheduler/binding.dart:1347:9)
#798    AutomatedTestWidgetsFlutterBinding.pump.<anonymous closure> (package:flutter_test/src/binding.dart:1335:9)
#801    TestAsyncUtils.guard (package:flutter_test/src/test_async_utils.dart:74:41)
#802    AutomatedTestWidgetsFlutterBinding.pump (package:flutter_test/src/binding.dart:1324:27)
#803    WidgetTester.pumpWidget.<anonymous closure> (package:flutter_test/src/widget_tester.dart:598:22)
#806    TestAsyncUtils.guard (package:flutter_test/src/test_async_utils.dart:74:41)
#807    WidgetTester.pumpWidget (package:flutter_test/src/widget_tester.dart:595:27)
#808    main.<anonymous closure>.<anonymous closure> (file:///C:/Users/joaom/Documents/GitHub/Music/music_tag_editor/test/home_view_test.dart:77:20)
#809    testWidgets.<anonymous closure>.<anonymous closure> (package:flutter_test/src/widget_tester.dart:192:29)
<asynchronous suspension>
#810    TestWidgetsFlutterBinding._runTestBody (package:flutter_test/src/binding.dart:1059:5)
<asynchronous suspension>
<asynchronous suspension>
(elided 5 frames from dart:async and package:stack_trace)

The test description was:
  renders disco mode button
════════════════════════════════════════════════════════════════════════════════════════════════════
00:31 +54 -12: C:/Users/joaom/Documents/GitHub/Music/music_tag_editor/test/disco_mode_view_test.dart: DiscoModeView tap closes the view
00:31 +54 -12: C:/Users/joaom/Documents/GitHub/Music/music_tag_editor/test/home_view_test.dart: HomeView renders disco mode button [E]
  Test failed. See exception logs above.
  The test description was: renders disco mode button
  
══╡ EXCEPTION CAUGHT BY FLUTTER TEST FRAMEWORK ╞════════════════════════════════════════════════════
The following TestFailure was thrown running a test (but after the test had completed):
Expected: exactly one matching candidate
  Actual: _IconWidgetFinder:<Found 0 widgets with icon "IconData(U+0E42D)": []>
   Which: means none were found but one was expected

When the exception was thrown, this was the stack:
#0      fail (package:matcher/src/expect/expect.dart:149:31)
#1      _expect (package:matcher/src/expect/expect.dart:144:3)
#2      expect (package:matcher/src/expect/expect.dart:56:3)
#3      expect (package:flutter_test/src/widget_tester.dart:473:18)
#4      main.<anonymous closure>.<anonymous closure> (file:///C:/Users/joaom/Documents/GitHub/Music/music_tag_editor/test/home_view_test.dart:80:7)
<asynchronous suspension>
#5      testWidgets.<anonymous closure>.<anonymous closure> (package:flutter_test/src/widget_tester.dart:192:15)
<asynchronous suspension>
#6      TestWidgetsFlutterBinding._runTestBody (package:flutter_test/src/binding.dart:1059:5)
<asynchronous suspension>
<asynchronous suspension>
(elided one frame from package:stack_trace)
════════════════════════════════════════════════════════════════════════════════════════════════════
  Test failed. See exception logs above.
  The test description was: renders disco mode button
  
00:31 +54 -12: C:/Users/joaom/Documents/GitHub/Music/music_tag_editor/test/home_view_test.dart: HomeView renders recents list with tracks
══╡ EXCEPTION CAUGHT BY FLUTTER TEST FRAMEWORK ╞════════════════════════════════════════════════════
The following _TypeError was thrown running a test:
type 'Null' is not a subtype of type 'Future<List<Map<String, dynamic>>>'

When the exception was thrown, this was the stack:
#0      MockDatabaseService.getTracks (file:///C:/Users/joaom/Documents/GitHub/Music/music_tag_editor/test/home_view_test.dart:9:7)
#1      _HomeViewState._loadData (package:music_tag_editor/views/home_view.dart:30:37)
#2      _HomeViewState.initState (package:music_tag_editor/views/home_view.dart:26:5)
#3      StatefulElement._firstBuild (package:flutter/src/widgets/framework.dart:5953:55)
#4      ComponentElement.mount (package:flutter/src/widgets/framework.dart:5796:5)
...     Normal element mounting (260 frames)
#264    Element.inflateWidget (package:flutter/src/widgets/framework.dart:4590:20)
#265    MultiChildRenderObjectElement.inflateWidget (package:flutter/src/widgets/framework.dart:7269:36)
#266    MultiChildRenderObjectElement.mount (package:flutter/src/widgets/framework.dart:7285:32)
...     Normal element mounting (465 frames)
#731    Element.inflateWidget (package:flutter/src/widgets/framework.dart:4590:20)
#732    Element.updateChild (package:flutter/src/widgets/framework.dart:4053:20)
#733    ComponentElement.performRebuild (package:flutter/src/widgets/framework.dart:5844:16)
#734    Element.rebuild (package:flutter/src/widgets/framework.dart:5532:7)
#735    ProxyElement.update (package:flutter/src/widgets/framework.dart:6152:5)
#736    _InheritedNotifierElement.update (package:flutter/src/widgets/inherited_notifier.dart:108:11)
#737    Element.updateChild (package:flutter/src/widgets/framework.dart:4037:15)
#738    ComponentElement.performRebuild (package:flutter/src/widgets/framework.dart:5844:16)
#739    StatefulElement.performRebuild (package:flutter/src/widgets/framework.dart:5985:11)
#740    Element.rebuild (package:flutter/src/widgets/framework.dart:5532:7)
#741    StatefulElement.update (package:flutter/src/widgets/framework.dart:6010:5)
#742    Element.updateChild (package:flutter/src/widgets/framework.dart:4037:15)
#743    ComponentElement.performRebuild (package:flutter/src/widgets/framework.dart:5844:16)
#744    Element.rebuild (package:flutter/src/widgets/framework.dart:5532:7)
#745    ProxyElement.update (package:flutter/src/widgets/framework.dart:6152:5)
#746    _InheritedNotifierElement.update (package:flutter/src/widgets/inherited_notifier.dart:108:11)
#747    Element.updateChild (package:flutter/src/widgets/framework.dart:4037:15)
#748    ComponentElement.performRebuild (package:flutter/src/widgets/framework.dart:5844:16)
#749    StatefulElement.performRebuild (package:flutter/src/widgets/framework.dart:5985:11)
#750    Element.rebuild (package:flutter/src/widgets/framework.dart:5532:7)
#751    StatefulElement.update (package:flutter/src/widgets/framework.dart:6010:5)
#752    Element.updateChild (package:flutter/src/widgets/framework.dart:4037:15)
#753    ComponentElement.performRebuild (package:flutter/src/widgets/framework.dart:5844:16)
#754    StatefulElement.performRebuild (package:flutter/src/widgets/framework.dart:5985:11)
#755    Element.rebuild (package:flutter/src/widgets/framework.dart:5532:7)
#756    StatefulElement.update (package:flutter/src/widgets/framework.dart:6010:5)
#757    Element.updateChild (package:flutter/src/widgets/framework.dart:4037:15)
#758    ComponentElement.performRebuild (package:flutter/src/widgets/framework.dart:5844:16)
#759    Element.rebuild (package:flutter/src/widgets/framework.dart:5532:7)
#760    ProxyElement.update (package:flutter/src/widgets/framework.dart:6152:5)
#761    Element.updateChild (package:flutter/src/widgets/framework.dart:4037:15)
#762    ComponentElement.performRebuild (package:flutter/src/widgets/framework.dart:5844:16)
#763    StatefulElement.performRebuild (package:flutter/src/widgets/framework.dart:5985:11)
#764    Element.rebuild (package:flutter/src/widgets/framework.dart:5532:7)
#765    StatefulElement.update (package:flutter/src/widgets/framework.dart:6010:5)
#766    Element.updateChild (package:flutter/src/widgets/framework.dart:4037:15)
#767    ComponentElement.performRebuild (package:flutter/src/widgets/framework.dart:5844:16)
#768    Element.rebuild (package:flutter/src/widgets/framework.dart:5532:7)
#769    ProxyElement.update (package:flutter/src/widgets/framework.dart:6152:5)
#770    Element.updateChild (package:flutter/src/widgets/framework.dart:4037:15)
#771    ComponentElement.performRebuild (package:flutter/src/widgets/framework.dart:5844:16)
#772    Element.rebuild (package:flutter/src/widgets/framework.dart:5532:7)
#773    ProxyElement.update (package:flutter/src/widgets/framework.dart:6152:5)
#774    Element.updateChild (package:flutter/src/widgets/framework.dart:4037:15)
#775    _RawViewElement._updateChild (package:flutter/src/widgets/view.dart:481:16)
#776    _RawViewElement.update (package:flutter/src/widgets/view.dart:568:5)
#777    Element.updateChild (package:flutter/src/widgets/framework.dart:4037:15)
#778    ComponentElement.performRebuild (package:flutter/src/widgets/framework.dart:5844:16)
#779    Element.rebuild (package:flutter/src/widgets/framework.dart:5532:7)
#780    StatelessElement.update (package:flutter/src/widgets/framework.dart:5898:5)
#781    Element.updateChild (package:flutter/src/widgets/framework.dart:4037:15)
#782    ComponentElement.performRebuild (package:flutter/src/widgets/framework.dart:5844:16)
#783    StatefulElement.performRebuild (package:flutter/src/widgets/framework.dart:5985:11)
#784    Element.rebuild (package:flutter/src/widgets/framework.dart:5532:7)
#785    StatefulElement.update (package:flutter/src/widgets/framework.dart:6010:5)
#786    Element.updateChild (package:flutter/src/widgets/framework.dart:4037:15)
#787    RootElement._rebuild (package:flutter/src/widgets/binding.dart:1782:16)
#788    RootElement.update (package:flutter/src/widgets/binding.dart:1760:5)
#789    RootElement.performRebuild (package:flutter/src/widgets/binding.dart:1774:7)
#790    Element.rebuild (package:flutter/src/widgets/framework.dart:5532:7)
#791    BuildScope._tryRebuild (package:flutter/src/widgets/framework.dart:2750:15)
#792    BuildScope._flushDirtyElements (package:flutter/src/widgets/framework.dart:2807:11)
#793    BuildOwner.buildScope (package:flutter/src/widgets/framework.dart:3111:18)
#794    AutomatedTestWidgetsFlutterBinding.drawFrame (package:flutter_test/src/binding.dart:1506:19)
#795    RendererBinding._handlePersistentFrameCallback (package:flutter/src/rendering/binding.dart:495:5)
#796    SchedulerBinding._invokeFrameCallback (package:flutter/src/scheduler/binding.dart:1434:15)
#797    SchedulerBinding.handleDrawFrame (package:flutter/src/scheduler/binding.dart:1347:9)
#798    AutomatedTestWidgetsFlutterBinding.pump.<anonymous closure> (package:flutter_test/src/binding.dart:1335:9)
#801    TestAsyncUtils.guard (package:flutter_test/src/test_async_utils.dart:74:41)
#802    AutomatedTestWidgetsFlutterBinding.pump (package:flutter_test/src/binding.dart:1324:27)
#803    WidgetTester.pumpWidget.<anonymous closure> (package:flutter_test/src/widget_tester.dart:598:22)
#806    TestAsyncUtils.guard (package:flutter_test/src/test_async_utils.dart:74:41)
#807    WidgetTester.pumpWidget (package:flutter_test/src/widget_tester.dart:595:27)
#808    main.<anonymous closure>.<anonymous closure> (file:///C:/Users/joaom/Documents/GitHub/Music/music_tag_editor/test/home_view_test.dart:95:20)
#809    testWidgets.<anonymous closure>.<anonymous closure> (package:flutter_test/src/widget_tester.dart:192:29)
<asynchronous suspension>
#810    TestWidgetsFlutterBinding._runTestBody (package:flutter_test/src/binding.dart:1059:5)
<asynchronous suspension>
<asynchronous suspension>
(elided 5 frames from dart:async and package:stack_trace)

The test description was:
  renders recents list with tracks
════════════════════════════════════════════════════════════════════════════════════════════════════
00:31 +54 -13: C:/Users/joaom/Documents/GitHub/Music/music_tag_editor/test/disco_mode_view_test.dart: DiscoModeView tap closes the view
00:31 +54 -13: C:/Users/joaom/Documents/GitHub/Music/music_tag_editor/test/home_view_test.dart: HomeView renders recents list with tracks [E]
  Test failed. See exception logs above.
  The test description was: renders recents list with tracks
  
══╡ EXCEPTION CAUGHT BY FLUTTER TEST FRAMEWORK ╞════════════════════════════════════════════════════
The following TestFailure was thrown running a test (but after the test had completed):
Expected: exactly one matching candidate
  Actual: _TextWidgetFinder:<Found 0 widgets with text "Recent Song": []>
   Which: means none were found but one was expected

When the exception was thrown, this was the stack:
#0      fail (package:matcher/src/expect/expect.dart:149:31)
#1      _expect (package:matcher/src/expect/expect.dart:144:3)
#2      expect (package:matcher/src/expect/expect.dart:56:3)
#3      expect (package:flutter_test/src/widget_tester.dart:473:18)
#4      main.<anonymous closure>.<anonymous closure> (file:///C:/Users/joaom/Documents/GitHub/Music/music_tag_editor/test/home_view_test.dart:98:7)
<asynchronous suspension>
#5      testWidgets.<anonymous closure>.<anonymous closure> (package:flutter_test/src/widget_tester.dart:192:15)
<asynchronous suspension>
#6      TestWidgetsFlutterBinding._runTestBody (package:flutter_test/src/binding.dart:1059:5)
<asynchronous suspension>
<asynchronous suspension>
(elided one frame from package:stack_trace)
════════════════════════════════════════════════════════════════════════════════════════════════════
  Test failed. See exception logs above.
  The test description was: renders recents list with tracks
  
00:31 +54 -13: C:/Users/joaom/Documents/GitHub/Music/music_tag_editor/test/home_view_test.dart: HomeView scaffold renders correctly
══╡ EXCEPTION CAUGHT BY FLUTTER TEST FRAMEWORK ╞════════════════════════════════════════════════════
The following _TypeError was thrown running a test:
type 'Null' is not a subtype of type 'Future<List<Map<String, dynamic>>>'

When the exception was thrown, this was the stack:
#0      MockDatabaseService.getTracks (file:///C:/Users/joaom/Documents/GitHub/Music/music_tag_editor/test/home_view_test.dart:9:7)
#1      _HomeViewState._loadData (package:music_tag_editor/views/home_view.dart:30:37)
#2      _HomeViewState.initState (package:music_tag_editor/views/home_view.dart:26:5)
#3      StatefulElement._firstBuild (package:flutter/src/widgets/framework.dart:5953:55)
#4      ComponentElement.mount (package:flutter/src/widgets/framework.dart:5796:5)
...     Normal element mounting (260 frames)
#264    Element.inflateWidget (package:flutter/src/widgets/framework.dart:4590:20)
#265    MultiChildRenderObjectElement.inflateWidget (package:flutter/src/widgets/framework.dart:7269:36)
#266    MultiChildRenderObjectElement.mount (package:flutter/src/widgets/framework.dart:7285:32)
...     Normal element mounting (465 frames)
#731    Element.inflateWidget (package:flutter/src/widgets/framework.dart:4590:20)
#732    Element.updateChild (package:flutter/src/widgets/framework.dart:4053:20)
#733    ComponentElement.performRebuild (package:flutter/src/widgets/framework.dart:5844:16)
#734    Element.rebuild (package:flutter/src/widgets/framework.dart:5532:7)
#735    ProxyElement.update (package:flutter/src/widgets/framework.dart:6152:5)
#736    _InheritedNotifierElement.update (package:flutter/src/widgets/inherited_notifier.dart:108:11)
#737    Element.updateChild (package:flutter/src/widgets/framework.dart:4037:15)
#738    ComponentElement.performRebuild (package:flutter/src/widgets/framework.dart:5844:16)
#739    StatefulElement.performRebuild (package:flutter/src/widgets/framework.dart:5985:11)
#740    Element.rebuild (package:flutter/src/widgets/framework.dart:5532:7)
#741    StatefulElement.update (package:flutter/src/widgets/framework.dart:6010:5)
#742    Element.updateChild (package:flutter/src/widgets/framework.dart:4037:15)
#743    ComponentElement.performRebuild (package:flutter/src/widgets/framework.dart:5844:16)
#744    Element.rebuild (package:flutter/src/widgets/framework.dart:5532:7)
#745    ProxyElement.update (package:flutter/src/widgets/framework.dart:6152:5)
#746    _InheritedNotifierElement.update (package:flutter/src/widgets/inherited_notifier.dart:108:11)
#747    Element.updateChild (package:flutter/src/widgets/framework.dart:4037:15)
#748    ComponentElement.performRebuild (package:flutter/src/widgets/framework.dart:5844:16)
#749    StatefulElement.performRebuild (package:flutter/src/widgets/framework.dart:5985:11)
#750    Element.rebuild (package:flutter/src/widgets/framework.dart:5532:7)
#751    StatefulElement.update (package:flutter/src/widgets/framework.dart:6010:5)
#752    Element.updateChild (package:flutter/src/widgets/framework.dart:4037:15)
#753    ComponentElement.performRebuild (package:flutter/src/widgets/framework.dart:5844:16)
#754    StatefulElement.performRebuild (package:flutter/src/widgets/framework.dart:5985:11)
#755    Element.rebuild (package:flutter/src/widgets/framework.dart:5532:7)
#756    StatefulElement.update (package:flutter/src/widgets/framework.dart:6010:5)
#757    Element.updateChild (package:flutter/src/widgets/framework.dart:4037:15)
#758    ComponentElement.performRebuild (package:flutter/src/widgets/framework.dart:5844:16)
#759    Element.rebuild (package:flutter/src/widgets/framework.dart:5532:7)
#760    ProxyElement.update (package:flutter/src/widgets/framework.dart:6152:5)
#761    Element.updateChild (package:flutter/src/widgets/framework.dart:4037:15)
#762    ComponentElement.performRebuild (package:flutter/src/widgets/framework.dart:5844:16)
#763    StatefulElement.performRebuild (package:flutter/src/widgets/framework.dart:5985:11)
#764    Element.rebuild (package:flutter/src/widgets/framework.dart:5532:7)
#765    StatefulElement.update (package:flutter/src/widgets/framework.dart:6010:5)
#766    Element.updateChild (package:flutter/src/widgets/framework.dart:4037:15)
#767    ComponentElement.performRebuild (package:flutter/src/widgets/framework.dart:5844:16)
#768    Element.rebuild (package:flutter/src/widgets/framework.dart:5532:7)
#769    ProxyElement.update (package:flutter/src/widgets/framework.dart:6152:5)
#770    Element.updateChild (package:flutter/src/widgets/framework.dart:4037:15)
#771    ComponentElement.performRebuild (package:flutter/src/widgets/framework.dart:5844:16)
#772    Element.rebuild (package:flutter/src/widgets/framework.dart:5532:7)
#773    ProxyElement.update (package:flutter/src/widgets/framework.dart:6152:5)
#774    Element.updateChild (package:flutter/src/widgets/framework.dart:4037:15)
#775    _RawViewElement._updateChild (package:flutter/src/widgets/view.dart:481:16)
#776    _RawViewElement.update (package:flutter/src/widgets/view.dart:568:5)
#777    Element.updateChild (package:flutter/src/widgets/framework.dart:4037:15)
#778    ComponentElement.performRebuild (package:flutter/src/widgets/framework.dart:5844:16)
#779    Element.rebuild (package:flutter/src/widgets/framework.dart:5532:7)
#780    StatelessElement.update (package:flutter/src/widgets/framework.dart:5898:5)
#781    Element.updateChild (package:flutter/src/widgets/framework.dart:4037:15)
#782    ComponentElement.performRebuild (package:flutter/src/widgets/framework.dart:5844:16)
#783    StatefulElement.performRebuild (package:flutter/src/widgets/framework.dart:5985:11)
#784    Element.rebuild (package:flutter/src/widgets/framework.dart:5532:7)
#785    StatefulElement.update (package:flutter/src/widgets/framework.dart:6010:5)
#786    Element.updateChild (package:flutter/src/widgets/framework.dart:4037:15)
#787    RootElement._rebuild (package:flutter/src/widgets/binding.dart:1782:16)
#788    RootElement.update (package:flutter/src/widgets/binding.dart:1760:5)
#789    RootElement.performRebuild (package:flutter/src/widgets/binding.dart:1774:7)
#790    Element.rebuild (package:flutter/src/widgets/framework.dart:5532:7)
#791    BuildScope._tryRebuild (package:flutter/src/widgets/framework.dart:2750:15)
#792    BuildScope._flushDirtyElements (package:flutter/src/widgets/framework.dart:2807:11)
#793    BuildOwner.buildScope (package:flutter/src/widgets/framework.dart:3111:18)
#794    AutomatedTestWidgetsFlutterBinding.drawFrame (package:flutter_test/src/binding.dart:1506:19)
#795    RendererBinding._handlePersistentFrameCallback (package:flutter/src/rendering/binding.dart:495:5)
#796    SchedulerBinding._invokeFrameCallback (package:flutter/src/scheduler/binding.dart:1434:15)
#797    SchedulerBinding.handleDrawFrame (package:flutter/src/scheduler/binding.dart:1347:9)
#798    AutomatedTestWidgetsFlutterBinding.pump.<anonymous closure> (package:flutter_test/src/binding.dart:1335:9)
#801    TestAsyncUtils.guard (package:flutter_test/src/test_async_utils.dart:74:41)
#802    AutomatedTestWidgetsFlutterBinding.pump (package:flutter_test/src/binding.dart:1324:27)
#803    WidgetTester.pumpWidget.<anonymous closure> (package:flutter_test/src/widget_tester.dart:598:22)
#806    TestAsyncUtils.guard (package:flutter_test/src/test_async_utils.dart:74:41)
#807    WidgetTester.pumpWidget (package:flutter_test/src/widget_tester.dart:595:27)
#808    main.<anonymous closure>.<anonymous closure> (file:///C:/Users/joaom/Documents/GitHub/Music/music_tag_editor/test/home_view_test.dart:105:20)
#809    testWidgets.<anonymous closure>.<anonymous closure> (package:flutter_test/src/widget_tester.dart:192:29)
<asynchronous suspension>
#810    TestWidgetsFlutterBinding._runTestBody (package:flutter_test/src/binding.dart:1059:5)
<asynchronous suspension>
<asynchronous suspension>
(elided 5 frames from dart:async and package:stack_trace)

The test description was:
  scaffold renders correctly
════════════════════════════════════════════════════════════════════════════════════════════════════
00:31 +54 -14: C:/Users/joaom/Documents/GitHub/Music/music_tag_editor/test/disco_mode_view_test.dart: DiscoModeView tap closes the view
00:31 +54 -14: C:/Users/joaom/Documents/GitHub/Music/music_tag_editor/test/home_view_test.dart: HomeView scaffold renders correctly [E]
  Test failed. See exception logs above.
  The test description was: scaffold renders correctly
  
00:31 +54 -14: C:/Users/joaom/Documents/GitHub/Music/music_tag_editor/test/disco_mode_view_test.dart: DiscoModeView tap closes the view
00:34 +55 -14: C:/Users/joaom/Documents/GitHub/Music/music_tag_editor/test/disco_mode_view_test.dart: DiscoModeView tap closes the view
00:34 +56 -14: C:/Users/joaom/Documents/GitHub/Music/music_tag_editor/test/disco_mode_view_test.dart: DiscoModeView tap closes the view
00:34 +57 -14: C:/Users/joaom/Documents/GitHub/Music/music_tag_editor/test/disco_mode_view_test.dart: DiscoModeView tap closes the view
00:34 +58 -14: C:/Users/joaom/Documents/GitHub/Music/music_tag_editor/test/disco_mode_view_test.dart: DiscoModeView tap closes the view
00:34 +59 -14: C:/Users/joaom/Documents/GitHub/Music/music_tag_editor/test/disco_mode_view_test.dart: DiscoModeView tap closes the view
00:34 +60 -14: C:/Users/joaom/Documents/GitHub/Music/music_tag_editor/test/disco_mode_view_test.dart: DiscoModeView tap closes the view
00:36 +61 -14: C:/Users/joaom/Documents/GitHub/Music/music_tag_editor/test/disco_mode_view_test.dart: DiscoModeView tap closes the view
00:36 +62 -14: C:/Users/joaom/Documents/GitHub/Music/music_tag_editor/test/disco_mode_view_test.dart: DiscoModeView tap closes the view
00:36 +63 -14: C:/Users/joaom/Documents/GitHub/Music/music_tag_editor/test/disco_mode_view_test.dart: DiscoModeView tap closes the view
00:39 +64 -14: C:/Users/joaom/Documents/GitHub/Music/music_tag_editor/test/disco_mode_view_test.dart: DiscoModeView tap closes the view
00:39 +65 -14: C:/Users/joaom/Documents/GitHub/Music/music_tag_editor/test/disco_mode_view_test.dart: DiscoModeView tap closes the view
00:41 +66 -14: C:/Users/joaom/Documents/GitHub/Music/music_tag_editor/test/disco_mode_view_test.dart: DiscoModeView tap closes the view
00:41 +67 -14: C:/Users/joaom/Documents/GitHub/Music/music_tag_editor/test/disco_mode_view_test.dart: DiscoModeView tap closes the view
00:41 +68 -14: C:/Users/joaom/Documents/GitHub/Music/music_tag_editor/test/disco_mode_view_test.dart: DiscoModeView tap closes the view
00:41 +69 -14: C:/Users/joaom/Documents/GitHub/Music/music_tag_editor/test/disco_mode_view_test.dart: DiscoModeView tap closes the view
00:41 +70 -14: C:/Users/joaom/Documents/GitHub/Music/music_tag_editor/test/disco_mode_view_test.dart: DiscoModeView tap closes the view
00:41 +71 -14: C:/Users/joaom/Documents/GitHub/Music/music_tag_editor/test/disco_mode_view_test.dart: DiscoModeView tap closes the view
00:41 +72 -14: C:/Users/joaom/Documents/GitHub/Music/music_tag_editor/test/disco_mode_view_test.dart: DiscoModeView tap closes the view
00:45 +73 -14: C:/Users/joaom/Documents/GitHub/Music/music_tag_editor/test/disco_mode_view_test.dart: DiscoModeView tap closes the view
00:45 +74 -14: C:/Users/joaom/Documents/GitHub/Music/music_tag_editor/test/disco_mode_view_test.dart: DiscoModeView tap closes the view
00:45 +75 -14: C:/Users/joaom/Documents/GitHub/Music/music_tag_editor/test/disco_mode_view_test.dart: DiscoModeView tap closes the view
00:46 +76 -14: C:/Users/joaom/Documents/GitHub/Music/music_tag_editor/test/disco_mode_view_test.dart: DiscoModeView tap closes the view
00:47 +77 -14: C:/Users/joaom/Documents/GitHub/Music/music_tag_editor/test/disco_mode_view_test.dart: DiscoModeView tap closes the view
══╡ EXCEPTION CAUGHT BY FLUTTER TEST FRAMEWORK ╞════════════════════════════════════════════════════
The following assertion was thrown running a test:
pumpAndSettle timed out

When the exception was thrown, this was the stack:
#0      WidgetTester.pumpAndSettle.<anonymous closure> (package:flutter_test/src/widget_tester.dart:717:11)
<asynchronous suspension>
#1      TestAsyncUtils.guard.<anonymous closure> (package:flutter_test/src/test_async_utils.dart:130:27)
<asynchronous suspension>
#2      main.<anonymous closure>.<anonymous closure> (file:///C:/Users/joaom/Documents/GitHub/Music/music_tag_editor/test/disco_mode_view_test.dart:78:7)
<asynchronous suspension>
#3      testWidgets.<anonymous closure>.<anonymous closure> (package:flutter_test/src/widget_tester.dart:192:15)
<asynchronous suspension>
#4      TestWidgetsFlutterBinding._runTestBody (package:flutter_test/src/binding.dart:1059:5)
<asynchronous suspension>
<asynchronous suspension>
(elided one frame from package:stack_trace)

The test description was:
  tap closes the view
════════════════════════════════════════════════════════════════════════════════════════════════════
00:50 +77 -15: C:/Users/joaom/Documents/GitHub/Music/music_tag_editor/test/lyrics_service_test.dart: LyricsService fetchLyrics returns empty list on network error
00:50 +77 -15: C:/Users/joaom/Documents/GitHub/Music/music_tag_editor/test/disco_mode_view_test.dart: DiscoModeView tap closes the view [E]
  Test failed. See exception logs above.
  The test description was: tap closes the view
  
00:50 +78 -15: C:/Users/joaom/Documents/GitHub/Music/music_tag_editor/test/disco_mode_view_test.dart: DiscoModeView visualizer bars animate
00:50 +79 -15: C:/Users/joaom/Documents/GitHub/Music/music_tag_editor/test/disco_mode_view_test.dart: DiscoModeView visualizer bars animate
00:50 +80 -15: C:/Users/joaom/Documents/GitHub/Music/music_tag_editor/test/disco_mode_view_test.dart: DiscoModeView visualizer bars animate
00:50 +81 -15: C:/Users/joaom/Documents/GitHub/Music/music_tag_editor/test/disco_mode_view_test.dart: DiscoModeView visualizer bars animate
00:50 +82 -15: C:/Users/joaom/Documents/GitHub/Music/music_tag_editor/test/disco_mode_view_test.dart: DiscoModeView rotation animation runs
00:53 +83 -15: C:/Users/joaom/Documents/GitHub/Music/music_tag_editor/test/main_app_test.dart: MusicTagEditorApp shows LoginPage when not authenticated
00:55 +84 -15: C:/Users/joaom/Documents/GitHub/Music/music_tag_editor/test/main_test.dart: MusicTagEditorApp renders MaterialApp
00:56 +85 -15: C:/Users/joaom/Documents/GitHub/Music/music_tag_editor/test/main_app_test.dart: MusicTagEditorApp shows AppShell when authenticated
00:56 +86 -15: C:/Users/joaom/Documents/GitHub/Music/music_tag_editor/test/main_test.dart: MusicTagEditorApp shows LoginPage when not authenticated
══╡ EXCEPTION CAUGHT BY FLUTTER TEST FRAMEWORK ╞════════════════════════════════════════════════════
The following TestFailure was thrown running a test:
Expected: at least one matching candidate
  Actual: _TextContainingWidgetFinder:<Found 0 widgets with text containing Login: []>
   Which: means none were found but some were expected

When the exception was thrown, this was the stack:
#4      main.<anonymous closure>.<anonymous closure> (file:///C:/Users/joaom/Documents/GitHub/Music/music_tag_editor/test/main_test.dart:45:7)
<asynchronous suspension>
#5      testWidgets.<anonymous closure>.<anonymous closure> (package:flutter_test/src/widget_tester.dart:192:15)
<asynchronous suspension>
#6      TestWidgetsFlutterBinding._runTestBody (package:flutter_test/src/binding.dart:1059:5)
<asynchronous suspension>
<asynchronous suspension>
(elided one frame from package:stack_trace)

This was caught by the test expectation on the following line:
  file:///C:/Users/joaom/Documents/GitHub/Music/music_tag_editor/test/main_test.dart line 45
The test description was:
  shows LoginPage when not authenticated
════════════════════════════════════════════════════════════════════════════════════════════════════
00:56 +86 -16: C:/Users/joaom/Documents/GitHub/Music/music_tag_editor/test/main_app_test.dart: LibraryPage displays initial empty state
00:56 +86 -16: C:/Users/joaom/Documents/GitHub/Music/music_tag_editor/test/main_test.dart: MusicTagEditorApp shows LoginPage when not authenticated [E]
  Test failed. See exception logs above.
  The test description was: shows LoginPage when not authenticated
  
00:56 +87 -16: C:/Users/joaom/Documents/GitHub/Music/music_tag_editor/test/main_test.dart: MusicTagEditorApp uses theme color from ThemeService
00:56 +88 -16: C:/Users/joaom/Documents/GitHub/Music/music_tag_editor/test/main_test.dart: MusicTagEditorApp uses theme color from ThemeService
00:56 +89 -16: C:/Users/joaom/Documents/GitHub/Music/music_tag_editor/test/main_test.dart: MusicTagEditorApp uses theme color from ThemeService
00:56 +90 -16: C:/Users/joaom/Documents/GitHub/Music/music_tag_editor/test/main_test.dart: MusicTagEditorApp uses theme color from ThemeService
00:57 +91 -16: C:/Users/joaom/Documents/GitHub/Music/music_tag_editor/test/main_test.dart: LibraryPage renders with title
00:57 +92 -16: C:/Users/joaom/Documents/GitHub/Music/music_tag_editor/test/main_test.dart: LibraryPage has DefaultTabController
00:57 +93 -16: C:/Users/joaom/Documents/GitHub/Music/music_tag_editor/test/main_test.dart: LibraryPage renders tab bar with tabs
00:57 +94 -16: C:/Users/joaom/Documents/GitHub/Music/music_tag_editor/test/main_test.dart: LibraryPage has settings button in app bar
00:58 +95 -16: C:/Users/joaom/Documents/GitHub/Music/music_tag_editor/test/main_test.dart: LibraryPage has download button in app bar
00:58 +96 -16: C:/Users/joaom/Documents/GitHub/Music/music_tag_editor/test/main_test.dart: LibraryPage shows empty folder message
00:58 +97 -16: C:/Users/joaom/Documents/GitHub/Music/music_tag_editor/test/metadata_aggregator_service_test.dart: aggregateMetadata aggregates results correctly with majority vote
00:59 +98 -16: C:/Users/joaom/Documents/GitHub/Music/music_tag_editor/test/metadata_aggregator_service_test.dart: aggregateMetadata handles empty results
00:59 +99 -16: C:/Users/joaom/Documents/GitHub/Music/music_tag_editor/test/metadata_aggregator_service_test.dart: fetchSyncedLyrics returns lyrics from LrcLib if found and valid
00:59 +100 -16: C:/Users/joaom/Documents/GitHub/Music/music_tag_editor/test/metadata_aggregator_service_test.dart: fetchSyncedLyrics falls back to Netease if LrcLib empty
01:00 +101 -16: C:/Users/joaom/Documents/GitHub/Music/music_tag_editor/test/metadata_service_test.dart: MetadataService Tests Read and Write Metadata
01:00 +102 -16: C:/Users/joaom/Documents/GitHub/Music/music_tag_editor/test/metadata_service_test.dart: MetadataService Tests Read non-existent file throws exception
01:00 +103 -16: C:/Users/joaom/Documents/GitHub/Music/music_tag_editor/test/metadata_service_test.dart: MetadataService Tests Write to non-existent file throws exception
01:01 +104 -16: C:/Users/joaom/Documents/GitHub/Music/music_tag_editor/test/mini_player_test.dart: MiniPlayer Widget Tests Shows nothing when no track is playing
01:03 +105 -16: C:/Users/joaom/Documents/GitHub/Music/music_tag_editor/test/mini_player_test.dart: MiniPlayer Widget Tests Shows track info and controls when track is present
01:04 +106 -16: C:/Users/joaom/Documents/GitHub/Music/music_tag_editor/test/mood_explorer_view_test.dart: MoodExplorerView renders mood cards
01:04 +107 -16: C:/Users/joaom/Documents/GitHub/Music/music_tag_editor/test/mood_explorer_view_test.dart: MoodExplorerView renders mood cards
01:06 +108 -16: C:/Users/joaom/Documents/GitHub/Music/music_tag_editor/test/mood_explorer_view_test.dart: MoodExplorerView tapping mood opens bottom sheet
01:06 +109 -16: C:/Users/joaom/Documents/GitHub/Music/music_tag_editor/test/musicbrainz_api_test.dart: MusicBrainzApi searchRecording returns map on query
01:07 +110 -16: C:/Users/joaom/Documents/GitHub/Music/music_tag_editor/test/musicbrainz_api_test.dart: MusicBrainzApi searchRecording returns map on query
01:07 +111 -16: C:/Users/joaom/Documents/GitHub/Music/music_tag_editor/test/musicbrainz_api_test.dart: MusicBrainzApi searchRecording returns map on query
01:07 +112 -16: C:/Users/joaom/Documents/GitHub/Music/music_tag_editor/test/musicbrainz_api_test.dart: MusicBrainzApi searchRecording returns map on query
01:07 +113 -16: C:/Users/joaom/Documents/GitHub/Music/music_tag_editor/test/musicbrainz_api_test.dart: MusicBrainzApi searchRecording handles empty strings
01:08 +114 -16: C:/Users/joaom/Documents/GitHub/Music/music_tag_editor/test/musicbrainz_api_test.dart: MusicBrainzApi MusicBrainzApi can be instantiated
01:12 +115 -16: C:/Users/joaom/Documents/GitHub/Music/music_tag_editor/test/my_tracks_view_test.dart: (setUpAll)
01:12 +115 -16: C:/Users/joaom/Documents/GitHub/Music/music_tag_editor/test/my_tracks_view_test.dart: MyTracksView renders loading state
Pending timers:
Timer (duration: 0:00:01.000000, periodic: false), created:
#0      new FakeTimer._ (package:fake_async/fake_async.dart:342:62)
#1      FakeAsync._createTimer (package:fake_async/fake_async.dart:260:29)
#2      FakeAsync.run.<anonymous closure> (package:fake_async/fake_async.dart:185:15)
#6      main.<anonymous closure>.<anonymous closure>.<anonymous closure> (file:///C:/Users/joaom/Documents/GitHub/Music/music_tag_editor/test/my_tracks_view_test.dart:42:22)
#7      Mock.noSuchMethod (package:mocktail/src/mocktail.dart:131:37)
#8      MockDatabaseService.getTracks (file:///C:/Users/joaom/Documents/GitHub/Music/music_tag_editor/test/my_tracks_view_test.dart:9:7)
#9      _MyTracksViewState._loadTracks (package:music_tag_editor/views/my_tracks_view.dart:28:37)
#10     _MyTracksViewState.initState (package:music_tag_editor/views/my_tracks_view.dart:24:5)
#11     StatefulElement._firstBuild (package:flutter/src/widgets/framework.dart:5953:55)
#12     ComponentElement.mount (package:flutter/src/widgets/framework.dart:5796:5)
...     Normal element mounting (260 frames)
#272    Element.inflateWidget (package:flutter/src/widgets/framework.dart:4590:20)
#273    MultiChildRenderObjectElement.inflateWidget (package:flutter/src/widgets/framework.dart:7269:36)
#274    MultiChildRenderObjectElement.mount (package:flutter/src/widgets/framework.dart:7285:32)
...     Normal element mounting (465 frames)
#739    Element.inflateWidget (package:flutter/src/widgets/framework.dart:4590:20)
#740    Element.updateChild (package:flutter/src/widgets/framework.dart:4053:20)
#741    ComponentElement.performRebuild (package:flutter/src/widgets/framework.dart:5844:16)
#742    Element.rebuild (package:flutter/src/widgets/framework.dart:5532:7)
#743    ProxyElement.update (package:flutter/src/widgets/framework.dart:6152:5)
#744    _InheritedNotifierElement.update (package:flutter/src/widgets/inherited_notifier.dart:108:11)
#745    Element.updateChild (package:flutter/src/widgets/framework.dart:4037:15)
#746    ComponentElement.performRebuild (package:flutter/src/widgets/framework.dart:5844:16)
#747    StatefulElement.performRebuild (package:flutter/src/widgets/framework.dart:5985:11)
#748    Element.rebuild (package:flutter/src/widgets/framework.dart:5532:7)
#749    StatefulElement.update (package:flutter/src/widgets/framework.dart:6010:5)
#750    Element.updateChild (package:flutter/src/widgets/framework.dart:4037:15)
#751    ComponentElement.performRebuild (package:flutter/src/widgets/framework.dart:5844:16)
#752    Element.rebuild (package:flutter/src/widgets/framework.dart:5532:7)
#753    ProxyElement.update (package:flutter/src/widgets/framework.dart:6152:5)
#754    _InheritedNotifierElement.update (package:flutter/src/widgets/inherited_notifier.dart:108:11)
#755    Element.updateChild (package:flutter/src/widgets/framework.dart:4037:15)
#756    ComponentElement.performRebuild (package:flutter/src/widgets/framework.dart:5844:16)
#757    StatefulElement.performRebuild (package:flutter/src/widgets/framework.dart:5985:11)
#758    Element.rebuild (package:flutter/src/widgets/framework.dart:5532:7)
#759    StatefulElement.update (package:flutter/src/widgets/framework.dart:6010:5)
#760    Element.updateChild (package:flutter/src/widgets/framework.dart:4037:15)
#761    ComponentElement.performRebuild (package:flutter/src/widgets/framework.dart:5844:16)
#762    StatefulElement.performRebuild (package:flutter/src/widgets/framework.dart:5985:11)
#763    Element.rebuild (package:flutter/src/widgets/framework.dart:5532:7)
#764    StatefulElement.update (package:flutter/src/widgets/framework.dart:6010:5)
#765    Element.updateChild (package:flutter/src/widgets/framework.dart:4037:15)
#766    ComponentElement.performRebuild (package:flutter/src/widgets/framework.dart:5844:16)
#767    Element.rebuild (package:flutter/src/widgets/framework.dart:5532:7)
#768    ProxyElement.update (package:flutter/src/widgets/framework.dart:6152:5)
#769    Element.updateChild (package:flutter/src/widgets/framework.dart:4037:15)
#770    ComponentElement.performRebuild (package:flutter/src/widgets/framework.dart:5844:16)
#771    StatefulElement.performRebuild (package:flutter/src/widgets/framework.dart:5985:11)
#772    Element.rebuild (package:flutter/src/widgets/framework.dart:5532:7)
#773    StatefulElement.update (package:flutter/src/widgets/framework.dart:6010:5)
#774    Element.updateChild (package:flutter/src/widgets/framework.dart:4037:15)
#775    ComponentElement.performRebuild (package:flutter/src/widgets/framework.dart:5844:16)
#776    Element.rebuild (package:flutter/src/widgets/framework.dart:5532:7)
#777    ProxyElement.update (package:flutter/src/widgets/framework.dart:6152:5)
#778    Element.updateChild (package:flutter/src/widgets/framework.dart:4037:15)
#779    ComponentElement.performRebuild (package:flutter/src/widgets/framework.dart:5844:16)
#780    Element.rebuild (package:flutter/src/widgets/framework.dart:5532:7)
#781    ProxyElement.update (package:flutter/src/widgets/framework.dart:6152:5)
#782    Element.updateChild (package:flutter/src/widgets/framework.dart:4037:15)
#783    _RawViewElement._updateChild (package:flutter/src/widgets/view.dart:481:16)
#784    _RawViewElement.update (package:flutter/src/widgets/view.dart:568:5)
#785    Element.updateChild (package:flutter/src/widgets/framework.dart:4037:15)
#786    ComponentElement.performRebuild (package:flutter/src/widgets/framework.dart:5844:16)
#787    Element.rebuild (package:flutter/src/widgets/framework.dart:5532:7)
#788    StatelessElement.update (package:flutter/src/widgets/framework.dart:5898:5)
#789    Element.updateChild (package:flutter/src/widgets/framework.dart:4037:15)
#790    ComponentElement.performRebuild (package:flutter/src/widgets/framework.dart:5844:16)
#791    StatefulElement.performRebuild (package:flutter/src/widgets/framework.dart:5985:11)
#792    Element.rebuild (package:flutter/src/widgets/framework.dart:5532:7)
#793    StatefulElement.update (package:flutter/src/widgets/framework.dart:6010:5)
#794    Element.updateChild (package:flutter/src/widgets/framework.dart:4037:15)
#795    RootElement._rebuild (package:flutter/src/widgets/binding.dart:1782:16)
#796    RootElement.update (package:flutter/src/widgets/binding.dart:1760:5)
#797    RootElement.performRebuild (package:flutter/src/widgets/binding.dart:1774:7)
#798    Element.rebuild (package:flutter/src/widgets/framework.dart:5532:7)
#799    BuildScope._tryRebuild (package:flutter/src/widgets/framework.dart:2750:15)
#800    BuildScope._flushDirtyElements (package:flutter/src/widgets/framework.dart:2807:11)
#801    BuildOwner.buildScope (package:flutter/src/widgets/framework.dart:3111:18)
#802    AutomatedTestWidgetsFlutterBinding.drawFrame (package:flutter_test/src/binding.dart:1506:19)
#803    RendererBinding._handlePersistentFrameCallback (package:flutter/src/rendering/binding.dart:495:5)
#804    SchedulerBinding._invokeFrameCallback (package:flutter/src/scheduler/binding.dart:1434:15)
#805    SchedulerBinding.handleDrawFrame (package:flutter/src/scheduler/binding.dart:1347:9)
#806    AutomatedTestWidgetsFlutterBinding.pump.<anonymous closure> (package:flutter_test/src/binding.dart:1335:9)
#809    TestAsyncUtils.guard (package:flutter_test/src/test_async_utils.dart:74:41)
#810    AutomatedTestWidgetsFlutterBinding.pump (package:flutter_test/src/binding.dart:1324:27)
#811    WidgetTester.pumpWidget.<anonymous closure> (package:flutter_test/src/widget_tester.dart:598:22)
#814    TestAsyncUtils.guard (package:flutter_test/src/test_async_utils.dart:74:41)
#815    WidgetTester.pumpWidget (package:flutter_test/src/widget_tester.dart:595:27)
#816    main.<anonymous closure>.<anonymous closure> (file:///C:/Users/joaom/Documents/GitHub/Music/music_tag_editor/test/my_tracks_view_test.dart:46:20)
#817    testWidgets.<anonymous closure>.<anonymous closure> (package:flutter_test/src/widget_tester.dart:192:29)
<asynchronous suspension>
#818    TestWidgetsFlutterBinding._runTestBody (package:flutter_test/src/binding.dart:1059:5)
<asynchronous suspension>
<asynchronous suspension>
(elided 8 frames from dart:async and package:stack_trace)

══╡ EXCEPTION CAUGHT BY FLUTTER TEST FRAMEWORK ╞════════════════════════════════════════════════════
The following assertion was thrown running a test:
A Timer is still pending even after the widget tree was disposed.
'package:flutter_test/src/binding.dart':
Failed assertion: line 1617 pos 12: '!timersPending'

When the exception was thrown, this was the stack:
#2      AutomatedTestWidgetsFlutterBinding._verifyInvariants (package:flutter_test/src/binding.dart:1617:12)
#3      TestWidgetsFlutterBinding._runTestBody (package:flutter_test/src/binding.dart:1078:7)
<asynchronous suspension>
<asynchronous suspension>
(elided 3 frames from class _AssertionError and package:stack_trace)

The test description was:
  renders loading state
════════════════════════════════════════════════════════════════════════════════════════════════════
01:13 +115 -17: C:/Users/joaom/Documents/GitHub/Music/music_tag_editor/test/netease_api_test.dart: NeteaseApi fetchSyncedLyrics returns list on query
01:13 +115 -17: C:/Users/joaom/Documents/GitHub/Music/music_tag_editor/test/my_tracks_view_test.dart: MyTracksView renders loading state [E]
  Test failed. See exception logs above.
  The test description was: renders loading state
  
01:13 +116 -17: C:/Users/joaom/Documents/GitHub/Music/music_tag_editor/test/netease_api_test.dart: NeteaseApi fetchSyncedLyrics returns list on query
01:14 +117 -17: C:/Users/joaom/Documents/GitHub/Music/music_tag_editor/test/netease_api_test.dart: NeteaseApi fetchSyncedLyrics returns list on query
01:14 +118 -17: C:/Users/joaom/Documents/GitHub/Music/music_tag_editor/test/netease_api_test.dart: NeteaseApi fetchSyncedLyrics returns list on query
01:14 +119 -17: C:/Users/joaom/Documents/GitHub/Music/music_tag_editor/test/netease_api_test.dart: NeteaseApi fetchSyncedLyrics returns list on query
01:14 +120 -17: C:/Users/joaom/Documents/GitHub/Music/music_tag_editor/test/netease_api_test.dart: NeteaseApi fetchSyncedLyrics returns list on query
01:16 +121 -17: C:/Users/joaom/Documents/GitHub/Music/music_tag_editor/test/party_queue_view_test.dart: PartyQueueView renders app bar
01:17 +122 -17: C:/Users/joaom/Documents/GitHub/Music/music_tag_editor/test/netease_api_test.dart: NeteaseApi fetchSyncedLyrics handles empty strings
01:17 +123 -17: C:/Users/joaom/Documents/GitHub/Music/music_tag_editor/test/netease_api_test.dart: NeteaseApi fetchSyncedLyrics handles empty strings
01:17 +124 -17: C:/Users/joaom/Documents/GitHub/Music/music_tag_editor/test/netease_api_test.dart: NeteaseApi fetchSyncedLyrics handles empty strings
01:17 +125 -17: C:/Users/joaom/Documents/GitHub/Music/music_tag_editor/test/netease_api_test.dart: NeteaseApi fetchSyncedLyrics handles empty strings
01:17 +126 -17: C:/Users/joaom/Documents/GitHub/Music/music_tag_editor/test/netease_api_test.dart: NeteaseApi fetchSyncedLyrics handles empty strings
01:17 +127 -17: C:/Users/joaom/Documents/GitHub/Music/music_tag_editor/test/party_queue_view_test.dart: PartyQueueView tapping generate shows QR code
01:17 +128 -17: C:/Users/joaom/Documents/GitHub/Music/music_tag_editor/test/party_queue_view_test.dart: PartyQueueView tapping generate shows QR code
══╡ EXCEPTION CAUGHT BY RENDERING LIBRARY ╞═════════════════════════════════════════════════════════
The following assertion was thrown during layout:
A RenderFlex overflowed by 156 pixels on the bottom.

The relevant error-causing widget was:
  Column
  Column:file:///C:/Users/joaom/Documents/GitHub/Music/music_tag_editor/lib/views/party_queue_view.dart:36:20

The overflowing RenderFlex has an orientation of Axis.vertical.
The edge of the RenderFlex that is overflowing has been marked in the rendering with a yellow and
black striped pattern. This is usually caused by the contents being too big for the RenderFlex.
Consider applying a flex factor (e.g. using an Expanded widget) to force the children of the
RenderFlex to fit within the available space instead of being sized to their natural size.
This is considered an error condition because it indicates that there is content that cannot be
seen. If the content is legitimately bigger than the available space, consider clipping it with a
ClipRect widget before putting it in the flex, or using a scrollable container rather than a Flex,
like a ListView.
The specific RenderFlex in question is: RenderFlex#8aba7 relayoutBoundary=up6 OVERFLOWING:
  creator: Column ← Padding ← Center ← Padding ← DecoratedBox ← Container ←
    KeyedSubtree-[GlobalKey#0b223] ← MediaQuery ← LayoutBuilder ← _BodyBuilder ← MediaQuery ←
    LayoutId-[<_ScaffoldSlot.body>] ← ⋯
  parentData: offset=Offset(32.0, 32.0) (can use size)
  constraints: BoxConstraints(0.0<=w<=736.0, 0.0<=h<=536.0)
  size: Size(736.0, 536.0)
  direction: vertical
  mainAxisAlignment: center
  mainAxisSize: max
  crossAxisAlignment: center
  verticalDirection: down
  spacing: 0.0
◢◤◢◤◢◤◢◤◢◤◢◤◢◤◢◤◢◤◢◤◢◤◢◤◢◤◢◤◢◤◢◤◢◤◢◤◢◤◢◤◢◤◢◤◢◤◢◤◢◤◢◤◢◤◢◤◢◤◢◤◢◤◢◤◢◤◢◤◢◤◢◤◢◤◢◤◢◤◢◤◢◤◢◤◢◤◢◤◢◤◢◤◢◤◢◤◢◤◢◤
════════════════════════════════════════════════════════════════════════════════════════════════════
══╡ EXCEPTION CAUGHT BY IMAGE RESOURCE SERVICE ╞════════════════════════════════════════════════════
The following NetworkImageLoadException was thrown resolving an image codec:
HTTP request failed, statusCode: 400,
https://api.qrserver.com/v1/create-qr-code/?size=250x250&data=DUO_PARTY_SESSION_7788

When the exception was thrown, this was the stack:
#0      NetworkImage._loadAsync (package:flutter/src/painting/_network_image_io.dart:130:9)
<asynchronous suspension>
#1      MultiFrameImageStreamCompleter._handleCodecReady (package:flutter/src/painting/image_stream.dart:1021:3)
<asynchronous suspension>

Image provider:
  NetworkImage("https://api.qrserver.com/v1/create-qr-code/?size=250x250&data=DUO_PARTY_SESSION_7788",
  scale: 1.0, webHtmlElementStrategy: never, headers: null)
Image key:
  NetworkImage("https://api.qrserver.com/v1/create-qr-code/?size=250x250&data=DUO_PARTY_SESSION_7788",
  scale: 1.0, webHtmlElementStrategy: never, headers: null)
════════════════════════════════════════════════════════════════════════════════════════════════════
══╡ EXCEPTION CAUGHT BY FLUTTER TEST FRAMEWORK ╞════════════════════════════════════════════════════
The following message was thrown:
Multiple exceptions (2) were detected during the running of the current test, and at least one was
unexpected.
════════════════════════════════════════════════════════════════════════════════════════════════════
01:18 +128 -18: C:/Users/joaom/Documents/GitHub/Music/music_tag_editor/test/party_queue_view_test.dart: PartyQueueView tapping generate shows QR code [E]
  Test failed. See exception logs above.
  The test description was: tapping generate shows QR code
  
Warning: At least one test in this suite creates an HttpClient. When running a test suite that uses
TestWidgetsFlutterBinding, all HTTP requests will return status code 400, and no network request
will actually be made. Any test expecting a real network connection and status code will fail.
To test code that needs an HttpClient, provide your own HttpClient implementation to the code under
test, so that your test can consistently provide a testable response to the code under test.
01:18 +128 -18: C:/Users/joaom/Documents/GitHub/Music/music_tag_editor/test/party_queue_view_test.dart: PartyQueueView tapping end party returns to initial state
══╡ EXCEPTION CAUGHT BY RENDERING LIBRARY ╞═════════════════════════════════════════════════════════
The following assertion was thrown during layout:
A RenderFlex overflowed by 156 pixels on the bottom.

The relevant error-causing widget was:
  Column
  Column:file:///C:/Users/joaom/Documents/GitHub/Music/music_tag_editor/lib/views/party_queue_view.dart:36:20

The overflowing RenderFlex has an orientation of Axis.vertical.
The edge of the RenderFlex that is overflowing has been marked in the rendering with a yellow and
black striped pattern. This is usually caused by the contents being too big for the RenderFlex.
Consider applying a flex factor (e.g. using an Expanded widget) to force the children of the
RenderFlex to fit within the available space instead of being sized to their natural size.
This is considered an error condition because it indicates that there is content that cannot be
seen. If the content is legitimately bigger than the available space, consider clipping it with a
ClipRect widget before putting it in the flex, or using a scrollable container rather than a Flex,
like a ListView.
The specific RenderFlex in question is: RenderFlex#91381 relayoutBoundary=up6 OVERFLOWING:
  creator: Column ← Padding ← Center ← Padding ← DecoratedBox ← Container ←
    KeyedSubtree-[GlobalKey#05ab3] ← MediaQuery ← LayoutBuilder ← _BodyBuilder ← MediaQuery ←
    LayoutId-[<_ScaffoldSlot.body>] ← ⋯
  parentData: offset=Offset(32.0, 32.0) (can use size)
  constraints: BoxConstraints(0.0<=w<=736.0, 0.0<=h<=536.0)
  size: Size(736.0, 536.0)
  direction: vertical
  mainAxisAlignment: center
  mainAxisSize: max
  crossAxisAlignment: center
  verticalDirection: down
  spacing: 0.0
◢◤◢◤◢◤◢◤◢◤◢◤◢◤◢◤◢◤◢◤◢◤◢◤◢◤◢◤◢◤◢◤◢◤◢◤◢◤◢◤◢◤◢◤◢◤◢◤◢◤◢◤◢◤◢◤◢◤◢◤◢◤◢◤◢◤◢◤◢◤◢◤◢◤◢◤◢◤◢◤◢◤◢◤◢◤◢◤◢◤◢◤◢◤◢◤◢◤◢◤
════════════════════════════════════════════════════════════════════════════════════════════════════
══╡ EXCEPTION CAUGHT BY IMAGE RESOURCE SERVICE ╞════════════════════════════════════════════════════
The following NetworkImageLoadException was thrown resolving an image codec:
HTTP request failed, statusCode: 400,
https://api.qrserver.com/v1/create-qr-code/?size=250x250&data=DUO_PARTY_SESSION_7788

When the exception was thrown, this was the stack:
#0      NetworkImage._loadAsync (package:flutter/src/painting/_network_image_io.dart:130:9)
<asynchronous suspension>
#1      MultiFrameImageStreamCompleter._handleCodecReady (package:flutter/src/painting/image_stream.dart:1021:3)
<asynchronous suspension>

Image provider:
  NetworkImage("https://api.qrserver.com/v1/create-qr-code/?size=250x250&data=DUO_PARTY_SESSION_7788",
  scale: 1.0, webHtmlElementStrategy: never, headers: null)
Image key:
  NetworkImage("https://api.qrserver.com/v1/create-qr-code/?size=250x250&data=DUO_PARTY_SESSION_7788",
  scale: 1.0, webHtmlElementStrategy: never, headers: null)
════════════════════════════════════════════════════════════════════════════════════════════════════

Warning: A call to tap() with finder "Found 1 widget with text "Encerrar Festa": [
  Text("Encerrar Festa", dependencies: [DefaultSelectionStyle, DefaultTextStyle, MediaQuery]),
]" derived an Offset (Offset(409.0, 604.0)) that would not hit test on the specified widget.
Maybe the widget is actually off-screen, or another widget is obscuring it, or the widget cannot receive pointer events.
Indeed, Offset(409.0, 604.0) is outside the bounds of the root of the render tree, Size(800.0, 600.0).
The finder corresponds to this RenderBox: RenderParagraph#b26cf relayoutBoundary=up21
The hit test result at that offset is: HitTestResult(HitTestEntry<HitTestTarget>#a050f(_ReusableRenderView#ff201), HitTestEntry<HitTestTarget>#0b9e6(<AutomatedTestWidgetsFlutterBinding>))
#0      WidgetController._getElementPoint (package:flutter_test/src/controller.dart:2081:25)
#1      WidgetController.getCenter (package:flutter_test/src/controller.dart:1865:12)
#2      WidgetController.tap (package:flutter_test/src/controller.dart:1045:7)
#3      main.<anonymous closure>.<anonymous closure> (file:///C:/Users/joaom/Documents/GitHub/Music/music_tag_editor/test/party_queue_view_test.dart:56:20)
<asynchronous suspension>
#4      testWidgets.<anonymous closure>.<anonymous closure> (package:flutter_test/src/widget_tester.dart:192:15)
<asynchronous suspension>
#5      TestWidgetsFlutterBinding._runTestBody (package:flutter_test/src/binding.dart:1059:5)
<asynchronous suspension>
#6      StackZoneSpecification._registerCallback.<anonymous closure> (package:stack_trace/src/stack_zone_specification.dart:114:42)
<asynchronous suspension>
To silence this warning, pass "warnIfMissed: false" to "tap()".
To make this warning fatal, set WidgetController.hitTestWarningShouldBeFatal to true.

══╡ EXCEPTION CAUGHT BY FLUTTER TEST FRAMEWORK ╞════════════════════════════════════════════════════
The following TestFailure was thrown running a test:
Expected: exactly one matching candidate
  Actual: _TextWidgetFinder:<Found 0 widgets with text "Gerar QR Code da Festa": []>
   Which: means none were found but one was expected

When the exception was thrown, this was the stack:
#4      main.<anonymous closure>.<anonymous closure> (file:///C:/Users/joaom/Documents/GitHub/Music/music_tag_editor/test/party_queue_view_test.dart:59:7)
<asynchronous suspension>
#5      testWidgets.<anonymous closure>.<anonymous closure> (package:flutter_test/src/widget_tester.dart:192:15)
<asynchronous suspension>
#6      TestWidgetsFlutterBinding._runTestBody (package:flutter_test/src/binding.dart:1059:5)
<asynchronous suspension>
<asynchronous suspension>
(elided one frame from package:stack_trace)

This was caught by the test expectation on the following line:
  file:///C:/Users/joaom/Documents/GitHub/Music/music_tag_editor/test/party_queue_view_test.dart line 59
The test description was:
  tapping end party returns to initial state
════════════════════════════════════════════════════════════════════════════════════════════════════
══╡ EXCEPTION CAUGHT BY FLUTTER TEST FRAMEWORK ╞════════════════════════════════════════════════════
The following message was thrown:
Multiple exceptions (3) were detected during the running of the current test, and at least one was
unexpected.
════════════════════════════════════════════════════════════════════════════════════════════════════
01:18 +128 -19: C:/Users/joaom/Documents/GitHub/Music/music_tag_editor/test/party_queue_view_test.dart: PartyQueueView tapping end party returns to initial state [E]
  Test failed. See exception logs above.
  The test description was: tapping end party returns to initial state
  
01:19 +128 -19: C:/Users/joaom/Documents/GitHub/Music/music_tag_editor/test/playback_service_test.dart: PlaybackService instance is accessible
01:19 +128 -20: C:/Users/joaom/Documents/GitHub/Music/music_tag_editor/test/playback_service_test.dart: PlaybackService instance is accessible [E]
  'package:flutter/src/services/platform_channel.dart': Failed assertion: line 590 pos 7: '_binaryMessenger != null || BindingBase.debugBindingType() != null': Cannot set the method call handler before the binary messenger has been initialized. This happens when you call setMethodCallHandler() before the WidgetsFlutterBinding has been initialized. You can fix this by either calling WidgetsFlutterBinding.ensureInitialized() before this or by passing a custom BinaryMessenger instance to MethodChannel().
  dart:core                                                      _AssertionError._throwNew
  package:flutter/src/services/platform_channel.dart 590:7       MethodChannel.setMethodCallHandler
  package:audio_session/src/core.dart 150:14                     new AudioSession._
  package:audio_session/src/core.dart 28:32                      AudioSession.instance
  package:just_audio/just_audio.dart 303:20                      new AudioPlayer
  package:music_tag_editor/services/playback_service.dart 30:9   new PlaybackService._internal
  package:music_tag_editor/services/playback_service.dart 17:37  PlaybackService.instance
  test\playback_service_test.dart 8:30                           main.<fn>.<fn>
  ===== asynchronous gap ===========================
  dart:async                                                     Future._asyncCompleteError
  package:just_audio/just_audio.dart 303:20                      new AudioPlayer
  package:music_tag_editor/services/playback_service.dart 30:9   new PlaybackService._internal
  package:music_tag_editor/services/playback_service.dart 17:37  PlaybackService.instance
  test\playback_service_test.dart 8:30                           main.<fn>.<fn>
  
01:19 +128 -20: C:/Users/joaom/Documents/GitHub/Music/music_tag_editor/test/playback_service_test.dart: PlaybackService queue is a list
01:20 +129 -20: C:/Users/joaom/Documents/GitHub/Music/music_tag_editor/test/playback_service_test.dart: PlaybackService currentTrack is nullable SearchResult
01:20 +130 -20: C:/Users/joaom/Documents/GitHub/Music/music_tag_editor/test/playback_service_test.dart: PlaybackService sleepTimerStream is a stream
01:20 +131 -20: C:/Users/joaom/Documents/GitHub/Music/music_tag_editor/test/playback_service_test.dart: PlaybackService lyricsStream is a stream
01:20 +132 -20: C:/Users/joaom/Documents/GitHub/Music/music_tag_editor/test/playback_service_test.dart: PlaybackService addToQueue does not throw
01:20 +132 -21: C:/Users/joaom/Documents/GitHub/Music/music_tag_editor/test/playback_service_test.dart: PlaybackService addToQueue does not throw [E]
  Binding has not yet been initialized.
  The "instance" getter on the ServicesBinding binding mixin is only available once that binding has been initialized.
  Typically, this is done by calling "WidgetsFlutterBinding.ensureInitialized()" or "runApp()" (the latter calls the former). Typically this call is done in the "void main()" method. The "ensureInitialized" method is idempotent; calling it multiple times is not harmful. After calling that method, the "instance" getter will return the binding.
  In a test, one can call "TestWidgetsFlutterBinding.ensureInitialized()" as the first line in the test's "main()" method to initialize the binding.
  If ServicesBinding is a custom binding mixin, there must also be a custom binding class, like WidgetsFlutterBinding, but that mixes in the selected binding, and that is the class that must be constructed before using the "instance" getter.
  package:flutter/src/foundation/binding.dart 314:9               BindingBase.checkInstance.<fn>
  package:flutter/src/foundation/binding.dart 401:6               BindingBase.checkInstance
  package:flutter/src/services/binding.dart 73:54                 ServicesBinding.instance
  package:flutter/src/services/platform_channel.dart 179:25       _findBinaryMessenger
  package:flutter/src/services/platform_channel.dart 678:62       EventChannel.binaryMessenger
  package:flutter/src/services/platform_channel.dart 699:9        EventChannel.receiveBroadcastStream.<fn>
  dart:async                                                      _StreamImpl.listen
  package:nearby_connections/src/nearby.dart 23:44                new Nearby._
  package:nearby_connections/src/nearby.dart 18:26                new Nearby
  package:music_tag_editor/services/local_duo_service.dart 19:43  new LocalDuoService._internal
  package:music_tag_editor/services/local_duo_service.dart 13:54  LocalDuoService._instance
  package:music_tag_editor/services/local_duo_service.dart        LocalDuoService._instance
  package:music_tag_editor/services/local_duo_service.dart 14:42  LocalDuoService.instance
  package:music_tag_editor/services/playback_service.dart 253:23  PlaybackService.addToQueue
  test\playback_service_test.dart 42:45                           main.<fn>.<fn>.<fn>
  package:matcher                                                 expect
  package:flutter_test/src/widget_tester.dart 473:18              expect
  test\playback_service_test.dart 42:7                            main.<fn>.<fn>
  ===== asynchronous gap ===========================
  dart:async                                                      _StreamImpl.listen
  package:nearby_connections/src/nearby.dart 23:44                new Nearby._
  package:nearby_connections/src/nearby.dart 18:26                new Nearby
  package:music_tag_editor/services/local_duo_service.dart 19:43  new LocalDuoService._internal
  package:music_tag_editor/services/local_duo_service.dart 13:54  LocalDuoService._instance
  package:music_tag_editor/services/local_duo_service.dart        LocalDuoService._instance
  package:music_tag_editor/services/local_duo_service.dart 14:42  LocalDuoService.instance
  package:music_tag_editor/services/playback_service.dart 253:23  PlaybackService.addToQueue
  test\playback_service_test.dart 42:45                           main.<fn>.<fn>.<fn>
  package:matcher                                                 expect
  package:flutter_test/src/widget_tester.dart 473:18              expect
  test\playback_service_test.dart 42:7                            main.<fn>.<fn>
  
01:21 +132 -21: C:/Users/joaom/Documents/GitHub/Music/music_tag_editor/test/player_screen_test.dart: (setUpAll)
01:21 +132 -21: C:/Users/joaom/Documents/GitHub/Music/music_tag_editor/test/player_screen_test.dart: PlayerScreen Widget Tests Shows empty state when no track is playing
01:22 +133 -21: C:/Users/joaom/Documents/GitHub/Music/music_tag_editor/test/playlists_view_test.dart: PlaylistsView renders empty state
01:23 +134 -21: C:/Users/joaom/Documents/GitHub/Music/music_tag_editor/test/playlists_view_test.dart: PlaylistsView renders empty state
01:23 +135 -21: C:/Users/joaom/Documents/GitHub/Music/music_tag_editor/test/playlists_view_test.dart: PlaylistsView renders empty state
01:23 +136 -21: C:/Users/joaom/Documents/GitHub/Music/music_tag_editor/test/player_screen_test.dart: PlayerScreen Widget Tests Shows Duo chat button when in Duo mode
01:24 +137 -21: C:/Users/joaom/Documents/GitHub/Music/music_tag_editor/test/playlists_view_test.dart: PlaylistsView renders playlists list
01:24 +138 -21: C:/Users/joaom/Documents/GitHub/Music/music_tag_editor/test/playlists_view_test.dart: PlaylistsView shows FAB for creating playlists
01:24 +139 -21: C:/Users/joaom/Documents/GitHub/Music/music_tag_editor/test/playlists_view_test.dart: PlaylistsView FAB opens create playlist dialog
01:25 +140 -21: C:/Users/joaom/Documents/GitHub/Music/music_tag_editor/test/playlists_view_test.dart: PlaylistsView cancel dialog closes without creating
01:25 +141 -21: C:/Users/joaom/Documents/GitHub/Music/music_tag_editor/test/playlists_view_test.dart: PlaylistsView playlist items have correct icons
01:25 +142 -21: C:/Users/joaom/Documents/GitHub/Music/music_tag_editor/test/playlists_view_test.dart: PlaylistsView app bar renders correctly
01:26 +143 -21: C:/Users/joaom/Documents/GitHub/Music/music_tag_editor/test/playlist_detail_screen_test.dart: (setUpAll)
01:26 +143 -21: C:/Users/joaom/Documents/GitHub/Music/music_tag_editor/test/playlist_detail_screen_test.dart: PlaylistDetailScreen shows loading indicator initially
══╡ EXCEPTION CAUGHT BY FLUTTER TEST FRAMEWORK ╞════════════════════════════════════════════════════
The following TestFailure was thrown running a test:
Expected: exactly one matching candidate
  Actual: _TypeWidgetFinder:<Found 0 widgets with type "CircularProgressIndicator": []>
   Which: means none were found but one was expected

When the exception was thrown, this was the stack:
#4      main.<anonymous closure>.<anonymous closure> (file:///C:/Users/joaom/Documents/GitHub/Music/music_tag_editor/test/playlist_detail_screen_test.dart:54:7)
<asynchronous suspension>
#5      testWidgets.<anonymous closure>.<anonymous closure> (package:flutter_test/src/widget_tester.dart:192:15)
<asynchronous suspension>
#6      TestWidgetsFlutterBinding._runTestBody (package:flutter_test/src/binding.dart:1059:5)
<asynchronous suspension>
<asynchronous suspension>
(elided one frame from package:stack_trace)

This was caught by the test expectation on the following line:
  file:///C:/Users/joaom/Documents/GitHub/Music/music_tag_editor/test/playlist_detail_screen_test.dart line 54
The test description was:
  shows loading indicator initially
════════════════════════════════════════════════════════════════════════════════════════════════════
01:27 +143 -22: C:/Users/joaom/Documents/GitHub/Music/music_tag_editor/test/playlist_detail_screen_test.dart: PlaylistDetailScreen shows loading indicator initially [E]
  Test failed. See exception logs above.
  The test description was: shows loading indicator initially
  
01:27 +143 -22: C:/Users/joaom/Documents/GitHub/Music/music_tag_editor/test/playlist_detail_screen_test.dart: PlaylistDetailScreen displays playlist name in app bar
01:27 +144 -22: C:/Users/joaom/Documents/GitHub/Music/music_tag_editor/test/playlist_importer_view_test.dart: (setUpAll)
01:27 +144 -22: C:/Users/joaom/Documents/GitHub/Music/music_tag_editor/test/playlist_detail_screen_test.dart: PlaylistDetailScreen shows empty state when no tracks
01:27 +145 -22: C:/Users/joaom/Documents/GitHub/Music/music_tag_editor/test/playlist_importer_view_test.dart: PlaylistImporterView renders correctly
01:28 +146 -22: C:/Users/joaom/Documents/GitHub/Music/music_tag_editor/test/playlist_importer_view_test.dart: PlaylistImporterView renders correctly
01:28 +147 -22: C:/Users/joaom/Documents/GitHub/Music/music_tag_editor/test/playlist_importer_view_test.dart: PlaylistImporterView renders correctly
01:28 +148 -22: C:/Users/joaom/Documents/GitHub/Music/music_tag_editor/test/playlist_importer_view_test.dart: PlaylistImporterView renders correctly
01:29 +149 -22: C:/Users/joaom/Documents/GitHub/Music/music_tag_editor/test/playlist_importer_view_test.dart: PlaylistImporterView has text field for URL
01:30 +150 -22: C:/Users/joaom/Documents/GitHub/Music/music_tag_editor/test/playlist_importer_view_test.dart: PlaylistImporterView displays correct app bar title
01:30 +151 -22: C:/Users/joaom/Documents/GitHub/Music/music_tag_editor/test/playlist_importer_view_test.dart: PlaylistImporterView shows placeholder text
01:30 +152 -22: C:/Users/joaom/Documents/GitHub/Music/music_tag_editor/test/playlist_importer_view_test.dart: PlaylistImporterView has download icon button
01:30 +153 -22: C:/Users/joaom/Documents/GitHub/Music/music_tag_editor/test/playlist_importer_view_test.dart: PlaylistImporterView text field accepts input
01:30 +154 -22: C:/Users/joaom/Documents/GitHub/Music/music_tag_editor/test/playlist_importer_view_test.dart: (tearDownAll)
01:31 +154 -22: C:/Users/joaom/Documents/GitHub/Music/music_tag_editor/test/remote_library_view_test.dart: (setUpAll)
01:31 +154 -22: C:/Users/joaom/Documents/GitHub/Music/music_tag_editor/test/remote_library_view_test.dart: RemoteLibraryView shows loading indicator initially
01:32 +155 -22: C:/Users/joaom/Documents/GitHub/Music/music_tag_editor/test/remote_library_view_test.dart: RemoteLibraryView has refresh button in app bar
01:32 +156 -22: C:/Users/joaom/Documents/GitHub/Music/music_tag_editor/test/ringtone_maker_view_test.dart: RingtoneMakerView renders Scaffold
01:32 +157 -22: C:/Users/joaom/Documents/GitHub/Music/music_tag_editor/test/ringtone_maker_view_test.dart: RingtoneMakerView renders Scaffold
01:32 +158 -22: C:/Users/joaom/Documents/GitHub/Music/music_tag_editor/test/ringtone_maker_view_test.dart: RingtoneMakerView renders Scaffold
01:34 +159 -22: C:/Users/joaom/Documents/GitHub/Music/music_tag_editor/test/ringtone_maker_view_test.dart: RingtoneMakerView displays track title
01:34 +160 -22: C:/Users/joaom/Documents/GitHub/Music/music_tag_editor/test/ringtone_maker_view_test.dart: RingtoneMakerView has play/pause button
01:34 +161 -22: C:/Users/joaom/Documents/GitHub/Music/music_tag_editor/test/search_page_test.dart: Shows initialization progress then content
01:35 +162 -22: C:/Users/joaom/Documents/GitHub/Music/music_tag_editor/test/search_page_test.dart: Shows initialization progress then content
01:36 +163 -22: C:/Users/joaom/Documents/GitHub/Music/music_tag_editor/test/search_service_test.dart: searchYouTube parses yt-dlp json output correctly
01:36 +164 -22: C:/Users/joaom/Documents/GitHub/Music/music_tag_editor/test/search_page_test.dart: Performs search and displays results
01:36 +165 -22: C:/Users/joaom/Documents/GitHub/Music/music_tag_editor/test/search_page_test.dart: Performs search and displays results
01:36 +166 -22: C:/Users/joaom/Documents/GitHub/Music/music_tag_editor/test/search_page_test.dart: Performs search and displays results
01:37 +167 -22: C:/Users/joaom/Documents/GitHub/Music/music_tag_editor/test/search_page_test.dart: Performs search and displays results
01:37 +168 -22: C:/Users/joaom/Documents/GitHub/Music/music_tag_editor/test/search_page_test.dart: Performs search and displays results
01:37 +169 -22: C:/Users/joaom/Documents/GitHub/Music/music_tag_editor/test/search_page_test.dart: Performs search and displays results
01:37 +170 -22: C:/Users/joaom/Documents/GitHub/Music/music_tag_editor/test/search_page_test.dart: Performs search and displays results
01:38 +171 -22: C:/Users/joaom/Documents/GitHub/Music/music_tag_editor/test/search_page_test.dart: Handles play track interaction
01:38 +172 -22: C:/Users/joaom/Documents/GitHub/Music/music_tag_editor/test/search_page_test.dart: Shows no results message
01:39 +173 -22: C:/Users/joaom/Documents/GitHub/Music/music_tag_editor/test/search_page_test.dart: Shows no results message
01:39 +174 -22: C:/Users/joaom/Documents/GitHub/Music/music_tag_editor/test/security_service_test.dart: SecurityService encryptString returns encrypted format
01:39 +175 -22: C:/Users/joaom/Documents/GitHub/Music/music_tag_editor/test/search_page_test.dart: Shows error message on initialization failure
01:39 +176 -22: C:/Users/joaom/Documents/GitHub/Music/music_tag_editor/test/search_page_test.dart: Shows error message on initialization failure
01:39 +177 -22: C:/Users/joaom/Documents/GitHub/Music/music_tag_editor/test/search_page_test.dart: Shows error message on initialization failure
01:39 +178 -22: C:/Users/joaom/Documents/GitHub/Music/music_tag_editor/test/search_page_test.dart: Shows error message on initialization failure
01:39 +179 -22: C:/Users/joaom/Documents/GitHub/Music/music_tag_editor/test/search_page_test.dart: Shows error message on initialization failure
01:39 +180 -22: C:/Users/joaom/Documents/GitHub/Music/music_tag_editor/test/search_page_test.dart: Shows error message on initialization failure
01:39 +181 -22: C:/Users/joaom/Documents/GitHub/Music/music_tag_editor/test/search_page_test.dart: (tearDownAll)
01:41 +181 -22: C:/Users/joaom/Documents/GitHub/Music/music_tag_editor/test/settings_page_test.dart: SettingsPage renders Scaffold
01:41 +182 -22: C:/Users/joaom/Documents/GitHub/Music/music_tag_editor/test/settings_page_test.dart: SettingsPage renders Scaffold
01:41 +183 -22: C:/Users/joaom/Documents/GitHub/Music/music_tag_editor/test/settings_page_test.dart: SettingsPage renders Scaffold
01:41 +184 -22: C:/Users/joaom/Documents/GitHub/Music/music_tag_editor/test/settings_page_test.dart: SettingsPage renders Scaffold
01:43 +185 -22: C:/Users/joaom/Documents/GitHub/Music/music_tag_editor/test/settings_page_test.dart: SettingsPage loads settings on init
01:43 +186 -22: C:/Users/joaom/Documents/GitHub/Music/music_tag_editor/test/smart_library_view_test.dart: SmartLibraryView renders tab bar
01:45 +187 -22: C:/Users/joaom/Documents/GitHub/Music/music_tag_editor/test/smart_library_view_test.dart: SmartLibraryView shows loading indicator
01:45 +188 -22: C:/Users/joaom/Documents/GitHub/Music/music_tag_editor/test/theme_service_test.dart: ThemeService instance is accessible
01:46 +189 -22: C:/Users/joaom/Documents/GitHub/Music/music_tag_editor/test/smart_library_view_test.dart: SmartLibraryView shows empty top hits message
01:46 +190 -22: C:/Users/joaom/Documents/GitHub/Music/music_tag_editor/test/smart_library_view_test.dart: SmartLibraryView shows empty top hits message
01:46 +191 -22: C:/Users/joaom/Documents/GitHub/Music/music_tag_editor/test/smart_library_view_test.dart: SmartLibraryView shows empty top hits message
01:46 +192 -22: C:/Users/joaom/Documents/GitHub/Music/music_tag_editor/test/smart_library_view_test.dart: SmartLibraryView shows empty top hits message
01:46 +193 -22: C:/Users/joaom/Documents/GitHub/Music/music_tag_editor/test/smart_library_view_test.dart: SmartLibraryView shows top hits list
01:46 +194 -22: C:/Users/joaom/Documents/GitHub/Music/music_tag_editor/test/smart_library_view_test.dart: (tearDownAll)
01:47 +194 -22: C:/Users/joaom/Documents/GitHub/Music/music_tag_editor/test/vault_view_test.dart: (setUpAll)
01:47 +194 -22: C:/Users/joaom/Documents/GitHub/Music/music_tag_editor/test/vault_view_test.dart: VaultView renders locked state
01:48 +195 -22: C:/Users/joaom/Documents/GitHub/Music/music_tag_editor/test/vault_view_test.dart: VaultView has password field
01:49 +196 -22: C:/Users/joaom/Documents/GitHub/Music/music_tag_editor/test/vault_view_test.dart: VaultView has unlock button
01:49 +197 -22: C:/Users/joaom/Documents/GitHub/Music/music_tag_editor/test/vault_view_test.dart: VaultView calls unlockVault on button press
01:49 +198 -22: C:/Users/joaom/Documents/GitHub/Music/music_tag_editor/test/vault_view_test.dart: (tearDownAll)
01:49 +198 -22: Some tests failed.
