SF:lib\database_service.dart
DA:16,1
DA:26,6
DA:27,8
DA:29,6
DA:32,1
DA:43,1
DA:47,1
DA:51,1
DA:52,2
DA:53,1
DA:56,0
DA:57,0
DA:63,0
DA:73,0
DA:92,0
DA:99,0
DA:108,0
DA:115,0
DA:126,0
DA:127,0
DA:128,0
DA:139,0
DA:140,0
DA:155,0
DA:162,0
DA:172,0
DA:173,0
DA:174,0
DA:176,0
DA:179,0
DA:180,0
DA:187,0
DA:202,1
DA:203,1
DA:204,1
DA:206,2
DA:211,1
DA:212,1
DA:213,1
DA:216,1
DA:219,1
DA:220,2
DA:221,1
DA:222,3
DA:223,0
DA:230,1
DA:231,1
DA:232,1
DA:235,1
DA:237,1
DA:238,3
DA:243,1
DA:244,1
DA:245,1
DA:247,2
DA:253,1
DA:254,1
DA:255,1
DA:258,1
DA:260,1
DA:261,2
DA:266,1
DA:267,1
DA:268,1
DA:270,1
DA:275,1
DA:276,1
DA:277,1
DA:279,1
DA:280,1
DA:281,1
DA:282,1
DA:283,1
DA:284,2
DA:290,1
DA:291,1
DA:292,1
DA:294,3
DA:295,1
DA:296,2
DA:297,2
DA:298,2
DA:299,2
DA:300,1
DA:301,5
DA:302,0
DA:310,0
DA:311,0
DA:312,0
DA:319,0
DA:321,0
DA:323,0
DA:325,0
DA:328,0
DA:329,0
DA:330,0
DA:332,0
DA:334,0
DA:338,0
DA:339,0
DA:340,0
DA:344,0
DA:345,0
DA:347,0
DA:348,0
DA:349,0
DA:350,0
DA:351,0
DA:352,0
DA:353,0
DA:354,0
DA:355,0
DA:356,0
DA:357,0
DA:359,0
DA:360,0
DA:361,0
DA:363,0
DA:368,0
DA:369,0
DA:370,0
DA:376,0
DA:377,0
DA:378,0
DA:381,0
DA:382,0
DA:383,0
DA:389,0
DA:390,0
DA:391,0
DA:395,0
DA:399,0
DA:400,0
DA:401,0
DA:406,0
DA:409,0
DA:410,0
DA:411,0
DA:419,0
DA:420,0
DA:421,0
DA:431,0
DA:432,0
DA:433,0
DA:435,0
DA:438,0
DA:444,0
DA:445,0
DA:446,0
DA:449,0
DA:450,0
DA:451,0
DA:453,0
DA:456,0
DA:462,0
DA:463,0
DA:464,0
DA:469,0
DA:474,0
DA:475,0
DA:476,0
DA:478,0
DA:479,0
DA:480,0
DA:490,0
DA:491,0
DA:500,0
DA:501,0
DA:503,0
DA:504,0
DA:508,0
DA:509,0
DA:512,0
DA:513,0
DA:515,0
DA:522,0
DA:523,0
DA:524,0
DA:532,0
DA:533,0
DA:534,0
DA:535,0
DA:536,0
DA:537,0
DA:542,0
DA:543,0
DA:544,0
DA:546,0
DA:547,0
DA:548,0
DA:556,0
DA:557,0
DA:558,0
DA:561,0
DA:563,0
DA:564,0
DA:569,0
DA:570,0
DA:571,0
DA:573,0
LF:200
LH:62
end_of_record
SF:lib\settings_page.dart
DA:17,0
DA:19,1
DA:20,1
DA:30,1
DA:32,1
DA:33,1
DA:36,1
DA:37,2
DA:38,2
DA:39,2
DA:40,2
DA:41,1
DA:42,1
DA:43,1
DA:44,1
DA:48,1
DA:49,2
DA:51,3
DA:56,1
DA:57,3
DA:58,2
DA:59,3
DA:62,3
DA:63,3
DA:67,1
DA:68,1
DA:70,1
DA:71,1
DA:73,1
DA:75,1
DA:76,1
DA:77,1
DA:80,1
DA:82,4
DA:92,1
DA:93,1
DA:94,1
DA:95,1
DA:96,1
DA:97,3
DA:98,1
DA:99,3
DA:101,1
DA:102,3
DA:103,1
DA:104,1
DA:116,1
DA:117,1
DA:118,3
DA:119,1
DA:120,3
DA:122,1
DA:123,3
DA:124,3
DA:139,1
DA:140,1
DA:142,1
DA:143,1
DA:145,1
DA:147,1
DA:148,1
DA:149,1
DA:152,1
DA:154,4
DA:159,1
DA:160,1
DA:161,1
DA:163,1
DA:164,0
DA:166,0
DA:167,0
DA:172,1
DA:174,1
DA:175,0
DA:180,1
DA:183,2
DA:184,2
DA:185,0
DA:186,1
DA:187,0
DA:188,0
DA:189,0
DA:191,1
DA:194,1
DA:198,0
DA:201,0
DA:202,0
DA:203,0
DA:213,1
DA:221,1
DA:223,1
DA:224,1
DA:226,3
DA:228,1
DA:230,1
DA:231,1
DA:233,1
DA:235,1
DA:236,1
DA:238,3
DA:241,1
DA:242,1
DA:243,1
DA:245,2
DA:246,1
DA:248,1
DA:267,1
DA:269,1
DA:271,3
DA:274,1
DA:279,1
DA:282,1
DA:284,3
DA:287,1
DA:289,1
DA:290,2
DA:292,1
DA:294,1
DA:295,2
DA:299,2
DA:300,0
DA:301,0
DA:303,0
DA:304,0
DA:305,0
DA:306,0
DA:312,1
DA:314,3
DA:317,1
DA:322,0
DA:323,0
DA:325,0
DA:330,1
DA:332,1
DA:334,3
DA:337,1
DA:343,1
DA:344,1
DA:347,1
DA:349,2
DA:358,1
DA:359,1
DA:360,0
DA:363,1
DA:364,2
DA:371,1
DA:375,3
DA:376,2
LF:148
LH:125
end_of_record
SF:lib\learning_dialog.dart
DA:10,0
DA:12,0
DA:14,0
DA:17,0
DA:18,0
DA:19,0
DA:22,0
DA:23,0
DA:26,0
DA:27,0
LF:10
LH:0
end_of_record
SF:lib\equalizer_service.dart
DA:6,3
DA:7,2
DA:9,1
DA:12,1
DA:19,0
DA:20,2
DA:21,0
DA:22,0
DA:24,1
DA:25,1
DA:28,0
DA:29,0
DA:33,0
DA:34,0
DA:37,0
DA:38,0
DA:45,0
DA:47,0
DA:49,0
DA:50,0
DA:52,0
DA:53,0
DA:55,0
DA:57,0
DA:58,0
DA:60,0
DA:61,0
DA:63,0
DA:64,0
DA:66,0
DA:68,0
DA:69,0
DA:71,0
DA:73,0
DA:74,0
DA:76,0
DA:77,0
DA:82,0
DA:83,0
DA:84,0
DA:85,0
DA:86,0
DA:91,1
DA:92,1
DA:96,1
DA:97,3
DA:103,1
DA:104,1
DA:108,2
DA:110,2
DA:113,1
DA:114,3
LF:52
LH:17
end_of_record
SF:lib\backup_service.dart
DA:9,0
DA:10,0
DA:15,0
DA:16,0
DA:17,0
DA:18,0
DA:19,0
DA:22,0
DA:23,0
DA:24,0
DA:25,0
DA:27,0
DA:29,0
DA:37,0
DA:38,0
DA:41,0
DA:42,0
DA:44,0
DA:45,0
DA:46,0
DA:47,0
DA:48,0
DA:52,0
DA:54,0
DA:58,0
DA:64,0
DA:65,0
DA:70,0
DA:71,0
DA:73,0
DA:74,0
DA:75,0
DA:76,0
DA:77,0
DA:82,0
DA:83,0
DA:84,0
DA:85,0
DA:88,0
DA:89,0
DA:90,0
DA:91,0
DA:95,0
DA:96,0
DA:97,0
DA:103,0
DA:110,0
DA:111,0
DA:112,0
DA:115,0
DA:120,0
LF:51
LH:0
end_of_record
SF:lib\backup_view.dart
DA:6,1
DA:8,0
DA:9,0
DA:17,0
DA:18,0
DA:21,0
DA:22,0
DA:23,0
DA:27,0
DA:28,0
DA:29,0
DA:30,0
DA:33,0
DA:34,0
DA:35,0
DA:40,0
DA:41,0
DA:43,0
DA:45,0
DA:47,0
DA:50,0
DA:51,0
DA:52,0
DA:56,0
DA:57,0
DA:58,0
DA:59,0
DA:62,0
DA:63,0
DA:64,0
DA:69,0
DA:71,0
DA:72,0
DA:73,0
DA:75,0
DA:77,0
DA:78,0
DA:79,0
DA:81,0
DA:83,0
DA:84,0
DA:85,0
DA:86,0
DA:88,0
DA:103,0
DA:104,0
DA:113,0
DA:114,0
DA:116,0
DA:118,0
DA:119,0
DA:120,0
DA:121,0
DA:123,0
DA:138,0
DA:139,0
DA:148,0
DA:149,0
DA:150,0
DA:151,0
DA:153,0
DA:154,0
DA:155,0
DA:157,0
LF:64
LH:1
end_of_record
SF:lib\download_service.dart
DA:25,1
DA:34,0
DA:35,0
DA:36,0
DA:38,0
DA:42,0
DA:43,0
DA:62,4
DA:78,1
DA:79,1
DA:82,0
DA:83,0
DA:84,0
DA:87,0
DA:88,0
DA:89,0
DA:90,0
DA:91,0
DA:92,0
DA:93,0
DA:94,0
DA:95,0
DA:96,0
DA:97,0
DA:98,0
DA:102,0
DA:103,0
DA:104,0
DA:105,0
DA:106,0
DA:107,0
DA:108,0
DA:109,0
DA:110,0
DA:111,0
DA:112,0
DA:113,0
DA:128,0
DA:141,2
DA:142,4
DA:144,2
DA:147,1
DA:150,2
DA:184,1
DA:185,1
DA:190,2
DA:192,1
DA:194,2
DA:196,2
DA:204,0
DA:205,0
DA:207,0
DA:208,0
DA:210,0
DA:215,0
DA:216,0
DA:217,0
DA:218,0
DA:227,0
DA:228,0
DA:231,0
DA:233,0
DA:236,0
DA:237,0
DA:238,0
DA:239,0
DA:240,0
DA:241,0
DA:242,0
DA:243,0
DA:244,0
DA:246,0
DA:249,0
DA:252,0
DA:256,0
DA:257,0
DA:260,0
DA:269,0
DA:271,0
DA:277,0
DA:279,0
DA:286,0
DA:288,0
DA:289,0
DA:290,0
DA:291,0
DA:292,0
DA:293,0
DA:294,0
DA:295,0
DA:302,0
DA:305,0
DA:312,0
DA:313,0
DA:319,0
DA:325,0
DA:336,1
DA:343,1
DA:345,1
DA:346,1
DA:348,1
DA:354,1
DA:361,1
DA:363,1
DA:365,1
DA:367,2
DA:379,0
DA:380,1
DA:384,2
DA:385,2
DA:396,1
DA:398,1
DA:400,2
DA:401,2
DA:407,1
DA:409,5
DA:410,1
DA:412,2
DA:413,1
DA:414,3
DA:418,1
DA:419,3
DA:423,4
DA:427,1
DA:428,1
DA:429,0
DA:434,0
DA:435,0
DA:436,0
DA:439,1
DA:443,0
DA:445,0
DA:446,0
DA:448,0
DA:451,0
DA:456,0
DA:472,0
DA:473,0
DA:474,0
DA:477,0
DA:479,0
DA:484,1
DA:490,0
DA:492,2
DA:493,2
DA:494,1
DA:500,1
DA:504,2
DA:510,2
DA:511,0
DA:514,0
LF:151
LH:51
end_of_record
SF:lib\dependency_manager.dart
DA:12,6
DA:14,4
DA:17,1
DA:31,0
DA:34,0
DA:38,0
DA:39,0
DA:42,0
DA:43,0
DA:44,0
DA:45,0
DA:46,0
DA:49,0
DA:50,0
DA:51,0
DA:52,0
DA:53,0
DA:57,0
DA:58,0
DA:62,0
DA:63,0
DA:64,0
DA:65,0
DA:66,0
DA:67,0
DA:68,0
DA:70,0
DA:74,0
DA:75,0
DA:76,0
DA:80,0
DA:81,0
DA:82,0
DA:86,0
DA:87,0
DA:88,0
DA:92,0
DA:93,0
DA:94,0
DA:98,0
DA:99,0
DA:100,0
DA:101,0
DA:104,0
DA:105,0
DA:106,0
DA:107,0
DA:110,0
DA:112,0
DA:114,0
DA:117,0
DA:120,0
DA:121,0
DA:123,0
DA:124,0
DA:128,0
DA:129,0
DA:130,0
DA:131,0
DA:134,0
DA:136,0
DA:138,0
DA:141,0
DA:145,0
DA:146,0
DA:147,0
DA:149,0
DA:154,0
DA:156,0
DA:159,0
DA:160,0
DA:161,0
DA:162,0
DA:164,0
DA:165,0
DA:167,0
DA:168,0
DA:171,0
DA:175,0
DA:176,0
DA:177,0
DA:178,0
DA:181,0
DA:182,0
DA:184,0
DA:185,0
DA:186,0
DA:187,0
DA:192,0
DA:195,0
DA:196,0
DA:198,0
DA:199,0
DA:205,0
DA:206,0
DA:207,0
DA:208,0
DA:210,0
DA:214,0
DA:215,0
DA:216,0
DA:221,0
DA:222,0
DA:223,0
DA:224,0
DA:225,0
DA:226,0
DA:230,0
DA:235,0
DA:236,0
DA:237,0
DA:239,0
DA:240,0
DA:242,0
DA:243,0
DA:244,0
DA:245,0
DA:250,0
DA:253,0
DA:254,0
DA:255,0
DA:256,0
LF:122
LH:3
end_of_record
SF:lib\discogs_api.dart
DA:11,0
DA:14,0
DA:15,0
DA:17,0
DA:21,0
DA:22,0
DA:23,0
DA:25,0
DA:26,0
DA:27,0
DA:28,0
DA:29,0
DA:30,0
DA:31,0
DA:32,0
DA:33,0
DA:34,0
LF:17
LH:0
end_of_record
SF:lib\firebase_sync_service.dart
DA:9,1
DA:10,2
DA:12,1
DA:15,0
DA:26,0
DA:29,0
DA:32,0
DA:33,0
DA:34,0
DA:35,0
DA:36,0
DA:42,0
DA:45,0
DA:46,0
DA:48,0
DA:49,0
DA:57,0
DA:58,0
DA:62,0
DA:63,0
DA:67,0
DA:68,0
DA:69,0
DA:73,0
DA:74,0
DA:78,0
DA:79,0
DA:81,0
DA:83,0
DA:85,0
DA:86,0
DA:87,0
DA:89,0
DA:91,0
DA:93,0
DA:96,0
DA:100,0
DA:101,0
DA:105,0
DA:106,0
DA:108,0
DA:110,0
DA:112,0
DA:113,0
DA:114,0
DA:116,0
DA:118,0
DA:120,0
DA:121,0
DA:123,0
DA:126,0
DA:130,0
DA:131,0
DA:135,0
DA:136,0
DA:138,0
DA:140,0
DA:141,0
DA:145,0
DA:146,0
DA:150,0
DA:154,0
DA:155,0
DA:156,0
DA:157,0
DA:158,0
DA:160,0
DA:161,0
DA:162,0
DA:166,0
DA:167,0
DA:168,0
DA:169,0
DA:170,0
DA:172,0
DA:173,0
DA:174,0
DA:175,0
DA:176,0
DA:179,0
DA:180,0
DA:181,0
DA:183,0
DA:190,0
DA:191,0
DA:192,0
DA:195,0
DA:196,0
DA:198,0
DA:199,0
DA:202,0
DA:204,0
DA:210,0
DA:211,0
DA:212,0
DA:215,0
DA:216,0
LF:97
LH:3
end_of_record
SF:lib\genius_api.dart
DA:10,0
DA:13,0
DA:14,0
DA:18,0
DA:22,0
DA:23,0
DA:24,0
DA:26,0
DA:27,0
DA:28,0
DA:29,0
DA:30,0
DA:31,0
DA:32,0
DA:33,0
LF:15
LH:0
end_of_record
SF:lib\hifi_download_service.dart
DA:7,0
DA:8,0
DA:14,0
DA:15,0
DA:19,0
DA:20,0
DA:21,0
DA:22,0
DA:23,0
DA:24,0
DA:25,0
DA:26,0
DA:27,0
DA:28,0
DA:29,0
DA:30,0
DA:36,0
DA:37,0
DA:38,0
DA:39,0
DA:45,0
DA:46,0
DA:47,0
DA:48,0
DA:49,0
DA:54,0
DA:61,0
DA:64,0
DA:66,0
DA:70,0
DA:73,0
DA:80,0
DA:87,0
DA:88,0
DA:92,0
DA:93,0
DA:95,0
DA:100,0
DA:101,0
DA:102,0
DA:103,0
DA:109,0
DA:112,0
DA:113,0
DA:124,0
DA:125,0
DA:126,0
DA:128,0
DA:130,0
DA:137,0
DA:139,0
DA:141,0
DA:143,0
DA:145,0
DA:150,0
DA:152,0
DA:154,0
DA:156,0
DA:158,0
DA:176,0
DA:189,0
DA:192,0
LF:62
LH:0
end_of_record
SF:lib\slavart_api.dart
DA:14,0
DA:17,0
DA:18,0
DA:21,0
DA:25,0
DA:27,0
DA:28,0
DA:31,0
DA:32,0
DA:33,0
DA:34,0
DA:40,0
DA:45,0
DA:47,0
DA:48,0
DA:51,0
DA:55,0
DA:57,0
DA:58,0
DA:65,0
DA:71,0
DA:72,0
DA:74,0
DA:78,0
DA:80,0
DA:84,0
DA:86,0
DA:90,0
DA:91,0
DA:93,0
DA:96,0
DA:97,0
DA:98,0
DA:99,0
DA:100,0
DA:104,0
DA:111,0
DA:112,0
DA:128,0
DA:140,0
DA:141,0
DA:142,0
DA:143,0
DA:144,0
DA:145,0
DA:146,0
DA:147,0
DA:149,0
DA:150,0
DA:154,0
DA:156,0
DA:157,0
DA:158,0
DA:160,0
DA:163,0
DA:164,0
DA:165,0
DA:166,0
DA:168,0
DA:175,0
DA:176,0
DA:177,0
DA:179,0
DA:180,0
DA:181,0
DA:182,0
DA:184,0
DA:185,0
DA:187,0
DA:191,0
DA:192,0
DA:193,0
DA:195,0
DA:197,0
DA:200,0
LF:75
LH:0
end_of_record
SF:lib\lastfm_api.dart
DA:8,0
DA:10,0
DA:12,0
DA:13,0
DA:16,0
DA:17,0
DA:18,0
DA:19,0
DA:20,0
DA:21,0
DA:22,0
DA:24,0
DA:25,0
DA:26,0
DA:27,0
LF:15
LH:0
end_of_record
SF:lib\local_duo_service.dart
DA:13,2
DA:14,4
DA:16,2
DA:19,0
DA:30,0
DA:31,0
DA:37,0
DA:38,0
DA:45,0
DA:47,0
DA:50,0
DA:51,0
DA:53,0
DA:55,0
DA:56,0
DA:57,0
DA:58,0
DA:61,0
DA:65,0
DA:66,0
DA:68,0
DA:70,0
DA:71,0
DA:72,0
DA:73,0
DA:74,0
DA:77,0
DA:78,0
DA:79,0
DA:82,0
DA:85,0
DA:89,0
DA:90,0
DA:91,0
DA:92,0
DA:93,0
DA:94,0
DA:95,0
DA:96,0
DA:97,0
DA:103,0
DA:104,0
DA:105,0
DA:106,0
DA:107,0
DA:108,0
DA:109,0
DA:110,0
DA:115,0
DA:116,0
DA:117,0
DA:118,0
DA:120,0
DA:123,0
DA:124,0
DA:125,0
DA:126,0
DA:130,0
DA:131,0
DA:132,0
DA:136,0
DA:137,0
DA:138,0
DA:142,0
DA:143,0
DA:144,0
DA:146,0
DA:147,0
DA:149,0
DA:150,0
DA:151,0
DA:153,0
DA:154,0
DA:155,0
DA:156,0
DA:158,0
DA:161,0
DA:162,0
DA:164,0
DA:165,0
DA:166,0
DA:167,0
DA:168,0
DA:169,0
DA:170,0
DA:173,0
DA:174,0
DA:175,0
DA:177,0
DA:178,0
DA:183,0
DA:184,0
DA:190,0
DA:191,0
DA:192,0
DA:194,0
DA:195,0
DA:196,0
DA:197,0
DA:198,0
DA:199,0
DA:200,0
DA:201,0
DA:202,0
DA:203,0
DA:204,0
DA:206,0
DA:208,0
DA:211,0
DA:217,0
DA:218,0
DA:221,0
DA:222,0
DA:223,0
DA:224,0
DA:225,0
DA:226,0
LF:117
LH:3
end_of_record
SF:lib\playback_service.dart
DA:16,5
DA:17,0
DA:19,6
DA:22,1
DA:25,1
DA:28,1
DA:29,1
DA:30,0
DA:31,0
DA:32,0
DA:35,1
DA:40,0
DA:41,0
DA:44,0
DA:45,0
DA:58,0
DA:59,0
DA:60,0
DA:61,0
DA:62,0
DA:63,0
DA:64,0
DA:66,0
DA:67,0
DA:68,0
DA:76,0
DA:77,0
DA:81,0
DA:82,0
DA:84,0
DA:85,0
DA:86,0
DA:90,0
DA:91,0
DA:93,0
DA:94,0
DA:96,0
DA:97,0
DA:101,0
DA:102,0
DA:103,0
DA:105,0
DA:106,0
DA:107,0
DA:119,0
DA:120,0
DA:121,0
DA:122,0
DA:123,0
DA:124,0
DA:128,0
DA:129,0
DA:130,0
DA:131,0
DA:132,0
DA:133,0
DA:135,0
DA:136,0
DA:137,0
DA:138,0
DA:139,0
DA:140,0
DA:141,0
DA:143,0
DA:147,0
DA:149,0
DA:152,0
DA:153,0
DA:154,0
DA:155,0
DA:157,0
DA:158,0
DA:159,0
DA:162,0
DA:164,0
DA:166,0
DA:167,0
DA:172,0
DA:173,0
DA:174,0
DA:176,0
DA:178,0
DA:180,0
DA:183,0
DA:184,0
DA:185,0
DA:186,0
DA:187,0
DA:188,0
DA:191,0
DA:192,0
DA:195,1
DA:196,2
DA:198,3
DA:200,3
DA:205,1
DA:206,2
DA:208,3
DA:210,3
DA:215,3
DA:217,1
DA:218,2
DA:220,3
DA:222,1
DA:228,0
DA:229,0
DA:230,0
DA:233,0
DA:234,0
DA:237,0
DA:238,0
DA:239,0
DA:240,0
DA:241,0
DA:244,0
DA:245,0
DA:246,0
DA:247,0
DA:250,0
DA:252,0
DA:257,0
DA:258,0
DA:261,0
DA:262,0
DA:263,0
DA:264,0
DA:266,0
DA:267,0
DA:268,0
DA:269,0
DA:270,0
DA:272,0
DA:273,0
DA:279,0
DA:280,0
DA:281,0
DA:282,0
DA:283,0
DA:286,0
DA:287,0
DA:288,0
DA:290,0
DA:291,0
DA:292,0
DA:295,0
DA:296,0
DA:299,0
DA:300,0
DA:301,0
DA:302,0
DA:303,0
DA:310,0
DA:312,0
DA:313,0
DA:315,0
DA:316,0
DA:318,0
DA:319,0
DA:321,0
DA:322,0
DA:324,0
DA:325,0
DA:327,0
DA:328,0
LF:164
LH:20
end_of_record
SF:lib\lyrics_service.dart
DA:7,0
DA:8,0
DA:10,2
DA:13,0
DA:15,0
DA:17,0
DA:18,0
DA:19,0
DA:21,0
DA:22,0
DA:23,0
DA:25,0
DA:29,0
DA:31,0
DA:34,0
DA:35,0
DA:36,0
DA:38,0
DA:39,0
DA:41,0
DA:42,0
DA:43,0
DA:45,0
DA:46,0
DA:48,0
DA:59,0
LF:26
LH:1
end_of_record
SF:lib\metadata_aggregator_service.dart
DA:24,0
DA:38,0
DA:39,0
DA:40,0
DA:50,0
DA:55,0
DA:58,0
DA:59,0
DA:60,0
DA:61,0
DA:62,0
DA:63,0
DA:67,0
DA:71,0
DA:77,0
DA:78,0
DA:79,0
DA:85,0
DA:86,0
DA:91,0
DA:95,0
DA:97,0
DA:100,0
DA:101,0
DA:102,0
DA:105,0
DA:109,0
DA:110,0
DA:111,0
DA:121,0
DA:123,0
DA:126,0
DA:127,0
DA:128,0
DA:129,0
DA:131,0
DA:132,0
DA:133,0
DA:135,0
DA:136,0
DA:137,0
DA:138,0
DA:140,0
DA:141,0
DA:142,0
DA:143,0
DA:144,0
DA:146,0
DA:157,0
DA:160,0
DA:161,0
DA:162,0
DA:163,0
DA:164,0
DA:165,0
DA:166,0
DA:167,0
DA:174,0
DA:177,0
DA:179,0
DA:180,0
DA:181,0
DA:182,0
DA:183,0
DA:190,0
DA:193,0
DA:195,0
DA:196,0
DA:197,0
DA:198,0
DA:199,0
DA:206,0
DA:209,0
DA:211,0
DA:212,0
DA:213,0
DA:214,0
DA:221,0
DA:224,0
DA:225,0
DA:226,0
DA:227,0
DA:228,0
DA:229,0
DA:231,0
DA:232,0
DA:233,0
DA:235,0
DA:236,0
DA:238,0
DA:239,0
DA:241,0
DA:242,0
DA:244,0
DA:247,0
DA:248,0
DA:251,0
DA:252,0
DA:253,0
DA:255,0
DA:265,0
DA:266,0
DA:267,0
DA:269,0
DA:270,0
DA:271,0
DA:274,0
DA:276,0
DA:277,0
DA:278,0
DA:279,0
DA:280,0
DA:281,0
DA:282,0
DA:283,0
DA:288,0
DA:289,0
DA:293,0
DA:294,0
DA:295,0
DA:296,0
DA:299,0
DA:300,0
DA:303,0
DA:304,0
DA:307,0
DA:308,0
DA:312,0
DA:313,0
DA:314,0
DA:315,0
DA:318,0
DA:319,0
DA:322,0
DA:323,0
DA:327,0
DA:328,0
DA:331,0
LF:138
LH:0
end_of_record
SF:lib\musicbrainz_api.dart
DA:7,0
DA:12,0
DA:13,0
DA:15,0
DA:18,0
DA:23,0
DA:24,0
DA:26,0
DA:30,0
DA:32,0
DA:33,0
DA:35,0
DA:37,0
DA:42,0
DA:43,0
DA:44,0
DA:46,0
DA:47,0
DA:48,0
DA:50,0
DA:51,0
DA:52,0
DA:53,0
DA:54,0
DA:57,0
DA:59,0
LF:26
LH:0
end_of_record
SF:lib\netease_api.dart
DA:9,0
DA:12,0
DA:13,0
DA:15,0
DA:20,0
DA:21,0
DA:22,0
DA:24,0
DA:25,0
DA:28,0
DA:29,0
DA:34,0
DA:35,0
DA:36,0
DA:38,0
DA:39,0
DA:47,0
DA:50,0
DA:51,0
DA:52,0
DA:54,0
DA:55,0
DA:57,0
DA:58,0
DA:59,0
DA:61,0
DA:62,0
DA:64,0
DA:65,0
DA:66,0
LF:30
LH:0
end_of_record
SF:lib\metadata_cleanup_service.dart
DA:6,1
DA:7,2
DA:9,1
DA:12,0
DA:17,0
DA:18,0
DA:21,0
DA:23,0
DA:24,0
DA:25,0
DA:26,0
DA:27,0
DA:30,0
DA:31,0
DA:37,0
DA:38,0
DA:44,0
DA:46,0
DA:48,0
DA:49,0
DA:53,0
DA:54,0
DA:58,0
DA:59,0
DA:68,0
DA:69,0
DA:70,0
DA:71,0
DA:72,0
DA:73,0
DA:74,0
DA:75,0
DA:82,0
DA:84,0
DA:85,0
DA:86,0
DA:96,0
DA:97,0
DA:98,0
DA:100,0
DA:104,0
LF:41
LH:3
end_of_record
SF:lib\search_service.dart
DA:20,2
DA:21,4
DA:23,2
DA:26,2
DA:29,4
DA:46,0
DA:47,0
DA:51,0
DA:52,0
DA:56,1
DA:57,1
DA:59,0
DA:61,1
DA:65,0
DA:69,0
DA:72,0
DA:73,0
DA:74,0
DA:77,0
DA:78,0
DA:79,0
DA:80,0
DA:81,0
DA:82,0
DA:83,0
DA:84,0
DA:85,0
DA:88,0
DA:90,0
DA:91,0
DA:97,0
DA:103,0
DA:104,0
DA:105,0
DA:107,0
DA:111,0
DA:112,0
DA:117,1
DA:119,1
DA:120,1
DA:121,1
DA:122,1
DA:123,1
DA:124,1
DA:127,2
DA:128,2
DA:134,2
DA:135,1
DA:138,1
DA:139,2
DA:141,2
DA:142,2
DA:144,1
DA:145,2
DA:146,1
DA:147,1
DA:148,1
DA:149,0
DA:151,1
DA:152,1
DA:153,2
DA:161,0
DA:166,0
DA:168,0
DA:169,0
DA:170,0
DA:171,0
DA:172,0
DA:173,0
DA:174,0
DA:177,0
DA:178,0
DA:184,0
DA:185,0
DA:188,0
DA:189,0
DA:191,0
DA:192,0
DA:194,0
DA:195,0
DA:196,0
DA:197,0
DA:198,0
DA:199,0
DA:201,0
DA:202,0
DA:203,0
DA:204,0
DA:212,0
DA:217,0
DA:222,0
DA:226,0
DA:228,0
DA:229,0
DA:232,0
DA:233,0
DA:234,0
DA:235,0
DA:236,0
DA:237,0
DA:238,0
DA:239,0
DA:241,0
DA:242,0
DA:244,0
DA:246,0
DA:251,0
DA:253,0
DA:254,0
DA:255,0
DA:260,0
DA:265,0
DA:274,0
DA:275,0
DA:276,0
DA:281,0
DA:282,0
DA:285,0
DA:286,0
DA:289,0
DA:294,0
DA:301,0
DA:302,0
DA:303,0
DA:304,0
DA:305,0
DA:306,0
DA:307,0
DA:308,0
DA:310,0
DA:313,0
DA:315,0
DA:319,0
DA:320,0
DA:331,0
DA:335,0
DA:336,0
DA:337,0
DA:342,0
DA:351,1
DA:353,1
DA:354,1
DA:355,1
DA:356,1
DA:357,1
DA:358,1
DA:361,2
DA:362,2
DA:368,2
DA:369,2
DA:378,0
DA:380,0
DA:381,0
DA:383,0
DA:388,0
DA:389,0
DA:390,0
DA:391,0
DA:392,0
DA:394,0
DA:404,0
DA:405,0
DA:406,0
DA:408,0
DA:412,0
DA:414,0
DA:415,0
DA:416,0
DA:426,0
DA:427,0
DA:430,0
DA:431,0
DA:433,0
DA:434,0
DA:436,0
DA:437,0
DA:438,0
DA:439,0
DA:440,0
DA:441,0
DA:443,0
DA:444,0
DA:445,0
DA:452,0
DA:456,0
DA:457,0
DA:458,0
DA:460,0
DA:461,0
DA:462,0
DA:466,0
DA:470,0
DA:471,0
DA:474,0
DA:476,0
DA:479,0
DA:480,0
DA:481,0
DA:483,0
DA:484,0
DA:486,0
DA:487,0
DA:488,0
DA:489,0
DA:490,0
DA:491,0
DA:492,0
DA:493,0
DA:494,0
DA:501,0
DA:503,0
LF:211
LH:42
end_of_record
SF:lib\theme_service.dart
DA:7,4
DA:8,4
DA:10,5
DA:13,1
DA:30,1
DA:31,4
DA:33,2
DA:34,0
DA:50,0
DA:51,0
DA:53,0
DA:56,0
DA:58,0
DA:59,0
DA:62,1
DA:63,1
DA:64,1
DA:65,1
DA:66,3
DA:67,2
DA:68,1
DA:71,1
DA:72,1
DA:73,2
DA:74,1
DA:77,1
DA:79,1
DA:84,0
DA:85,0
DA:90,2
DA:91,1
DA:95,3
DA:96,1
DA:98,3
DA:99,1
DA:100,1
LF:36
LH:27
end_of_record
SF:lib\app_shell.dart
DA:11,1
DA:13,1
DA:14,1
DA:28,1
DA:30,1
DA:31,2
DA:32,1
DA:33,1
DA:34,1
DA:35,2
DA:37,1
DA:38,1
DA:39,1
DA:41,1
DA:43,1
DA:56,1
DA:57,1
DA:58,1
DA:60,1
DA:61,2
DA:62,1
DA:63,0
DA:64,0
DA:65,2
DA:96,1
DA:97,1
DA:98,1
DA:99,1
DA:105,1
DA:110,1
DA:111,1
DA:112,4
LF:32
LH:30
end_of_record
SF:lib\connectivity_service.dart
DA:7,1
DA:8,2
DA:10,1
DA:13,0
DA:19,0
DA:20,0
DA:21,0
DA:23,0
DA:26,0
DA:28,0
DA:29,0
DA:32,0
DA:33,0
DA:34,0
DA:35,0
DA:39,0
DA:40,0
DA:44,0
DA:45,0
LF:19
LH:3
end_of_record
SF:lib\auth_service.dart
DA:7,0
DA:8,0
DA:10,1
DA:13,0
DA:18,0
DA:19,0
DA:21,0
DA:22,0
DA:23,0
DA:24,0
DA:28,0
DA:30,0
DA:33,0
DA:38,0
DA:40,0
DA:44,0
DA:49,0
DA:50,0
DA:54,0
DA:56,0
DA:59,0
DA:67,0
DA:69,0
DA:75,0
LF:24
LH:1
end_of_record
SF:lib\security_service.dart
DA:8,0
DA:9,0
DA:11,1
DA:14,0
DA:21,0
DA:22,0
DA:25,0
DA:26,0
DA:27,0
DA:30,0
DA:33,0
DA:34,0
DA:35,0
DA:36,0
DA:39,0
DA:40,0
DA:44,0
DA:45,0
DA:46,0
DA:47,0
DA:49,0
DA:51,0
DA:55,0
DA:57,0
DA:58,0
DA:62,0
DA:63,0
DA:64,0
DA:66,0
DA:73,0
DA:77,0
DA:78,0
DA:79,0
DA:80,0
DA:83,0
DA:85,0
DA:88,0
DA:89,0
DA:90,0
DA:93,0
DA:95,0
DA:96,0
LF:42
LH:1
end_of_record
SF:lib\search_page.dart
DA:12,1
DA:14,2
DA:15,2
DA:38,2
DA:40,2
DA:41,2
DA:44,2
DA:46,4
DA:47,1
DA:48,2
DA:49,1
DA:50,1
DA:54,6
DA:56,2
DA:57,2
DA:58,1
DA:63,2
DA:65,4
DA:66,2
DA:69,1
DA:70,3
DA:71,1
DA:75,2
DA:76,1
DA:77,1
DA:78,2
DA:79,2
DA:80,2
DA:81,2
DA:82,2
DA:90,2
DA:92,1
DA:93,2
DA:94,2
DA:98,2
DA:99,1
DA:102,1
DA:103,3
DA:107,0
DA:109,3
DA:113,0
DA:114,0
DA:115,0
DA:116,0
DA:120,0
DA:124,0
DA:125,0
DA:126,0
DA:127,0
DA:128,0
DA:132,0
DA:133,0
DA:134,0
DA:140,0
DA:141,0
DA:146,0
DA:147,0
DA:148,0
DA:154,0
DA:155,0
DA:156,0
DA:158,0
DA:163,0
DA:165,0
DA:166,0
DA:170,0
DA:171,0
DA:172,0
DA:173,0
DA:178,0
DA:179,0
DA:180,0
DA:184,0
DA:185,0
DA:186,0
DA:190,0
DA:191,0
DA:192,0
DA:197,0
DA:198,0
DA:199,0
DA:201,0
DA:205,0
DA:206,0
DA:213,0
DA:214,0
DA:215,0
DA:217,0
DA:219,0
DA:221,0
DA:222,0
DA:223,0
DA:224,0
DA:225,0
DA:226,0
DA:236,0
DA:237,0
DA:238,0
DA:239,0
DA:240,0
DA:241,0
DA:242,0
DA:243,0
DA:246,0
DA:248,0
DA:249,0
DA:250,0
DA:256,1
DA:258,1
DA:259,3
DA:260,4
DA:263,2
DA:265,0
DA:266,0
DA:267,0
DA:273,0
DA:274,0
DA:275,0
DA:276,0
DA:280,1
DA:282,1
DA:283,1
DA:287,1
DA:290,1
DA:291,0
DA:295,0
DA:298,1
DA:299,1
DA:303,1
DA:306,0
DA:307,0
DA:308,0
DA:313,0
DA:315,0
DA:316,0
DA:320,0
DA:336,0
DA:337,0
DA:341,0
DA:357,0
DA:358,0
DA:362,0
DA:383,2
DA:385,2
DA:386,2
DA:387,2
DA:388,2
DA:389,2
DA:391,2
DA:393,2
DA:396,4
DA:398,4
DA:406,2
DA:407,2
DA:409,6
DA:411,2
DA:412,2
DA:413,2
DA:415,2
DA:416,2
DA:417,2
DA:418,2
DA:419,2
DA:424,0
DA:428,2
DA:429,4
DA:435,6
DA:436,1
DA:437,2
DA:438,1
DA:440,2
DA:443,2
DA:444,2
DA:445,2
DA:446,4
DA:447,1
DA:448,2
DA:449,3
DA:451,3
DA:453,1
DA:456,1
DA:457,1
DA:458,1
DA:459,1
DA:460,0
DA:464,0
DA:467,2
DA:469,1
DA:470,3
DA:471,1
DA:473,1
DA:474,1
DA:477,2
DA:479,1
DA:480,0
DA:481,0
DA:482,0
DA:484,0
DA:485,0
DA:488,0
DA:505,2
DA:506,1
DA:511,0
DA:513,0
DA:515,0
DA:517,0
DA:518,0
DA:519,0
DA:520,0
DA:521,0
DA:524,0
DA:525,0
DA:527,0
DA:528,0
DA:530,0
DA:531,0
DA:532,0
DA:533,0
DA:535,0
DA:536,0
DA:537,0
DA:538,0
DA:539,0
DA:540,0
DA:541,0
DA:550,0
DA:551,0
DA:552,0
DA:554,0
DA:556,0
DA:557,0
DA:561,0
DA:562,0
DA:578,2
DA:579,2
DA:585,1
DA:586,1
DA:588,2
DA:589,1
DA:590,1
DA:591,1
DA:592,1
DA:594,1
DA:595,1
DA:596,1
DA:597,1
DA:603,1
DA:604,2
DA:614,1
DA:619,1
DA:623,0
DA:627,0
DA:633,1
DA:635,1
DA:637,1
DA:643,1
DA:644,1
DA:645,1
DA:647,1
DA:650,1
DA:657,2
DA:658,4
DA:659,4
DA:661,2
DA:662,0
DA:663,0
DA:664,0
DA:667,0
DA:668,0
DA:669,0
DA:670,0
DA:672,0
DA:673,0
DA:674,0
LF:274
LH:132
end_of_record
SF:lib\home_view.dart
DA:11,1
DA:13,1
DA:14,1
DA:23,1
DA:25,1
DA:26,1
DA:29,1
DA:30,2
DA:33,1
DA:37,2
DA:38,4
DA:39,1
DA:43,0
DA:44,0
DA:45,0
DA:46,0
DA:47,0
DA:48,0
DA:49,0
DA:50,0
DA:51,0
DA:52,0
DA:53,0
DA:55,0
DA:57,0
DA:60,1
DA:62,1
DA:63,1
DA:65,1
DA:66,1
DA:68,0
DA:70,0
DA:76,1
DA:78,1
DA:80,1
DA:82,1
DA:84,1
DA:100,1
DA:108,1
DA:115,1
DA:116,1
DA:119,1
DA:120,1
DA:121,1
DA:122,4
DA:123,4
DA:128,1
DA:129,1
DA:130,1
DA:131,5
DA:137,1
DA:139,1
DA:154,1
DA:155,0
DA:158,0
DA:159,0
DA:164,1
DA:166,4
DA:174,1
DA:175,1
DA:176,1
DA:177,2
DA:178,1
DA:179,1
DA:183,0
DA:184,0
DA:186,1
DA:190,0
DA:191,0
DA:193,1
DA:197,0
DA:198,0
DA:203,1
DA:205,3
DA:209,1
DA:213,1
DA:215,3
DA:216,1
DA:221,1
DA:227,1
DA:228,2
DA:234,0
DA:236,0
DA:238,0
DA:239,0
DA:240,0
DA:241,0
DA:244,0
DA:245,0
DA:246,0
DA:248,0
DA:249,0
DA:250,0
DA:251,0
DA:252,0
DA:253,0
DA:254,0
DA:259,0
DA:260,0
DA:262,0
DA:273,0
DA:274,0
DA:279,0
DA:280,0
DA:283,0
DA:296,1
DA:298,1
DA:300,1
DA:301,1
DA:306,1
DA:307,1
DA:308,1
DA:311,1
DA:313,1
DA:315,1
DA:316,1
DA:317,1
DA:318,1
DA:319,1
DA:320,1
DA:321,1
DA:322,0
DA:323,0
DA:324,0
DA:326,1
DA:327,1
DA:329,1
DA:330,2
DA:334,3
DA:338,2
DA:353,1
DA:360,1
DA:362,1
DA:363,1
DA:364,1
DA:365,1
DA:368,1
DA:369,3
DA:370,1
DA:372,1
DA:373,1
DA:374,1
DA:376,1
DA:377,2
DA:378,1
DA:380,3
DA:383,2
LF:147
LH:96
end_of_record
SF:lib\main.dart
DA:35,0
DA:44,0
DA:45,0
DA:48,0
DA:49,0
DA:50,0
DA:52,0
DA:53,0
DA:54,0
DA:56,0
DA:60,1
DA:62,0
DA:64,0
DA:65,0
DA:66,0
DA:67,0
DA:68,0
DA:70,0
DA:72,0
DA:77,0
DA:79,0
DA:84,0
DA:94,1
DA:98,1
DA:99,1
DA:110,0
DA:111,0
DA:114,0
DA:115,0
DA:119,0
DA:120,0
DA:124,0
DA:125,0
DA:129,0
DA:130,0
DA:131,0
DA:132,0
DA:133,0
DA:135,0
DA:136,0
DA:137,0
DA:138,0
DA:139,0
DA:140,0
DA:141,0
DA:145,0
DA:146,0
DA:147,0
DA:151,0
DA:153,0
DA:154,0
DA:159,0
DA:160,0
DA:162,0
DA:163,0
DA:164,0
DA:167,0
DA:168,0
DA:169,0
DA:170,0
DA:171,0
DA:172,0
DA:177,0
DA:181,0
DA:182,0
DA:187,0
DA:191,0
DA:194,0
DA:195,0
DA:196,0
DA:197,0
DA:198,0
DA:199,0
DA:200,0
DA:204,0
DA:212,0
DA:213,0
DA:214,0
DA:215,0
DA:216,0
DA:217,0
DA:218,0
DA:219,0
DA:221,0
DA:222,0
DA:225,0
DA:226,0
DA:227,0
DA:228,0
DA:229,0
DA:232,0
DA:233,0
DA:235,0
DA:236,0
DA:238,0
DA:239,0
DA:244,0
DA:245,0
DA:246,0
DA:247,0
DA:254,0
DA:255,0
DA:263,0
DA:266,0
DA:267,0
DA:268,0
DA:270,0
DA:271,0
DA:273,0
DA:274,0
DA:278,0
DA:279,0
DA:282,0
DA:284,0
DA:288,0
DA:289,0
DA:290,0
DA:291,0
DA:295,0
DA:296,0
DA:298,0
DA:299,0
DA:301,0
DA:302,0
DA:305,0
DA:309,0
DA:311,0
DA:312,0
DA:313,0
DA:316,0
DA:317,0
DA:318,0
DA:324,0
DA:326,0
DA:332,1
DA:334,1
DA:336,1
DA:337,1
DA:338,3
DA:339,3
DA:340,1
DA:341,1
DA:344,0
DA:345,0
DA:347,0
DA:351,1
DA:354,0
DA:355,0
DA:357,0
DA:372,1
DA:373,1
DA:374,1
DA:377,1
DA:384,1
DA:385,1
DA:386,1
DA:388,2
DA:389,1
DA:391,1
DA:394,1
DA:395,1
DA:399,0
DA:400,0
DA:401,0
DA:402,0
DA:403,0
DA:405,0
DA:406,0
DA:407,0
DA:408,0
DA:409,0
DA:410,0
DA:412,0
DA:413,0
DA:414,0
DA:415,0
DA:416,0
DA:417,0
DA:422,0
DA:428,0
DA:429,0
DA:430,0
DA:431,0
DA:434,0
DA:458,0
DA:461,0
LF:186
LH:25
end_of_record
SF:lib\mini_player.dart
DA:7,1
DA:9,3
DA:11,3
DA:13,3
DA:14,6
DA:15,3
DA:16,3
DA:18,3
DA:22,2
DA:24,1
DA:27,1
DA:28,3
DA:29,1
DA:30,1
DA:31,1
DA:37,1
DA:38,0
DA:39,0
DA:41,0
DA:44,1
DA:45,1
DA:46,1
DA:47,0
DA:48,0
DA:49,0
DA:50,0
DA:56,1
DA:57,1
DA:58,1
DA:61,1
DA:62,1
DA:63,1
DA:68,1
DA:69,1
DA:72,1
DA:74,1
DA:75,1
DA:76,1
DA:77,1
DA:83,1
DA:84,1
DA:85,1
DA:87,1
DA:89,0
DA:93,1
DA:95,0
LF:46
LH:37
end_of_record
SF:lib\playlists_view.dart
DA:6,1
DA:8,1
DA:9,1
DA:16,1
DA:18,1
DA:19,1
DA:22,1
DA:23,2
DA:24,3
DA:27,0
DA:28,0
DA:29,0
DA:30,0
DA:31,0
DA:33,0
DA:38,0
DA:39,0
DA:40,0
DA:42,0
DA:43,0
DA:49,0
DA:50,0
DA:51,0
DA:55,1
DA:57,1
DA:58,1
DA:59,2
DA:61,0
DA:62,0
DA:63,0
DA:64,0
DA:65,0
DA:67,0
DA:68,0
DA:69,0
DA:70,0
DA:72,0
DA:73,0
DA:74,0
DA:75,0
DA:83,1
DA:84,1
LF:42
LH:15
end_of_record
SF:lib\my_tracks_view.dart
DA:9,1
DA:11,1
DA:12,1
DA:21,1
DA:23,1
DA:24,1
DA:27,1
DA:28,2
DA:29,2
DA:30,1
DA:31,1
DA:35,0
DA:36,0
DA:37,0
DA:38,0
DA:39,0
DA:40,0
DA:41,0
DA:42,0
DA:43,0
DA:44,0
DA:45,0
DA:47,0
DA:49,0
DA:52,1
DA:54,1
DA:55,1
DA:57,1
DA:58,1
DA:61,0
DA:63,0
DA:66,1
DA:69,0
DA:70,0
DA:72,0
DA:73,0
DA:75,0
DA:80,1
DA:82,2
DA:86,0
DA:87,0
DA:88,0
DA:89,0
DA:90,0
DA:91,0
DA:92,0
DA:95,0
DA:96,0
DA:97,0
DA:99,0
DA:100,0
DA:102,0
DA:103,0
DA:104,0
DA:105,0
DA:106,0
DA:107,0
DA:108,0
DA:109,0
DA:115,0
DA:117,0
LF:61
LH:19
end_of_record
SF:lib\cast_dialog.dart
DA:6,1
DA:8,0
DA:9,0
DA:15,0
DA:17,0
DA:18,0
DA:21,0
DA:23,0
DA:25,0
DA:28,0
DA:29,0
DA:32,0
DA:33,0
DA:34,0
DA:36,0
DA:37,0
DA:38,0
DA:42,0
DA:43,0
DA:44,0
DA:45,0
DA:46,0
DA:48,0
DA:49,0
DA:50,0
DA:51,0
DA:52,0
DA:53,0
DA:54,0
DA:55,0
DA:56,0
DA:57,0
DA:58,0
DA:59,0
DA:63,0
DA:79,0
DA:80,0
DA:81,0
DA:82,0
DA:83,0
DA:87,0
DA:88,0
LF:42
LH:1
end_of_record
SF:lib\cast_service.dart
DA:14,0
DA:17,0
DA:19,0
DA:21,0
DA:22,0
DA:26,0
DA:27,0
DA:32,0
DA:37,0
DA:38,0
DA:39,0
DA:42,0
DA:43,0
DA:45,0
DA:46,0
DA:47,0
DA:49,0
DA:50,0
DA:62,0
DA:63,0
DA:66,0
DA:67,0
DA:70,0
DA:74,0
DA:75,0
DA:77,0
DA:78,0
DA:79,0
DA:86,0
DA:87,0
DA:88,0
DA:89,0
DA:90,0
DA:92,0
DA:94,0
DA:95,0
DA:96,0
DA:97,0
DA:100,0
DA:101,0
DA:102,0
DA:104,0
DA:107,0
DA:111,0
DA:114,0
DA:115,0
DA:116,0
DA:117,0
DA:128,0
DA:129,0
DA:131,0
DA:132,0
DA:134,0
DA:135,0
DA:137,0
DA:139,0
DA:141,0
DA:143,0
DA:144,0
DA:147,0
DA:148,0
DA:149,0
DA:153,0
DA:165,0
DA:166,0
DA:169,0
DA:181,0
DA:184,0
DA:186,0
DA:187,0
DA:188,0
DA:190,0
DA:195,0
DA:201,0
LF:74
LH:0
end_of_record
SF:lib\desktop_integration_service.dart
DA:7,0
DA:8,0
DA:9,0
DA:13,0
DA:14,0
DA:16,0
DA:20,0
DA:26,0
DA:27,0
DA:28,0
DA:29,0
DA:30,0
DA:31,0
DA:32,0
DA:33,0
DA:34,0
DA:37,0
DA:40,0
DA:41,0
DA:42,0
DA:43,0
DA:44,0
DA:45,0
DA:46,0
DA:47,0
DA:48,0
DA:61,0
DA:62,0
DA:63,0
DA:67,0
DA:68,0
LF:31
LH:0
end_of_record
SF:lib\disco_mode_view.dart
DA:8,1
DA:10,0
DA:11,0
DA:25,0
DA:27,0
DA:29,0
DA:32,0
DA:34,0
DA:37,0
DA:39,0
DA:44,0
DA:47,0
DA:48,0
DA:49,0
DA:52,0
DA:53,0
DA:55,0
DA:61,0
DA:63,0
DA:64,0
DA:65,0
DA:66,0
DA:67,0
DA:70,0
DA:72,0
DA:73,0
DA:75,0
DA:77,0
DA:78,0
DA:79,0
DA:80,0
DA:82,0
DA:83,0
DA:84,0
DA:85,0
DA:86,0
DA:87,0
DA:89,0
DA:90,0
DA:91,0
DA:92,0
DA:102,0
DA:107,0
DA:110,0
DA:111,0
DA:112,0
DA:113,0
DA:114,0
DA:115,0
DA:117,0
DA:118,0
DA:120,0
DA:121,0
DA:124,0
DA:125,0
DA:126,0
DA:132,0
DA:133,0
DA:134,0
DA:135,0
DA:136,0
DA:142,0
DA:147,0
DA:148,0
DA:149,0
DA:150,0
DA:151,0
DA:152,0
DA:153,0
DA:154,0
DA:155,0
DA:156,0
DA:157,0
DA:159,0
DA:162,0
DA:164,0
DA:165,0
DA:166,0
DA:172,0
DA:173,0
DA:174,0
DA:175,0
DA:177,0
DA:178,0
DA:180,0
DA:192,0
DA:196,0
DA:197,0
DA:198,0
DA:199,0
DA:208,0
DA:209,0
DA:210,0
DA:211,0
DA:221,0
DA:225,0
DA:226,0
DA:228,0
DA:229,0
DA:241,0
DA:242,0
DA:243,0
LF:102
LH:1
end_of_record
SF:lib\duo_chat_dialog.dart
DA:5,1
DA:7,0
DA:8,0
DA:16,0
DA:18,0
DA:19,0
DA:20,0
DA:21,0
DA:22,0
DA:28,0
DA:30,0
DA:31,0
DA:32,0
DA:35,0
DA:36,0
DA:37,0
DA:38,0
DA:39,0
DA:40,0
DA:44,0
DA:46,0
DA:48,0
DA:50,0
DA:52,0
DA:56,0
DA:57,0
DA:59,0
DA:60,0
DA:62,0
DA:67,0
DA:68,0
DA:69,0
DA:70,0
DA:71,0
DA:72,0
DA:77,0
DA:79,0
DA:86,0
DA:87,0
DA:88,0
LF:40
LH:1
end_of_record
SF:lib\duo_matching_dialog.dart
DA:10,1
DA:12,0
DA:13,0
DA:25,0
DA:27,0
DA:28,0
DA:29,0
DA:30,0
DA:31,0
DA:34,0
DA:35,0
DA:36,0
DA:37,0
DA:38,0
DA:39,0
DA:40,0
DA:41,0
DA:45,0
DA:46,0
DA:47,0
DA:48,0
DA:49,0
DA:54,0
DA:55,0
DA:56,0
DA:61,0
DA:62,0
DA:63,0
DA:64,0
DA:65,0
DA:67,0
DA:68,0
DA:70,0
DA:75,0
DA:76,0
DA:77,0
DA:80,0
DA:81,0
DA:84,0
DA:85,0
DA:86,0
DA:88,0
DA:91,0
DA:92,0
DA:95,0
DA:96,0
DA:97,0
DA:99,0
DA:102,0
DA:104,0
DA:105,0
DA:106,0
DA:109,0
DA:111,0
DA:113,0
DA:115,0
DA:118,0
DA:119,0
DA:122,0
DA:125,0
DA:128,0
DA:131,0
DA:134,0
DA:135,0
DA:137,0
DA:138,0
DA:142,0
DA:143,0
DA:146,0
DA:149,0
DA:151,0
DA:154,0
DA:155,0
DA:158,0
DA:159,0
DA:161,0
DA:162,0
DA:165,0
DA:168,0
DA:170,0
DA:171,0
DA:172,0
DA:173,0
DA:175,0
DA:176,0
DA:177,0
DA:179,0
DA:183,0
DA:184,0
DA:185,0
DA:186,0
DA:187,0
DA:188,0
DA:189,0
DA:190,0
DA:191,0
DA:194,0
DA:197,0
DA:204,0
DA:207,0
DA:208,0
DA:209,0
DA:210,0
DA:211,0
DA:213,0
DA:214,0
DA:215,0
DA:216,0
DA:229,0
DA:230,0
DA:231,0
LF:111
LH:1
end_of_record
SF:lib\remote_library_view.dart
DA:7,1
DA:9,0
DA:10,0
DA:18,0
DA:20,0
DA:21,0
DA:22,0
DA:23,0
DA:24,0
DA:25,0
DA:29,0
DA:32,0
DA:34,0
DA:35,0
DA:38,0
DA:40,0
DA:41,0
DA:43,0
DA:44,0
DA:46,0
DA:47,0
DA:48,0
DA:53,0
DA:58,0
DA:62,0
DA:63,0
DA:64,0
DA:65,0
DA:66,0
DA:67,0
DA:68,0
DA:69,0
DA:70,0
DA:74,0
DA:75,0
DA:76,0
DA:78,0
DA:79,0
DA:81,0
DA:82,0
DA:83,0
DA:90,0
DA:92,0
DA:93,0
LF:44
LH:1
end_of_record
SF:lib\party_queue_view.dart
DA:4,1
DA:6,0
DA:7,0
DA:14,0
DA:16,0
DA:17,0
DA:22,0
DA:23,0
DA:24,0
DA:27,0
DA:28,0
DA:29,0
DA:33,0
DA:34,0
DA:36,0
DA:38,0
DA:42,0
DA:44,0
DA:45,0
DA:46,0
DA:47,0
DA:56,0
DA:57,0
DA:58,0
DA:61,0
DA:64,0
DA:65,0
DA:69,0
DA:70,0
DA:72,0
DA:74,0
DA:76,0
DA:77,0
DA:78,0
DA:79,0
DA:85,0
DA:86,0
DA:92,0
DA:93,0
DA:99,0
DA:100,0
DA:103,0
DA:104,0
DA:110,0
DA:111,0
DA:112,0
DA:114,0
LF:47
LH:1
end_of_record
SF:lib\edit_track_dialog.dart
DA:7,0
DA:9,0
DA:10,0
DA:18,0
DA:20,0
DA:21,0
DA:22,0
DA:23,0
DA:26,0
DA:28,0
DA:29,0
DA:30,0
DA:31,0
DA:34,0
DA:36,0
DA:38,0
DA:39,0
DA:41,0
DA:42,0
DA:43,0
DA:46,0
DA:47,0
DA:50,0
DA:51,0
DA:57,0
DA:58,0
DA:59,0
DA:62,0
DA:63,0
DA:65,0
DA:66,0
DA:67,0
DA:68,0
DA:69,0
DA:70,0
DA:72,0
LF:36
LH:0
end_of_record
SF:lib\mood_explorer_view.dart
DA:7,1
DA:20,0
DA:22,0
DA:24,0
DA:26,0
DA:27,0
DA:29,0
DA:30,0
DA:31,0
DA:32,0
DA:35,0
DA:36,0
DA:43,0
DA:44,0
DA:45,0
DA:46,0
DA:47,0
DA:48,0
DA:49,0
DA:65,0
DA:68,0
DA:70,0
DA:71,0
DA:72,0
DA:73,0
DA:74,0
DA:75,0
DA:76,0
DA:80,0
DA:81,0
DA:82,0
DA:83,0
DA:89,0
DA:91,0
DA:92,0
DA:94,0
DA:95,0
DA:108,0
DA:109,0
DA:113,0
DA:122,0
DA:124,0
DA:126,0
DA:127,0
DA:128,0
DA:129,0
DA:132,0
DA:133,0
DA:134,0
DA:138,0
DA:139,0
DA:140,0
DA:143,0
DA:145,0
DA:146,0
DA:147,0
DA:148,0
DA:149,0
DA:151,0
DA:152,0
DA:153,0
DA:154,0
DA:155,0
DA:156,0
DA:162,0
DA:163,0
DA:164,0
DA:165,0
DA:166,0
DA:169,0
DA:170,0
DA:171,0
DA:172,0
DA:174,0
DA:179,0
DA:180,0
DA:181,0
DA:182,0
DA:183,0
DA:184,0
DA:185,0
DA:186,0
DA:187,0
DA:188,0
DA:192,0
DA:193,0
DA:194,0
DA:195,0
DA:196,0
LF:89
LH:1
end_of_record
SF:lib\smart_library_view.dart
DA:7,1
DA:9,0
DA:11,0
DA:13,0
DA:14,0
DA:21,0
DA:22,0
DA:23,0
DA:24,0
DA:25,0
DA:29,0
DA:30,0
DA:47,0
DA:49,0
DA:51,0
DA:52,0
DA:53,0
DA:54,0
DA:57,0
DA:58,0
DA:59,0
DA:60,0
DA:62,0
DA:68,0
DA:69,0
DA:70,0
DA:71,0
DA:72,0
DA:73,0
DA:74,0
DA:75,0
DA:76,0
DA:77,0
DA:78,0
DA:79,0
DA:80,0
DA:81,0
DA:83,0
DA:84,0
DA:87,0
DA:88,0
DA:89,0
DA:90,0
DA:91,0
DA:94,0
DA:97,0
DA:98,0
LF:47
LH:1
end_of_record
SF:lib\listening_stats_view.dart
DA:5,1
DA:7,0
DA:8,0
DA:15,0
DA:17,0
DA:18,0
DA:21,0
DA:22,0
DA:23,0
DA:24,0
DA:25,0
DA:29,0
DA:30,0
DA:31,0
DA:32,0
DA:33,0
DA:35,0
DA:38,0
DA:40,0
DA:42,0
DA:46,0
DA:48,0
DA:50,0
DA:52,0
DA:54,0
DA:57,0
DA:58,0
DA:59,0
DA:60,0
DA:61,0
DA:64,0
DA:66,0
DA:67,0
DA:71,0
DA:72,0
DA:84,0
DA:86,0
DA:87,0
DA:88,0
DA:89,0
DA:99,0
DA:109,0
DA:110,0
DA:111,0
DA:112,0
DA:113,0
DA:114,0
DA:115,0
DA:116,0
DA:121,0
DA:124,0
DA:134,0
DA:135,0
DA:136,0
DA:137,0
DA:138,0
DA:139,0
DA:141,0
DA:142,0
DA:143,0
DA:148,0
DA:151,0
DA:161,0
DA:164,0
DA:165,0
DA:166,0
DA:168,0
DA:170,0
DA:174,0
DA:181,0
DA:182,0
DA:183,0
DA:184,0
DA:192,0
DA:197,0
DA:204,0
DA:207,0
DA:208,0
DA:209,0
DA:210,0
DA:212,0
DA:213,0
DA:214,0
DA:217,0
DA:221,0
DA:222,0
DA:223,0
DA:233,0
DA:234,0
DA:235,0
DA:240,0
DA:244,0
DA:245,0
DA:246,0
DA:248,0
DA:249,0
DA:257,0
DA:259,0
DA:260,0
DA:271,0
DA:273,0
DA:275,0
DA:277,0
LF:103
LH:1
end_of_record
SF:lib\karaoke_view.dart
DA:9,0
DA:11,0
DA:12,0
DA:21,0
DA:23,0
DA:24,0
DA:27,0
DA:28,0
DA:29,0
DA:30,0
DA:31,0
DA:33,0
DA:34,0
DA:35,0
DA:42,0
DA:43,0
DA:44,0
DA:49,0
DA:50,0
DA:51,0
DA:52,0
DA:59,0
DA:61,0
DA:62,0
DA:63,0
DA:66,0
DA:68,0
DA:70,0
DA:71,0
DA:73,0
DA:74,0
DA:75,0
DA:78,0
DA:79,0
DA:85,0
DA:86,0
DA:87,0
DA:88,0
DA:90,0
DA:91,0
DA:92,0
DA:94,0
DA:97,0
DA:98,0
DA:100,0
DA:101,0
DA:102,0
DA:108,0
DA:109,0
DA:119,0
DA:120,0
DA:121,0
DA:122,0
DA:124,0
DA:125,0
DA:133,0
DA:134,0
DA:137,0
DA:138,0
DA:139,0
DA:140,0
DA:144,0
DA:145,0
DA:147,0
DA:154,0
DA:155,0
DA:156,0
DA:157,0
DA:158,0
DA:172,0
DA:174,0
DA:176,0
DA:177,0
DA:181,0
LF:74
LH:0
end_of_record
SF:lib\listening_stats_service.dart
DA:11,0
DA:22,0
DA:23,0
DA:24,0
DA:28,0
DA:29,0
DA:34,0
DA:35,0
DA:37,0
DA:38,0
DA:39,0
DA:40,0
DA:41,0
DA:43,0
DA:44,0
DA:46,0
DA:47,0
DA:48,0
DA:53,0
DA:54,0
DA:55,0
DA:58,0
DA:61,0
DA:62,0
DA:63,0
DA:66,0
DA:67,0
DA:68,0
DA:70,0
DA:71,0
DA:73,0
LF:31
LH:0
end_of_record
SF:lib\login_page.dart
DA:6,1
DA:8,0
DA:9,0
DA:18,0
DA:19,0
DA:20,0
DA:21,0
DA:24,0
DA:25,0
DA:27,0
DA:30,0
DA:31,0
DA:33,0
DA:34,0
DA:37,0
DA:44,0
DA:46,0
DA:47,0
DA:48,0
DA:49,0
DA:52,0
DA:53,0
DA:54,0
DA:58,0
DA:59,0
DA:61,0
DA:63,0
DA:64,0
DA:65,0
DA:67,0
DA:69,0
DA:70,0
DA:73,0
DA:76,0
DA:77,0
DA:79,0
DA:84,0
DA:85,0
DA:93,0
DA:94,0
DA:103,0
DA:104,0
DA:105,0
DA:106,0
DA:109,0
DA:110,0
DA:111,0
DA:112,0
DA:113,0
DA:116,0
DA:120,0
DA:121,0
DA:122,0
DA:126,0
DA:127,0
DA:128,0
DA:130,0
DA:145,0
DA:147,0
DA:148,0
DA:149,0
DA:150,0
DA:152,0
DA:154,0
DA:157,0
DA:163,0
DA:164,0
DA:165,0
DA:168,0
DA:169,0
DA:170,0
DA:171,0
DA:173,0
DA:174,0
DA:175,0
DA:176,0
DA:177,0
DA:178,0
LF:78
LH:1
end_of_record
SF:lib\search_results_dialog.dart
DA:6,0
DA:8,0
DA:10,0
DA:12,0
DA:14,0
DA:15,0
DA:16,0
DA:17,0
DA:18,0
DA:20,0
DA:22,0
DA:23,0
DA:24,0
DA:25,0
DA:27,0
DA:33,0
DA:34,0
DA:36,0
DA:37,0
LF:19
LH:0
end_of_record
SF:lib\metadata_service.dart
DA:11,1
DA:12,1
DA:13,1
DA:14,1
DA:17,1
DA:18,2
DA:19,2
DA:23,1
DA:24,6
DA:25,0
DA:28,1
DA:29,2
DA:30,2
DA:31,2
DA:32,3
DA:33,4
DA:38,1
DA:45,1
DA:46,1
DA:47,1
DA:50,1
DA:53,1
DA:54,1
DA:55,1
DA:56,2
DA:60,1
DA:65,1
DA:69,2
DA:70,2
DA:71,1
DA:75,1
DA:79,1
DA:81,1
DA:83,1
DA:84,3
LF:35
LH:34
end_of_record
SF:lib\ringtone_maker_view.dart
DA:8,0
DA:10,0
DA:11,0
DA:20,0
DA:22,0
DA:23,0
DA:26,0
DA:27,0
DA:28,0
DA:29,0
DA:30,0
DA:32,0
DA:34,0
DA:36,0
DA:41,0
DA:42,0
DA:43,0
DA:44,0
DA:46,0
DA:47,0
DA:48,0
DA:51,0
DA:52,0
DA:53,0
DA:54,0
DA:60,0
DA:63,0
DA:64,0
DA:65,0
DA:68,0
DA:69,0
DA:70,0
DA:72,0
DA:73,0
DA:75,0
DA:79,0
DA:82,0
DA:84,0
DA:85,0
DA:88,0
DA:90,0
DA:91,0
DA:97,0
DA:98,0
DA:99,0
DA:102,0
DA:103,0
DA:104,0
DA:108,0
DA:110,0
DA:112,0
DA:115,0
DA:118,0
DA:119,0
DA:120,0
DA:121,0
DA:125,0
DA:126,0
DA:127,0
DA:135,0
DA:136,0
DA:137,0
DA:138,0
DA:139,0
DA:140,0
DA:143,0
DA:144,0
DA:145,0
DA:146,0
DA:147,0
DA:148,0
DA:152,0
DA:154,0
DA:155,0
DA:156,0
DA:157,0
DA:158,0
DA:159,0
DA:160,0
DA:163,0
DA:164,0
DA:166,0
DA:167,0
DA:170,0
DA:171,0
DA:172,0
DA:173,0
DA:174,0
DA:175,0
DA:177,0
DA:179,0
DA:180,0
DA:181,0
DA:186,0
DA:188,0
DA:189,0
DA:191,0
DA:194,0
DA:197,0
DA:198,0
DA:201,0
DA:204,0
DA:205,0
DA:222,0
DA:223,0
DA:224,0
DA:225,0
DA:226,0
LF:108
LH:0
end_of_record
SF:lib\player_screen.dart
DA:13,1
DA:15,1
DA:17,1
DA:19,1
DA:20,1
DA:24,1
DA:25,1
DA:26,2
DA:27,1
DA:28,1
DA:32,0
DA:33,0
DA:35,0
DA:36,0
DA:44,3
DA:45,1
DA:47,0
DA:48,0
DA:50,0
DA:55,1
DA:57,0
DA:60,1
DA:62,0
DA:63,0
DA:65,0
DA:70,1
DA:72,0
DA:73,0
DA:75,0
DA:80,1
DA:82,0
DA:83,0
DA:85,0
DA:93,1
DA:94,2
DA:95,1
DA:96,1
DA:101,2
DA:103,1
DA:105,1
DA:106,1
DA:109,1
DA:110,3
DA:111,3
DA:115,1
DA:116,1
DA:117,2
DA:118,0
DA:119,0
DA:121,0
DA:123,0
DA:125,0
DA:126,0
DA:127,0
DA:129,0
DA:131,0
DA:132,0
DA:133,0
DA:134,0
DA:135,0
DA:136,0
DA:137,0
DA:138,0
DA:144,0
DA:146,0
DA:148,0
DA:149,0
DA:150,0
DA:151,0
DA:152,0
DA:153,0
DA:154,0
DA:157,0
DA:158,0
DA:159,0
DA:160,0
DA:161,0
DA:162,0
DA:168,0
DA:170,0
DA:172,0
DA:174,0
DA:176,0
DA:178,0
DA:179,0
DA:182,0
DA:185,0
DA:187,0
DA:189,0
DA:192,0
DA:194,0
DA:196,0
DA:202,0
DA:205,0
DA:219,1
DA:221,1
DA:222,1
DA:223,0
DA:225,0
DA:227,0
DA:228,0
DA:229,0
DA:230,0
DA:231,0
DA:232,0
DA:240,1
DA:241,1
DA:243,3
DA:245,1
DA:246,1
DA:247,1
DA:248,1
DA:249,1
DA:250,1
DA:251,1
DA:254,1
DA:255,1
DA:256,1
DA:257,1
DA:258,1
DA:259,1
DA:261,1
DA:262,2
DA:263,1
DA:264,1
DA:266,1
DA:267,1
DA:270,0
DA:273,1
DA:275,1
DA:278,1
DA:279,1
DA:281,1
DA:283,1
DA:289,1
DA:292,0
DA:295,1
DA:299,0
DA:300,0
DA:302,0
DA:303,0
DA:304,0
DA:305,0
DA:306,0
DA:314,1
DA:315,1
DA:326,0
DA:327,0
DA:329,0
DA:331,0
DA:333,0
DA:334,0
DA:336,0
DA:337,0
DA:338,0
DA:341,0
DA:343,0
DA:344,0
DA:345,0
DA:346,0
DA:349,0
DA:351,0
DA:352,0
DA:353,0
DA:354,0
DA:357,0
DA:359,0
DA:360,0
DA:361,0
DA:362,0
DA:374,1
DA:376,1
DA:378,1
DA:379,2
DA:380,1
DA:381,1
DA:382,2
DA:384,1
DA:386,1
DA:387,1
DA:388,1
DA:389,2
DA:390,1
DA:391,1
DA:392,3
DA:393,0
DA:394,0
DA:395,0
DA:398,1
DA:400,1
DA:401,2
DA:402,2
DA:412,1
DA:413,1
DA:414,2
DA:415,3
DA:420,1
DA:422,0
DA:424,0
DA:425,0
DA:427,0
DA:429,0
DA:431,0
DA:432,0
DA:433,0
DA:435,0
DA:436,0
DA:442,0
DA:443,0
DA:445,0
DA:446,0
DA:447,0
DA:448,0
DA:450,0
DA:451,0
DA:464,1
DA:466,1
DA:468,1
DA:469,2
DA:470,1
DA:471,2
DA:472,1
DA:481,0
DA:482,0
DA:483,0
DA:484,0
DA:485,0
DA:486,0
DA:487,0
DA:488,0
DA:489,0
DA:490,0
DA:491,0
DA:493,0
DA:496,0
DA:497,0
DA:499,0
DA:504,0
LF:238
LH:96
end_of_record
SF:lib\playlist_importer_view.dart
DA:7,1
DA:9,0
DA:10,0
DA:20,0
DA:21,0
DA:22,0
DA:26,0
DA:27,0
DA:28,0
DA:29,0
DA:33,0
DA:34,0
DA:35,0
DA:36,0
DA:37,0
DA:39,0
DA:42,0
DA:43,0
DA:44,0
DA:49,0
DA:50,0
DA:51,0
DA:53,0
DA:54,0
DA:55,0
DA:57,0
DA:59,0
DA:63,0
DA:65,0
DA:66,0
DA:67,0
DA:69,0
DA:70,0
DA:71,0
DA:72,0
DA:73,0
DA:76,0
DA:78,0
DA:81,0
DA:85,0
DA:86,0
DA:87,0
DA:88,0
DA:89,0
DA:90,0
DA:91,0
DA:92,0
DA:93,0
DA:94,0
DA:95,0
DA:96,0
DA:97,0
DA:101,0
DA:102,0
DA:108,0
DA:109,0
DA:111,0
DA:112,0
DA:114,0
DA:115,0
DA:119,0
LF:61
LH:1
end_of_record
SF:lib\vault_view.dart
DA:8,1
DA:10,0
DA:11,0
DA:23,0
DA:24,0
DA:25,0
DA:28,0
DA:29,0
DA:30,0
DA:32,0
DA:34,0
DA:35,0
DA:42,0
DA:43,0
DA:44,0
DA:45,0
DA:46,0
DA:50,0
DA:51,0
DA:52,0
DA:53,0
DA:54,0
DA:55,0
DA:60,0
DA:62,0
DA:63,0
DA:64,0
DA:65,0
DA:66,0
DA:68,0
DA:70,0
DA:79,0
DA:80,0
DA:86,0
DA:89,0
DA:90,0
DA:94,0
DA:95,0
DA:107,0
DA:108,0
DA:109,0
DA:111,0
DA:113,0
DA:114,0
DA:115,0
DA:116,0
DA:117,0
DA:118,0
DA:119,0
DA:120,0
DA:121,0
DA:125,0
DA:126,0
DA:127,0
DA:129,0
DA:132,0
DA:133,0
LF:57
LH:1
end_of_record
SF:lib\visualizer_widget.dart
DA:8,1
DA:11,1
DA:12,1
DA:18,3
DA:20,1
DA:22,1
DA:23,2
DA:25,1
DA:26,4
DA:29,1
DA:31,1
DA:32,2
DA:33,2
DA:35,2
DA:39,1
DA:41,2
DA:42,1
DA:45,1
DA:47,1
DA:48,1
DA:49,1
DA:50,1
DA:52,1
DA:53,1
DA:54,2
DA:55,3
DA:68,1
DA:71,1
DA:73,1
DA:74,2
DA:75,1
DA:76,1
DA:78,5
DA:80,4
DA:81,3
DA:82,8
DA:83,1
DA:84,5
DA:85,5
DA:91,1
LF:40
LH:40
end_of_record
SF:lib\playlist_detail_screen.dart
DA:10,0
DA:16,0
DA:17,0
DA:26,0
DA:28,0
DA:29,0
DA:32,0
DA:33,0
DA:34,0
DA:35,0
DA:36,0
DA:40,0
DA:41,0
DA:42,0
DA:43,0
DA:44,0
DA:45,0
DA:46,0
DA:47,0
DA:48,0
DA:49,0
DA:50,0
DA:53,0
DA:56,0
DA:58,0
DA:59,0
DA:60,0
DA:62,0
DA:64,0
DA:65,0
DA:66,0
DA:67,0
DA:68,0
DA:69,0
DA:70,0
DA:73,0
DA:74,0
DA:75,0
DA:77,0
LF:39
LH:0
end_of_record
